ARM GAS  C:\Users\jaohe\AppData\Local\Temp\ccOjrDmR.s 			page 1


   1              		.syntax unified
   2              		.cpu cortex-m3
   3              		.fpu softvfp
   4              		.eabi_attribute 20, 1
   5              		.eabi_attribute 21, 1
   6              		.eabi_attribute 23, 3
   7              		.eabi_attribute 24, 1
   8              		.eabi_attribute 25, 1
   9              		.eabi_attribute 26, 1
  10              		.eabi_attribute 30, 1
  11              		.eabi_attribute 34, 1
  12              		.eabi_attribute 18, 4
  13              		.thumb
  14              		.file	"action_select.c"
  15              		.text
  16              	.Ltext0:
  17              		.cfi_sections	.debug_frame
  18              	.Letext0:
  19              		.file 1 "c:\\program files (x86)\\cypress\\psoc creator\\3.3\\psoc creator\\import\\gnu\\arm\\4.9.
  20              		.file 2 "c:\\program files (x86)\\cypress\\psoc creator\\3.3\\psoc creator\\import\\gnu\\arm\\4.9.
  21              		.file 3 "Generated_Source\\PSoC5/cytypes.h"
  22              		.file 4 ".\\action_select.c"
  23              		.file 5 "Generated_Source\\PSoC5/core_cm3.h"
  24              		.section	.debug_info,"",%progbits
  25              	.Ldebug_info0:
  26 0000 C1000000 		.4byte	0xc1
  27 0004 0400     		.2byte	0x4
  28 0006 00000000 		.4byte	.Ldebug_abbrev0
  29 000a 04       		.byte	0x4
  30 000b 01       		.uleb128 0x1
  31 000c 5C000000 		.4byte	.LASF17
  32 0010 01       		.byte	0x1
  33 0011 2E000000 		.4byte	.LASF18
  34 0015 EA000000 		.4byte	.LASF19
  35 0019 00000000 		.4byte	.Ldebug_line0
  36 001d 02       		.uleb128 0x2
  37 001e 04       		.byte	0x4
  38 001f 05       		.byte	0x5
  39 0020 696E7400 		.ascii	"int\000"
  40 0024 03       		.uleb128 0x3
  41 0025 04       		.byte	0x4
  42 0026 07       		.byte	0x7
  43 0027 21000000 		.4byte	.LASF0
  44 002b 03       		.uleb128 0x3
  45 002c 04       		.byte	0x4
  46 002d 07       		.byte	0x7
  47 002e 4A000000 		.4byte	.LASF1
  48 0032 03       		.uleb128 0x3
  49 0033 02       		.byte	0x2
  50 0034 05       		.byte	0x5
  51 0035 D6010000 		.4byte	.LASF2
  52 0039 03       		.uleb128 0x3
  53 003a 01       		.byte	0x1
  54 003b 08       		.byte	0x8
  55 003c 92010000 		.4byte	.LASF3
  56 0040 03       		.uleb128 0x3
  57 0041 01       		.byte	0x1
ARM GAS  C:\Users\jaohe\AppData\Local\Temp\ccOjrDmR.s 			page 2


  58 0042 08       		.byte	0x8
  59 0043 84010000 		.4byte	.LASF4
  60 0047 03       		.uleb128 0x3
  61 0048 04       		.byte	0x4
  62 0049 05       		.byte	0x5
  63 004a 97010000 		.4byte	.LASF5
  64 004e 03       		.uleb128 0x3
  65 004f 02       		.byte	0x2
  66 0050 07       		.byte	0x7
  67 0051 0E000000 		.4byte	.LASF6
  68 0055 03       		.uleb128 0x3
  69 0056 01       		.byte	0x1
  70 0057 06       		.byte	0x6
  71 0058 BA010000 		.4byte	.LASF7
  72 005c 03       		.uleb128 0x3
  73 005d 04       		.byte	0x4
  74 005e 07       		.byte	0x7
  75 005f EF010000 		.4byte	.LASF8
  76 0063 04       		.uleb128 0x4
  77 0064 C6010000 		.4byte	.LASF11
  78 0068 01       		.byte	0x1
  79 0069 3F       		.byte	0x3f
  80 006a 47000000 		.4byte	0x47
  81 006e 03       		.uleb128 0x3
  82 006f 08       		.byte	0x8
  83 0070 05       		.byte	0x5
  84 0071 00000000 		.4byte	.LASF9
  85 0075 03       		.uleb128 0x3
  86 0076 08       		.byte	0x8
  87 0077 07       		.byte	0x7
  88 0078 6D010000 		.4byte	.LASF10
  89 007c 04       		.uleb128 0x4
  90 007d E7010000 		.4byte	.LASF12
  91 0081 02       		.byte	0x2
  92 0082 2C       		.byte	0x2c
  93 0083 63000000 		.4byte	0x63
  94 0087 04       		.uleb128 0x4
  95 0088 E0010000 		.4byte	.LASF13
  96 008c 03       		.byte	0x3
  97 008d C3       		.byte	0xc3
  98 008e 4E000000 		.4byte	0x4e
  99 0092 03       		.uleb128 0x3
 100 0093 04       		.byte	0x4
 101 0094 04       		.byte	0x4
 102 0095 D0010000 		.4byte	.LASF14
 103 0099 03       		.uleb128 0x3
 104 009a 08       		.byte	0x8
 105 009b 04       		.byte	0x4
 106 009c A0010000 		.4byte	.LASF15
 107 00a0 03       		.uleb128 0x3
 108 00a1 01       		.byte	0x1
 109 00a2 02       		.byte	0x2
 110 00a3 A7010000 		.4byte	.LASF16
 111 00a7 05       		.uleb128 0x5
 112 00a8 40000000 		.4byte	.LASF20
 113 00ac 04       		.byte	0x4
 114 00ad 43       		.byte	0x43
ARM GAS  C:\Users\jaohe\AppData\Local\Temp\ccOjrDmR.s 			page 3


 115 00ae 87000000 		.4byte	0x87
 116 00b2 00       		.byte	0
 117 00b3 06       		.uleb128 0x6
 118 00b4 AD010000 		.4byte	.LASF21
 119 00b8 05       		.byte	0x5
 120 00b9 2A06     		.2byte	0x62a
 121 00bb BF000000 		.4byte	0xbf
 122 00bf 07       		.uleb128 0x7
 123 00c0 7C000000 		.4byte	0x7c
 124 00c4 00       		.byte	0
 125              		.section	.debug_abbrev,"",%progbits
 126              	.Ldebug_abbrev0:
 127 0000 01       		.uleb128 0x1
 128 0001 11       		.uleb128 0x11
 129 0002 01       		.byte	0x1
 130 0003 25       		.uleb128 0x25
 131 0004 0E       		.uleb128 0xe
 132 0005 13       		.uleb128 0x13
 133 0006 0B       		.uleb128 0xb
 134 0007 03       		.uleb128 0x3
 135 0008 0E       		.uleb128 0xe
 136 0009 1B       		.uleb128 0x1b
 137 000a 0E       		.uleb128 0xe
 138 000b 10       		.uleb128 0x10
 139 000c 17       		.uleb128 0x17
 140 000d 00       		.byte	0
 141 000e 00       		.byte	0
 142 000f 02       		.uleb128 0x2
 143 0010 24       		.uleb128 0x24
 144 0011 00       		.byte	0
 145 0012 0B       		.uleb128 0xb
 146 0013 0B       		.uleb128 0xb
 147 0014 3E       		.uleb128 0x3e
 148 0015 0B       		.uleb128 0xb
 149 0016 03       		.uleb128 0x3
 150 0017 08       		.uleb128 0x8
 151 0018 00       		.byte	0
 152 0019 00       		.byte	0
 153 001a 03       		.uleb128 0x3
 154 001b 24       		.uleb128 0x24
 155 001c 00       		.byte	0
 156 001d 0B       		.uleb128 0xb
 157 001e 0B       		.uleb128 0xb
 158 001f 3E       		.uleb128 0x3e
 159 0020 0B       		.uleb128 0xb
 160 0021 03       		.uleb128 0x3
 161 0022 0E       		.uleb128 0xe
 162 0023 00       		.byte	0
 163 0024 00       		.byte	0
 164 0025 04       		.uleb128 0x4
 165 0026 16       		.uleb128 0x16
 166 0027 00       		.byte	0
 167 0028 03       		.uleb128 0x3
 168 0029 0E       		.uleb128 0xe
 169 002a 3A       		.uleb128 0x3a
 170 002b 0B       		.uleb128 0xb
 171 002c 3B       		.uleb128 0x3b
ARM GAS  C:\Users\jaohe\AppData\Local\Temp\ccOjrDmR.s 			page 4


 172 002d 0B       		.uleb128 0xb
 173 002e 49       		.uleb128 0x49
 174 002f 13       		.uleb128 0x13
 175 0030 00       		.byte	0
 176 0031 00       		.byte	0
 177 0032 05       		.uleb128 0x5
 178 0033 34       		.uleb128 0x34
 179 0034 00       		.byte	0
 180 0035 03       		.uleb128 0x3
 181 0036 0E       		.uleb128 0xe
 182 0037 3A       		.uleb128 0x3a
 183 0038 0B       		.uleb128 0xb
 184 0039 3B       		.uleb128 0x3b
 185 003a 0B       		.uleb128 0xb
 186 003b 49       		.uleb128 0x49
 187 003c 13       		.uleb128 0x13
 188 003d 1C       		.uleb128 0x1c
 189 003e 0B       		.uleb128 0xb
 190 003f 00       		.byte	0
 191 0040 00       		.byte	0
 192 0041 06       		.uleb128 0x6
 193 0042 34       		.uleb128 0x34
 194 0043 00       		.byte	0
 195 0044 03       		.uleb128 0x3
 196 0045 0E       		.uleb128 0xe
 197 0046 3A       		.uleb128 0x3a
 198 0047 0B       		.uleb128 0xb
 199 0048 3B       		.uleb128 0x3b
 200 0049 05       		.uleb128 0x5
 201 004a 49       		.uleb128 0x49
 202 004b 13       		.uleb128 0x13
 203 004c 3F       		.uleb128 0x3f
 204 004d 19       		.uleb128 0x19
 205 004e 3C       		.uleb128 0x3c
 206 004f 19       		.uleb128 0x19
 207 0050 00       		.byte	0
 208 0051 00       		.byte	0
 209 0052 07       		.uleb128 0x7
 210 0053 35       		.uleb128 0x35
 211 0054 00       		.byte	0
 212 0055 49       		.uleb128 0x49
 213 0056 13       		.uleb128 0x13
 214 0057 00       		.byte	0
 215 0058 00       		.byte	0
 216 0059 00       		.byte	0
 217              		.section	.debug_aranges,"",%progbits
 218 0000 14000000 		.4byte	0x14
 219 0004 0200     		.2byte	0x2
 220 0006 00000000 		.4byte	.Ldebug_info0
 221 000a 04       		.byte	0x4
 222 000b 00       		.byte	0
 223 000c 0000     		.2byte	0
 224 000e 0000     		.2byte	0
 225 0010 00000000 		.4byte	0
 226 0014 00000000 		.4byte	0
 227              		.section	.debug_line,"",%progbits
 228              	.Ldebug_line0:
ARM GAS  C:\Users\jaohe\AppData\Local\Temp\ccOjrDmR.s 			page 5


 229 0000 58010000 		.section	.debug_str,"MS",%progbits,1
 229      02005201 
 229      00000201 
 229      FB0E0D00 
 229      01010101 
 230              	.LASF9:
 231 0000 6C6F6E67 		.ascii	"long long int\000"
 231      206C6F6E 
 231      6720696E 
 231      7400
 232              	.LASF6:
 233 000e 73686F72 		.ascii	"short unsigned int\000"
 233      7420756E 
 233      7369676E 
 233      65642069 
 233      6E7400
 234              	.LASF0:
 235 0021 756E7369 		.ascii	"unsigned int\000"
 235      676E6564 
 235      20696E74 
 235      00
 236              	.LASF18:
 237 002e 2E5C6163 		.ascii	".\\action_select.c\000"
 237      74696F6E 
 237      5F73656C 
 237      6563742E 
 237      6300
 238              	.LASF20:
 239 0040 61646352 		.ascii	"adcResult\000"
 239      6573756C 
 239      7400
 240              	.LASF1:
 241 004a 6C6F6E67 		.ascii	"long unsigned int\000"
 241      20756E73 
 241      69676E65 
 241      6420696E 
 241      7400
 242              	.LASF17:
 243 005c 474E5520 		.ascii	"GNU C 4.9.3 20150303 (release) [ARM/embedded-4_9-br"
 243      4320342E 
 243      392E3320 
 243      32303135 
 243      30333033 
 244 008f 616E6368 		.ascii	"anch revision 221220] -mcpu=cortex-m3 -mthumb -g -O"
 244      20726576 
 244      6973696F 
 244      6E203232 
 244      31323230 
 245 00c2 67202D66 		.ascii	"g -ffunction-sections -ffat-lto-objects\000"
 245      66756E63 
 245      74696F6E 
 245      2D736563 
 245      74696F6E 
 246              	.LASF19:
 247 00ea 433A5C55 		.ascii	"C:\\Users\\jaohe\\EghosaOneDrive\\OneDrive\\Documen"
 247      73657273 
 247      5C6A616F 
ARM GAS  C:\Users\jaohe\AppData\Local\Temp\ccOjrDmR.s 			page 6


 247      68655C45 
 247      67686F73 
 248 0118 74735C53 		.ascii	"ts\\Spring 2025\\6.115\\final_project\\taskassistan"
 248      7072696E 
 248      67203230 
 248      32355C36 
 248      2E313135 
 249 0147 745C5446 		.ascii	"t\\TFT_with_emWin\\TFT_with_emWin.cydsn\000"
 249      545F7769 
 249      74685F65 
 249      6D57696E 
 249      5C544654 
 250              	.LASF10:
 251 016d 6C6F6E67 		.ascii	"long long unsigned int\000"
 251      206C6F6E 
 251      6720756E 
 251      7369676E 
 251      65642069 
 252              	.LASF4:
 253 0184 756E7369 		.ascii	"unsigned char\000"
 253      676E6564 
 253      20636861 
 253      7200
 254              	.LASF3:
 255 0192 63686172 		.ascii	"char\000"
 255      00
 256              	.LASF5:
 257 0197 6C6F6E67 		.ascii	"long int\000"
 257      20696E74 
 257      00
 258              	.LASF15:
 259 01a0 646F7562 		.ascii	"double\000"
 259      6C6500
 260              	.LASF16:
 261 01a7 5F426F6F 		.ascii	"_Bool\000"
 261      6C00
 262              	.LASF21:
 263 01ad 49544D5F 		.ascii	"ITM_RxBuffer\000"
 263      52784275 
 263      66666572 
 263      00
 264              	.LASF7:
 265 01ba 7369676E 		.ascii	"signed char\000"
 265      65642063 
 265      68617200 
 266              	.LASF11:
 267 01c6 5F5F696E 		.ascii	"__int32_t\000"
 267      7433325F 
 267      7400
 268              	.LASF14:
 269 01d0 666C6F61 		.ascii	"float\000"
 269      7400
 270              	.LASF2:
 271 01d6 73686F72 		.ascii	"short int\000"
 271      7420696E 
 271      7400
 272              	.LASF13:
ARM GAS  C:\Users\jaohe\AppData\Local\Temp\ccOjrDmR.s 			page 7


 273 01e0 75696E74 		.ascii	"uint16\000"
 273      313600
 274              	.LASF12:
 275 01e7 696E7433 		.ascii	"int32_t\000"
 275      325F7400 
 276              	.LASF8:
 277 01ef 73697A65 		.ascii	"sizetype\000"
 277      74797065 
 277      00
 278              		.ident	"GCC: (GNU Tools for ARM Embedded Processors) 4.9.3 20150303 (release) [ARM/embedded-4_9-br
