--------------- Build Started: 05/12/2025 21:17:33 Project: TFT_with_emWin, Configuration: ARM GCC 4.9-2015-q1-update Debug ---------------
cydsfit.exe -.appdatapath "C:\Users\jaohe\AppData\Local\Cypress Semiconductor\PSoC Creator\3.3" -.fdsnotice -.fdswarpdepfile=warp_dependencies.txt -.fdselabdepfile=elab_dependencies.txt -.fdsbldfile=generated_files.txt -p "C:\Users\jaohe\EghosaOneDrive\OneDrive\Documents\Spring 2025\6.115\final_project\taskassistant\TFT_with_emWin\TFT_with_emWin.cydsn\TFT_with_emWin.cyprj" -d CY8C5868AXI-LP035 -s "C:\Users\jaohe\EghosaOneDrive\OneDrive\Documents\Spring 2025\6.115\final_project\taskassistant\TFT_with_emWin\TFT_with_emWin.cydsn\Generated_Source\PSoC5" -- -yv2 -q10 -ygs -o2 -v3 -.fftcfgtype=LE
Elaborating Design...
HDL Generation ...
Synthesis ...
Place and Route ...
Tech mapping ...
Analog Placement ...
Info: apr.M0002: Analog signal "\ADC_DelSig_1:Net_35\" is connected to one terminal only. (App=cydsfit)
Log: apr.M0058: The analog placement iterative improvement is 44% done. (App=cydsfit)
Analog Routing ...
Analog Code Generation ...
Digital Placement ...
Digital Routing ...
Bitstream Generation ...
Static timing analysis ...
API Generation ...
Dependency Generation ...
Clean Temporary Files ...
arm-none-eabi-gcc.exe -mcpu=cortex-m3 -mthumb -Wno-main -I..\..\emWinGraphics_v5_46\Code\Include\PSoC4_5\nosnts -I..\..\emWinGraphics_v5_46\Code\Include\PSoC4_5 -I. -IGenerated_Source\PSoC5 -Wa,-alh=.\CortexM3\ARM_GCC_493\Debug/main.lst -g -D DEBUG -Wall -ffunction-sections -Og -ffat-lto-objects -c .\main.c -o .\CortexM3\ARM_GCC_493\Debug\main.o
.\main.c: In function 'menu':
.\main.c:350:9: warning: unused variable 'i' [-Wunused-variable]
     int i;
         ^
.\main.c: In function 'task_complete':
.\main.c:565:14: warning: unused variable 'rectangle' [-Wunused-variable]
     GUI_RECT rectangle = { UI_PADDING,MAX_Y*1/6, MAX_X - UI_PADDING,  MAX_Y/3};
              ^
.\main.c: In function 'send_2_second':
.\main.c:388:1: warning: control reaches end of non-void function [-Wreturn-type]
 }
 ^
.\main.c: In function 'user_start_task':
.\main.c:439:13: warning: 'line' may be used uninitialized in this function [-Wmaybe-uninitialized]
             sprintf(line, "selected %d", selected);
             ^
arm-none-eabi-gcc.exe -mcpu=cortex-m3 -mthumb -Wno-main -I..\..\emWinGraphics_v5_46\Code\Include\PSoC4_5\nosnts -I..\..\emWinGraphics_v5_46\Code\Include\PSoC4_5 -I. -IGenerated_Source\PSoC5 -Wa,-alh=.\CortexM3\ARM_GCC_493\Debug/tft.lst -g -D DEBUG -Wall -ffunction-sections -Og -ffat-lto-objects -c .\tft.c -o .\CortexM3\ARM_GCC_493\Debug\tft.o
arm-none-eabi-gcc.exe -mcpu=cortex-m3 -mthumb -Wno-main -I..\..\emWinGraphics_v5_46\Code\Include\PSoC4_5\nosnts -I..\..\emWinGraphics_v5_46\Code\Include\PSoC4_5 -I. -IGenerated_Source\PSoC5 -Wa,-alh=.\CortexM3\ARM_GCC_493\Debug/GUI_X.lst -g -D DEBUG -Wall -ffunction-sections -Og -ffat-lto-objects -c .\GUI_X.c -o .\CortexM3\ARM_GCC_493\Debug\GUI_X.o
arm-none-eabi-gcc.exe -mcpu=cortex-m3 -mthumb -Wno-main -I..\..\emWinGraphics_v5_46\Code\Include\PSoC4_5\nosnts -I..\..\emWinGraphics_v5_46\Code\Include\PSoC4_5 -I. -IGenerated_Source\PSoC5 -Wa,-alh=.\CortexM3\ARM_GCC_493\Debug/LCDConf.lst -g -D DEBUG -Wall -ffunction-sections -Og -ffat-lto-objects -c .\LCDConf.c -o .\CortexM3\ARM_GCC_493\Debug\LCDConf.o
arm-none-eabi-gcc.exe -mcpu=cortex-m3 -mthumb -Wno-main -I..\..\emWinGraphics_v5_46\Code\Include\PSoC4_5\nosnts -I..\..\emWinGraphics_v5_46\Code\Include\PSoC4_5 -I. -IGenerated_Source\PSoC5 -Wa,-alh=.\CortexM3\ARM_GCC_493\Debug/start_menu.lst -g -D DEBUG -Wall -ffunction-sections -Og -ffat-lto-objects -c .\start_menu.c -o .\CortexM3\ARM_GCC_493\Debug\start_menu.o
.\start_menu.c:38:13: warning: '_cbTaskWindow' defined but not used [-Wunused-function]
 static void _cbTaskWindow(WM_MESSAGE* pMsg) {
             ^
.\start_menu.c:95:16: warning: 'hWin' defined but not used [-Wunused-variable]
 static WM_HWIN hWin;
                ^
arm-none-eabi-gcc.exe -mcpu=cortex-m3 -mthumb -Wno-main -I..\..\emWinGraphics_v5_46\Code\Include\PSoC4_5\nosnts -I..\..\emWinGraphics_v5_46\Code\Include\PSoC4_5 -I. -IGenerated_Source\PSoC5 -Wa,-alh=.\CortexM3\ARM_GCC_493\Debug/ds3231.lst -g -D DEBUG -Wall -ffunction-sections -Og -ffat-lto-objects -c .\ds3231.c -o .\CortexM3\ARM_GCC_493\Debug\ds3231.o
arm-none-eabi-gcc.exe -mcpu=cortex-m3 -mthumb -Wno-main -I..\..\emWinGraphics_v5_46\Code\Include\PSoC4_5\nosnts -I..\..\emWinGraphics_v5_46\Code\Include\PSoC4_5 -I. -IGenerated_Source\PSoC5 -Wa,-alh=.\CortexM3\ARM_GCC_493\Debug/sound.lst -g -D DEBUG -Wall -ffunction-sections -Og -ffat-lto-objects -c .\sound.c -o .\CortexM3\ARM_GCC_493\Debug\sound.o
arm-none-eabi-gcc.exe -mcpu=cortex-m3 -mthumb -Wno-main -I..\..\emWinGraphics_v5_46\Code\Include\PSoC4_5\nosnts -I..\..\emWinGraphics_v5_46\Code\Include\PSoC4_5 -I. -IGenerated_Source\PSoC5 -Wa,-alh=.\CortexM3\ARM_GCC_493\Debug/action_select.lst -g -D DEBUG -Wall -ffunction-sections -Og -ffat-lto-objects -c .\action_select.c -o .\CortexM3\ARM_GCC_493\Debug\action_select.o
.\action_select.c:67:15: warning: 'adcResult' defined but not used [-Wunused-variable]
 static uint16 adcResult = 0;
               ^
arm-none-eabi-gcc.exe -mcpu=cortex-m3 -mthumb -Wno-main -I..\..\emWinGraphics_v5_46\Code\Include\PSoC4_5\nosnts -I..\..\emWinGraphics_v5_46\Code\Include\PSoC4_5 -I. -IGenerated_Source\PSoC5 -Wa,-alh=.\CortexM3\ARM_GCC_493\Debug/task.lst -g -D DEBUG -Wall -ffunction-sections -Og -ffat-lto-objects -c .\task.c -o .\CortexM3\ARM_GCC_493\Debug\task.o
arm-none-eabi-gcc.exe -mcpu=cortex-m3 -mthumb -Wno-main -I..\..\emWinGraphics_v5_46\Code\Include\PSoC4_5\nosnts -I..\..\emWinGraphics_v5_46\Code\Include\PSoC4_5 -I. -IGenerated_Source\PSoC5 -Wa,-alh=.\CortexM3\ARM_GCC_493\Debug/cyfitter_cfg.lst -g -D DEBUG -Wall -ffunction-sections -Og -ffat-lto-objects -c .\Generated_Source\PSoC5\cyfitter_cfg.c -o .\CortexM3\ARM_GCC_493\Debug\cyfitter_cfg.o
arm-none-eabi-gcc.exe -mcpu=cortex-m3 -mthumb -Wno-main -I..\..\emWinGraphics_v5_46\Code\Include\PSoC4_5\nosnts -I..\..\emWinGraphics_v5_46\Code\Include\PSoC4_5 -I. -IGenerated_Source\PSoC5 -Wa,-alh=.\CortexM3\ARM_GCC_493\Debug/cymetadata.lst -g -D DEBUG -Wall -ffunction-sections -Og -ffat-lto-objects -c .\Generated_Source\PSoC5\cymetadata.c -o .\CortexM3\ARM_GCC_493\Debug\cymetadata.o
arm-none-eabi-gcc.exe -mcpu=cortex-m3 -mthumb -Wno-main -I..\..\emWinGraphics_v5_46\Code\Include\PSoC4_5\nosnts -I..\..\emWinGraphics_v5_46\Code\Include\PSoC4_5 -I. -IGenerated_Source\PSoC5 -Wa,-alh=.\CortexM3\ARM_GCC_493\Debug/SPIM_1.lst -g -D DEBUG -Wall -ffunction-sections -Og -ffat-lto-objects -c .\Generated_Source\PSoC5\SPIM_1.c -o .\CortexM3\ARM_GCC_493\Debug\SPIM_1.o
arm-none-eabi-gcc.exe -mcpu=cortex-m3 -mthumb -Wno-main -I..\..\emWinGraphics_v5_46\Code\Include\PSoC4_5\nosnts -I..\..\emWinGraphics_v5_46\Code\Include\PSoC4_5 -I. -IGenerated_Source\PSoC5 -Wa,-alh=.\CortexM3\ARM_GCC_493\Debug/SPIM_1_PM.lst -g -D DEBUG -Wall -ffunction-sections -Og -ffat-lto-objects -c .\Generated_Source\PSoC5\SPIM_1_PM.c -o .\CortexM3\ARM_GCC_493\Debug\SPIM_1_PM.o
arm-none-eabi-gcc.exe -mcpu=cortex-m3 -mthumb -Wno-main -I..\..\emWinGraphics_v5_46\Code\Include\PSoC4_5\nosnts -I..\..\emWinGraphics_v5_46\Code\Include\PSoC4_5 -I. -IGenerated_Source\PSoC5 -Wa,-alh=.\CortexM3\ARM_GCC_493\Debug/SPIM_1_INT.lst -g -D DEBUG -Wall -ffunction-sections -Og -ffat-lto-objects -c .\Generated_Source\PSoC5\SPIM_1_INT.c -o .\CortexM3\ARM_GCC_493\Debug\SPIM_1_INT.o
arm-none-eabi-gcc.exe -mcpu=cortex-m3 -mthumb -Wno-main -I..\..\emWinGraphics_v5_46\Code\Include\PSoC4_5\nosnts -I..\..\emWinGraphics_v5_46\Code\Include\PSoC4_5 -I. -IGenerated_Source\PSoC5 -Wa,-alh=.\CortexM3\ARM_GCC_493\Debug/MOSI.lst -g -D DEBUG -Wall -ffunction-sections -Og -ffat-lto-objects -c .\Generated_Source\PSoC5\MOSI.c -o .\CortexM3\ARM_GCC_493\Debug\MOSI.o
arm-none-eabi-gcc.exe -mcpu=cortex-m3 -mthumb -Wno-main -I..\..\emWinGraphics_v5_46\Code\Include\PSoC4_5\nosnts -I..\..\emWinGraphics_v5_46\Code\Include\PSoC4_5 -I. -IGenerated_Source\PSoC5 -Wa,-alh=.\CortexM3\ARM_GCC_493\Debug/SCLK.lst -g -D DEBUG -Wall -ffunction-sections -Og -ffat-lto-objects -c .\Generated_Source\PSoC5\SCLK.c -o .\CortexM3\ARM_GCC_493\Debug\SCLK.o
arm-none-eabi-gcc.exe -mcpu=cortex-m3 -mthumb -Wno-main -I..\..\emWinGraphics_v5_46\Code\Include\PSoC4_5\nosnts -I..\..\emWinGraphics_v5_46\Code\Include\PSoC4_5 -I. -IGenerated_Source\PSoC5 -Wa,-alh=.\CortexM3\ARM_GCC_493\Debug/SS.lst -g -D DEBUG -Wall -ffunction-sections -Og -ffat-lto-objects -c .\Generated_Source\PSoC5\SS.c -o .\CortexM3\ARM_GCC_493\Debug\SS.o
arm-none-eabi-gcc.exe -mcpu=cortex-m3 -mthumb -Wno-main -I..\..\emWinGraphics_v5_46\Code\Include\PSoC4_5\nosnts -I..\..\emWinGraphics_v5_46\Code\Include\PSoC4_5 -I. -IGenerated_Source\PSoC5 -Wa,-alh=.\CortexM3\ARM_GCC_493\Debug/MISO.lst -g -D DEBUG -Wall -ffunction-sections -Og -ffat-lto-objects -c .\Generated_Source\PSoC5\MISO.c -o .\CortexM3\ARM_GCC_493\Debug\MISO.o
arm-none-eabi-gcc.exe -mcpu=cortex-m3 -mthumb -Wno-main -I..\..\emWinGraphics_v5_46\Code\Include\PSoC4_5\nosnts -I..\..\emWinGraphics_v5_46\Code\Include\PSoC4_5 -I. -IGenerated_Source\PSoC5 -Wa,-alh=.\CortexM3\ARM_GCC_493\Debug/DC.lst -g -D DEBUG -Wall -ffunction-sections -Og -ffat-lto-objects -c .\Generated_Source\PSoC5\DC.c -o .\CortexM3\ARM_GCC_493\Debug\DC.o
arm-none-eabi-gcc.exe -mcpu=cortex-m3 -mthumb -Wno-main -I..\..\emWinGraphics_v5_46\Code\Include\PSoC4_5\nosnts -I..\..\emWinGraphics_v5_46\Code\Include\PSoC4_5 -I. -IGenerated_Source\PSoC5 -Wa,-alh=.\CortexM3\ARM_GCC_493\Debug/RESET.lst -g -D DEBUG -Wall -ffunction-sections -Og -ffat-lto-objects -c .\Generated_Source\PSoC5\RESET.c -o .\CortexM3\ARM_GCC_493\Debug\RESET.o
arm-none-eabi-gcc.exe -mcpu=cortex-m3 -mthumb -Wno-main -I..\..\emWinGraphics_v5_46\Code\Include\PSoC4_5\nosnts -I..\..\emWinGraphics_v5_46\Code\Include\PSoC4_5 -I. -IGenerated_Source\PSoC5 -Wa,-alh=.\CortexM3\ARM_GCC_493\Debug/SPIM_1_IntClock.lst -g -D DEBUG -Wall -ffunction-sections -Og -ffat-lto-objects -c .\Generated_Source\PSoC5\SPIM_1_IntClock.c -o .\CortexM3\ARM_GCC_493\Debug\SPIM_1_IntClock.o
arm-none-eabi-gcc.exe -mcpu=cortex-m3 -mthumb -Wno-main -I..\..\emWinGraphics_v5_46\Code\Include\PSoC4_5\nosnts -I..\..\emWinGraphics_v5_46\Code\Include\PSoC4_5 -I. -IGenerated_Source\PSoC5 -Wa,-alh=.\CortexM3\ARM_GCC_493\Debug/Cm3Start.lst -g -D DEBUG -Wall -ffunction-sections -Og -ffat-lto-objects -c .\Generated_Source\PSoC5\Cm3Start.c -o .\CortexM3\ARM_GCC_493\Debug\Cm3Start.o
arm-none-eabi-as.exe -mcpu=cortex-m3 -mthumb -I. -IGenerated_Source\PSoC5 -alh=.\CortexM3\ARM_GCC_493\Debug/CyBootAsmGnu.lst -g -W -o .\CortexM3\ARM_GCC_493\Debug\CyBootAsmGnu.o .\Generated_Source\PSoC5\CyBootAsmGnu.s
arm-none-eabi-gcc.exe -mcpu=cortex-m3 -mthumb -Wno-main -I..\..\emWinGraphics_v5_46\Code\Include\PSoC4_5\nosnts -I..\..\emWinGraphics_v5_46\Code\Include\PSoC4_5 -I. -IGenerated_Source\PSoC5 -Wa,-alh=.\CortexM3\ARM_GCC_493\Debug/CyDmac.lst -g -D DEBUG -Wall -ffunction-sections -Og -ffat-lto-objects -c .\Generated_Source\PSoC5\CyDmac.c -o .\CortexM3\ARM_GCC_493\Debug\CyDmac.o
arm-none-eabi-gcc.exe -mcpu=cortex-m3 -mthumb -Wno-main -I..\..\emWinGraphics_v5_46\Code\Include\PSoC4_5\nosnts -I..\..\emWinGraphics_v5_46\Code\Include\PSoC4_5 -I. -IGenerated_Source\PSoC5 -Wa,-alh=.\CortexM3\ARM_GCC_493\Debug/CyFlash.lst -g -D DEBUG -Wall -ffunction-sections -Og -ffat-lto-objects -c .\Generated_Source\PSoC5\CyFlash.c -o .\CortexM3\ARM_GCC_493\Debug\CyFlash.o
arm-none-eabi-gcc.exe -mcpu=cortex-m3 -mthumb -Wno-main -I..\..\emWinGraphics_v5_46\Code\Include\PSoC4_5\nosnts -I..\..\emWinGraphics_v5_46\Code\Include\PSoC4_5 -I. -IGenerated_Source\PSoC5 -Wa,-alh=.\CortexM3\ARM_GCC_493\Debug/CyLib.lst -g -D DEBUG -Wall -ffunction-sections -Og -ffat-lto-objects -c .\Generated_Source\PSoC5\CyLib.c -o .\CortexM3\ARM_GCC_493\Debug\CyLib.o
arm-none-eabi-gcc.exe -mcpu=cortex-m3 -mthumb -Wno-main -I..\..\emWinGraphics_v5_46\Code\Include\PSoC4_5\nosnts -I..\..\emWinGraphics_v5_46\Code\Include\PSoC4_5 -I. -IGenerated_Source\PSoC5 -Wa,-alh=.\CortexM3\ARM_GCC_493\Debug/cyPm.lst -g -D DEBUG -Wall -ffunction-sections -Og -ffat-lto-objects -c .\Generated_Source\PSoC5\cyPm.c -o .\CortexM3\ARM_GCC_493\Debug\cyPm.o
arm-none-eabi-gcc.exe -mcpu=cortex-m3 -mthumb -Wno-main -I..\..\emWinGraphics_v5_46\Code\Include\PSoC4_5\nosnts -I..\..\emWinGraphics_v5_46\Code\Include\PSoC4_5 -I. -IGenerated_Source\PSoC5 -Wa,-alh=.\CortexM3\ARM_GCC_493\Debug/CySpc.lst -g -D DEBUG -Wall -ffunction-sections -Og -ffat-lto-objects -c .\Generated_Source\PSoC5\CySpc.c -o .\CortexM3\ARM_GCC_493\Debug\CySpc.o
arm-none-eabi-gcc.exe -mcpu=cortex-m3 -mthumb -Wno-main -I..\..\emWinGraphics_v5_46\Code\Include\PSoC4_5\nosnts -I..\..\emWinGraphics_v5_46\Code\Include\PSoC4_5 -I. -IGenerated_Source\PSoC5 -Wa,-alh=.\CortexM3\ARM_GCC_493\Debug/cyutils.lst -g -D DEBUG -Wall -ffunction-sections -Og -ffat-lto-objects -c .\Generated_Source\PSoC5\cyutils.c -o .\CortexM3\ARM_GCC_493\Debug\cyutils.o
arm-none-eabi-gcc.exe -mcpu=cortex-m3 -mthumb -Wno-main -I..\..\emWinGraphics_v5_46\Code\Include\PSoC4_5\nosnts -I..\..\emWinGraphics_v5_46\Code\Include\PSoC4_5 -I. -IGenerated_Source\PSoC5 -Wa,-alh=.\CortexM3\ARM_GCC_493\Debug/LED.lst -g -D DEBUG -Wall -ffunction-sections -Og -ffat-lto-objects -c .\Generated_Source\PSoC5\LED.c -o .\CortexM3\ARM_GCC_493\Debug\LED.o
arm-none-eabi-gcc.exe -mcpu=cortex-m3 -mthumb -Wno-main -I..\..\emWinGraphics_v5_46\Code\Include\PSoC4_5\nosnts -I..\..\emWinGraphics_v5_46\Code\Include\PSoC4_5 -I. -IGenerated_Source\PSoC5 -Wa,-alh=.\CortexM3\ARM_GCC_493\Debug/FORWARD_BTN.lst -g -D DEBUG -Wall -ffunction-sections -Og -ffat-lto-objects -c .\Generated_Source\PSoC5\FORWARD_BTN.c -o .\CortexM3\ARM_GCC_493\Debug\FORWARD_BTN.o
arm-none-eabi-gcc.exe -mcpu=cortex-m3 -mthumb -Wno-main -I..\..\emWinGraphics_v5_46\Code\Include\PSoC4_5\nosnts -I..\..\emWinGraphics_v5_46\Code\Include\PSoC4_5 -I. -IGenerated_Source\PSoC5 -Wa,-alh=.\CortexM3\ARM_GCC_493\Debug/BACK_BTN.lst -g -D DEBUG -Wall -ffunction-sections -Og -ffat-lto-objects -c .\Generated_Source\PSoC5\BACK_BTN.c -o .\CortexM3\ARM_GCC_493\Debug\BACK_BTN.o
arm-none-eabi-gcc.exe -mcpu=cortex-m3 -mthumb -Wno-main -I..\..\emWinGraphics_v5_46\Code\Include\PSoC4_5\nosnts -I..\..\emWinGraphics_v5_46\Code\Include\PSoC4_5 -I. -IGenerated_Source\PSoC5 -Wa,-alh=.\CortexM3\ARM_GCC_493\Debug/SDA.lst -g -D DEBUG -Wall -ffunction-sections -Og -ffat-lto-objects -c .\Generated_Source\PSoC5\SDA.c -o .\CortexM3\ARM_GCC_493\Debug\SDA.o
arm-none-eabi-gcc.exe -mcpu=cortex-m3 -mthumb -Wno-main -I..\..\emWinGraphics_v5_46\Code\Include\PSoC4_5\nosnts -I..\..\emWinGraphics_v5_46\Code\Include\PSoC4_5 -I. -IGenerated_Source\PSoC5 -Wa,-alh=.\CortexM3\ARM_GCC_493\Debug/SCL.lst -g -D DEBUG -Wall -ffunction-sections -Og -ffat-lto-objects -c .\Generated_Source\PSoC5\SCL.c -o .\CortexM3\ARM_GCC_493\Debug\SCL.o
arm-none-eabi-gcc.exe -mcpu=cortex-m3 -mthumb -Wno-main -I..\..\emWinGraphics_v5_46\Code\Include\PSoC4_5\nosnts -I..\..\emWinGraphics_v5_46\Code\Include\PSoC4_5 -I. -IGenerated_Source\PSoC5 -Wa,-alh=.\CortexM3\ARM_GCC_493\Debug/I2CRTC.lst -g -D DEBUG -Wall -ffunction-sections -Og -ffat-lto-objects -c .\Generated_Source\PSoC5\I2CRTC.c -o .\CortexM3\ARM_GCC_493\Debug\I2CRTC.o
arm-none-eabi-gcc.exe -mcpu=cortex-m3 -mthumb -Wno-main -I..\..\emWinGraphics_v5_46\Code\Include\PSoC4_5\nosnts -I..\..\emWinGraphics_v5_46\Code\Include\PSoC4_5 -I. -IGenerated_Source\PSoC5 -Wa,-alh=.\CortexM3\ARM_GCC_493\Debug/I2CRTC_BOOT.lst -g -D DEBUG -Wall -ffunction-sections -Og -ffat-lto-objects -c .\Generated_Source\PSoC5\I2CRTC_BOOT.c -o .\CortexM3\ARM_GCC_493\Debug\I2CRTC_BOOT.o
arm-none-eabi-gcc.exe -mcpu=cortex-m3 -mthumb -Wno-main -I..\..\emWinGraphics_v5_46\Code\Include\PSoC4_5\nosnts -I..\..\emWinGraphics_v5_46\Code\Include\PSoC4_5 -I. -IGenerated_Source\PSoC5 -Wa,-alh=.\CortexM3\ARM_GCC_493\Debug/I2CRTC_INT.lst -g -D DEBUG -Wall -ffunction-sections -Og -ffat-lto-objects -c .\Generated_Source\PSoC5\I2CRTC_INT.c -o .\CortexM3\ARM_GCC_493\Debug\I2CRTC_INT.o
arm-none-eabi-gcc.exe -mcpu=cortex-m3 -mthumb -Wno-main -I..\..\emWinGraphics_v5_46\Code\Include\PSoC4_5\nosnts -I..\..\emWinGraphics_v5_46\Code\Include\PSoC4_5 -I. -IGenerated_Source\PSoC5 -Wa,-alh=.\CortexM3\ARM_GCC_493\Debug/I2CRTC_PM.lst -g -D DEBUG -Wall -ffunction-sections -Og -ffat-lto-objects -c .\Generated_Source\PSoC5\I2CRTC_PM.c -o .\CortexM3\ARM_GCC_493\Debug\I2CRTC_PM.o
arm-none-eabi-gcc.exe -mcpu=cortex-m3 -mthumb -Wno-main -I..\..\emWinGraphics_v5_46\Code\Include\PSoC4_5\nosnts -I..\..\emWinGraphics_v5_46\Code\Include\PSoC4_5 -I. -IGenerated_Source\PSoC5 -Wa,-alh=.\CortexM3\ARM_GCC_493\Debug/I2CRTC_SLAVE.lst -g -D DEBUG -Wall -ffunction-sections -Og -ffat-lto-objects -c .\Generated_Source\PSoC5\I2CRTC_SLAVE.c -o .\CortexM3\ARM_GCC_493\Debug\I2CRTC_SLAVE.o
arm-none-eabi-gcc.exe -mcpu=cortex-m3 -mthumb -Wno-main -I..\..\emWinGraphics_v5_46\Code\Include\PSoC4_5\nosnts -I..\..\emWinGraphics_v5_46\Code\Include\PSoC4_5 -I. -IGenerated_Source\PSoC5 -Wa,-alh=.\CortexM3\ARM_GCC_493\Debug/I2CRTC_MASTER.lst -g -D DEBUG -Wall -ffunction-sections -Og -ffat-lto-objects -c .\Generated_Source\PSoC5\I2CRTC_MASTER.c -o .\CortexM3\ARM_GCC_493\Debug\I2CRTC_MASTER.o
arm-none-eabi-gcc.exe -mcpu=cortex-m3 -mthumb -Wno-main -I..\..\emWinGraphics_v5_46\Code\Include\PSoC4_5\nosnts -I..\..\emWinGraphics_v5_46\Code\Include\PSoC4_5 -I. -IGenerated_Source\PSoC5 -Wa,-alh=.\CortexM3\ARM_GCC_493\Debug/LCD_Char_1.lst -g -D DEBUG -Wall -ffunction-sections -Og -ffat-lto-objects -c .\Generated_Source\PSoC5\LCD_Char_1.c -o .\CortexM3\ARM_GCC_493\Debug\LCD_Char_1.o
arm-none-eabi-gcc.exe -mcpu=cortex-m3 -mthumb -Wno-main -I..\..\emWinGraphics_v5_46\Code\Include\PSoC4_5\nosnts -I..\..\emWinGraphics_v5_46\Code\Include\PSoC4_5 -I. -IGenerated_Source\PSoC5 -Wa,-alh=.\CortexM3\ARM_GCC_493\Debug/LCD_Char_1_PM.lst -g -D DEBUG -Wall -ffunction-sections -Og -ffat-lto-objects -c .\Generated_Source\PSoC5\LCD_Char_1_PM.c -o .\CortexM3\ARM_GCC_493\Debug\LCD_Char_1_PM.o
arm-none-eabi-gcc.exe -mcpu=cortex-m3 -mthumb -Wno-main -I..\..\emWinGraphics_v5_46\Code\Include\PSoC4_5\nosnts -I..\..\emWinGraphics_v5_46\Code\Include\PSoC4_5 -I. -IGenerated_Source\PSoC5 -Wa,-alh=.\CortexM3\ARM_GCC_493\Debug/LCD_Char_1_CustChars.lst -g -D DEBUG -Wall -ffunction-sections -Og -ffat-lto-objects -c .\Generated_Source\PSoC5\LCD_Char_1_CustChars.c -o .\CortexM3\ARM_GCC_493\Debug\LCD_Char_1_CustChars.o
arm-none-eabi-gcc.exe -mcpu=cortex-m3 -mthumb -Wno-main -I..\..\emWinGraphics_v5_46\Code\Include\PSoC4_5\nosnts -I..\..\emWinGraphics_v5_46\Code\Include\PSoC4_5 -I. -IGenerated_Source\PSoC5 -Wa,-alh=.\CortexM3\ARM_GCC_493\Debug/LCD_Char_1_LCDPort.lst -g -D DEBUG -Wall -ffunction-sections -Og -ffat-lto-objects -c .\Generated_Source\PSoC5\LCD_Char_1_LCDPort.c -o .\CortexM3\ARM_GCC_493\Debug\LCD_Char_1_LCDPort.o
arm-none-eabi-gcc.exe -mcpu=cortex-m3 -mthumb -Wno-main -I..\..\emWinGraphics_v5_46\Code\Include\PSoC4_5\nosnts -I..\..\emWinGraphics_v5_46\Code\Include\PSoC4_5 -I. -IGenerated_Source\PSoC5 -Wa,-alh=.\CortexM3\ARM_GCC_493\Debug/tick_isr.lst -g -D DEBUG -Wall -ffunction-sections -Og -ffat-lto-objects -c .\Generated_Source\PSoC5\tick_isr.c -o .\CortexM3\ARM_GCC_493\Debug\tick_isr.o
arm-none-eabi-gcc.exe -mcpu=cortex-m3 -mthumb -Wno-main -I..\..\emWinGraphics_v5_46\Code\Include\PSoC4_5\nosnts -I..\..\emWinGraphics_v5_46\Code\Include\PSoC4_5 -I. -IGenerated_Source\PSoC5 -Wa,-alh=.\CortexM3\ARM_GCC_493\Debug/timer_clock.lst -g -D DEBUG -Wall -ffunction-sections -Og -ffat-lto-objects -c .\Generated_Source\PSoC5\timer_clock.c -o .\CortexM3\ARM_GCC_493\Debug\timer_clock.o
arm-none-eabi-gcc.exe -mcpu=cortex-m3 -mthumb -Wno-main -I..\..\emWinGraphics_v5_46\Code\Include\PSoC4_5\nosnts -I..\..\emWinGraphics_v5_46\Code\Include\PSoC4_5 -I. -IGenerated_Source\PSoC5 -Wa,-alh=.\CortexM3\ARM_GCC_493\Debug/Timer_1.lst -g -D DEBUG -Wall -ffunction-sections -Og -ffat-lto-objects -c .\Generated_Source\PSoC5\Timer_1.c -o .\CortexM3\ARM_GCC_493\Debug\Timer_1.o
arm-none-eabi-gcc.exe -mcpu=cortex-m3 -mthumb -Wno-main -I..\..\emWinGraphics_v5_46\Code\Include\PSoC4_5\nosnts -I..\..\emWinGraphics_v5_46\Code\Include\PSoC4_5 -I. -IGenerated_Source\PSoC5 -Wa,-alh=.\CortexM3\ARM_GCC_493\Debug/Timer_1_PM.lst -g -D DEBUG -Wall -ffunction-sections -Og -ffat-lto-objects -c .\Generated_Source\PSoC5\Timer_1_PM.c -o .\CortexM3\ARM_GCC_493\Debug\Timer_1_PM.o
arm-none-eabi-gcc.exe -mcpu=cortex-m3 -mthumb -Wno-main -I..\..\emWinGraphics_v5_46\Code\Include\PSoC4_5\nosnts -I..\..\emWinGraphics_v5_46\Code\Include\PSoC4_5 -I. -IGenerated_Source\PSoC5 -Wa,-alh=.\CortexM3\ARM_GCC_493\Debug/LED_1.lst -g -D DEBUG -Wall -ffunction-sections -Og -ffat-lto-objects -c .\Generated_Source\PSoC5\LED_1.c -o .\CortexM3\ARM_GCC_493\Debug\LED_1.o
arm-none-eabi-gcc.exe -mcpu=cortex-m3 -mthumb -Wno-main -I..\..\emWinGraphics_v5_46\Code\Include\PSoC4_5\nosnts -I..\..\emWinGraphics_v5_46\Code\Include\PSoC4_5 -I. -IGenerated_Source\PSoC5 -Wa,-alh=.\CortexM3\ARM_GCC_493\Debug/DAC_OUT.lst -g -D DEBUG -Wall -ffunction-sections -Og -ffat-lto-objects -c .\Generated_Source\PSoC5\DAC_OUT.c -o .\CortexM3\ARM_GCC_493\Debug\DAC_OUT.o
arm-none-eabi-gcc.exe -mcpu=cortex-m3 -mthumb -Wno-main -I..\..\emWinGraphics_v5_46\Code\Include\PSoC4_5\nosnts -I..\..\emWinGraphics_v5_46\Code\Include\PSoC4_5 -I. -IGenerated_Source\PSoC5 -Wa,-alh=.\CortexM3\ARM_GCC_493\Debug/WaveDAC8_1.lst -g -D DEBUG -Wall -ffunction-sections -Og -ffat-lto-objects -c .\Generated_Source\PSoC5\WaveDAC8_1.c -o .\CortexM3\ARM_GCC_493\Debug\WaveDAC8_1.o
arm-none-eabi-gcc.exe -mcpu=cortex-m3 -mthumb -Wno-main -I..\..\emWinGraphics_v5_46\Code\Include\PSoC4_5\nosnts -I..\..\emWinGraphics_v5_46\Code\Include\PSoC4_5 -I. -IGenerated_Source\PSoC5 -Wa,-alh=.\CortexM3\ARM_GCC_493\Debug/WaveDAC8_1_PM.lst -g -D DEBUG -Wall -ffunction-sections -Og -ffat-lto-objects -c .\Generated_Source\PSoC5\WaveDAC8_1_PM.c -o .\CortexM3\ARM_GCC_493\Debug\WaveDAC8_1_PM.o
arm-none-eabi-gcc.exe -mcpu=cortex-m3 -mthumb -Wno-main -I..\..\emWinGraphics_v5_46\Code\Include\PSoC4_5\nosnts -I..\..\emWinGraphics_v5_46\Code\Include\PSoC4_5 -I. -IGenerated_Source\PSoC5 -Wa,-alh=.\CortexM3\ARM_GCC_493\Debug/Pin_1.lst -g -D DEBUG -Wall -ffunction-sections -Og -ffat-lto-objects -c .\Generated_Source\PSoC5\Pin_1.c -o .\CortexM3\ARM_GCC_493\Debug\Pin_1.o
arm-none-eabi-gcc.exe -mcpu=cortex-m3 -mthumb -Wno-main -I..\..\emWinGraphics_v5_46\Code\Include\PSoC4_5\nosnts -I..\..\emWinGraphics_v5_46\Code\Include\PSoC4_5 -I. -IGenerated_Source\PSoC5 -Wa,-alh=.\CortexM3\ARM_GCC_493\Debug/ADC_DelSig_1.lst -g -D DEBUG -Wall -ffunction-sections -Og -ffat-lto-objects -c .\Generated_Source\PSoC5\ADC_DelSig_1.c -o .\CortexM3\ARM_GCC_493\Debug\ADC_DelSig_1.o
arm-none-eabi-gcc.exe -mcpu=cortex-m3 -mthumb -Wno-main -I..\..\emWinGraphics_v5_46\Code\Include\PSoC4_5\nosnts -I..\..\emWinGraphics_v5_46\Code\Include\PSoC4_5 -I. -IGenerated_Source\PSoC5 -Wa,-alh=.\CortexM3\ARM_GCC_493\Debug/ADC_DelSig_1_PM.lst -g -D DEBUG -Wall -ffunction-sections -Og -ffat-lto-objects -c .\Generated_Source\PSoC5\ADC_DelSig_1_PM.c -o .\CortexM3\ARM_GCC_493\Debug\ADC_DelSig_1_PM.o
arm-none-eabi-gcc.exe -mcpu=cortex-m3 -mthumb -Wno-main -I..\..\emWinGraphics_v5_46\Code\Include\PSoC4_5\nosnts -I..\..\emWinGraphics_v5_46\Code\Include\PSoC4_5 -I. -IGenerated_Source\PSoC5 -Wa,-alh=.\CortexM3\ARM_GCC_493\Debug/ADC_DelSig_1_INT.lst -g -D DEBUG -Wall -ffunction-sections -Og -ffat-lto-objects -c .\Generated_Source\PSoC5\ADC_DelSig_1_INT.c -o .\CortexM3\ARM_GCC_493\Debug\ADC_DelSig_1_INT.o
arm-none-eabi-gcc.exe -mcpu=cortex-m3 -mthumb -Wno-main -I..\..\emWinGraphics_v5_46\Code\Include\PSoC4_5\nosnts -I..\..\emWinGraphics_v5_46\Code\Include\PSoC4_5 -I. -IGenerated_Source\PSoC5 -Wa,-alh=.\CortexM3\ARM_GCC_493\Debug/UART_1.lst -g -D DEBUG -Wall -ffunction-sections -Og -ffat-lto-objects -c .\Generated_Source\PSoC5\UART_1.c -o .\CortexM3\ARM_GCC_493\Debug\UART_1.o
arm-none-eabi-gcc.exe -mcpu=cortex-m3 -mthumb -Wno-main -I..\..\emWinGraphics_v5_46\Code\Include\PSoC4_5\nosnts -I..\..\emWinGraphics_v5_46\Code\Include\PSoC4_5 -I. -IGenerated_Source\PSoC5 -Wa,-alh=.\CortexM3\ARM_GCC_493\Debug/UART_1_PM.lst -g -D DEBUG -Wall -ffunction-sections -Og -ffat-lto-objects -c .\Generated_Source\PSoC5\UART_1_PM.c -o .\CortexM3\ARM_GCC_493\Debug\UART_1_PM.o
arm-none-eabi-gcc.exe -mcpu=cortex-m3 -mthumb -Wno-main -I..\..\emWinGraphics_v5_46\Code\Include\PSoC4_5\nosnts -I..\..\emWinGraphics_v5_46\Code\Include\PSoC4_5 -I. -IGenerated_Source\PSoC5 -Wa,-alh=.\CortexM3\ARM_GCC_493\Debug/UART_1_INT.lst -g -D DEBUG -Wall -ffunction-sections -Og -ffat-lto-objects -c .\Generated_Source\PSoC5\UART_1_INT.c -o .\CortexM3\ARM_GCC_493\Debug\UART_1_INT.o
arm-none-eabi-gcc.exe -mcpu=cortex-m3 -mthumb -Wno-main -I..\..\emWinGraphics_v5_46\Code\Include\PSoC4_5\nosnts -I..\..\emWinGraphics_v5_46\Code\Include\PSoC4_5 -I. -IGenerated_Source\PSoC5 -Wa,-alh=.\CortexM3\ARM_GCC_493\Debug/UART_1_BOOT.lst -g -D DEBUG -Wall -ffunction-sections -Og -ffat-lto-objects -c .\Generated_Source\PSoC5\UART_1_BOOT.c -o .\CortexM3\ARM_GCC_493\Debug\UART_1_BOOT.o
arm-none-eabi-gcc.exe -mcpu=cortex-m3 -mthumb -Wno-main -I..\..\emWinGraphics_v5_46\Code\Include\PSoC4_5\nosnts -I..\..\emWinGraphics_v5_46\Code\Include\PSoC4_5 -I. -IGenerated_Source\PSoC5 -Wa,-alh=.\CortexM3\ARM_GCC_493\Debug/WAVE_SELECTOR.lst -g -D DEBUG -Wall -ffunction-sections -Og -ffat-lto-objects -c .\Generated_Source\PSoC5\WAVE_SELECTOR.c -o .\CortexM3\ARM_GCC_493\Debug\WAVE_SELECTOR.o
arm-none-eabi-gcc.exe -mcpu=cortex-m3 -mthumb -Wno-main -I..\..\emWinGraphics_v5_46\Code\Include\PSoC4_5\nosnts -I..\..\emWinGraphics_v5_46\Code\Include\PSoC4_5 -I. -IGenerated_Source\PSoC5 -Wa,-alh=.\CortexM3\ARM_GCC_493\Debug/WaveDAC8_1_DacClk.lst -g -D DEBUG -Wall -ffunction-sections -Og -ffat-lto-objects -c .\Generated_Source\PSoC5\WaveDAC8_1_DacClk.c -o .\CortexM3\ARM_GCC_493\Debug\WaveDAC8_1_DacClk.o
arm-none-eabi-gcc.exe -mcpu=cortex-m3 -mthumb -Wno-main -I..\..\emWinGraphics_v5_46\Code\Include\PSoC4_5\nosnts -I..\..\emWinGraphics_v5_46\Code\Include\PSoC4_5 -I. -IGenerated_Source\PSoC5 -Wa,-alh=.\CortexM3\ARM_GCC_493\Debug/WaveDAC8_1_Wave1_DMA_dma.lst -g -D DEBUG -Wall -ffunction-sections -Og -ffat-lto-objects -c .\Generated_Source\PSoC5\WaveDAC8_1_Wave1_DMA_dma.c -o .\CortexM3\ARM_GCC_493\Debug\WaveDAC8_1_Wave1_DMA_dma.o
arm-none-eabi-gcc.exe -mcpu=cortex-m3 -mthumb -Wno-main -I..\..\emWinGraphics_v5_46\Code\Include\PSoC4_5\nosnts -I..\..\emWinGraphics_v5_46\Code\Include\PSoC4_5 -I. -IGenerated_Source\PSoC5 -Wa,-alh=.\CortexM3\ARM_GCC_493\Debug/WaveDAC8_1_Wave2_DMA_dma.lst -g -D DEBUG -Wall -ffunction-sections -Og -ffat-lto-objects -c .\Generated_Source\PSoC5\WaveDAC8_1_Wave2_DMA_dma.c -o .\CortexM3\ARM_GCC_493\Debug\WaveDAC8_1_Wave2_DMA_dma.o
arm-none-eabi-gcc.exe -mcpu=cortex-m3 -mthumb -Wno-main -I..\..\emWinGraphics_v5_46\Code\Include\PSoC4_5\nosnts -I..\..\emWinGraphics_v5_46\Code\Include\PSoC4_5 -I. -IGenerated_Source\PSoC5 -Wa,-alh=.\CortexM3\ARM_GCC_493\Debug/WaveDAC8_1_VDAC8.lst -g -D DEBUG -Wall -ffunction-sections -Og -ffat-lto-objects -c .\Generated_Source\PSoC5\WaveDAC8_1_VDAC8.c -o .\CortexM3\ARM_GCC_493\Debug\WaveDAC8_1_VDAC8.o
arm-none-eabi-gcc.exe -mcpu=cortex-m3 -mthumb -Wno-main -I..\..\emWinGraphics_v5_46\Code\Include\PSoC4_5\nosnts -I..\..\emWinGraphics_v5_46\Code\Include\PSoC4_5 -I. -IGenerated_Source\PSoC5 -Wa,-alh=.\CortexM3\ARM_GCC_493\Debug/WaveDAC8_1_VDAC8_PM.lst -g -D DEBUG -Wall -ffunction-sections -Og -ffat-lto-objects -c .\Generated_Source\PSoC5\WaveDAC8_1_VDAC8_PM.c -o .\CortexM3\ARM_GCC_493\Debug\WaveDAC8_1_VDAC8_PM.o
arm-none-eabi-gcc.exe -mcpu=cortex-m3 -mthumb -Wno-main -I..\..\emWinGraphics_v5_46\Code\Include\PSoC4_5\nosnts -I..\..\emWinGraphics_v5_46\Code\Include\PSoC4_5 -I. -IGenerated_Source\PSoC5 -Wa,-alh=.\CortexM3\ARM_GCC_493\Debug/ADC_DelSig_1_AMux.lst -g -D DEBUG -Wall -ffunction-sections -Og -ffat-lto-objects -c .\Generated_Source\PSoC5\ADC_DelSig_1_AMux.c -o .\CortexM3\ARM_GCC_493\Debug\ADC_DelSig_1_AMux.o
arm-none-eabi-gcc.exe -mcpu=cortex-m3 -mthumb -Wno-main -I..\..\emWinGraphics_v5_46\Code\Include\PSoC4_5\nosnts -I..\..\emWinGraphics_v5_46\Code\Include\PSoC4_5 -I. -IGenerated_Source\PSoC5 -Wa,-alh=.\CortexM3\ARM_GCC_493\Debug/ADC_DelSig_1_Ext_CP_Clk.lst -g -D DEBUG -Wall -ffunction-sections -Og -ffat-lto-objects -c .\Generated_Source\PSoC5\ADC_DelSig_1_Ext_CP_Clk.c -o .\CortexM3\ARM_GCC_493\Debug\ADC_DelSig_1_Ext_CP_Clk.o
arm-none-eabi-gcc.exe -mcpu=cortex-m3 -mthumb -Wno-main -I..\..\emWinGraphics_v5_46\Code\Include\PSoC4_5\nosnts -I..\..\emWinGraphics_v5_46\Code\Include\PSoC4_5 -I. -IGenerated_Source\PSoC5 -Wa,-alh=.\CortexM3\ARM_GCC_493\Debug/ADC_DelSig_1_IRQ.lst -g -D DEBUG -Wall -ffunction-sections -Og -ffat-lto-objects -c .\Generated_Source\PSoC5\ADC_DelSig_1_IRQ.c -o .\CortexM3\ARM_GCC_493\Debug\ADC_DelSig_1_IRQ.o
arm-none-eabi-gcc.exe -mcpu=cortex-m3 -mthumb -Wno-main -I..\..\emWinGraphics_v5_46\Code\Include\PSoC4_5\nosnts -I..\..\emWinGraphics_v5_46\Code\Include\PSoC4_5 -I. -IGenerated_Source\PSoC5 -Wa,-alh=.\CortexM3\ARM_GCC_493\Debug/ADC_DelSig_1_theACLK.lst -g -D DEBUG -Wall -ffunction-sections -Og -ffat-lto-objects -c .\Generated_Source\PSoC5\ADC_DelSig_1_theACLK.c -o .\CortexM3\ARM_GCC_493\Debug\ADC_DelSig_1_theACLK.o
arm-none-eabi-gcc.exe -mcpu=cortex-m3 -mthumb -Wno-main -I..\..\emWinGraphics_v5_46\Code\Include\PSoC4_5\nosnts -I..\..\emWinGraphics_v5_46\Code\Include\PSoC4_5 -I. -IGenerated_Source\PSoC5 -Wa,-alh=.\CortexM3\ARM_GCC_493\Debug/UART_1_IntClock.lst -g -D DEBUG -Wall -ffunction-sections -Og -ffat-lto-objects -c .\Generated_Source\PSoC5\UART_1_IntClock.c -o .\CortexM3\ARM_GCC_493\Debug\UART_1_IntClock.o
arm-none-eabi-gcc.exe -mcpu=cortex-m3 -mthumb -Wno-main -I..\..\emWinGraphics_v5_46\Code\Include\PSoC4_5\nosnts -I..\..\emWinGraphics_v5_46\Code\Include\PSoC4_5 -I. -IGenerated_Source\PSoC5 -Wa,-alh=.\CortexM3\ARM_GCC_493\Debug/LED_3.lst -g -D DEBUG -Wall -ffunction-sections -Og -ffat-lto-objects -c .\Generated_Source\PSoC5\LED_3.c -o .\CortexM3\ARM_GCC_493\Debug\LED_3.o
arm-none-eabi-gcc.exe -mcpu=cortex-m3 -mthumb -Wno-main -I..\..\emWinGraphics_v5_46\Code\Include\PSoC4_5\nosnts -I..\..\emWinGraphics_v5_46\Code\Include\PSoC4_5 -I. -IGenerated_Source\PSoC5 -Wa,-alh=.\CortexM3\ARM_GCC_493\Debug/Switches.lst -g -D DEBUG -Wall -ffunction-sections -Og -ffat-lto-objects -c .\Generated_Source\PSoC5\Switches.c -o .\CortexM3\ARM_GCC_493\Debug\Switches.o
arm-none-eabi-gcc.exe -mcpu=cortex-m3 -mthumb -Wno-main -I..\..\emWinGraphics_v5_46\Code\Include\PSoC4_5\nosnts -I..\..\emWinGraphics_v5_46\Code\Include\PSoC4_5 -I. -IGenerated_Source\PSoC5 -Wa,-alh=.\CortexM3\ARM_GCC_493\Debug/SwInt.lst -g -D DEBUG -Wall -ffunction-sections -Og -ffat-lto-objects -c .\Generated_Source\PSoC5\SwInt.c -o .\CortexM3\ARM_GCC_493\Debug\SwInt.o
arm-none-eabi-gcc.exe -mcpu=cortex-m3 -mthumb -Wno-main -I..\..\emWinGraphics_v5_46\Code\Include\PSoC4_5\nosnts -I..\..\emWinGraphics_v5_46\Code\Include\PSoC4_5 -I. -IGenerated_Source\PSoC5 -Wa,-alh=.\CortexM3\ARM_GCC_493\Debug/Clock_1.lst -g -D DEBUG -Wall -ffunction-sections -Og -ffat-lto-objects -c .\Generated_Source\PSoC5\Clock_1.c -o .\CortexM3\ARM_GCC_493\Debug\Clock_1.o
arm-none-eabi-gcc.exe -mcpu=cortex-m3 -mthumb -Wno-main -I..\..\emWinGraphics_v5_46\Code\Include\PSoC4_5\nosnts -I..\..\emWinGraphics_v5_46\Code\Include\PSoC4_5 -I. -IGenerated_Source\PSoC5 -Wa,-alh=.\CortexM3\ARM_GCC_493\Debug/RecieveStick.lst -g -D DEBUG -Wall -ffunction-sections -Og -ffat-lto-objects -c .\Generated_Source\PSoC5\RecieveStick.c -o .\CortexM3\ARM_GCC_493\Debug\RecieveStick.o
arm-none-eabi-gcc.exe -mcpu=cortex-m3 -mthumb -Wno-main -I..\..\emWinGraphics_v5_46\Code\Include\PSoC4_5\nosnts -I..\..\emWinGraphics_v5_46\Code\Include\PSoC4_5 -I. -IGenerated_Source\PSoC5 -Wa,-alh=.\CortexM3\ARM_GCC_493\Debug/SentStick.lst -g -D DEBUG -Wall -ffunction-sections -Og -ffat-lto-objects -c .\Generated_Source\PSoC5\SentStick.c -o .\CortexM3\ARM_GCC_493\Debug\SentStick.o
arm-none-eabi-gcc.exe -mcpu=cortex-m3 -mthumb -Wno-main -I..\..\emWinGraphics_v5_46\Code\Include\PSoC4_5\nosnts -I..\..\emWinGraphics_v5_46\Code\Include\PSoC4_5 -I. -IGenerated_Source\PSoC5 -Wa,-alh=.\CortexM3\ARM_GCC_493\Debug/UART_2.lst -g -D DEBUG -Wall -ffunction-sections -Og -ffat-lto-objects -c .\Generated_Source\PSoC5\UART_2.c -o .\CortexM3\ARM_GCC_493\Debug\UART_2.o
arm-none-eabi-gcc.exe -mcpu=cortex-m3 -mthumb -Wno-main -I..\..\emWinGraphics_v5_46\Code\Include\PSoC4_5\nosnts -I..\..\emWinGraphics_v5_46\Code\Include\PSoC4_5 -I. -IGenerated_Source\PSoC5 -Wa,-alh=.\CortexM3\ARM_GCC_493\Debug/UART_2_PM.lst -g -D DEBUG -Wall -ffunction-sections -Og -ffat-lto-objects -c .\Generated_Source\PSoC5\UART_2_PM.c -o .\CortexM3\ARM_GCC_493\Debug\UART_2_PM.o
arm-none-eabi-gcc.exe -mcpu=cortex-m3 -mthumb -Wno-main -I..\..\emWinGraphics_v5_46\Code\Include\PSoC4_5\nosnts -I..\..\emWinGraphics_v5_46\Code\Include\PSoC4_5 -I. -IGenerated_Source\PSoC5 -Wa,-alh=.\CortexM3\ARM_GCC_493\Debug/UART_2_INT.lst -g -D DEBUG -Wall -ffunction-sections -Og -ffat-lto-objects -c .\Generated_Source\PSoC5\UART_2_INT.c -o .\CortexM3\ARM_GCC_493\Debug\UART_2_INT.o
arm-none-eabi-gcc.exe -mcpu=cortex-m3 -mthumb -Wno-main -I..\..\emWinGraphics_v5_46\Code\Include\PSoC4_5\nosnts -I..\..\emWinGraphics_v5_46\Code\Include\PSoC4_5 -I. -IGenerated_Source\PSoC5 -Wa,-alh=.\CortexM3\ARM_GCC_493\Debug/UART_2_BOOT.lst -g -D DEBUG -Wall -ffunction-sections -Og -ffat-lto-objects -c .\Generated_Source\PSoC5\UART_2_BOOT.c -o .\CortexM3\ARM_GCC_493\Debug\UART_2_BOOT.o
arm-none-eabi-gcc.exe -mcpu=cortex-m3 -mthumb -Wno-main -I..\..\emWinGraphics_v5_46\Code\Include\PSoC4_5\nosnts -I..\..\emWinGraphics_v5_46\Code\Include\PSoC4_5 -I. -IGenerated_Source\PSoC5 -Wa,-alh=.\CortexM3\ARM_GCC_493\Debug/UART_2_IntClock.lst -g -D DEBUG -Wall -ffunction-sections -Og -ffat-lto-objects -c .\Generated_Source\PSoC5\UART_2_IntClock.c -o .\CortexM3\ARM_GCC_493\Debug\UART_2_IntClock.o
arm-none-eabi-gcc.exe -mcpu=cortex-m3 -mthumb -Wno-main -I..\..\emWinGraphics_v5_46\Code\Include\PSoC4_5\nosnts -I..\..\emWinGraphics_v5_46\Code\Include\PSoC4_5 -I. -IGenerated_Source\PSoC5 -Wa,-alh=.\CortexM3\ARM_GCC_493\Debug/JOYSTICK_U.lst -g -D DEBUG -Wall -ffunction-sections -Og -ffat-lto-objects -c .\Generated_Source\PSoC5\JOYSTICK_U.c -o .\CortexM3\ARM_GCC_493\Debug\JOYSTICK_U.o
arm-none-eabi-gcc.exe -mcpu=cortex-m3 -mthumb -Wno-main -I..\..\emWinGraphics_v5_46\Code\Include\PSoC4_5\nosnts -I..\..\emWinGraphics_v5_46\Code\Include\PSoC4_5 -I. -IGenerated_Source\PSoC5 -Wa,-alh=.\CortexM3\ARM_GCC_493\Debug/JOYSTICK_M.lst -g -D DEBUG -Wall -ffunction-sections -Og -ffat-lto-objects -c .\Generated_Source\PSoC5\JOYSTICK_M.c -o .\CortexM3\ARM_GCC_493\Debug\JOYSTICK_M.o
arm-none-eabi-gcc.exe -mcpu=cortex-m3 -mthumb -Wno-main -I..\..\emWinGraphics_v5_46\Code\Include\PSoC4_5\nosnts -I..\..\emWinGraphics_v5_46\Code\Include\PSoC4_5 -I. -IGenerated_Source\PSoC5 -Wa,-alh=.\CortexM3\ARM_GCC_493\Debug/JOYSTICK_R.lst -g -D DEBUG -Wall -ffunction-sections -Og -ffat-lto-objects -c .\Generated_Source\PSoC5\JOYSTICK_R.c -o .\CortexM3\ARM_GCC_493\Debug\JOYSTICK_R.o
arm-none-eabi-gcc.exe -mcpu=cortex-m3 -mthumb -Wno-main -I..\..\emWinGraphics_v5_46\Code\Include\PSoC4_5\nosnts -I..\..\emWinGraphics_v5_46\Code\Include\PSoC4_5 -I. -IGenerated_Source\PSoC5 -Wa,-alh=.\CortexM3\ARM_GCC_493\Debug/JOYSTICK_L.lst -g -D DEBUG -Wall -ffunction-sections -Og -ffat-lto-objects -c .\Generated_Source\PSoC5\JOYSTICK_L.c -o .\CortexM3\ARM_GCC_493\Debug\JOYSTICK_L.o
arm-none-eabi-gcc.exe -mcpu=cortex-m3 -mthumb -Wno-main -I..\..\emWinGraphics_v5_46\Code\Include\PSoC4_5\nosnts -I..\..\emWinGraphics_v5_46\Code\Include\PSoC4_5 -I. -IGenerated_Source\PSoC5 -Wa,-alh=.\CortexM3\ARM_GCC_493\Debug/JOYSTICK_D.lst -g -D DEBUG -Wall -ffunction-sections -Og -ffat-lto-objects -c .\Generated_Source\PSoC5\JOYSTICK_D.c -o .\CortexM3\ARM_GCC_493\Debug\JOYSTICK_D.o
arm-none-eabi-ar.exe -rs .\CortexM3\ARM_GCC_493\Debug\TFT_with_emWin.a .\CortexM3\ARM_GCC_493\Debug\cyfitter_cfg.o .\CortexM3\ARM_GCC_493\Debug\SPIM_1.o .\CortexM3\ARM_GCC_493\Debug\SPIM_1_PM.o .\CortexM3\ARM_GCC_493\Debug\SPIM_1_INT.o .\CortexM3\ARM_GCC_493\Debug\MOSI.o .\CortexM3\ARM_GCC_493\Debug\SCLK.o .\CortexM3\ARM_GCC_493\Debug\SS.o .\CortexM3\ARM_GCC_493\Debug\MISO.o .\CortexM3\ARM_GCC_493\Debug\DC.o .\CortexM3\ARM_GCC_493\Debug\RESET.o .\CortexM3\ARM_GCC_493\Debug\SPIM_1_IntClock.o .\CortexM3\ARM_GCC_493\Debug\CyBootAsmGnu.o .\CortexM3\ARM_GCC_493\Debug\CyDmac.o .\CortexM3\ARM_GCC_493\Debug\CyFlash.o .\CortexM3\ARM_GCC_493\Debug\CyLib.o .\CortexM3\ARM_GCC_493\Debug\cyPm.o .\CortexM3\ARM_GCC_493\Debug\CySpc.o .\CortexM3\ARM_GCC_493\Debug\cyutils.o .\CortexM3\ARM_GCC_493\Debug\LED.o .\CortexM3\ARM_GCC_493\Debug\FORWARD_BTN.o .\CortexM3\ARM_GCC_493\Debug\BACK_BTN.o .\CortexM3\ARM_GCC_493\Debug\SDA.o .\CortexM3\ARM_GCC_493\Debug\SCL.o .\CortexM3\ARM_GCC_493\Debug\I2CRTC.o .\CortexM3\ARM_GCC_493\Debug\I2CRTC_BOOT.o .\CortexM3\ARM_GCC_493\Debug\I2CRTC_INT.o .\CortexM3\ARM_GCC_493\Debug\I2CRTC_PM.o .\CortexM3\ARM_GCC_493\Debug\I2CRTC_SLAVE.o .\CortexM3\ARM_GCC_493\Debug\I2CRTC_MASTER.o .\CortexM3\ARM_GCC_493\Debug\LCD_Char_1.o .\CortexM3\ARM_GCC_493\Debug\LCD_Char_1_PM.o .\CortexM3\ARM_GCC_493\Debug\LCD_Char_1_CustChars.o .\CortexM3\ARM_GCC_493\Debug\LCD_Char_1_LCDPort.o .\CortexM3\ARM_GCC_493\Debug\tick_isr.o .\CortexM3\ARM_GCC_493\Debug\timer_clock.o .\CortexM3\ARM_GCC_493\Debug\Timer_1.o .\CortexM3\ARM_GCC_493\Debug\Timer_1_PM.o .\CortexM3\ARM_GCC_493\Debug\LED_1.o .\CortexM3\ARM_GCC_493\Debug\DAC_OUT.o .\CortexM3\ARM_GCC_493\Debug\WaveDAC8_1.o .\CortexM3\ARM_GCC_493\Debug\WaveDAC8_1_PM.o .\CortexM3\ARM_GCC_493\Debug\Pin_1.o .\CortexM3\ARM_GCC_493\Debug\ADC_DelSig_1.o .\CortexM3\ARM_GCC_493\Debug\ADC_DelSig_1_PM.o .\CortexM3\ARM_GCC_493\Debug\ADC_DelSig_1_INT.o .\CortexM3\ARM_GCC_493\Debug\UART_1.o .\CortexM3\ARM_GCC_493\Debug\UART_1_PM.o .\CortexM3\ARM_GCC_493\Debug\UART_1_INT.o .\CortexM3\ARM_GCC_493\Debug\UART_1_BOOT.o .\CortexM3\ARM_GCC_493\Debug\WAVE_SELECTOR.o .\CortexM3\ARM_GCC_493\Debug\WaveDAC8_1_DacClk.o .\CortexM3\ARM_GCC_493\Debug\WaveDAC8_1_Wave1_DMA_dma.o .\CortexM3\ARM_GCC_493\Debug\WaveDAC8_1_Wave2_DMA_dma.o .\CortexM3\ARM_GCC_493\Debug\WaveDAC8_1_VDAC8.o .\CortexM3\ARM_GCC_493\Debug\WaveDAC8_1_VDAC8_PM.o .\CortexM3\ARM_GCC_493\Debug\ADC_DelSig_1_AMux.o .\CortexM3\ARM_GCC_493\Debug\ADC_DelSig_1_Ext_CP_Clk.o .\CortexM3\ARM_GCC_493\Debug\ADC_DelSig_1_IRQ.o .\CortexM3\ARM_GCC_493\Debug\ADC_DelSig_1_theACLK.o .\CortexM3\ARM_GCC_493\Debug\UART_1_IntClock.o .\CortexM3\ARM_GCC_493\Debug\LED_3.o .\CortexM3\ARM_GCC_493\Debug\Switches.o .\CortexM3\ARM_GCC_493\Debug\SwInt.o .\CortexM3\ARM_GCC_493\Debug\Clock_1.o .\CortexM3\ARM_GCC_493\Debug\RecieveStick.o .\CortexM3\ARM_GCC_493\Debug\SentStick.o .\CortexM3\ARM_GCC_493\Debug\UART_2.o .\CortexM3\ARM_GCC_493\Debug\UART_2_PM.o .\CortexM3\ARM_GCC_493\Debug\UART_2_INT.o .\CortexM3\ARM_GCC_493\Debug\UART_2_BOOT.o .\CortexM3\ARM_GCC_493\Debug\UART_2_IntClock.o .\CortexM3\ARM_GCC_493\Debug\JOYSTICK_U.o .\CortexM3\ARM_GCC_493\Debug\JOYSTICK_M.o .\CortexM3\ARM_GCC_493\Debug\JOYSTICK_R.o .\CortexM3\ARM_GCC_493\Debug\JOYSTICK_L.o .\CortexM3\ARM_GCC_493\Debug\JOYSTICK_D.o
arm-none-eabi-ar.exe: creating .\CortexM3\ARM_GCC_493\Debug\TFT_with_emWin.a
arm-none-eabi-gcc.exe -Wl,--start-group -o .\CortexM3\ARM_GCC_493\Debug\TFT_with_emWin.elf .\CortexM3\ARM_GCC_493\Debug\main.o .\CortexM3\ARM_GCC_493\Debug\tft.o .\CortexM3\ARM_GCC_493\Debug\GUI_X.o .\CortexM3\ARM_GCC_493\Debug\GUIConf.o .\CortexM3\ARM_GCC_493\Debug\LCDConf.o .\CortexM3\ARM_GCC_493\Debug\start_menu.o .\CortexM3\ARM_GCC_493\Debug\ds3231.o .\CortexM3\ARM_GCC_493\Debug\sound.o .\CortexM3\ARM_GCC_493\Debug\action_select.o .\CortexM3\ARM_GCC_493\Debug\cute_mascot.o .\CortexM3\ARM_GCC_493\Debug\task.o .\CortexM3\ARM_GCC_493\Debug\cute_mascot_closed.o .\CortexM3\ARM_GCC_493\Debug\cymetadata.o .\CortexM3\ARM_GCC_493\Debug\Cm3Start.o .\CortexM3\ARM_GCC_493\Debug\TFT_with_emWin.a "C:\Program Files (x86)\Cypress\PSoC Creator\3.3\PSoC Creator\psoc\content\cycomponentlibrary\CyComponentLibrary.cylib\CortexM3\ARM_GCC_493\Debug\CyComponentLibrary.a" -mcpu=cortex-m3 -mthumb -g -ffunction-sections -Og -ffat-lto-objects -l m -L Generated_Source\PSoC5 -L ..\..\emWinGraphics_v5_46\LinkLibrary\PSoC5\GCC ..\..\emWinGraphics_v5_46\LinkLibrary\PSoC5\GCC\libemWin_nosnts_cm3_gcc.a -Wl,-Map,.\CortexM3\ARM_GCC_493\Debug/TFT_with_emWin.map -T Generated_Source\PSoC5\cm3gcc.ld -specs=nano.specs -Wl,--gc-sections -Wl,--end-group
cyelftool.exe -C "C:\Users\jaohe\EghosaOneDrive\OneDrive\Documents\Spring 2025\6.115\final_project\taskassistant\TFT_with_emWin\TFT_with_emWin.cydsn\CortexM3\ARM_GCC_493\Debug\TFT_with_emWin.elf" --flash_row_size 256 --flash_size 262144
cyelftool.exe -S "C:\Users\jaohe\EghosaOneDrive\OneDrive\Documents\Spring 2025\6.115\final_project\taskassistant\TFT_with_emWin\TFT_with_emWin.cydsn\CortexM3\ARM_GCC_493\Debug\TFT_with_emWin.elf"
Flash used: 69376 of 262144 bytes (26.5%).
SRAM used: 11853 of 65536 bytes (18.1%). Stack: 2048 bytes. Heap: 128 bytes.
--------------- Build Succeeded: 05/12/2025 21:18:50 ---------------
