--------------- Clean Started: 05/11/2025 18:09:46 Project: TFT_with_emWin, Configuration: ARM GCC 4.9-2015-q1-update Debug ---------------
Deleting file ".\CortexM3\ARM_GCC_493\Debug\main.o"
Deleting file ".\CortexM3\ARM_GCC_493\Debug\tft.o"
Deleting file ".\CortexM3\ARM_GCC_493\Debug\GUI_X.o"
Deleting file ".\CortexM3\ARM_GCC_493\Debug\GUIConf.o"
Deleting file ".\CortexM3\ARM_GCC_493\Debug\LCDConf.o"
Deleting file ".\CortexM3\ARM_GCC_493\Debug\start_menu.o"
Deleting file ".\CortexM3\ARM_GCC_493\Debug\ds3231.o"
Deleting file ".\CortexM3\ARM_GCC_493\Debug\sound.o"
Deleting file ".\CortexM3\ARM_GCC_493\Debug\action_select.o"
Deleting file ".\CortexM3\ARM_GCC_493\Debug\cute_mascot.o"
Deleting file ".\CortexM3\ARM_GCC_493\Debug\task.o"
Deleting file ".\CortexM3\ARM_GCC_493\Debug\cute_mascot_closed.o"
Deleting file ".\CortexM3\ARM_GCC_493\Debug\cyfitter_cfg.o"
Deleting file ".\CortexM3\ARM_GCC_493\Debug\cymetadata.o"
Deleting file ".\CortexM3\ARM_GCC_493\Debug\SPIM_1.o"
Deleting file ".\CortexM3\ARM_GCC_493\Debug\SPIM_1_PM.o"
Deleting file ".\CortexM3\ARM_GCC_493\Debug\SPIM_1_INT.o"
Deleting file ".\CortexM3\ARM_GCC_493\Debug\MOSI.o"
Deleting file ".\CortexM3\ARM_GCC_493\Debug\SCLK.o"
Deleting file ".\CortexM3\ARM_GCC_493\Debug\SS.o"
Deleting file ".\CortexM3\ARM_GCC_493\Debug\MISO.o"
Deleting file ".\CortexM3\ARM_GCC_493\Debug\DC.o"
Deleting file ".\CortexM3\ARM_GCC_493\Debug\RESET.o"
Deleting file ".\CortexM3\ARM_GCC_493\Debug\SPIM_1_IntClock.o"
Deleting file ".\CortexM3\ARM_GCC_493\Debug\Cm3Start.o"
Deleting file ".\CortexM3\ARM_GCC_493\Debug\CyBootAsmGnu.o"
Deleting file ".\CortexM3\ARM_GCC_493\Debug\CyDmac.o"
Deleting file ".\CortexM3\ARM_GCC_493\Debug\CyFlash.o"
Deleting file ".\CortexM3\ARM_GCC_493\Debug\CyLib.o"
Deleting file ".\CortexM3\ARM_GCC_493\Debug\cyPm.o"
Deleting file ".\CortexM3\ARM_GCC_493\Debug\CySpc.o"
Deleting file ".\CortexM3\ARM_GCC_493\Debug\cyutils.o"
Deleting file ".\CortexM3\ARM_GCC_493\Debug\LED.o"
Deleting file ".\CortexM3\ARM_GCC_493\Debug\FORWARD_BTN.o"
Deleting file ".\CortexM3\ARM_GCC_493\Debug\BACK_BTN.o"
Deleting file ".\CortexM3\ARM_GCC_493\Debug\SDA.o"
Deleting file ".\CortexM3\ARM_GCC_493\Debug\SCL.o"
Deleting file ".\CortexM3\ARM_GCC_493\Debug\I2CRTC.o"
Deleting file ".\CortexM3\ARM_GCC_493\Debug\I2CRTC_BOOT.o"
Deleting file ".\CortexM3\ARM_GCC_493\Debug\I2CRTC_INT.o"
Deleting file ".\CortexM3\ARM_GCC_493\Debug\I2CRTC_PM.o"
Deleting file ".\CortexM3\ARM_GCC_493\Debug\I2CRTC_SLAVE.o"
Deleting file ".\CortexM3\ARM_GCC_493\Debug\I2CRTC_MASTER.o"
Deleting file ".\CortexM3\ARM_GCC_493\Debug\LCD_Char_1.o"
Deleting file ".\CortexM3\ARM_GCC_493\Debug\LCD_Char_1_PM.o"
Deleting file ".\CortexM3\ARM_GCC_493\Debug\LCD_Char_1_CustChars.o"
Deleting file ".\CortexM3\ARM_GCC_493\Debug\LCD_Char_1_LCDPort.o"
Deleting file ".\CortexM3\ARM_GCC_493\Debug\tick_isr.o"
Deleting file ".\CortexM3\ARM_GCC_493\Debug\timer_clock.o"
Deleting file ".\CortexM3\ARM_GCC_493\Debug\Timer_1.o"
Deleting file ".\CortexM3\ARM_GCC_493\Debug\Timer_1_PM.o"
Deleting file ".\CortexM3\ARM_GCC_493\Debug\LED_1.o"
Deleting file ".\CortexM3\ARM_GCC_493\Debug\DAC_OUT.o"
Deleting file ".\CortexM3\ARM_GCC_493\Debug\WaveDAC8_1.o"
Deleting file ".\CortexM3\ARM_GCC_493\Debug\WaveDAC8_1_PM.o"
Deleting file ".\CortexM3\ARM_GCC_493\Debug\Pin_1.o"
Deleting file ".\CortexM3\ARM_GCC_493\Debug\ADC_DelSig_1.o"
Deleting file ".\CortexM3\ARM_GCC_493\Debug\ADC_DelSig_1_PM.o"
Deleting file ".\CortexM3\ARM_GCC_493\Debug\ADC_DelSig_1_INT.o"
Deleting file ".\CortexM3\ARM_GCC_493\Debug\UART_1.o"
Deleting file ".\CortexM3\ARM_GCC_493\Debug\UART_1_PM.o"
Deleting file ".\CortexM3\ARM_GCC_493\Debug\UART_1_INT.o"
Deleting file ".\CortexM3\ARM_GCC_493\Debug\UART_1_BOOT.o"
Deleting file ".\CortexM3\ARM_GCC_493\Debug\WAVE_SELECTOR.o"
Deleting file ".\CortexM3\ARM_GCC_493\Debug\WaveDAC8_1_DacClk.o"
Deleting file ".\CortexM3\ARM_GCC_493\Debug\WaveDAC8_1_Wave1_DMA_dma.o"
Deleting file ".\CortexM3\ARM_GCC_493\Debug\WaveDAC8_1_Wave2_DMA_dma.o"
Deleting file ".\CortexM3\ARM_GCC_493\Debug\WaveDAC8_1_VDAC8.o"
Deleting file ".\CortexM3\ARM_GCC_493\Debug\WaveDAC8_1_VDAC8_PM.o"
Deleting file ".\CortexM3\ARM_GCC_493\Debug\ADC_DelSig_1_AMux.o"
Deleting file ".\CortexM3\ARM_GCC_493\Debug\ADC_DelSig_1_Ext_CP_Clk.o"
Deleting file ".\CortexM3\ARM_GCC_493\Debug\ADC_DelSig_1_IRQ.o"
Deleting file ".\CortexM3\ARM_GCC_493\Debug\ADC_DelSig_1_theACLK.o"
Deleting file ".\CortexM3\ARM_GCC_493\Debug\UART_1_IntClock.o"
Deleting file ".\CortexM3\ARM_GCC_493\Debug\LED_3.o"
Deleting file ".\CortexM3\ARM_GCC_493\Debug\Switches.o"
Deleting file ".\CortexM3\ARM_GCC_493\Debug\SwInt.o"
Deleting file ".\CortexM3\ARM_GCC_493\Debug\Clock_1.o"
Deleting file ".\CortexM3\ARM_GCC_493\Debug\RecieveInt.o"
Deleting file ".\CortexM3\ARM_GCC_493\Debug\SentInt.o"
Deleting file ".\CortexM3\ARM_GCC_493\Debug\UART_ENABLE.o"
Deleting file ".\CortexM3\ARM_GCC_493\Debug\TFT_with_emWin.hex"
Deleting file ".\CortexM3\ARM_GCC_493\Debug\TFT_with_emWin.map"
Deleting file ".\TFT_with_emWin.cycdx"
Deleting file ".\TFT_with_emWin.svd"
Deleting file ".\TFT_with_emWin.rpt"
Deleting file ".\TFT_with_emWin_timing.html"
Deleting file ".\CortexM3\ARM_GCC_493\Debug\.deps\C_FILE.P"
Deleting file ".\CortexM3\ARM_GCC_493\Debug\.deps\ARM_C_FILE.P"
Deleting file ".\CortexM3\ARM_GCC_493\Debug\.deps\GNU_ARM_ASM_FILE.P"
--------------- Clean Succeeded: 05/11/2025 18:09:46 ---------------
