ARM GAS  C:\Users\jaohe\AppData\Local\Temp\cchLegrg.s 			page 1


   1              		.syntax unified
   2              		.cpu cortex-m3
   3              		.fpu softvfp
   4              		.eabi_attribute 20, 1
   5              		.eabi_attribute 21, 1
   6              		.eabi_attribute 23, 3
   7              		.eabi_attribute 24, 1
   8              		.eabi_attribute 25, 1
   9              		.eabi_attribute 26, 1
  10              		.eabi_attribute 30, 1
  11              		.eabi_attribute 34, 1
  12              		.eabi_attribute 18, 4
  13              		.thumb
  14              		.file	"cymetadata.c"
  15              		.text
  16              	.Ltext0:
  17              		.cfi_sections	.debug_frame
  18              		.global	cy_metadata
  19              		.global	cy_meta_flashprotect
  20              		.global	cy_meta_wonvl
  21              		.global	cy_meta_custnvl
  22              		.global	cy_meta_configecc
  23              		.section	.cyconfigecc,"a",%progbits
  24              		.align	2
  25              		.type	cy_meta_configecc, %object
  26              		.size	cy_meta_configecc, 856
  27              	cy_meta_configecc:
  28 0000 01       		.byte	1
  29 0001 45       		.byte	69
  30 0002 00       		.byte	0
  31 0003 40       		.byte	64
  32 0004 03       		.byte	3
  33 0005 52       		.byte	82
  34 0006 00       		.byte	0
  35 0007 40       		.byte	64
  36 0008 01       		.byte	1
  37 0009 64       		.byte	100
  38 000a 00       		.byte	0
  39 000b 40       		.byte	64
  40 000c 57       		.byte	87
  41 000d 00       		.byte	0
  42 000e 01       		.byte	1
  43 000f 40       		.byte	64
  44 0010 35       		.byte	53
  45 0011 01       		.byte	1
  46 0012 01       		.byte	1
  47 0013 40       		.byte	64
  48 0014 45       		.byte	69
  49 0015 02       		.byte	2
  50 0016 01       		.byte	1
  51 0017 40       		.byte	64
  52 0018 41       		.byte	65
  53 0019 03       		.byte	3
  54 001a 01       		.byte	1
  55 001b 40       		.byte	64
  56 001c 01       		.byte	1
  57 001d 0D       		.byte	13
ARM GAS  C:\Users\jaohe\AppData\Local\Temp\cchLegrg.s 			page 2


  58 001e 01       		.byte	1
  59 001f 40       		.byte	64
  60 0020 02       		.byte	2
  61 0021 17       		.byte	23
  62 0022 01       		.byte	1
  63 0023 40       		.byte	64
  64 0024 04       		.byte	4
  65 0025 18       		.byte	24
  66 0026 01       		.byte	1
  67 0027 40       		.byte	64
  68 0028 04       		.byte	4
  69 0029 19       		.byte	25
  70 002a 01       		.byte	1
  71 002b 40       		.byte	64
  72 002c 10       		.byte	16
  73 002d 40       		.byte	64
  74 002e 01       		.byte	1
  75 002f 40       		.byte	64
  76 0030 06       		.byte	6
  77 0031 41       		.byte	65
  78 0032 01       		.byte	1
  79 0033 40       		.byte	64
  80 0034 03       		.byte	3
  81 0035 42       		.byte	66
  82 0036 01       		.byte	1
  83 0037 40       		.byte	64
  84 0038 02       		.byte	2
  85 0039 43       		.byte	67
  86 003a 01       		.byte	1
  87 003b 40       		.byte	64
  88 003c 05       		.byte	5
  89 003d 44       		.byte	68
  90 003e 01       		.byte	1
  91 003f 40       		.byte	64
  92 0040 02       		.byte	2
  93 0041 45       		.byte	69
  94 0042 01       		.byte	1
  95 0043 40       		.byte	64
  96 0044 01       		.byte	1
  97 0045 46       		.byte	70
  98 0046 01       		.byte	1
  99 0047 40       		.byte	64
 100 0048 01       		.byte	1
 101 0049 47       		.byte	71
 102 004a 01       		.byte	1
 103 004b 40       		.byte	64
 104 004c 04       		.byte	4
 105 004d 48       		.byte	72
 106 004e 01       		.byte	1
 107 004f 40       		.byte	64
 108 0050 0A       		.byte	10
 109 0051 4C       		.byte	76
 110 0052 01       		.byte	1
 111 0053 40       		.byte	64
 112 0054 05       		.byte	5
 113 0055 4D       		.byte	77
 114 0056 01       		.byte	1
ARM GAS  C:\Users\jaohe\AppData\Local\Temp\cchLegrg.s 			page 3


 115 0057 40       		.byte	64
 116 0058 02       		.byte	2
 117 0059 50       		.byte	80
 118 005a 01       		.byte	1
 119 005b 40       		.byte	64
 120 005c 02       		.byte	2
 121 005d 51       		.byte	81
 122 005e 01       		.byte	1
 123 005f 40       		.byte	64
 124 0060 30       		.byte	48
 125 0061 02       		.byte	2
 126 0062 20       		.byte	32
 127 0063 98       		.byte	-104
 128 0064 21       		.byte	33
 129 0065 88       		.byte	-120
 130 0066 24       		.byte	36
 131 0067 02       		.byte	2
 132 0068 83       		.byte	-125
 133 0069 0F       		.byte	15
 134 006a 08       		.byte	8
 135 006b 02       		.byte	2
 136 006c 0A       		.byte	10
 137 006d 0D       		.byte	13
 138 006e 0C       		.byte	12
 139 006f 0D       		.byte	13
 140 0070 10       		.byte	16
 141 0071 0D       		.byte	13
 142 0072 14       		.byte	20
 143 0073 0D       		.byte	13
 144 0074 15       		.byte	21
 145 0075 06       		.byte	6
 146 0076 17       		.byte	23
 147 0077 01       		.byte	1
 148 0078 18       		.byte	24
 149 0079 02       		.byte	2
 150 007a 1A       		.byte	26
 151 007b 04       		.byte	4
 152 007c 1C       		.byte	28
 153 007d 02       		.byte	2
 154 007e 1D       		.byte	29
 155 007f 04       		.byte	4
 156 0080 1E       		.byte	30
 157 0081 08       		.byte	8
 158 0082 20       		.byte	32
 159 0083 0D       		.byte	13
 160 0084 24       		.byte	36
 161 0085 0D       		.byte	13
 162 0086 25       		.byte	37
 163 0087 01       		.byte	1
 164 0088 27       		.byte	39
 165 0089 02       		.byte	2
 166 008a 28       		.byte	40
 167 008b 01       		.byte	1
 168 008c 29       		.byte	41
 169 008d 04       		.byte	4
 170 008e 2A       		.byte	42
 171 008f 02       		.byte	2
ARM GAS  C:\Users\jaohe\AppData\Local\Temp\cchLegrg.s 			page 4


 172 0090 32       		.byte	50
 173 0091 0F       		.byte	15
 174 0092 37       		.byte	55
 175 0093 07       		.byte	7
 176 0094 3A       		.byte	58
 177 0095 08       		.byte	8
 178 0096 3B       		.byte	59
 179 0097 80       		.byte	-128
 180 0098 58       		.byte	88
 181 0099 04       		.byte	4
 182 009a 59       		.byte	89
 183 009b 04       		.byte	4
 184 009c 5F       		.byte	95
 185 009d 01       		.byte	1
 186 009e 81       		.byte	-127
 187 009f 08       		.byte	8
 188 00a0 85       		.byte	-123
 189 00a1 08       		.byte	8
 190 00a2 89       		.byte	-119
 191 00a3 33       		.byte	51
 192 00a4 8B       		.byte	-117
 193 00a5 40       		.byte	64
 194 00a6 8C       		.byte	-116
 195 00a7 01       		.byte	1
 196 00a8 8F       		.byte	-113
 197 00a9 08       		.byte	8
 198 00aa 91       		.byte	-111
 199 00ab 08       		.byte	8
 200 00ac 92       		.byte	-110
 201 00ad 01       		.byte	1
 202 00ae 94       		.byte	-108
 203 00af 01       		.byte	1
 204 00b0 95       		.byte	-107
 205 00b1 51       		.byte	81
 206 00b2 97       		.byte	-105
 207 00b3 A6       		.byte	-90
 208 00b4 98       		.byte	-104
 209 00b5 01       		.byte	1
 210 00b6 9B       		.byte	-101
 211 00b7 04       		.byte	4
 212 00b8 9D       		.byte	-99
 213 00b9 E0       		.byte	-32
 214 00ba A0       		.byte	-96
 215 00bb 01       		.byte	1
 216 00bc A1       		.byte	-95
 217 00bd 41       		.byte	65
 218 00be A3       		.byte	-93
 219 00bf 96       		.byte	-106
 220 00c0 A9       		.byte	-87
 221 00c1 08       		.byte	8
 222 00c2 AF       		.byte	-81
 223 00c3 08       		.byte	8
 224 00c4 B0       		.byte	-80
 225 00c5 01       		.byte	1
 226 00c6 B1       		.byte	-79
 227 00c7 F0       		.byte	-16
 228 00c8 B3       		.byte	-77
ARM GAS  C:\Users\jaohe\AppData\Local\Temp\cchLegrg.s 			page 5


 229 00c9 08       		.byte	8
 230 00ca B5       		.byte	-75
 231 00cb 06       		.byte	6
 232 00cc B6       		.byte	-74
 233 00cd 01       		.byte	1
 234 00ce B7       		.byte	-73
 235 00cf 01       		.byte	1
 236 00d0 B9       		.byte	-71
 237 00d1 02       		.byte	2
 238 00d2 BE       		.byte	-66
 239 00d3 41       		.byte	65
 240 00d4 BF       		.byte	-65
 241 00d5 44       		.byte	68
 242 00d6 C0       		.byte	-64
 243 00d7 31       		.byte	49
 244 00d8 C1       		.byte	-63
 245 00d9 06       		.byte	6
 246 00da C2       		.byte	-62
 247 00db 40       		.byte	64
 248 00dc C4       		.byte	-60
 249 00dd 02       		.byte	2
 250 00de C5       		.byte	-59
 251 00df 0E       		.byte	14
 252 00e0 C6       		.byte	-58
 253 00e1 FB       		.byte	-5
 254 00e2 C7       		.byte	-57
 255 00e3 DC       		.byte	-36
 256 00e4 C8       		.byte	-56
 257 00e5 3D       		.byte	61
 258 00e6 C9       		.byte	-55
 259 00e7 FF       		.byte	-1
 260 00e8 CA       		.byte	-54
 261 00e9 FF       		.byte	-1
 262 00ea CB       		.byte	-53
 263 00eb FF       		.byte	-1
 264 00ec CC       		.byte	-52
 265 00ed 22       		.byte	34
 266 00ee CE       		.byte	-50
 267 00ef F0       		.byte	-16
 268 00f0 CF       		.byte	-49
 269 00f1 08       		.byte	8
 270 00f2 D0       		.byte	-48
 271 00f3 04       		.byte	4
 272 00f4 D4       		.byte	-44
 273 00f5 40       		.byte	64
 274 00f6 D8       		.byte	-40
 275 00f7 04       		.byte	4
 276 00f8 D9       		.byte	-39
 277 00f9 04       		.byte	4
 278 00fa DA       		.byte	-38
 279 00fb 04       		.byte	4
 280 00fc DB       		.byte	-37
 281 00fd 04       		.byte	4
 282 00fe DF       		.byte	-33
 283 00ff 01       		.byte	1
 284 0100 E2       		.byte	-30
 285 0101 C0       		.byte	-64
ARM GAS  C:\Users\jaohe\AppData\Local\Temp\cchLegrg.s 			page 6


 286 0102 E4       		.byte	-28
 287 0103 40       		.byte	64
 288 0104 E5       		.byte	-27
 289 0105 01       		.byte	1
 290 0106 E6       		.byte	-26
 291 0107 10       		.byte	16
 292 0108 E7       		.byte	-25
 293 0109 11       		.byte	17
 294 010a E8       		.byte	-24
 295 010b C0       		.byte	-64
 296 010c E9       		.byte	-23
 297 010d 01       		.byte	1
 298 010e EB       		.byte	-21
 299 010f 11       		.byte	17
 300 0110 EC       		.byte	-20
 301 0111 40       		.byte	64
 302 0112 ED       		.byte	-19
 303 0113 01       		.byte	1
 304 0114 EE       		.byte	-18
 305 0115 40       		.byte	64
 306 0116 EF       		.byte	-17
 307 0117 01       		.byte	1
 308 0118 00       		.byte	0
 309 0119 50       		.byte	80
 310 011a 04       		.byte	4
 311 011b 42       		.byte	66
 312 011c 06       		.byte	6
 313 011d 42       		.byte	66
 314 011e 08       		.byte	8
 315 011f 20       		.byte	32
 316 0120 09       		.byte	9
 317 0121 80       		.byte	-128
 318 0122 0A       		.byte	10
 319 0123 51       		.byte	81
 320 0124 0C       		.byte	12
 321 0125 10       		.byte	16
 322 0126 0E       		.byte	14
 323 0127 54       		.byte	84
 324 0128 10       		.byte	16
 325 0129 10       		.byte	16
 326 012a 11       		.byte	17
 327 012b 11       		.byte	17
 328 012c 15       		.byte	21
 329 012d 03       		.byte	3
 330 012e 17       		.byte	23
 331 012f 01       		.byte	1
 332 0130 18       		.byte	24
 333 0131 10       		.byte	16
 334 0132 1D       		.byte	29
 335 0133 02       		.byte	2
 336 0134 1E       		.byte	30
 337 0135 02       		.byte	2
 338 0136 20       		.byte	32
 339 0137 02       		.byte	2
 340 0138 21       		.byte	33
 341 0139 80       		.byte	-128
 342 013a 24       		.byte	36
ARM GAS  C:\Users\jaohe\AppData\Local\Temp\cchLegrg.s 			page 7


 343 013b 02       		.byte	2
 344 013c 26       		.byte	38
 345 013d 10       		.byte	16
 346 013e 27       		.byte	39
 347 013f 50       		.byte	80
 348 0140 2B       		.byte	43
 349 0141 14       		.byte	20
 350 0142 2E       		.byte	46
 351 0143 11       		.byte	17
 352 0144 2F       		.byte	47
 353 0145 03       		.byte	3
 354 0146 31       		.byte	49
 355 0147 88       		.byte	-120
 356 0148 36       		.byte	54
 357 0149 10       		.byte	16
 358 014a 37       		.byte	55
 359 014b 49       		.byte	73
 360 014c 3D       		.byte	61
 361 014d 10       		.byte	16
 362 014e 3E       		.byte	62
 363 014f 46       		.byte	70
 364 0150 3F       		.byte	63
 365 0151 20       		.byte	32
 366 0152 42       		.byte	66
 367 0153 08       		.byte	8
 368 0154 43       		.byte	67
 369 0155 10       		.byte	16
 370 0156 44       		.byte	68
 371 0157 20       		.byte	32
 372 0158 45       		.byte	69
 373 0159 8A       		.byte	-118
 374 015a 47       		.byte	71
 375 015b 28       		.byte	40
 376 015c 4D       		.byte	77
 377 015d 08       		.byte	8
 378 015e 4F       		.byte	79
 379 015f 20       		.byte	32
 380 0160 55       		.byte	85
 381 0161 44       		.byte	68
 382 0162 56       		.byte	86
 383 0163 10       		.byte	16
 384 0164 57       		.byte	87
 385 0165 06       		.byte	6
 386 0166 66       		.byte	102
 387 0167 18       		.byte	24
 388 0168 67       		.byte	103
 389 0169 02       		.byte	2
 390 016a 83       		.byte	-125
 391 016b 40       		.byte	64
 392 016c 8A       		.byte	-118
 393 016d 10       		.byte	16
 394 016e C0       		.byte	-64
 395 016f 83       		.byte	-125
 396 0170 C2       		.byte	-62
 397 0171 7F       		.byte	127
 398 0172 C4       		.byte	-60
 399 0173 1E       		.byte	30
ARM GAS  C:\Users\jaohe\AppData\Local\Temp\cchLegrg.s 			page 8


 400 0174 CA       		.byte	-54
 401 0175 B6       		.byte	-74
 402 0176 CC       		.byte	-52
 403 0177 FA       		.byte	-6
 404 0178 CE       		.byte	-50
 405 0179 F0       		.byte	-16
 406 017a D0       		.byte	-48
 407 017b F0       		.byte	-16
 408 017c D2       		.byte	-46
 409 017d 20       		.byte	32
 410 017e D8       		.byte	-40
 411 017f 70       		.byte	112
 412 0180 E2       		.byte	-30
 413 0181 80       		.byte	-128
 414 0182 00       		.byte	0
 415 0183 48       		.byte	72
 416 0184 01       		.byte	1
 417 0185 5C       		.byte	92
 418 0186 02       		.byte	2
 419 0187 02       		.byte	2
 420 0188 03       		.byte	3
 421 0189 03       		.byte	3
 422 018a 04       		.byte	4
 423 018b 11       		.byte	17
 424 018c 05       		.byte	5
 425 018d 08       		.byte	8
 426 018e 06       		.byte	6
 427 018f 68       		.byte	104
 428 0190 08       		.byte	8
 429 0191 03       		.byte	3
 430 0192 09       		.byte	9
 431 0193 0E       		.byte	14
 432 0194 0A       		.byte	10
 433 0195 34       		.byte	52
 434 0196 0B       		.byte	11
 435 0197 31       		.byte	49
 436 0198 0C       		.byte	12
 437 0199 4A       		.byte	74
 438 019a 0D       		.byte	13
 439 019b 60       		.byte	96
 440 019c 10       		.byte	16
 441 019d 18       		.byte	24
 442 019e 11       		.byte	17
 443 019f 08       		.byte	8
 444 01a0 12       		.byte	18
 445 01a1 60       		.byte	96
 446 01a2 14       		.byte	20
 447 01a3 02       		.byte	2
 448 01a4 15       		.byte	21
 449 01a5 02       		.byte	2
 450 01a6 16       		.byte	22
 451 01a7 48       		.byte	72
 452 01a8 18       		.byte	24
 453 01a9 02       		.byte	2
 454 01aa 19       		.byte	25
 455 01ab 05       		.byte	5
 456 01ac 1B       		.byte	27
ARM GAS  C:\Users\jaohe\AppData\Local\Temp\cchLegrg.s 			page 9


 457 01ad 10       		.byte	16
 458 01ae 1C       		.byte	28
 459 01af 7C       		.byte	124
 460 01b0 1D       		.byte	29
 461 01b1 08       		.byte	8
 462 01b2 1E       		.byte	30
 463 01b3 03       		.byte	3
 464 01b4 20       		.byte	32
 465 01b5 4A       		.byte	74
 466 01b6 21       		.byte	33
 467 01b7 08       		.byte	8
 468 01b8 28       		.byte	40
 469 01b9 48       		.byte	72
 470 01ba 2A       		.byte	42
 471 01bb 02       		.byte	2
 472 01bc 2B       		.byte	43
 473 01bd 08       		.byte	8
 474 01be 2D       		.byte	45
 475 01bf 08       		.byte	8
 476 01c0 30       		.byte	48
 477 01c1 70       		.byte	112
 478 01c2 32       		.byte	50
 479 01c3 0F       		.byte	15
 480 01c4 35       		.byte	53
 481 01c5 7F       		.byte	127
 482 01c6 37       		.byte	55
 483 01c7 01       		.byte	1
 484 01c8 39       		.byte	57
 485 01c9 20       		.byte	32
 486 01ca 3A       		.byte	58
 487 01cb 0A       		.byte	10
 488 01cc 3F       		.byte	63
 489 01cd 40       		.byte	64
 490 01ce 54       		.byte	84
 491 01cf 09       		.byte	9
 492 01d0 58       		.byte	88
 493 01d1 04       		.byte	4
 494 01d2 59       		.byte	89
 495 01d3 04       		.byte	4
 496 01d4 5B       		.byte	91
 497 01d5 04       		.byte	4
 498 01d6 5F       		.byte	95
 499 01d7 01       		.byte	1
 500 01d8 80       		.byte	-128
 501 01d9 29       		.byte	41
 502 01da 82       		.byte	-126
 503 01db 56       		.byte	86
 504 01dc 84       		.byte	-124
 505 01dd 73       		.byte	115
 506 01de 86       		.byte	-122
 507 01df 0C       		.byte	12
 508 01e0 88       		.byte	-120
 509 01e1 20       		.byte	32
 510 01e2 8A       		.byte	-118
 511 01e3 40       		.byte	64
 512 01e4 8C       		.byte	-116
 513 01e5 02       		.byte	2
ARM GAS  C:\Users\jaohe\AppData\Local\Temp\cchLegrg.s 			page 10


 514 01e6 8E       		.byte	-114
 515 01e7 0D       		.byte	13
 516 01e8 90       		.byte	-112
 517 01e9 60       		.byte	96
 518 01ea 94       		.byte	-108
 519 01eb 40       		.byte	64
 520 01ec 98       		.byte	-104
 521 01ed 15       		.byte	21
 522 01ee 9A       		.byte	-102
 523 01ef 2A       		.byte	42
 524 01f0 9C       		.byte	-100
 525 01f1 20       		.byte	32
 526 01f2 A0       		.byte	-96
 527 01f3 60       		.byte	96
 528 01f4 A8       		.byte	-88
 529 01f5 40       		.byte	64
 530 01f6 AA       		.byte	-86
 531 01f7 20       		.byte	32
 532 01f8 AC       		.byte	-84
 533 01f9 20       		.byte	32
 534 01fa AE       		.byte	-82
 535 01fb 40       		.byte	64
 536 01fc B0       		.byte	-80
 537 01fd 0F       		.byte	15
 538 01fe B4       		.byte	-76
 539 01ff 70       		.byte	112
 540 0200 BA       		.byte	-70
 541 0201 02       		.byte	2
 542 0202 D6       		.byte	-42
 543 0203 02       		.byte	2
 544 0204 D7       		.byte	-41
 545 0205 2C       		.byte	44
 546 0206 D8       		.byte	-40
 547 0207 04       		.byte	4
 548 0208 DB       		.byte	-37
 549 0209 04       		.byte	4
 550 020a DF       		.byte	-33
 551 020b 01       		.byte	1
 552 020c 00       		.byte	0
 553 020d 66       		.byte	102
 554 020e 05       		.byte	5
 555 020f 24       		.byte	36
 556 0210 06       		.byte	6
 557 0211 82       		.byte	-126
 558 0212 08       		.byte	8
 559 0213 82       		.byte	-126
 560 0214 09       		.byte	9
 561 0215 04       		.byte	4
 562 0216 0B       		.byte	11
 563 0217 1A       		.byte	26
 564 0218 0D       		.byte	13
 565 0219 82       		.byte	-126
 566 021a 0E       		.byte	14
 567 021b 10       		.byte	16
 568 021c 0F       		.byte	15
 569 021d 08       		.byte	8
 570 021e 10       		.byte	16
ARM GAS  C:\Users\jaohe\AppData\Local\Temp\cchLegrg.s 			page 11


 571 021f 0A       		.byte	10
 572 0220 11       		.byte	17
 573 0221 01       		.byte	1
 574 0222 15       		.byte	21
 575 0223 02       		.byte	2
 576 0224 17       		.byte	23
 577 0225 10       		.byte	16
 578 0226 18       		.byte	24
 579 0227 44       		.byte	68
 580 0228 19       		.byte	25
 581 0229 20       		.byte	32
 582 022a 1B       		.byte	27
 583 022b 10       		.byte	16
 584 022c 1D       		.byte	29
 585 022d 0E       		.byte	14
 586 022e 1E       		.byte	30
 587 022f 20       		.byte	32
 588 0230 1F       		.byte	31
 589 0231 05       		.byte	5
 590 0232 26       		.byte	38
 591 0233 40       		.byte	64
 592 0234 27       		.byte	39
 593 0235 04       		.byte	4
 594 0236 2D       		.byte	45
 595 0237 01       		.byte	1
 596 0238 2E       		.byte	46
 597 0239 50       		.byte	80
 598 023a 34       		.byte	52
 599 023b 82       		.byte	-126
 600 023c 36       		.byte	54
 601 023d 10       		.byte	16
 602 023e 37       		.byte	55
 603 023f 04       		.byte	4
 604 0240 3C       		.byte	60
 605 0241 02       		.byte	2
 606 0242 3D       		.byte	61
 607 0243 80       		.byte	-128
 608 0244 3E       		.byte	62
 609 0245 04       		.byte	4
 610 0246 3F       		.byte	63
 611 0247 20       		.byte	32
 612 0248 40       		.byte	64
 613 0249 02       		.byte	2
 614 024a 42       		.byte	66
 615 024b C2       		.byte	-62
 616 024c 5D       		.byte	93
 617 024d 08       		.byte	8
 618 024e 5E       		.byte	94
 619 024f 82       		.byte	-126
 620 0250 5F       		.byte	95
 621 0251 10       		.byte	16
 622 0252 60       		.byte	96
 623 0253 40       		.byte	64
 624 0254 66       		.byte	102
 625 0255 40       		.byte	64
 626 0256 68       		.byte	104
 627 0257 1A       		.byte	26
ARM GAS  C:\Users\jaohe\AppData\Local\Temp\cchLegrg.s 			page 12


 628 0258 69       		.byte	105
 629 0259 03       		.byte	3
 630 025a 6A       		.byte	106
 631 025b 54       		.byte	84
 632 025c 6B       		.byte	107
 633 025d 10       		.byte	16
 634 025e 72       		.byte	114
 635 025f 02       		.byte	2
 636 0260 8F       		.byte	-113
 637 0261 04       		.byte	4
 638 0262 95       		.byte	-107
 639 0263 02       		.byte	2
 640 0264 96       		.byte	-106
 641 0265 54       		.byte	84
 642 0266 99       		.byte	-103
 643 0267 08       		.byte	8
 644 0268 9A       		.byte	-102
 645 0269 40       		.byte	64
 646 026a 9E       		.byte	-98
 647 026b 02       		.byte	2
 648 026c A0       		.byte	-96
 649 026d 01       		.byte	1
 650 026e A1       		.byte	-95
 651 026f C4       		.byte	-60
 652 0270 A2       		.byte	-94
 653 0271 01       		.byte	1
 654 0272 A3       		.byte	-93
 655 0273 04       		.byte	4
 656 0274 A5       		.byte	-91
 657 0275 08       		.byte	8
 658 0276 A7       		.byte	-89
 659 0277 10       		.byte	16
 660 0278 AF       		.byte	-81
 661 0279 20       		.byte	32
 662 027a C0       		.byte	-64
 663 027b FF       		.byte	-1
 664 027c C2       		.byte	-62
 665 027d FF       		.byte	-1
 666 027e C4       		.byte	-60
 667 027f 5B       		.byte	91
 668 0280 CA       		.byte	-54
 669 0281 B0       		.byte	-80
 670 0282 CC       		.byte	-52
 671 0283 F0       		.byte	-16
 672 0284 CE       		.byte	-50
 673 0285 F0       		.byte	-16
 674 0286 D6       		.byte	-42
 675 0287 F0       		.byte	-16
 676 0288 D8       		.byte	-40
 677 0289 11       		.byte	17
 678 028a E6       		.byte	-26
 679 028b 10       		.byte	16
 680 028c EE       		.byte	-18
 681 028d 08       		.byte	8
 682 028e EE       		.byte	-18
 683 028f 08       		.byte	8
 684 0290 E2       		.byte	-30
ARM GAS  C:\Users\jaohe\AppData\Local\Temp\cchLegrg.s 			page 13


 685 0291 10       		.byte	16
 686 0292 EA       		.byte	-22
 687 0293 02       		.byte	2
 688 0294 39       		.byte	57
 689 0295 20       		.byte	32
 690 0296 3F       		.byte	63
 691 0297 10       		.byte	16
 692 0298 59       		.byte	89
 693 0299 04       		.byte	4
 694 029a 5F       		.byte	95
 695 029b 01       		.byte	1
 696 029c 26       		.byte	38
 697 029d 20       		.byte	32
 698 029e 8E       		.byte	-114
 699 029f 20       		.byte	32
 700 02a0 E2       		.byte	-30
 701 02a1 10       		.byte	16
 702 02a2 EA       		.byte	-22
 703 02a3 02       		.byte	2
 704 02a4 07       		.byte	7
 705 02a5 80       		.byte	-128
 706 02a6 33       		.byte	51
 707 02a7 20       		.byte	32
 708 02a8 52       		.byte	82
 709 02a9 40       		.byte	64
 710 02aa 57       		.byte	87
 711 02ab 01       		.byte	1
 712 02ac 59       		.byte	89
 713 02ad 04       		.byte	4
 714 02ae 5F       		.byte	95
 715 02af 01       		.byte	1
 716 02b0 62       		.byte	98
 717 02b1 40       		.byte	64
 718 02b2 66       		.byte	102
 719 02b3 08       		.byte	8
 720 02b4 82       		.byte	-126
 721 02b5 08       		.byte	8
 722 02b6 8B       		.byte	-117
 723 02b7 01       		.byte	1
 724 02b8 C0       		.byte	-64
 725 02b9 20       		.byte	32
 726 02ba CC       		.byte	-52
 727 02bb 10       		.byte	16
 728 02bc D4       		.byte	-44
 729 02bd 20       		.byte	32
 730 02be D6       		.byte	-42
 731 02bf E0       		.byte	-32
 732 02c0 D8       		.byte	-40
 733 02c1 80       		.byte	-128
 734 02c2 E6       		.byte	-26
 735 02c3 80       		.byte	-128
 736 02c4 8F       		.byte	-113
 737 02c5 01       		.byte	1
 738 02c6 97       		.byte	-105
 739 02c7 01       		.byte	1
 740 02c8 9D       		.byte	-99
 741 02c9 04       		.byte	4
ARM GAS  C:\Users\jaohe\AppData\Local\Temp\cchLegrg.s 			page 14


 742 02ca AF       		.byte	-81
 743 02cb A0       		.byte	-96
 744 02cc E8       		.byte	-24
 745 02cd 40       		.byte	64
 746 02ce EE       		.byte	-18
 747 02cf 10       		.byte	16
 748 02d0 3C       		.byte	60
 749 02d1 80       		.byte	-128
 750 02d2 9D       		.byte	-99
 751 02d3 04       		.byte	4
 752 02d4 CE       		.byte	-50
 753 02d5 20       		.byte	32
 754 02d6 9D       		.byte	-99
 755 02d7 04       		.byte	4
 756 02d8 A4       		.byte	-92
 757 02d9 40       		.byte	64
 758 02da 03       		.byte	3
 759 02db 80       		.byte	-128
 760 02dc 10       		.byte	16
 761 02dd 10       		.byte	16
 762 02de 14       		.byte	20
 763 02df 20       		.byte	32
 764 02e0 C0       		.byte	-64
 765 02e1 08       		.byte	8
 766 02e2 C4       		.byte	-60
 767 02e3 0C       		.byte	12
 768 02e4 98       		.byte	-104
 769 02e5 30       		.byte	48
 770 02e6 AF       		.byte	-81
 771 02e7 80       		.byte	-128
 772 02e8 98       		.byte	-104
 773 02e9 30       		.byte	48
 774 02ea 98       		.byte	-104
 775 02eb 30       		.byte	48
 776 02ec 8D       		.byte	-115
 777 02ed 04       		.byte	4
 778 02ee 9D       		.byte	-99
 779 02ef 04       		.byte	4
 780 02f0 AC       		.byte	-84
 781 02f1 40       		.byte	64
 782 02f2 EA       		.byte	-22
 783 02f3 40       		.byte	64
 784 02f4 10       		.byte	16
 785 02f5 40       		.byte	64
 786 02f6 13       		.byte	19
 787 02f7 80       		.byte	-128
 788 02f8 14       		.byte	20
 789 02f9 80       		.byte	-128
 790 02fa 78       		.byte	120
 791 02fb 10       		.byte	16
 792 02fc 7C       		.byte	124
 793 02fd 20       		.byte	32
 794 02fe 98       		.byte	-104
 795 02ff 30       		.byte	48
 796 0300 9F       		.byte	-97
 797 0301 80       		.byte	-128
 798 0302 AF       		.byte	-81
ARM GAS  C:\Users\jaohe\AppData\Local\Temp\cchLegrg.s 			page 15


 799 0303 80       		.byte	-128
 800 0304 C4       		.byte	-60
 801 0305 0E       		.byte	14
 802 0306 DE       		.byte	-34
 803 0307 03       		.byte	3
 804 0308 78       		.byte	120
 805 0309 40       		.byte	64
 806 030a 7C       		.byte	124
 807 030b 80       		.byte	-128
 808 030c 98       		.byte	-104
 809 030d C0       		.byte	-64
 810 030e DC       		.byte	-36
 811 030f 01       		.byte	1
 812 0310 DE       		.byte	-34
 813 0311 04       		.byte	4
 814 0312 00       		.byte	0
 815 0313 01       		.byte	1
 816 0314 08       		.byte	8
 817 0315 01       		.byte	1
 818 0316 00       		.byte	0
 819 0317 03       		.byte	3
 820 0318 03       		.byte	3
 821 0319 C0       		.byte	-64
 822 031a 00       		.byte	0
 823 031b 00       		.byte	0
 824 031c 20       		.byte	32
 825 031d 30       		.byte	48
 826 031e 00       		.byte	0
 827 031f 00       		.byte	0
 828 0320 30       		.byte	48
 829 0321 00       		.byte	0
 830 0322 00       		.byte	0
 831 0323 00       		.byte	0
 832 0324 30       		.byte	48
 833 0325 00       		.byte	0
 834 0326 00       		.byte	0
 835 0327 30       		.byte	48
 836 0328 00       		.byte	0
 837 0329 00       		.byte	0
 838 032a 30       		.byte	48
 839 032b 00       		.byte	0
 840 032c 00       		.byte	0
 841 032d 00       		.byte	0
 842 032e 00       		.byte	0
 843 032f 00       		.byte	0
 844 0330 20       		.byte	32
 845 0331 00       		.byte	0
 846 0332 00       		.byte	0
 847 0333 20       		.byte	32
 848 0334 00       		.byte	0
 849 0335 00       		.byte	0
 850 0336 00       		.byte	0
 851 0337 00       		.byte	0
 852 0338 00       		.byte	0
 853 0339 00       		.byte	0
 854 033a 00       		.byte	0
 855 033b 00       		.byte	0
ARM GAS  C:\Users\jaohe\AppData\Local\Temp\cchLegrg.s 			page 16


 856 033c 00       		.byte	0
 857 033d 7F       		.byte	127
 858 033e 7F       		.byte	127
 859 033f 00       		.byte	0
 860 0340 00       		.byte	0
 861 0341 00       		.byte	0
 862 0342 00       		.byte	0
 863 0343 00       		.byte	0
 864 0344 02       		.byte	2
 865 0345 FC       		.byte	-4
 866 0346 FC       		.byte	-4
 867 0347 00       		.byte	0
 868 0348 DC       		.byte	-36
 869 0349 00       		.byte	0
 870 034a 00       		.byte	0
 871 034b 00       		.byte	0
 872 034c 03       		.byte	3
 873 034d 00       		.byte	0
 874 034e 00       		.byte	0
 875 034f 03       		.byte	3
 876 0350 00       		.byte	0
 877 0351 00       		.byte	0
 878 0352 00       		.byte	0
 879 0353 00       		.byte	0
 880 0354 00       		.byte	0
 881 0355 00       		.byte	0
 882 0356 00       		.byte	0
 883 0357 00       		.byte	0
 884              		.section	.cywolatch,"a",%progbits
 885              		.align	2
 886              		.type	cy_meta_wonvl, %object
 887              		.size	cy_meta_wonvl, 4
 888              	cy_meta_wonvl:
 889 0000 BC       		.byte	-68
 890 0001 90       		.byte	-112
 891 0002 AC       		.byte	-84
 892 0003 AF       		.byte	-81
 893              		.section	.cycustnvl,"a",%progbits
 894              		.align	2
 895              		.type	cy_meta_custnvl, %object
 896              		.size	cy_meta_custnvl, 4
 897              	cy_meta_custnvl:
 898 0000 00       		.byte	0
 899 0001 00       		.byte	0
 900 0002 40       		.byte	64
 901 0003 05       		.byte	5
 902              		.section	.cymeta,"a",%progbits
 903              		.align	2
 904              		.type	cy_metadata, %object
 905              		.size	cy_metadata, 12
 906              	cy_metadata:
 907 0000 00       		.byte	0
 908 0001 01       		.byte	1
 909 0002 2E       		.byte	46
 910 0003 12       		.byte	18
 911 0004 30       		.byte	48
 912 0005 69       		.byte	105
ARM GAS  C:\Users\jaohe\AppData\Local\Temp\cchLegrg.s 			page 17


 913 0006 00       		.byte	0
 914 0007 01       		.byte	1
 915 0008 00       		.byte	0
 916 0009 00       		.byte	0
 917 000a 00       		.byte	0
 918 000b 00       		.byte	0
 919              		.section	.cyflashprotect,"a",%progbits
 920              		.align	2
 921              		.type	cy_meta_flashprotect, %object
 922              		.size	cy_meta_flashprotect, 256
 923              	cy_meta_flashprotect:
 924 0000 00000000 		.space	256
 924      00000000 
 924      00000000 
 924      00000000 
 924      00000000 
 925              		.text
 926              	.Letext0:
 927              		.file 1 ".\\Generated_Source\\PSoC5\\cymetadata.c"
 928              		.file 2 ".\\Generated_Source\\PSoC5\\cytypes.h"
 929              		.section	.debug_info,"",%progbits
 930              	.Ldebug_info0:
 931 0000 36010000 		.4byte	0x136
 932 0004 0400     		.2byte	0x4
 933 0006 00000000 		.4byte	.Ldebug_abbrev0
 934 000a 04       		.byte	0x4
 935 000b 01       		.uleb128 0x1
 936 000c 94000000 		.4byte	.LASF18
 937 0010 01       		.byte	0x1
 938 0011 00000000 		.4byte	.LASF19
 939 0015 AA010000 		.4byte	.LASF20
 940 0019 00000000 		.4byte	.Ldebug_line0
 941 001d 02       		.uleb128 0x2
 942 001e 01       		.byte	0x1
 943 001f 06       		.byte	0x6
 944 0020 9E010000 		.4byte	.LASF0
 945 0024 02       		.uleb128 0x2
 946 0025 01       		.byte	0x1
 947 0026 08       		.byte	0x8
 948 0027 38000000 		.4byte	.LASF1
 949 002b 02       		.uleb128 0x2
 950 002c 02       		.byte	0x2
 951 002d 05       		.byte	0x5
 952 002e 85010000 		.4byte	.LASF2
 953 0032 02       		.uleb128 0x2
 954 0033 02       		.byte	0x2
 955 0034 07       		.byte	0x7
 956 0035 58000000 		.4byte	.LASF3
 957 0039 02       		.uleb128 0x2
 958 003a 04       		.byte	0x4
 959 003b 05       		.byte	0x5
 960 003c 95010000 		.4byte	.LASF4
 961 0040 02       		.uleb128 0x2
 962 0041 04       		.byte	0x4
 963 0042 07       		.byte	0x7
 964 0043 46000000 		.4byte	.LASF5
 965 0047 02       		.uleb128 0x2
ARM GAS  C:\Users\jaohe\AppData\Local\Temp\cchLegrg.s 			page 18


 966 0048 08       		.byte	0x8
 967 0049 05       		.byte	0x5
 968 004a 72010000 		.4byte	.LASF6
 969 004e 02       		.uleb128 0x2
 970 004f 08       		.byte	0x8
 971 0050 07       		.byte	0x7
 972 0051 2F010000 		.4byte	.LASF7
 973 0055 03       		.uleb128 0x3
 974 0056 04       		.byte	0x4
 975 0057 05       		.byte	0x5
 976 0058 696E7400 		.ascii	"int\000"
 977 005c 02       		.uleb128 0x2
 978 005d 04       		.byte	0x4
 979 005e 07       		.byte	0x7
 980 005f 22010000 		.4byte	.LASF8
 981 0063 04       		.uleb128 0x4
 982 0064 8F010000 		.4byte	.LASF21
 983 0068 02       		.byte	0x2
 984 0069 C2       		.byte	0xc2
 985 006a 24000000 		.4byte	0x24
 986 006e 02       		.uleb128 0x2
 987 006f 04       		.byte	0x4
 988 0070 04       		.byte	0x4
 989 0071 32000000 		.4byte	.LASF9
 990 0075 02       		.uleb128 0x2
 991 0076 08       		.byte	0x8
 992 0077 04       		.byte	0x4
 993 0078 6B000000 		.4byte	.LASF10
 994 007c 02       		.uleb128 0x2
 995 007d 01       		.byte	0x1
 996 007e 08       		.byte	0x8
 997 007f 80010000 		.4byte	.LASF11
 998 0083 05       		.uleb128 0x5
 999 0084 63000000 		.4byte	0x63
 1000 0088 94000000 		.4byte	0x94
 1001 008c 06       		.uleb128 0x6
 1002 008d 94000000 		.4byte	0x94
 1003 0091 5703     		.2byte	0x357
 1004 0093 00       		.byte	0
 1005 0094 02       		.uleb128 0x2
 1006 0095 04       		.byte	0x4
 1007 0096 07       		.byte	0x7
 1008 0097 69010000 		.4byte	.LASF12
 1009 009b 07       		.uleb128 0x7
 1010 009c 82000000 		.4byte	.LASF13
 1011 00a0 01       		.byte	0x1
 1012 00a1 1F       		.byte	0x1f
 1013 00a2 AC000000 		.4byte	0xac
 1014 00a6 05       		.uleb128 0x5
 1015 00a7 03       		.byte	0x3
 1016 00a8 00000000 		.4byte	cy_meta_configecc
 1017 00ac 08       		.uleb128 0x8
 1018 00ad 83000000 		.4byte	0x83
 1019 00b1 05       		.uleb128 0x5
 1020 00b2 63000000 		.4byte	0x63
 1021 00b6 C1000000 		.4byte	0xc1
 1022 00ba 09       		.uleb128 0x9
ARM GAS  C:\Users\jaohe\AppData\Local\Temp\cchLegrg.s 			page 19


 1023 00bb 94000000 		.4byte	0x94
 1024 00bf 03       		.byte	0x3
 1025 00c0 00       		.byte	0
 1026 00c1 07       		.uleb128 0x7
 1027 00c2 72000000 		.4byte	.LASF14
 1028 00c6 01       		.byte	0x1
 1029 00c7 97       		.byte	0x97
 1030 00c8 D2000000 		.4byte	0xd2
 1031 00cc 05       		.uleb128 0x5
 1032 00cd 03       		.byte	0x3
 1033 00ce 00000000 		.4byte	cy_meta_custnvl
 1034 00d2 08       		.uleb128 0x8
 1035 00d3 B1000000 		.4byte	0xb1
 1036 00d7 07       		.uleb128 0x7
 1037 00d8 5B010000 		.4byte	.LASF15
 1038 00dc 01       		.byte	0x1
 1039 00dd A5       		.byte	0xa5
 1040 00de E8000000 		.4byte	0xe8
 1041 00e2 05       		.uleb128 0x5
 1042 00e3 03       		.byte	0x3
 1043 00e4 00000000 		.4byte	cy_meta_wonvl
 1044 00e8 08       		.uleb128 0x8
 1045 00e9 B1000000 		.4byte	0xb1
 1046 00ed 05       		.uleb128 0x5
 1047 00ee 63000000 		.4byte	0x63
 1048 00f2 FD000000 		.4byte	0xfd
 1049 00f6 09       		.uleb128 0x9
 1050 00f7 94000000 		.4byte	0x94
 1051 00fb FF       		.byte	0xff
 1052 00fc 00       		.byte	0
 1053 00fd 07       		.uleb128 0x7
 1054 00fe 46010000 		.4byte	.LASF16
 1055 0102 01       		.byte	0x1
 1056 0103 B3       		.byte	0xb3
 1057 0104 0E010000 		.4byte	0x10e
 1058 0108 05       		.uleb128 0x5
 1059 0109 03       		.byte	0x3
 1060 010a 00000000 		.4byte	cy_meta_flashprotect
 1061 010e 08       		.uleb128 0x8
 1062 010f ED000000 		.4byte	0xed
 1063 0113 05       		.uleb128 0x5
 1064 0114 63000000 		.4byte	0x63
 1065 0118 23010000 		.4byte	0x123
 1066 011c 09       		.uleb128 0x9
 1067 011d 94000000 		.4byte	0x94
 1068 0121 0B       		.byte	0xb
 1069 0122 00       		.byte	0
 1070 0123 07       		.uleb128 0x7
 1071 0124 26000000 		.4byte	.LASF17
 1072 0128 01       		.byte	0x1
 1073 0129 E0       		.byte	0xe0
 1074 012a 34010000 		.4byte	0x134
 1075 012e 05       		.uleb128 0x5
 1076 012f 03       		.byte	0x3
 1077 0130 00000000 		.4byte	cy_metadata
 1078 0134 08       		.uleb128 0x8
 1079 0135 13010000 		.4byte	0x113
ARM GAS  C:\Users\jaohe\AppData\Local\Temp\cchLegrg.s 			page 20


 1080 0139 00       		.byte	0
 1081              		.section	.debug_abbrev,"",%progbits
 1082              	.Ldebug_abbrev0:
 1083 0000 01       		.uleb128 0x1
 1084 0001 11       		.uleb128 0x11
 1085 0002 01       		.byte	0x1
 1086 0003 25       		.uleb128 0x25
 1087 0004 0E       		.uleb128 0xe
 1088 0005 13       		.uleb128 0x13
 1089 0006 0B       		.uleb128 0xb
 1090 0007 03       		.uleb128 0x3
 1091 0008 0E       		.uleb128 0xe
 1092 0009 1B       		.uleb128 0x1b
 1093 000a 0E       		.uleb128 0xe
 1094 000b 10       		.uleb128 0x10
 1095 000c 17       		.uleb128 0x17
 1096 000d 00       		.byte	0
 1097 000e 00       		.byte	0
 1098 000f 02       		.uleb128 0x2
 1099 0010 24       		.uleb128 0x24
 1100 0011 00       		.byte	0
 1101 0012 0B       		.uleb128 0xb
 1102 0013 0B       		.uleb128 0xb
 1103 0014 3E       		.uleb128 0x3e
 1104 0015 0B       		.uleb128 0xb
 1105 0016 03       		.uleb128 0x3
 1106 0017 0E       		.uleb128 0xe
 1107 0018 00       		.byte	0
 1108 0019 00       		.byte	0
 1109 001a 03       		.uleb128 0x3
 1110 001b 24       		.uleb128 0x24
 1111 001c 00       		.byte	0
 1112 001d 0B       		.uleb128 0xb
 1113 001e 0B       		.uleb128 0xb
 1114 001f 3E       		.uleb128 0x3e
 1115 0020 0B       		.uleb128 0xb
 1116 0021 03       		.uleb128 0x3
 1117 0022 08       		.uleb128 0x8
 1118 0023 00       		.byte	0
 1119 0024 00       		.byte	0
 1120 0025 04       		.uleb128 0x4
 1121 0026 16       		.uleb128 0x16
 1122 0027 00       		.byte	0
 1123 0028 03       		.uleb128 0x3
 1124 0029 0E       		.uleb128 0xe
 1125 002a 3A       		.uleb128 0x3a
 1126 002b 0B       		.uleb128 0xb
 1127 002c 3B       		.uleb128 0x3b
 1128 002d 0B       		.uleb128 0xb
 1129 002e 49       		.uleb128 0x49
 1130 002f 13       		.uleb128 0x13
 1131 0030 00       		.byte	0
 1132 0031 00       		.byte	0
 1133 0032 05       		.uleb128 0x5
 1134 0033 01       		.uleb128 0x1
 1135 0034 01       		.byte	0x1
 1136 0035 49       		.uleb128 0x49
ARM GAS  C:\Users\jaohe\AppData\Local\Temp\cchLegrg.s 			page 21


 1137 0036 13       		.uleb128 0x13
 1138 0037 01       		.uleb128 0x1
 1139 0038 13       		.uleb128 0x13
 1140 0039 00       		.byte	0
 1141 003a 00       		.byte	0
 1142 003b 06       		.uleb128 0x6
 1143 003c 21       		.uleb128 0x21
 1144 003d 00       		.byte	0
 1145 003e 49       		.uleb128 0x49
 1146 003f 13       		.uleb128 0x13
 1147 0040 2F       		.uleb128 0x2f
 1148 0041 05       		.uleb128 0x5
 1149 0042 00       		.byte	0
 1150 0043 00       		.byte	0
 1151 0044 07       		.uleb128 0x7
 1152 0045 34       		.uleb128 0x34
 1153 0046 00       		.byte	0
 1154 0047 03       		.uleb128 0x3
 1155 0048 0E       		.uleb128 0xe
 1156 0049 3A       		.uleb128 0x3a
 1157 004a 0B       		.uleb128 0xb
 1158 004b 3B       		.uleb128 0x3b
 1159 004c 0B       		.uleb128 0xb
 1160 004d 49       		.uleb128 0x49
 1161 004e 13       		.uleb128 0x13
 1162 004f 3F       		.uleb128 0x3f
 1163 0050 19       		.uleb128 0x19
 1164 0051 02       		.uleb128 0x2
 1165 0052 18       		.uleb128 0x18
 1166 0053 00       		.byte	0
 1167 0054 00       		.byte	0
 1168 0055 08       		.uleb128 0x8
 1169 0056 26       		.uleb128 0x26
 1170 0057 00       		.byte	0
 1171 0058 49       		.uleb128 0x49
 1172 0059 13       		.uleb128 0x13
 1173 005a 00       		.byte	0
 1174 005b 00       		.byte	0
 1175 005c 09       		.uleb128 0x9
 1176 005d 21       		.uleb128 0x21
 1177 005e 00       		.byte	0
 1178 005f 49       		.uleb128 0x49
 1179 0060 13       		.uleb128 0x13
 1180 0061 2F       		.uleb128 0x2f
 1181 0062 0B       		.uleb128 0xb
 1182 0063 00       		.byte	0
 1183 0064 00       		.byte	0
 1184 0065 00       		.byte	0
 1185              		.section	.debug_aranges,"",%progbits
 1186 0000 14000000 		.4byte	0x14
 1187 0004 0200     		.2byte	0x2
 1188 0006 00000000 		.4byte	.Ldebug_info0
 1189 000a 04       		.byte	0x4
 1190 000b 00       		.byte	0
 1191 000c 0000     		.2byte	0
 1192 000e 0000     		.2byte	0
 1193 0010 00000000 		.4byte	0
ARM GAS  C:\Users\jaohe\AppData\Local\Temp\cchLegrg.s 			page 22


 1194 0014 00000000 		.4byte	0
 1195              		.section	.debug_line,"",%progbits
 1196              	.Ldebug_line0:
 1197 0000 4F000000 		.section	.debug_str,"MS",%progbits,1
 1197      02004900 
 1197      00000201 
 1197      FB0E0D00 
 1197      01010101 
 1198              	.LASF19:
 1199 0000 2E5C4765 		.ascii	".\\Generated_Source\\PSoC5\\cymetadata.c\000"
 1199      6E657261 
 1199      7465645F 
 1199      536F7572 
 1199      63655C50 
 1200              	.LASF17:
 1201 0026 63795F6D 		.ascii	"cy_metadata\000"
 1201      65746164 
 1201      61746100 
 1202              	.LASF9:
 1203 0032 666C6F61 		.ascii	"float\000"
 1203      7400
 1204              	.LASF1:
 1205 0038 756E7369 		.ascii	"unsigned char\000"
 1205      676E6564 
 1205      20636861 
 1205      7200
 1206              	.LASF5:
 1207 0046 6C6F6E67 		.ascii	"long unsigned int\000"
 1207      20756E73 
 1207      69676E65 
 1207      6420696E 
 1207      7400
 1208              	.LASF3:
 1209 0058 73686F72 		.ascii	"short unsigned int\000"
 1209      7420756E 
 1209      7369676E 
 1209      65642069 
 1209      6E7400
 1210              	.LASF10:
 1211 006b 646F7562 		.ascii	"double\000"
 1211      6C6500
 1212              	.LASF14:
 1213 0072 63795F6D 		.ascii	"cy_meta_custnvl\000"
 1213      6574615F 
 1213      63757374 
 1213      6E766C00 
 1214              	.LASF13:
 1215 0082 63795F6D 		.ascii	"cy_meta_configecc\000"
 1215      6574615F 
 1215      636F6E66 
 1215      69676563 
 1215      6300
 1216              	.LASF18:
 1217 0094 474E5520 		.ascii	"GNU C 4.9.3 20150303 (release) [ARM/embedded-4_9-br"
 1217      4320342E 
 1217      392E3320 
 1217      32303135 
ARM GAS  C:\Users\jaohe\AppData\Local\Temp\cchLegrg.s 			page 23


 1217      30333033 
 1218 00c7 616E6368 		.ascii	"anch revision 221220] -mcpu=cortex-m3 -mthumb -g -O"
 1218      20726576 
 1218      6973696F 
 1218      6E203232 
 1218      31323230 
 1219 00fa 67202D66 		.ascii	"g -ffunction-sections -ffat-lto-objects\000"
 1219      66756E63 
 1219      74696F6E 
 1219      2D736563 
 1219      74696F6E 
 1220              	.LASF8:
 1221 0122 756E7369 		.ascii	"unsigned int\000"
 1221      676E6564 
 1221      20696E74 
 1221      00
 1222              	.LASF7:
 1223 012f 6C6F6E67 		.ascii	"long long unsigned int\000"
 1223      206C6F6E 
 1223      6720756E 
 1223      7369676E 
 1223      65642069 
 1224              	.LASF16:
 1225 0146 63795F6D 		.ascii	"cy_meta_flashprotect\000"
 1225      6574615F 
 1225      666C6173 
 1225      6870726F 
 1225      74656374 
 1226              	.LASF15:
 1227 015b 63795F6D 		.ascii	"cy_meta_wonvl\000"
 1227      6574615F 
 1227      776F6E76 
 1227      6C00
 1228              	.LASF12:
 1229 0169 73697A65 		.ascii	"sizetype\000"
 1229      74797065 
 1229      00
 1230              	.LASF6:
 1231 0172 6C6F6E67 		.ascii	"long long int\000"
 1231      206C6F6E 
 1231      6720696E 
 1231      7400
 1232              	.LASF11:
 1233 0180 63686172 		.ascii	"char\000"
 1233      00
 1234              	.LASF2:
 1235 0185 73686F72 		.ascii	"short int\000"
 1235      7420696E 
 1235      7400
 1236              	.LASF21:
 1237 018f 75696E74 		.ascii	"uint8\000"
 1237      3800
 1238              	.LASF4:
 1239 0195 6C6F6E67 		.ascii	"long int\000"
 1239      20696E74 
 1239      00
 1240              	.LASF0:
ARM GAS  C:\Users\jaohe\AppData\Local\Temp\cchLegrg.s 			page 24


 1241 019e 7369676E 		.ascii	"signed char\000"
 1241      65642063 
 1241      68617200 
 1242              	.LASF20:
 1243 01aa 433A5C55 		.ascii	"C:\\Users\\jaohe\\EghosaOneDrive\\OneDrive\\Documen"
 1243      73657273 
 1243      5C6A616F 
 1243      68655C45 
 1243      67686F73 
 1244 01d8 74735C53 		.ascii	"ts\\Spring 2025\\6.115\\final_project\\TFT_Tutorial"
 1244      7072696E 
 1244      67203230 
 1244      32355C36 
 1244      2E313135 
 1245 0207 5F323032 		.ascii	"_2022\\TFT_Tutorial_2022\\TFT_with_emWin\\TFT_with_"
 1245      325C5446 
 1245      545F5475 
 1245      746F7269 
 1245      616C5F32 
 1246 0237 656D5769 		.ascii	"emWin.cydsn\000"
 1246      6E2E6379 
 1246      64736E00 
 1247              		.ident	"GCC: (GNU Tools for ARM Embedded Processors) 4.9.3 20150303 (release) [ARM/embedded-4_9-br
