ARM GAS  C:\Users\jaohe\AppData\Local\Temp\cc6boh2Y.s 			page 1


   1              		.syntax unified
   2              		.cpu cortex-m3
   3              		.fpu softvfp
   4              		.eabi_attribute 20, 1
   5              		.eabi_attribute 21, 1
   6              		.eabi_attribute 23, 3
   7              		.eabi_attribute 24, 1
   8              		.eabi_attribute 25, 1
   9              		.eabi_attribute 26, 1
  10              		.eabi_attribute 30, 1
  11              		.eabi_attribute 34, 1
  12              		.eabi_attribute 18, 4
  13              		.thumb
  14              		.file	"main.c"
  15              		.text
  16              	.Ltext0:
  17              		.cfi_sections	.debug_frame
  18              		.section	.text.MainTask,"ax",%progbits
  19              		.align	2
  20              		.global	MainTask
  21              		.thumb
  22              		.thumb_func
  23              		.type	MainTask, %function
  24              	MainTask:
  25              	.LFB64:
  26              		.file 1 ".\\main.c"
   1:.\main.c      **** /* ========================================
   2:.\main.c      ****  *
   3:.\main.c      ****  * Copyright YOUR COMPANY, THE YEAR
   4:.\main.c      ****  * All Rights Reserved
   5:.\main.c      ****  * UNPUBLISHED, LICENSED SOFTWARE.
   6:.\main.c      ****  *
   7:.\main.c      ****  * CONFIDENTIAL AND PROPRIETARY INFORMATION
   8:.\main.c      ****  * WHICH IS THE PROPERTY OF your company.
   9:.\main.c      ****  *
  10:.\main.c      ****  * ========================================
  11:.\main.c      **** */
  12:.\main.c      **** /*********************************************************************
  13:.\main.c      **** *                SEGGER Microcontroller GmbH & Co. KG                *
  14:.\main.c      **** *        Solutions for real time microcontroller applications        *
  15:.\main.c      **** **********************************************************************
  16:.\main.c      **** *                                                                    *
  17:.\main.c      **** *        (c) 1996 - 2017  SEGGER Microcontroller GmbH & Co. KG       *
  18:.\main.c      **** *                                                                    *
  19:.\main.c      **** *        Internet: www.segger.com    Support:  support@segger.com    *
  20:.\main.c      **** *                                                                    *
  21:.\main.c      **** **********************************************************************
  22:.\main.c      **** 
  23:.\main.c      **** ** emWin V5.46 - Graphical user interface for embedded applications **
  24:.\main.c      **** All  Intellectual Property rights  in the Software belongs to  SEGGER.
  25:.\main.c      **** emWin is protected by  international copyright laws.  Knowledge of the
  26:.\main.c      **** source code may not be used to write a similar product.  This file may
  27:.\main.c      **** only be used in accordance with the following terms:
  28:.\main.c      **** 
  29:.\main.c      **** The software  has been licensed to  Cypress Semiconductor Corporation,
  30:.\main.c      **** whose registered  office is situated  at 198 Champion Ct. San Jose, CA 
  31:.\main.c      **** 95134 USA  solely for the  purposes of creating  libraries for Cypress
ARM GAS  C:\Users\jaohe\AppData\Local\Temp\cc6boh2Y.s 			page 2


  32:.\main.c      **** PSoC3 and  PSoC5 processor-based devices,  sublicensed and distributed
  33:.\main.c      **** under  the  terms  and  conditions  of  the  Cypress  End User License
  34:.\main.c      **** Agreement.
  35:.\main.c      **** Full source code is available at: www.segger.com
  36:.\main.c      **** 
  37:.\main.c      **** We appreciate your understanding and fairness.
  38:.\main.c      **** ----------------------------------------------------------------------
  39:.\main.c      **** Licensing information
  40:.\main.c      **** Licensor:                 SEGGER Microcontroller Systems LLC
  41:.\main.c      **** Licensed to:              Cypress Semiconductor Corp, 198 Champion Ct., San Jose, CA 95134, USA
  42:.\main.c      **** Licensed SEGGER software: emWin
  43:.\main.c      **** License number:           GUI-00319
  44:.\main.c      **** License model:            Services and License Agreement, signed June 10th, 2009
  45:.\main.c      **** Licensed platform:        Any Cypress platform (Initial targets are: PSoC3, PSoC5)
  46:.\main.c      **** ----------------------------------------------------------------------
  47:.\main.c      **** Support and Update Agreement (SUA)
  48:.\main.c      **** SUA period:               2009-06-12 - 2022-07-27
  49:.\main.c      **** Contact to extend SUA:    sales@segger.com
  50:.\main.c      **** ----------------------------------------------------------------------
  51:.\main.c      **** File        : WIDGET_Window.c
  52:.\main.c      **** Purpose     : Example demonstrating the use of a WINDOW widget
  53:.\main.c      **** Requirements: WindowManager - (x)
  54:.\main.c      ****               MemoryDevices - ( )
  55:.\main.c      ****               AntiAliasing  - ( )
  56:.\main.c      ****               VNC-Server    - ( )
  57:.\main.c      ****               PNG-Library   - ( )
  58:.\main.c      ****               TrueTypeFonts - ( )
  59:.\main.c      **** ----------------------------------------------------------------------
  60:.\main.c      **** */
  61:.\main.c      **** #include "GUI.h"
  62:.\main.c      **** #include "DIALOG.h"
  63:.\main.c      **** #include <project.h>
  64:.\main.c      **** #include "tft.h"
  65:.\main.c      **** #include "screens.h"
  66:.\main.c      **** #include "stdio.h"
  67:.\main.c      **** #include "ds3231.h"
  68:.\main.c      **** 
  69:.\main.c      **** //#include "start.h"
  70:.\main.c      **** 
  71:.\main.c      **** 
  72:.\main.c      **** void MainTask(void);
  73:.\main.c      **** int home(void);
  74:.\main.c      **** void configure_rtc_tick(void);
  75:.\main.c      **** int fsmState;
  76:.\main.c      **** void MainTask(void);
  77:.\main.c      **** 
  78:.\main.c      **** int main()
  79:.\main.c      **** {
  80:.\main.c      ****     CyGlobalIntEnable;                      // Enable global interrupts
  81:.\main.c      ****     SPIM_1_Start();                         // initialize SPIM component 
  82:.\main.c      ****     MainTask();                             // all of the emWin exmples use MainTask() as the entry
  83:.\main.c      ****     for(;;) {
  84:.\main.c      ****         if (FORWARD_BTN_Read() == 0 || BACK_BTN_Read() == 0){
  85:.\main.c      ****             GUI_Clear();
  86:.\main.c      ****             GUI_DispStringHCenterAt("Dialog has been closed", CENTERX, 5);
  87:.\main.c      ****             GUI_Delay(1000);
  88:.\main.c      ****             action_select();
ARM GAS  C:\Users\jaohe\AppData\Local\Temp\cc6boh2Y.s 			page 3


  89:.\main.c      ****         }
  90:.\main.c      ****     }                              // loop
  91:.\main.c      **** }
  92:.\main.c      **** 
  93:.\main.c      **** void MainTask()
  94:.\main.c      **** {
  27              		.loc 1 94 0
  28              		.cfi_startproc
  29              		@ args = 0, pretend = 0, frame = 32
  30              		@ frame_needed = 0, uses_anonymous_args = 0
  31 0000 30B5     		push	{r4, r5, lr}
  32              		.cfi_def_cfa_offset 12
  33              		.cfi_offset 4, -12
  34              		.cfi_offset 5, -8
  35              		.cfi_offset 14, -4
  36 0002 8BB0     		sub	sp, sp, #44
  37              		.cfi_def_cfa_offset 56
  95:.\main.c      ****     GUI_Init();                             // initilize graphics library
  38              		.loc 1 95 0
  39 0004 FFF7FEFF 		bl	GUI_Init
  40              	.LVL0:
  96:.\main.c      ****     GUI_Clear();
  41              		.loc 1 96 0
  42 0008 FFF7FEFF 		bl	GUI_Clear
  43              	.LVL1:
  97:.\main.c      ****     GUI_SetFont(&GUI_Font8x16);
  44              		.loc 1 97 0
  45 000c 1448     		ldr	r0, .L3
  46 000e FFF7FEFF 		bl	GUI_SetFont
  47              	.LVL2:
  98:.\main.c      ****     GUI_DispStringAt("peepee doodoo", 50, 50);
  48              		.loc 1 98 0
  49 0012 1448     		ldr	r0, .L3+4
  50 0014 3221     		movs	r1, #50
  51 0016 0A46     		mov	r2, r1
  52 0018 FFF7FEFF 		bl	GUI_DispStringAt
  53              	.LVL3:
  99:.\main.c      ****     GUI_DispStringHCenterAt("Dialog has been closed", CENTERX, CENTERY);
  54              		.loc 1 99 0
  55 001c 1248     		ldr	r0, .L3+8
  56 001e 7821     		movs	r1, #120
  57 0020 A022     		movs	r2, #160
  58 0022 FFF7FEFF 		bl	GUI_DispStringHCenterAt
  59              	.LVL4:
 100:.\main.c      ****     GUI_SetBkColor(0x1a1932);
  60              		.loc 1 100 0
  61 0026 1148     		ldr	r0, .L3+12
  62 0028 FFF7FEFF 		bl	GUI_SetBkColor
  63              	.LVL5:
 101:.\main.c      ****     GUI_RECT Rect = {CENTERX/2,  CENTERY*1/2,CENTERX *3/2 ,  CENTERY*3/2};
  64              		.loc 1 101 0
  65 002c 104C     		ldr	r4, .L3+16
  66 002e 08AB     		add	r3, sp, #32
  67 0030 2068     		ldr	r0, [r4]	@ unaligned
  68 0032 6168     		ldr	r1, [r4, #4]	@ unaligned
  69 0034 03C3     		stmia	r3!, {r0, r1}
 102:.\main.c      ****     char acText[] = "Welcome to \nTask Buddy\0";
ARM GAS  C:\Users\jaohe\AppData\Local\Temp\cc6boh2Y.s 			page 4


  70              		.loc 1 102 0
  71 0036 02AD     		add	r5, sp, #8
  72 0038 0834     		adds	r4, r4, #8
  73 003a 0FCC     		ldmia	r4!, {r0, r1, r2, r3}
  74 003c 0FC5     		stmia	r5!, {r0, r1, r2, r3}
  75 003e 94E80300 		ldmia	r4, {r0, r1}
  76 0042 85E80300 		stmia	r5, {r0, r1}
 103:.\main.c      ****     GUI_DispStringInRectEx(acText, &Rect, GUI_TA_HCENTER | GUI_TA_VCENTER, strlen(acText) - 1, GUI_
  77              		.loc 1 103 0
  78 0046 02A8     		add	r0, sp, #8
  79 0048 FFF7FEFF 		bl	strlen
  80              	.LVL6:
  81 004c 431E     		subs	r3, r0, #1
  82 004e 0022     		movs	r2, #0
  83 0050 0092     		str	r2, [sp]
  84 0052 02A8     		add	r0, sp, #8
  85 0054 08A9     		add	r1, sp, #32
  86 0056 0E22     		movs	r2, #14
  87 0058 FFF7FEFF 		bl	GUI_DispStringInRectEx
  88              	.LVL7:
 104:.\main.c      **** }
  89              		.loc 1 104 0
  90 005c 0BB0     		add	sp, sp, #44
  91              		.cfi_def_cfa_offset 12
  92              		@ sp needed
  93 005e 30BD     		pop	{r4, r5, pc}
  94              	.L4:
  95              		.align	2
  96              	.L3:
  97 0060 00000000 		.word	GUI_Font8x16
  98 0064 00000000 		.word	.LC1
  99 0068 10000000 		.word	.LC2
 100 006c 32191A00 		.word	1710386
 101 0070 00000000 		.word	.LANCHOR0
 102              		.cfi_endproc
 103              	.LFE64:
 104              		.size	MainTask, .-MainTask
 105              		.section	.text.main,"ax",%progbits
 106              		.align	2
 107              		.global	main
 108              		.thumb
 109              		.thumb_func
 110              		.type	main, %function
 111              	main:
 112              	.LFB63:
  79:.\main.c      ****     CyGlobalIntEnable;                      // Enable global interrupts
 113              		.loc 1 79 0
 114              		.cfi_startproc
 115              		@ Volatile: function does not return.
 116              		@ args = 0, pretend = 0, frame = 0
 117              		@ frame_needed = 0, uses_anonymous_args = 0
 118 0000 08B5     		push	{r3, lr}
 119              		.cfi_def_cfa_offset 8
 120              		.cfi_offset 3, -8
 121              		.cfi_offset 14, -4
  80:.\main.c      ****     SPIM_1_Start();                         // initialize SPIM component 
 122              		.loc 1 80 0
ARM GAS  C:\Users\jaohe\AppData\Local\Temp\cc6boh2Y.s 			page 5


 123              	@ 80 ".\main.c" 1
 124 0002 62B6     		CPSIE   i
 125              	@ 0 "" 2
  81:.\main.c      ****     MainTask();                             // all of the emWin exmples use MainTask() as the entry
 126              		.loc 1 81 0
 127              		.thumb
 128 0004 FFF7FEFF 		bl	SPIM_1_Start
 129              	.LVL8:
  82:.\main.c      ****     for(;;) {
 130              		.loc 1 82 0
 131 0008 FFF7FEFF 		bl	MainTask
 132              	.LVL9:
 133              	.L6:
  84:.\main.c      ****             GUI_Clear();
 134              		.loc 1 84 0
 135 000c FFF7FEFF 		bl	FORWARD_BTN_Read
 136              	.LVL10:
 137 0010 18B1     		cbz	r0, .L7
  84:.\main.c      ****             GUI_Clear();
 138              		.loc 1 84 0 is_stmt 0 discriminator 1
 139 0012 FFF7FEFF 		bl	BACK_BTN_Read
 140              	.LVL11:
 141 0016 0028     		cmp	r0, #0
 142 0018 F8D1     		bne	.L6
 143              	.L7:
  85:.\main.c      ****             GUI_DispStringHCenterAt("Dialog has been closed", CENTERX, 5);
 144              		.loc 1 85 0 is_stmt 1
 145 001a FFF7FEFF 		bl	GUI_Clear
 146              	.LVL12:
  86:.\main.c      ****             GUI_Delay(1000);
 147              		.loc 1 86 0
 148 001e 0648     		ldr	r0, .L10
 149 0020 7821     		movs	r1, #120
 150 0022 0522     		movs	r2, #5
 151 0024 FFF7FEFF 		bl	GUI_DispStringHCenterAt
 152              	.LVL13:
  87:.\main.c      ****             action_select();
 153              		.loc 1 87 0
 154 0028 4FF47A70 		mov	r0, #1000
 155 002c FFF7FEFF 		bl	GUI_Delay
 156              	.LVL14:
  88:.\main.c      ****         }
 157              		.loc 1 88 0
 158 0030 FFF7FEFF 		bl	action_select
 159              	.LVL15:
 160 0034 EAE7     		b	.L6
 161              	.L11:
 162 0036 00BF     		.align	2
 163              	.L10:
 164 0038 10000000 		.word	.LC2
 165              		.cfi_endproc
 166              	.LFE63:
 167              		.size	main, .-main
 168              		.comm	fsmState,4,4
 169              		.section	.rodata
 170              		.align	2
 171              		.set	.LANCHOR0,. + 0
ARM GAS  C:\Users\jaohe\AppData\Local\Temp\cc6boh2Y.s 			page 6


 172              	.LC0:
 173 0000 3C00     		.short	60
 174 0002 5000     		.short	80
 175 0004 B400     		.short	180
 176 0006 F000     		.short	240
 177              	.LC3:
 178 0008 57656C63 		.ascii	"Welcome to \012Task Buddy\000\000"
 178      6F6D6520 
 178      746F200A 
 178      5461736B 
 178      20427564 
 179              		.section	.rodata.str1.4,"aMS",%progbits,1
 180              		.align	2
 181              	.LC1:
 182 0000 70656570 		.ascii	"peepee doodoo\000"
 182      65652064 
 182      6F6F646F 
 182      6F00
 183 000e 0000     		.space	2
 184              	.LC2:
 185 0010 4469616C 		.ascii	"Dialog has been closed\000"
 185      6F672068 
 185      61732062 
 185      65656E20 
 185      636C6F73 
 186 0027 00       		.text
 187              	.Letext0:
 188              		.file 2 "c:\\program files (x86)\\cypress\\psoc creator\\3.3\\psoc creator\\import\\gnu\\arm\\4.9.
 189              		.file 3 "..\\..\\emWinGraphics_v5_46\\Code\\Include\\PSoC4_5/LCD.h"
 190              		.file 4 "..\\..\\emWinGraphics_v5_46\\Code\\Include\\PSoC4_5/GUI_Type.h"
 191              		.file 5 "c:\\program files (x86)\\cypress\\psoc creator\\3.3\\psoc creator\\import\\gnu\\arm\\4.9.
 192              		.file 6 "c:\\program files (x86)\\cypress\\psoc creator\\3.3\\psoc creator\\import\\gnu\\arm\\4.9.
 193              		.file 7 "Generated_Source\\PSoC5/cytypes.h"
 194              		.file 8 "..\\..\\emWinGraphics_v5_46\\Code\\Include\\PSoC4_5/GUI.h"
 195              		.file 9 "Generated_Source\\PSoC5/core_cm3.h"
 196              		.file 10 "c:\\program files (x86)\\cypress\\psoc creator\\3.3\\psoc creator\\import\\gnu\\arm\\4.9
 197              		.file 11 "Generated_Source\\PSoC5/SPIM_1.h"
 198              		.file 12 "Generated_Source\\PSoC5/FORWARD_BTN.h"
 199              		.file 13 "Generated_Source\\PSoC5/BACK_BTN.h"
 200              		.file 14 ".\\screens.h"
 201              		.section	.debug_info,"",%progbits
 202              	.Ldebug_info0:
 203 0000 9F090000 		.4byte	0x99f
 204 0004 0400     		.2byte	0x4
 205 0006 00000000 		.4byte	.Ldebug_abbrev0
 206 000a 04       		.byte	0x4
 207 000b 01       		.uleb128 0x1
 208 000c 4D040000 		.4byte	.LASF102
 209 0010 01       		.byte	0x1
 210 0011 3A040000 		.4byte	.LASF103
 211 0015 49010000 		.4byte	.LASF104
 212 0019 00000000 		.4byte	.Ldebug_ranges0+0
 213 001d 00000000 		.4byte	0
 214 0021 00000000 		.4byte	.Ldebug_line0
 215 0025 02       		.uleb128 0x2
 216 0026 04       		.byte	0x4
 217 0027 05       		.byte	0x5
ARM GAS  C:\Users\jaohe\AppData\Local\Temp\cc6boh2Y.s 			page 7


 218 0028 696E7400 		.ascii	"int\000"
 219 002c 03       		.uleb128 0x3
 220 002d 75000000 		.4byte	.LASF1
 221 0031 02       		.byte	0x2
 222 0032 D4       		.byte	0xd4
 223 0033 37000000 		.4byte	0x37
 224 0037 04       		.uleb128 0x4
 225 0038 04       		.byte	0x4
 226 0039 07       		.byte	0x7
 227 003a 1A030000 		.4byte	.LASF0
 228 003e 03       		.uleb128 0x3
 229 003f 01010000 		.4byte	.LASF2
 230 0043 03       		.byte	0x3
 231 0044 6A       		.byte	0x6a
 232 0045 49000000 		.4byte	0x49
 233 0049 04       		.uleb128 0x4
 234 004a 04       		.byte	0x4
 235 004b 07       		.byte	0x7
 236 004c E8030000 		.4byte	.LASF3
 237 0050 04       		.uleb128 0x4
 238 0051 02       		.byte	0x2
 239 0052 05       		.byte	0x5
 240 0053 6B000000 		.4byte	.LASF4
 241 0057 05       		.uleb128 0x5
 242 0058 08       		.byte	0x8
 243 0059 03       		.byte	0x3
 244 005a 71       		.byte	0x71
 245 005b 8C000000 		.4byte	0x8c
 246 005f 06       		.uleb128 0x6
 247 0060 783000   		.ascii	"x0\000"
 248 0063 03       		.byte	0x3
 249 0064 71       		.byte	0x71
 250 0065 50000000 		.4byte	0x50
 251 0069 00       		.byte	0
 252 006a 06       		.uleb128 0x6
 253 006b 793000   		.ascii	"y0\000"
 254 006e 03       		.byte	0x3
 255 006f 71       		.byte	0x71
 256 0070 50000000 		.4byte	0x50
 257 0074 02       		.byte	0x2
 258 0075 06       		.uleb128 0x6
 259 0076 783100   		.ascii	"x1\000"
 260 0079 03       		.byte	0x3
 261 007a 71       		.byte	0x71
 262 007b 50000000 		.4byte	0x50
 263 007f 04       		.byte	0x4
 264 0080 06       		.uleb128 0x6
 265 0081 793100   		.ascii	"y1\000"
 266 0084 03       		.byte	0x3
 267 0085 71       		.byte	0x71
 268 0086 50000000 		.4byte	0x50
 269 008a 06       		.byte	0x6
 270 008b 00       		.byte	0
 271 008c 03       		.uleb128 0x3
 272 008d CA020000 		.4byte	.LASF5
 273 0091 03       		.byte	0x3
 274 0092 71       		.byte	0x71
ARM GAS  C:\Users\jaohe\AppData\Local\Temp\cc6boh2Y.s 			page 8


 275 0093 57000000 		.4byte	0x57
 276 0097 04       		.uleb128 0x4
 277 0098 01       		.byte	0x1
 278 0099 08       		.byte	0x8
 279 009a 5D030000 		.4byte	.LASF6
 280 009e 04       		.uleb128 0x4
 281 009f 01       		.byte	0x1
 282 00a0 08       		.byte	0x8
 283 00a1 D3020000 		.4byte	.LASF7
 284 00a5 07       		.uleb128 0x7
 285 00a6 B0000000 		.4byte	0xb0
 286 00aa 08       		.uleb128 0x8
 287 00ab B0000000 		.4byte	0xb0
 288 00af 00       		.byte	0
 289 00b0 09       		.uleb128 0x9
 290 00b1 04       		.byte	0x4
 291 00b2 8C000000 		.4byte	0x8c
 292 00b6 04       		.uleb128 0x4
 293 00b7 04       		.byte	0x4
 294 00b8 05       		.byte	0x5
 295 00b9 42020000 		.4byte	.LASF8
 296 00bd 09       		.uleb128 0x9
 297 00be 04       		.byte	0x4
 298 00bf C3000000 		.4byte	0xc3
 299 00c3 0A       		.uleb128 0xa
 300 00c4 9E000000 		.4byte	0x9e
 301 00c8 09       		.uleb128 0x9
 302 00c9 04       		.byte	0x4
 303 00ca CE000000 		.4byte	0xce
 304 00ce 0B       		.uleb128 0xb
 305 00cf 0C       		.uleb128 0xc
 306 00d0 D7010000 		.4byte	.LASF9
 307 00d4 03       		.byte	0x3
 308 00d5 BF02     		.2byte	0x2bf
 309 00d7 DB000000 		.4byte	0xdb
 310 00db 07       		.uleb128 0x7
 311 00dc 13010000 		.4byte	0x113
 312 00e0 08       		.uleb128 0x8
 313 00e1 25000000 		.4byte	0x25
 314 00e5 08       		.uleb128 0x8
 315 00e6 25000000 		.4byte	0x25
 316 00ea 08       		.uleb128 0x8
 317 00eb 25000000 		.4byte	0x25
 318 00ef 08       		.uleb128 0x8
 319 00f0 25000000 		.4byte	0x25
 320 00f4 08       		.uleb128 0x8
 321 00f5 25000000 		.4byte	0x25
 322 00f9 08       		.uleb128 0x8
 323 00fa 25000000 		.4byte	0x25
 324 00fe 08       		.uleb128 0x8
 325 00ff 25000000 		.4byte	0x25
 326 0103 08       		.uleb128 0x8
 327 0104 25000000 		.4byte	0x25
 328 0108 08       		.uleb128 0x8
 329 0109 BD000000 		.4byte	0xbd
 330 010d 08       		.uleb128 0x8
 331 010e C8000000 		.4byte	0xc8
ARM GAS  C:\Users\jaohe\AppData\Local\Temp\cc6boh2Y.s 			page 9


 332 0112 00       		.byte	0
 333 0113 0C       		.uleb128 0xc
 334 0114 EA040000 		.4byte	.LASF10
 335 0118 03       		.byte	0x3
 336 0119 C202     		.2byte	0x2c2
 337 011b A5000000 		.4byte	0xa5
 338 011f 0D       		.uleb128 0xd
 339 0120 C9000000 		.4byte	.LASF33
 340 0124 0C       		.byte	0xc
 341 0125 03       		.byte	0x3
 342 0126 C402     		.2byte	0x2c4
 343 0128 54010000 		.4byte	0x154
 344 012c 0E       		.uleb128 0xe
 345 012d C0030000 		.4byte	.LASF11
 346 0131 03       		.byte	0x3
 347 0132 C502     		.2byte	0x2c5
 348 0134 54010000 		.4byte	0x154
 349 0138 00       		.byte	0
 350 0139 0E       		.uleb128 0xe
 351 013a 4D030000 		.4byte	.LASF12
 352 013e 03       		.byte	0x3
 353 013f C602     		.2byte	0x2c6
 354 0141 5A010000 		.4byte	0x15a
 355 0145 04       		.byte	0x4
 356 0146 0E       		.uleb128 0xe
 357 0147 8F020000 		.4byte	.LASF13
 358 014b 03       		.byte	0x3
 359 014c C702     		.2byte	0x2c7
 360 014e 5A010000 		.4byte	0x15a
 361 0152 08       		.byte	0x8
 362 0153 00       		.byte	0
 363 0154 09       		.uleb128 0x9
 364 0155 04       		.byte	0x4
 365 0156 CF000000 		.4byte	0xcf
 366 015a 09       		.uleb128 0x9
 367 015b 04       		.byte	0x4
 368 015c 13010000 		.4byte	0x113
 369 0160 0C       		.uleb128 0xc
 370 0161 4F050000 		.4byte	.LASF14
 371 0165 03       		.byte	0x3
 372 0166 CA02     		.2byte	0x2ca
 373 0168 1F010000 		.4byte	0x11f
 374 016c 09       		.uleb128 0x9
 375 016d 04       		.byte	0x4
 376 016e 72010000 		.4byte	0x172
 377 0172 0A       		.uleb128 0xa
 378 0173 97000000 		.4byte	0x97
 379 0177 03       		.uleb128 0x3
 380 0178 AC020000 		.4byte	.LASF15
 381 017c 04       		.byte	0x4
 382 017d 3D       		.byte	0x3d
 383 017e 3E000000 		.4byte	0x3e
 384 0182 03       		.uleb128 0x3
 385 0183 98050000 		.4byte	.LASF16
 386 0187 04       		.byte	0x4
 387 0188 40       		.byte	0x40
 388 0189 8C000000 		.4byte	0x8c
ARM GAS  C:\Users\jaohe\AppData\Local\Temp\cc6boh2Y.s 			page 10


 389 018d 04       		.uleb128 0x4
 390 018e 02       		.byte	0x2
 391 018f 07       		.byte	0x7
 392 0190 93030000 		.4byte	.LASF17
 393 0194 05       		.uleb128 0x5
 394 0195 04       		.byte	0x4
 395 0196 04       		.byte	0x4
 396 0197 B6       		.byte	0xb6
 397 0198 B3010000 		.4byte	0x1b3
 398 019c 06       		.uleb128 0x6
 399 019d 633000   		.ascii	"c0\000"
 400 01a0 04       		.byte	0x4
 401 01a1 B7       		.byte	0xb7
 402 01a2 50000000 		.4byte	0x50
 403 01a6 00       		.byte	0
 404 01a7 06       		.uleb128 0x6
 405 01a8 633100   		.ascii	"c1\000"
 406 01ab 04       		.byte	0x4
 407 01ac B8       		.byte	0xb8
 408 01ad 50000000 		.4byte	0x50
 409 01b1 02       		.byte	0x2
 410 01b2 00       		.byte	0
 411 01b3 03       		.uleb128 0x3
 412 01b4 DD000000 		.4byte	.LASF18
 413 01b8 04       		.byte	0x4
 414 01b9 B9       		.byte	0xb9
 415 01ba 94010000 		.4byte	0x194
 416 01be 05       		.uleb128 0x5
 417 01bf 08       		.byte	0x8
 418 01c0 04       		.byte	0x4
 419 01c1 BB       		.byte	0xbb
 420 01c2 EB010000 		.4byte	0x1eb
 421 01c6 0F       		.uleb128 0xf
 422 01c7 62030000 		.4byte	.LASF19
 423 01cb 04       		.byte	0x4
 424 01cc BC       		.byte	0xbc
 425 01cd 8D010000 		.4byte	0x18d
 426 01d1 00       		.byte	0
 427 01d2 0F       		.uleb128 0xf
 428 01d3 A1050000 		.4byte	.LASF20
 429 01d7 04       		.byte	0x4
 430 01d8 BD       		.byte	0xbd
 431 01d9 8D010000 		.4byte	0x18d
 432 01dd 02       		.byte	0x2
 433 01de 0F       		.uleb128 0xf
 434 01df 06000000 		.4byte	.LASF21
 435 01e3 04       		.byte	0x4
 436 01e4 BE       		.byte	0xbe
 437 01e5 EB010000 		.4byte	0x1eb
 438 01e9 04       		.byte	0x4
 439 01ea 00       		.byte	0
 440 01eb 09       		.uleb128 0x9
 441 01ec 04       		.byte	0x4
 442 01ed F1010000 		.4byte	0x1f1
 443 01f1 0A       		.uleb128 0xa
 444 01f2 B3010000 		.4byte	0x1b3
 445 01f6 03       		.uleb128 0x3
ARM GAS  C:\Users\jaohe\AppData\Local\Temp\cc6boh2Y.s 			page 11


 446 01f7 F8010000 		.4byte	.LASF22
 447 01fb 04       		.byte	0x4
 448 01fc BF       		.byte	0xbf
 449 01fd BE010000 		.4byte	0x1be
 450 0201 05       		.uleb128 0x5
 451 0202 08       		.byte	0x8
 452 0203 04       		.byte	0x4
 453 0204 C1       		.byte	0xc1
 454 0205 3A020000 		.4byte	0x23a
 455 0209 0F       		.uleb128 0xf
 456 020a 19010000 		.4byte	.LASF23
 457 020e 04       		.byte	0x4
 458 020f C2       		.byte	0xc2
 459 0210 9E000000 		.4byte	0x9e
 460 0214 00       		.byte	0
 461 0215 0F       		.uleb128 0xf
 462 0216 14030000 		.4byte	.LASF24
 463 021a 04       		.byte	0x4
 464 021b C3       		.byte	0xc3
 465 021c 9E000000 		.4byte	0x9e
 466 0220 01       		.byte	0x1
 467 0221 0F       		.uleb128 0xf
 468 0222 9E000000 		.4byte	.LASF25
 469 0226 04       		.byte	0x4
 470 0227 C4       		.byte	0xc4
 471 0228 9E000000 		.4byte	0x9e
 472 022c 02       		.byte	0x2
 473 022d 0F       		.uleb128 0xf
 474 022e 00000000 		.4byte	.LASF26
 475 0232 04       		.byte	0x4
 476 0233 C5       		.byte	0xc5
 477 0234 BD000000 		.4byte	0xbd
 478 0238 04       		.byte	0x4
 479 0239 00       		.byte	0
 480 023a 03       		.uleb128 0x3
 481 023b 1B000000 		.4byte	.LASF27
 482 023f 04       		.byte	0x4
 483 0240 C6       		.byte	0xc6
 484 0241 01020000 		.4byte	0x201
 485 0245 05       		.uleb128 0x5
 486 0246 0C       		.byte	0xc
 487 0247 04       		.byte	0x4
 488 0248 C8       		.byte	0xc8
 489 0249 96020000 		.4byte	0x296
 490 024d 0F       		.uleb128 0xf
 491 024e 19010000 		.4byte	.LASF23
 492 0252 04       		.byte	0x4
 493 0253 C9       		.byte	0xc9
 494 0254 9E000000 		.4byte	0x9e
 495 0258 00       		.byte	0
 496 0259 0F       		.uleb128 0xf
 497 025a 3D030000 		.4byte	.LASF28
 498 025e 04       		.byte	0x4
 499 025f CA       		.byte	0xca
 500 0260 9E000000 		.4byte	0x9e
 501 0264 01       		.byte	0x1
 502 0265 0F       		.uleb128 0xf
ARM GAS  C:\Users\jaohe\AppData\Local\Temp\cc6boh2Y.s 			page 12


 503 0266 E7010000 		.4byte	.LASF29
 504 026a 04       		.byte	0x4
 505 026b CB       		.byte	0xcb
 506 026c 96020000 		.4byte	0x296
 507 0270 02       		.byte	0x2
 508 0271 0F       		.uleb128 0xf
 509 0272 27030000 		.4byte	.LASF30
 510 0276 04       		.byte	0x4
 511 0277 CC       		.byte	0xcc
 512 0278 96020000 		.4byte	0x296
 513 027c 03       		.byte	0x3
 514 027d 0F       		.uleb128 0xf
 515 027e 14030000 		.4byte	.LASF24
 516 0282 04       		.byte	0x4
 517 0283 CD       		.byte	0xcd
 518 0284 9E000000 		.4byte	0x9e
 519 0288 04       		.byte	0x4
 520 0289 0F       		.uleb128 0xf
 521 028a 00000000 		.4byte	.LASF26
 522 028e 04       		.byte	0x4
 523 028f CE       		.byte	0xce
 524 0290 BD000000 		.4byte	0xbd
 525 0294 08       		.byte	0x8
 526 0295 00       		.byte	0
 527 0296 04       		.uleb128 0x4
 528 0297 01       		.byte	0x1
 529 0298 06       		.byte	0x6
 530 0299 FA020000 		.4byte	.LASF31
 531 029d 03       		.uleb128 0x3
 532 029e 4B020000 		.4byte	.LASF32
 533 02a2 04       		.byte	0x4
 534 02a3 CF       		.byte	0xcf
 535 02a4 45020000 		.4byte	0x245
 536 02a8 10       		.uleb128 0x10
 537 02a9 33000000 		.4byte	.LASF34
 538 02ad 0C       		.byte	0xc
 539 02ae 04       		.byte	0x4
 540 02af D1       		.byte	0xd1
 541 02b0 E5020000 		.4byte	0x2e5
 542 02b4 0F       		.uleb128 0xf
 543 02b5 1D040000 		.4byte	.LASF35
 544 02b9 04       		.byte	0x4
 545 02ba D2       		.byte	0xd2
 546 02bb 8D010000 		.4byte	0x18d
 547 02bf 00       		.byte	0
 548 02c0 0F       		.uleb128 0xf
 549 02c1 3D020000 		.4byte	.LASF36
 550 02c5 04       		.byte	0x4
 551 02c6 D3       		.byte	0xd3
 552 02c7 8D010000 		.4byte	0x18d
 553 02cb 02       		.byte	0x2
 554 02cc 0F       		.uleb128 0xf
 555 02cd 15020000 		.4byte	.LASF37
 556 02d1 04       		.byte	0x4
 557 02d2 D4       		.byte	0xd4
 558 02d3 E5020000 		.4byte	0x2e5
 559 02d7 04       		.byte	0x4
ARM GAS  C:\Users\jaohe\AppData\Local\Temp\cc6boh2Y.s 			page 13


 560 02d8 0F       		.uleb128 0xf
 561 02d9 37020000 		.4byte	.LASF38
 562 02dd 04       		.byte	0x4
 563 02de D5       		.byte	0xd5
 564 02df F0020000 		.4byte	0x2f0
 565 02e3 08       		.byte	0x8
 566 02e4 00       		.byte	0
 567 02e5 09       		.uleb128 0x9
 568 02e6 04       		.byte	0x4
 569 02e7 EB020000 		.4byte	0x2eb
 570 02eb 0A       		.uleb128 0xa
 571 02ec 3A020000 		.4byte	0x23a
 572 02f0 09       		.uleb128 0x9
 573 02f1 04       		.byte	0x4
 574 02f2 F6020000 		.4byte	0x2f6
 575 02f6 0A       		.uleb128 0xa
 576 02f7 A8020000 		.4byte	0x2a8
 577 02fb 03       		.uleb128 0x3
 578 02fc 33000000 		.4byte	.LASF34
 579 0300 04       		.byte	0x4
 580 0301 D6       		.byte	0xd6
 581 0302 A8020000 		.4byte	0x2a8
 582 0306 10       		.uleb128 0x10
 583 0307 B2000000 		.4byte	.LASF39
 584 030b 0C       		.byte	0xc
 585 030c 04       		.byte	0x4
 586 030d D8       		.byte	0xd8
 587 030e 43030000 		.4byte	0x343
 588 0312 0F       		.uleb128 0xf
 589 0313 1D040000 		.4byte	.LASF35
 590 0317 04       		.byte	0x4
 591 0318 D9       		.byte	0xd9
 592 0319 8D010000 		.4byte	0x18d
 593 031d 00       		.byte	0
 594 031e 0F       		.uleb128 0xf
 595 031f 3D020000 		.4byte	.LASF36
 596 0323 04       		.byte	0x4
 597 0324 DA       		.byte	0xda
 598 0325 8D010000 		.4byte	0x18d
 599 0329 02       		.byte	0x2
 600 032a 0F       		.uleb128 0xf
 601 032b 15020000 		.4byte	.LASF37
 602 032f 04       		.byte	0x4
 603 0330 DB       		.byte	0xdb
 604 0331 43030000 		.4byte	0x343
 605 0335 04       		.byte	0x4
 606 0336 0F       		.uleb128 0xf
 607 0337 37020000 		.4byte	.LASF38
 608 033b 04       		.byte	0x4
 609 033c DC       		.byte	0xdc
 610 033d 4E030000 		.4byte	0x34e
 611 0341 08       		.byte	0x8
 612 0342 00       		.byte	0
 613 0343 09       		.uleb128 0x9
 614 0344 04       		.byte	0x4
 615 0345 49030000 		.4byte	0x349
 616 0349 0A       		.uleb128 0xa
ARM GAS  C:\Users\jaohe\AppData\Local\Temp\cc6boh2Y.s 			page 14


 617 034a 9D020000 		.4byte	0x29d
 618 034e 09       		.uleb128 0x9
 619 034f 04       		.byte	0x4
 620 0350 54030000 		.4byte	0x354
 621 0354 0A       		.uleb128 0xa
 622 0355 06030000 		.4byte	0x306
 623 0359 03       		.uleb128 0x3
 624 035a B2000000 		.4byte	.LASF39
 625 035e 04       		.byte	0x4
 626 035f DD       		.byte	0xdd
 627 0360 06030000 		.4byte	0x306
 628 0364 05       		.uleb128 0x5
 629 0365 14       		.byte	0x14
 630 0366 04       		.byte	0x4
 631 0367 DF       		.byte	0xdf
 632 0368 CD030000 		.4byte	0x3cd
 633 036c 0F       		.uleb128 0xf
 634 036d 00000000 		.4byte	.LASF26
 635 0371 04       		.byte	0x4
 636 0372 E0       		.byte	0xe0
 637 0373 BD000000 		.4byte	0xbd
 638 0377 00       		.byte	0
 639 0378 0F       		.uleb128 0xf
 640 0379 3E010000 		.4byte	.LASF40
 641 037d 04       		.byte	0x4
 642 037e E1       		.byte	0xe1
 643 037f BD000000 		.4byte	0xbd
 644 0383 04       		.byte	0x4
 645 0384 0F       		.uleb128 0xf
 646 0385 AB000000 		.4byte	.LASF41
 647 0389 04       		.byte	0x4
 648 038a E2       		.byte	0xe2
 649 038b CD030000 		.4byte	0x3cd
 650 038f 08       		.byte	0x8
 651 0390 0F       		.uleb128 0xf
 652 0391 62030000 		.4byte	.LASF19
 653 0395 04       		.byte	0x4
 654 0396 E3       		.byte	0xe3
 655 0397 8D010000 		.4byte	0x18d
 656 039b 0C       		.byte	0xc
 657 039c 0F       		.uleb128 0xf
 658 039d A1050000 		.4byte	.LASF20
 659 03a1 04       		.byte	0x4
 660 03a2 E4       		.byte	0xe4
 661 03a3 8D010000 		.4byte	0x18d
 662 03a7 0E       		.byte	0xe
 663 03a8 0F       		.uleb128 0xf
 664 03a9 19010000 		.4byte	.LASF23
 665 03ad 04       		.byte	0x4
 666 03ae E5       		.byte	0xe5
 667 03af 9E000000 		.4byte	0x9e
 668 03b3 10       		.byte	0x10
 669 03b4 0F       		.uleb128 0xf
 670 03b5 14030000 		.4byte	.LASF24
 671 03b9 04       		.byte	0x4
 672 03ba E6       		.byte	0xe6
 673 03bb 9E000000 		.4byte	0x9e
ARM GAS  C:\Users\jaohe\AppData\Local\Temp\cc6boh2Y.s 			page 15


 674 03bf 11       		.byte	0x11
 675 03c0 0F       		.uleb128 0xf
 676 03c1 9E000000 		.4byte	.LASF25
 677 03c5 04       		.byte	0x4
 678 03c6 E7       		.byte	0xe7
 679 03c7 9E000000 		.4byte	0x9e
 680 03cb 12       		.byte	0x12
 681 03cc 00       		.byte	0
 682 03cd 09       		.uleb128 0x9
 683 03ce 04       		.byte	0x4
 684 03cf D3030000 		.4byte	0x3d3
 685 03d3 0A       		.uleb128 0xa
 686 03d4 F6010000 		.4byte	0x1f6
 687 03d8 03       		.uleb128 0x3
 688 03d9 23040000 		.4byte	.LASF42
 689 03dd 04       		.byte	0x4
 690 03de E8       		.byte	0xe8
 691 03df 64030000 		.4byte	0x364
 692 03e3 05       		.uleb128 0x5
 693 03e4 06       		.byte	0x6
 694 03e5 04       		.byte	0x4
 695 03e6 F1       		.byte	0xf1
 696 03e7 1C040000 		.4byte	0x41c
 697 03eb 0F       		.uleb128 0xf
 698 03ec EC010000 		.4byte	.LASF43
 699 03f0 04       		.byte	0x4
 700 03f1 F2       		.byte	0xf2
 701 03f2 8D010000 		.4byte	0x18d
 702 03f6 00       		.byte	0
 703 03f7 0F       		.uleb128 0xf
 704 03f8 10010000 		.4byte	.LASF44
 705 03fc 04       		.byte	0x4
 706 03fd F3       		.byte	0xf3
 707 03fe 9E000000 		.4byte	0x9e
 708 0402 02       		.byte	0x2
 709 0403 0F       		.uleb128 0xf
 710 0404 F0000000 		.4byte	.LASF45
 711 0408 04       		.byte	0x4
 712 0409 F4       		.byte	0xf4
 713 040a 9E000000 		.4byte	0x9e
 714 040e 03       		.byte	0x3
 715 040f 0F       		.uleb128 0xf
 716 0410 25010000 		.4byte	.LASF46
 717 0414 04       		.byte	0x4
 718 0415 F5       		.byte	0xf5
 719 0416 9E000000 		.4byte	0x9e
 720 041a 04       		.byte	0x4
 721 041b 00       		.byte	0
 722 041c 03       		.uleb128 0x3
 723 041d 69020000 		.4byte	.LASF47
 724 0421 04       		.byte	0x4
 725 0422 F6       		.byte	0xf6
 726 0423 E3030000 		.4byte	0x3e3
 727 0427 0C       		.uleb128 0xc
 728 0428 59000000 		.4byte	.LASF48
 729 042c 04       		.byte	0x4
 730 042d 1301     		.2byte	0x113
ARM GAS  C:\Users\jaohe\AppData\Local\Temp\cc6boh2Y.s 			page 16


 731 042f 33040000 		.4byte	0x433
 732 0433 11       		.uleb128 0x11
 733 0434 25000000 		.4byte	0x25
 734 0438 47040000 		.4byte	0x447
 735 043c 08       		.uleb128 0x8
 736 043d 6C010000 		.4byte	0x16c
 737 0441 08       		.uleb128 0x8
 738 0442 25000000 		.4byte	0x25
 739 0446 00       		.byte	0
 740 0447 0C       		.uleb128 0xc
 741 0448 11050000 		.4byte	.LASF49
 742 044c 04       		.byte	0x4
 743 044d 1401     		.2byte	0x114
 744 044f 33040000 		.4byte	0x433
 745 0453 0C       		.uleb128 0xc
 746 0454 73050000 		.4byte	.LASF50
 747 0458 04       		.byte	0x4
 748 0459 1501     		.2byte	0x115
 749 045b 5F040000 		.4byte	0x45f
 750 045f 07       		.uleb128 0x7
 751 0460 6F040000 		.4byte	0x46f
 752 0464 08       		.uleb128 0x8
 753 0465 6C010000 		.4byte	0x16c
 754 0469 08       		.uleb128 0x8
 755 046a 25000000 		.4byte	0x25
 756 046e 00       		.byte	0
 757 046f 12       		.uleb128 0x12
 758 0470 0C       		.byte	0xc
 759 0471 04       		.byte	0x4
 760 0472 1701     		.2byte	0x117
 761 0474 A0040000 		.4byte	0x4a0
 762 0478 0E       		.uleb128 0xe
 763 0479 6C030000 		.4byte	.LASF51
 764 047d 04       		.byte	0x4
 765 047e 1801     		.2byte	0x118
 766 0480 A0040000 		.4byte	0x4a0
 767 0484 00       		.byte	0
 768 0485 0E       		.uleb128 0xe
 769 0486 91000000 		.4byte	.LASF52
 770 048a 04       		.byte	0x4
 771 048b 1901     		.2byte	0x119
 772 048d A6040000 		.4byte	0x4a6
 773 0491 04       		.byte	0x4
 774 0492 0E       		.uleb128 0xe
 775 0493 EF020000 		.4byte	.LASF53
 776 0497 04       		.byte	0x4
 777 0498 1A01     		.2byte	0x11a
 778 049a AC040000 		.4byte	0x4ac
 779 049e 08       		.byte	0x8
 780 049f 00       		.byte	0
 781 04a0 09       		.uleb128 0x9
 782 04a1 04       		.byte	0x4
 783 04a2 27040000 		.4byte	0x427
 784 04a6 09       		.uleb128 0x9
 785 04a7 04       		.byte	0x4
 786 04a8 47040000 		.4byte	0x447
 787 04ac 09       		.uleb128 0x9
ARM GAS  C:\Users\jaohe\AppData\Local\Temp\cc6boh2Y.s 			page 17


 788 04ad 04       		.byte	0x4
 789 04ae 53040000 		.4byte	0x453
 790 04b2 0C       		.uleb128 0xc
 791 04b3 2D010000 		.4byte	.LASF54
 792 04b7 04       		.byte	0x4
 793 04b8 1B01     		.2byte	0x11b
 794 04ba 6F040000 		.4byte	0x46f
 795 04be 0C       		.uleb128 0xc
 796 04bf 8A030000 		.4byte	.LASF55
 797 04c3 04       		.byte	0x4
 798 04c4 2401     		.2byte	0x124
 799 04c6 CA040000 		.4byte	0x4ca
 800 04ca 0D       		.uleb128 0xd
 801 04cb 8A030000 		.4byte	.LASF55
 802 04cf 24       		.byte	0x24
 803 04d0 04       		.byte	0x4
 804 04d1 B101     		.2byte	0x1b1
 805 04d3 8C050000 		.4byte	0x58c
 806 04d7 0E       		.uleb128 0xe
 807 04d8 CC010000 		.4byte	.LASF56
 808 04dc 04       		.byte	0x4
 809 04dd B201     		.2byte	0x1b2
 810 04df 97060000 		.4byte	0x697
 811 04e3 00       		.byte	0
 812 04e4 0E       		.uleb128 0xe
 813 04e5 DB040000 		.4byte	.LASF57
 814 04e9 04       		.byte	0x4
 815 04ea B301     		.2byte	0x1b3
 816 04ec 9D060000 		.4byte	0x69d
 817 04f0 04       		.byte	0x4
 818 04f1 0E       		.uleb128 0xe
 819 04f2 41050000 		.4byte	.LASF58
 820 04f6 04       		.byte	0x4
 821 04f7 B401     		.2byte	0x1b4
 822 04f9 A3060000 		.4byte	0x6a3
 823 04fd 08       		.byte	0x8
 824 04fe 0E       		.uleb128 0xe
 825 04ff 28000000 		.4byte	.LASF59
 826 0503 04       		.byte	0x4
 827 0504 B501     		.2byte	0x1b5
 828 0506 A9060000 		.4byte	0x6a9
 829 050a 0C       		.byte	0xc
 830 050b 0E       		.uleb128 0xe
 831 050c E1020000 		.4byte	.LASF60
 832 0510 04       		.byte	0x4
 833 0511 B601     		.2byte	0x1b6
 834 0513 AF060000 		.4byte	0x6af
 835 0517 10       		.byte	0x10
 836 0518 0E       		.uleb128 0xe
 837 0519 0B020000 		.4byte	.LASF61
 838 051d 04       		.byte	0x4
 839 051e B701     		.2byte	0x1b7
 840 0520 B5060000 		.4byte	0x6b5
 841 0524 14       		.byte	0x14
 842 0525 0E       		.uleb128 0xe
 843 0526 3D030000 		.4byte	.LASF28
 844 052a 04       		.byte	0x4
ARM GAS  C:\Users\jaohe\AppData\Local\Temp\cc6boh2Y.s 			page 18


 845 052b B801     		.2byte	0x1b8
 846 052d 9E000000 		.4byte	0x9e
 847 0531 18       		.byte	0x18
 848 0532 0E       		.uleb128 0xe
 849 0533 0B050000 		.4byte	.LASF62
 850 0537 04       		.byte	0x4
 851 0538 B901     		.2byte	0x1b9
 852 053a 9E000000 		.4byte	0x9e
 853 053e 19       		.byte	0x19
 854 053f 0E       		.uleb128 0xe
 855 0540 F9040000 		.4byte	.LASF63
 856 0544 04       		.byte	0x4
 857 0545 BA01     		.2byte	0x1ba
 858 0547 9E000000 		.4byte	0x9e
 859 054b 1A       		.byte	0x1a
 860 054c 0E       		.uleb128 0xe
 861 054d 0B010000 		.4byte	.LASF64
 862 0551 04       		.byte	0x4
 863 0552 BB01     		.2byte	0x1bb
 864 0554 9E000000 		.4byte	0x9e
 865 0558 1B       		.byte	0x1b
 866 0559 13       		.uleb128 0x13
 867 055a 7000     		.ascii	"p\000"
 868 055c 04       		.byte	0x4
 869 055d C101     		.2byte	0x1c1
 870 055f 3C060000 		.4byte	0x63c
 871 0563 1C       		.byte	0x1c
 872 0564 0E       		.uleb128 0xe
 873 0565 10010000 		.4byte	.LASF44
 874 0569 04       		.byte	0x4
 875 056a C201     		.2byte	0x1c2
 876 056c 9E000000 		.4byte	0x9e
 877 0570 20       		.byte	0x20
 878 0571 0E       		.uleb128 0xe
 879 0572 F0000000 		.4byte	.LASF45
 880 0576 04       		.byte	0x4
 881 0577 C301     		.2byte	0x1c3
 882 0579 9E000000 		.4byte	0x9e
 883 057d 21       		.byte	0x21
 884 057e 0E       		.uleb128 0xe
 885 057f 25010000 		.4byte	.LASF46
 886 0583 04       		.byte	0x4
 887 0584 C401     		.2byte	0x1c4
 888 0586 9E000000 		.4byte	0x9e
 889 058a 22       		.byte	0x22
 890 058b 00       		.byte	0
 891 058c 0C       		.uleb128 0xc
 892 058d 9F020000 		.4byte	.LASF65
 893 0591 04       		.byte	0x4
 894 0592 2601     		.2byte	0x126
 895 0594 98050000 		.4byte	0x598
 896 0598 07       		.uleb128 0x7
 897 0599 A3050000 		.4byte	0x5a3
 898 059d 08       		.uleb128 0x8
 899 059e 8D010000 		.4byte	0x18d
 900 05a2 00       		.byte	0
 901 05a3 0C       		.uleb128 0xc
ARM GAS  C:\Users\jaohe\AppData\Local\Temp\cc6boh2Y.s 			page 19


 902 05a4 2C030000 		.4byte	.LASF66
 903 05a8 04       		.byte	0x4
 904 05a9 2701     		.2byte	0x127
 905 05ab AF050000 		.4byte	0x5af
 906 05af 11       		.uleb128 0x11
 907 05b0 25000000 		.4byte	0x25
 908 05b4 C3050000 		.4byte	0x5c3
 909 05b8 08       		.uleb128 0x8
 910 05b9 8D010000 		.4byte	0x18d
 911 05bd 08       		.uleb128 0x8
 912 05be C3050000 		.4byte	0x5c3
 913 05c2 00       		.byte	0
 914 05c3 09       		.uleb128 0x9
 915 05c4 04       		.byte	0x4
 916 05c5 25000000 		.4byte	0x25
 917 05c9 0C       		.uleb128 0xc
 918 05ca FA030000 		.4byte	.LASF67
 919 05ce 04       		.byte	0x4
 920 05cf 2801     		.2byte	0x128
 921 05d1 D5050000 		.4byte	0x5d5
 922 05d5 07       		.uleb128 0x7
 923 05d6 E5050000 		.4byte	0x5e5
 924 05da 08       		.uleb128 0x8
 925 05db E5050000 		.4byte	0x5e5
 926 05df 08       		.uleb128 0x8
 927 05e0 F0050000 		.4byte	0x5f0
 928 05e4 00       		.byte	0
 929 05e5 09       		.uleb128 0x9
 930 05e6 04       		.byte	0x4
 931 05e7 EB050000 		.4byte	0x5eb
 932 05eb 0A       		.uleb128 0xa
 933 05ec BE040000 		.4byte	0x4be
 934 05f0 09       		.uleb128 0x9
 935 05f1 04       		.byte	0x4
 936 05f2 1C040000 		.4byte	0x41c
 937 05f6 0C       		.uleb128 0xc
 938 05f7 5C020000 		.4byte	.LASF68
 939 05fb 04       		.byte	0x4
 940 05fc 2901     		.2byte	0x129
 941 05fe 02060000 		.4byte	0x602
 942 0602 11       		.uleb128 0x11
 943 0603 97000000 		.4byte	0x97
 944 0607 16060000 		.4byte	0x616
 945 060b 08       		.uleb128 0x8
 946 060c E5050000 		.4byte	0x5e5
 947 0610 08       		.uleb128 0x8
 948 0611 8D010000 		.4byte	0x18d
 949 0615 00       		.byte	0
 950 0616 0C       		.uleb128 0xc
 951 0617 7F020000 		.4byte	.LASF69
 952 061b 04       		.byte	0x4
 953 061c 2A01     		.2byte	0x12a
 954 061e 22060000 		.4byte	0x622
 955 0622 11       		.uleb128 0x11
 956 0623 25000000 		.4byte	0x25
 957 0627 36060000 		.4byte	0x636
 958 062b 08       		.uleb128 0x8
ARM GAS  C:\Users\jaohe\AppData\Local\Temp\cc6boh2Y.s 			page 20


 959 062c 8D010000 		.4byte	0x18d
 960 0630 08       		.uleb128 0x8
 961 0631 36060000 		.4byte	0x636
 962 0635 00       		.byte	0
 963 0636 09       		.uleb128 0x9
 964 0637 04       		.byte	0x4
 965 0638 9D020000 		.4byte	0x29d
 966 063c 14       		.uleb128 0x14
 967 063d 04       		.byte	0x4
 968 063e 04       		.byte	0x4
 969 063f BC01     		.2byte	0x1bc
 970 0641 76060000 		.4byte	0x676
 971 0645 15       		.uleb128 0x15
 972 0646 43030000 		.4byte	.LASF70
 973 064a 04       		.byte	0x4
 974 064b BD01     		.2byte	0x1bd
 975 064d C8000000 		.4byte	0xc8
 976 0651 15       		.uleb128 0x15
 977 0652 1F010000 		.4byte	.LASF71
 978 0656 04       		.byte	0x4
 979 0657 BE01     		.2byte	0x1be
 980 0659 76060000 		.4byte	0x676
 981 065d 15       		.uleb128 0x15
 982 065e 3B050000 		.4byte	.LASF72
 983 0662 04       		.byte	0x4
 984 0663 BF01     		.2byte	0x1bf
 985 0665 81060000 		.4byte	0x681
 986 0669 15       		.uleb128 0x15
 987 066a 76020000 		.4byte	.LASF73
 988 066e 04       		.byte	0x4
 989 066f C001     		.2byte	0x1c0
 990 0671 8C060000 		.4byte	0x68c
 991 0675 00       		.byte	0
 992 0676 09       		.uleb128 0x9
 993 0677 04       		.byte	0x4
 994 0678 7C060000 		.4byte	0x67c
 995 067c 0A       		.uleb128 0xa
 996 067d D8030000 		.4byte	0x3d8
 997 0681 09       		.uleb128 0x9
 998 0682 04       		.byte	0x4
 999 0683 87060000 		.4byte	0x687
 1000 0687 0A       		.uleb128 0xa
 1001 0688 FB020000 		.4byte	0x2fb
 1002 068c 09       		.uleb128 0x9
 1003 068d 04       		.byte	0x4
 1004 068e 92060000 		.4byte	0x692
 1005 0692 0A       		.uleb128 0xa
 1006 0693 59030000 		.4byte	0x359
 1007 0697 09       		.uleb128 0x9
 1008 0698 04       		.byte	0x4
 1009 0699 8C050000 		.4byte	0x58c
 1010 069d 09       		.uleb128 0x9
 1011 069e 04       		.byte	0x4
 1012 069f A3050000 		.4byte	0x5a3
 1013 06a3 09       		.uleb128 0x9
 1014 06a4 04       		.byte	0x4
 1015 06a5 C9050000 		.4byte	0x5c9
ARM GAS  C:\Users\jaohe\AppData\Local\Temp\cc6boh2Y.s 			page 21


 1016 06a9 09       		.uleb128 0x9
 1017 06aa 04       		.byte	0x4
 1018 06ab F6050000 		.4byte	0x5f6
 1019 06af 09       		.uleb128 0x9
 1020 06b0 04       		.byte	0x4
 1021 06b1 16060000 		.4byte	0x616
 1022 06b5 09       		.uleb128 0x9
 1023 06b6 04       		.byte	0x4
 1024 06b7 BB060000 		.4byte	0x6bb
 1025 06bb 0A       		.uleb128 0xa
 1026 06bc B2040000 		.4byte	0x4b2
 1027 06c0 04       		.uleb128 0x4
 1028 06c1 04       		.byte	0x4
 1029 06c2 07       		.byte	0x7
 1030 06c3 7C000000 		.4byte	.LASF74
 1031 06c7 09       		.uleb128 0x9
 1032 06c8 04       		.byte	0x4
 1033 06c9 82010000 		.4byte	0x182
 1034 06cd 03       		.uleb128 0x3
 1035 06ce 43040000 		.4byte	.LASF75
 1036 06d2 05       		.byte	0x5
 1037 06d3 3F       		.byte	0x3f
 1038 06d4 B6000000 		.4byte	0xb6
 1039 06d8 04       		.uleb128 0x4
 1040 06d9 08       		.byte	0x8
 1041 06da 05       		.byte	0x5
 1042 06db 80050000 		.4byte	.LASF76
 1043 06df 04       		.uleb128 0x4
 1044 06e0 08       		.byte	0x8
 1045 06e1 07       		.byte	0x7
 1046 06e2 20020000 		.4byte	.LASF77
 1047 06e6 03       		.uleb128 0x3
 1048 06e7 82030000 		.4byte	.LASF78
 1049 06eb 06       		.byte	0x6
 1050 06ec 2C       		.byte	0x2c
 1051 06ed CD060000 		.4byte	0x6cd
 1052 06f1 03       		.uleb128 0x3
 1053 06f2 C4020000 		.4byte	.LASF79
 1054 06f6 07       		.byte	0x7
 1055 06f7 C2       		.byte	0xc2
 1056 06f8 9E000000 		.4byte	0x9e
 1057 06fc 04       		.uleb128 0x4
 1058 06fd 04       		.byte	0x4
 1059 06fe 04       		.byte	0x4
 1060 06ff F2010000 		.4byte	.LASF80
 1061 0703 04       		.uleb128 0x4
 1062 0704 08       		.byte	0x8
 1063 0705 04       		.byte	0x4
 1064 0706 0A040000 		.4byte	.LASF81
 1065 070a 16       		.uleb128 0x16
 1066 070b 97000000 		.4byte	0x97
 1067 070f 1A070000 		.4byte	0x71a
 1068 0713 17       		.uleb128 0x17
 1069 0714 C0060000 		.4byte	0x6c0
 1070 0718 17       		.byte	0x17
 1071 0719 00       		.byte	0
 1072 071a 18       		.uleb128 0x18
ARM GAS  C:\Users\jaohe\AppData\Local\Temp\cc6boh2Y.s 			page 22


 1073 071b 31040000 		.4byte	.LASF84
 1074 071f 01       		.byte	0x1
 1075 0720 5D       		.byte	0x5d
 1076 0721 00000000 		.4byte	.LFB64
 1077 0725 74000000 		.4byte	.LFE64-.LFB64
 1078 0729 01       		.uleb128 0x1
 1079 072a 9C       		.byte	0x9c
 1080 072b F9070000 		.4byte	0x7f9
 1081 072f 19       		.uleb128 0x19
 1082 0730 8C000000 		.4byte	.LASF82
 1083 0734 01       		.byte	0x1
 1084 0735 65       		.byte	0x65
 1085 0736 82010000 		.4byte	0x182
 1086 073a 02       		.uleb128 0x2
 1087 073b 91       		.byte	0x91
 1088 073c 68       		.sleb128 -24
 1089 073d 19       		.uleb128 0x19
 1090 073e 85000000 		.4byte	.LASF83
 1091 0742 01       		.byte	0x1
 1092 0743 66       		.byte	0x66
 1093 0744 0A070000 		.4byte	0x70a
 1094 0748 02       		.uleb128 0x2
 1095 0749 91       		.byte	0x91
 1096 074a 50       		.sleb128 -48
 1097 074b 1A       		.uleb128 0x1a
 1098 074c 08000000 		.4byte	.LVL0
 1099 0750 AE080000 		.4byte	0x8ae
 1100 0754 1A       		.uleb128 0x1a
 1101 0755 0C000000 		.4byte	.LVL1
 1102 0759 BA080000 		.4byte	0x8ba
 1103 075d 1A       		.uleb128 0x1a
 1104 075e 12000000 		.4byte	.LVL2
 1105 0762 C2080000 		.4byte	0x8c2
 1106 0766 1B       		.uleb128 0x1b
 1107 0767 1C000000 		.4byte	.LVL3
 1108 076b D8080000 		.4byte	0x8d8
 1109 076f 89070000 		.4byte	0x789
 1110 0773 1C       		.uleb128 0x1c
 1111 0774 01       		.uleb128 0x1
 1112 0775 52       		.byte	0x52
 1113 0776 02       		.uleb128 0x2
 1114 0777 08       		.byte	0x8
 1115 0778 32       		.byte	0x32
 1116 0779 1C       		.uleb128 0x1c
 1117 077a 01       		.uleb128 0x1
 1118 077b 51       		.byte	0x51
 1119 077c 02       		.uleb128 0x2
 1120 077d 08       		.byte	0x8
 1121 077e 32       		.byte	0x32
 1122 077f 1C       		.uleb128 0x1c
 1123 0780 01       		.uleb128 0x1
 1124 0781 50       		.byte	0x50
 1125 0782 05       		.uleb128 0x5
 1126 0783 03       		.byte	0x3
 1127 0784 00000000 		.4byte	.LC1
 1128 0788 00       		.byte	0
 1129 0789 1B       		.uleb128 0x1b
ARM GAS  C:\Users\jaohe\AppData\Local\Temp\cc6boh2Y.s 			page 23


 1130 078a 26000000 		.4byte	.LVL4
 1131 078e F4080000 		.4byte	0x8f4
 1132 0792 AC070000 		.4byte	0x7ac
 1133 0796 1C       		.uleb128 0x1c
 1134 0797 01       		.uleb128 0x1
 1135 0798 52       		.byte	0x52
 1136 0799 02       		.uleb128 0x2
 1137 079a 08       		.byte	0x8
 1138 079b A0       		.byte	0xa0
 1139 079c 1C       		.uleb128 0x1c
 1140 079d 01       		.uleb128 0x1
 1141 079e 51       		.byte	0x51
 1142 079f 02       		.uleb128 0x2
 1143 07a0 08       		.byte	0x8
 1144 07a1 78       		.byte	0x78
 1145 07a2 1C       		.uleb128 0x1c
 1146 07a3 01       		.uleb128 0x1
 1147 07a4 50       		.byte	0x50
 1148 07a5 05       		.uleb128 0x5
 1149 07a6 03       		.byte	0x3
 1150 07a7 10000000 		.4byte	.LC2
 1151 07ab 00       		.byte	0
 1152 07ac 1B       		.uleb128 0x1b
 1153 07ad 2C000000 		.4byte	.LVL5
 1154 07b1 10090000 		.4byte	0x910
 1155 07b5 C3070000 		.4byte	0x7c3
 1156 07b9 1C       		.uleb128 0x1c
 1157 07ba 01       		.uleb128 0x1
 1158 07bb 50       		.byte	0x50
 1159 07bc 05       		.uleb128 0x5
 1160 07bd 0C       		.byte	0xc
 1161 07be 32191A00 		.4byte	0x1a1932
 1162 07c2 00       		.byte	0
 1163 07c3 1B       		.uleb128 0x1b
 1164 07c4 4C000000 		.4byte	.LVL6
 1165 07c8 22090000 		.4byte	0x922
 1166 07cc D7070000 		.4byte	0x7d7
 1167 07d0 1C       		.uleb128 0x1c
 1168 07d1 01       		.uleb128 0x1
 1169 07d2 50       		.byte	0x50
 1170 07d3 02       		.uleb128 0x2
 1171 07d4 75       		.byte	0x75
 1172 07d5 70       		.sleb128 -16
 1173 07d6 00       		.byte	0
 1174 07d7 1D       		.uleb128 0x1d
 1175 07d8 5C000000 		.4byte	.LVL7
 1176 07dc 37090000 		.4byte	0x937
 1177 07e0 1C       		.uleb128 0x1c
 1178 07e1 01       		.uleb128 0x1
 1179 07e2 52       		.byte	0x52
 1180 07e3 01       		.uleb128 0x1
 1181 07e4 3E       		.byte	0x3e
 1182 07e5 1C       		.uleb128 0x1c
 1183 07e6 01       		.uleb128 0x1
 1184 07e7 51       		.byte	0x51
 1185 07e8 02       		.uleb128 0x2
 1186 07e9 91       		.byte	0x91
ARM GAS  C:\Users\jaohe\AppData\Local\Temp\cc6boh2Y.s 			page 24


 1187 07ea 68       		.sleb128 -24
 1188 07eb 1C       		.uleb128 0x1c
 1189 07ec 01       		.uleb128 0x1
 1190 07ed 50       		.byte	0x50
 1191 07ee 02       		.uleb128 0x2
 1192 07ef 75       		.byte	0x75
 1193 07f0 70       		.sleb128 -16
 1194 07f1 1C       		.uleb128 0x1c
 1195 07f2 02       		.uleb128 0x2
 1196 07f3 7D       		.byte	0x7d
 1197 07f4 00       		.sleb128 0
 1198 07f5 01       		.uleb128 0x1
 1199 07f6 30       		.byte	0x30
 1200 07f7 00       		.byte	0
 1201 07f8 00       		.byte	0
 1202 07f9 1E       		.uleb128 0x1e
 1203 07fa C4000000 		.4byte	.LASF85
 1204 07fe 01       		.byte	0x1
 1205 07ff 4E       		.byte	0x4e
 1206 0800 25000000 		.4byte	0x25
 1207 0804 00000000 		.4byte	.LFB63
 1208 0808 3C000000 		.4byte	.LFE63-.LFB63
 1209 080c 01       		.uleb128 0x1
 1210 080d 9C       		.byte	0x9c
 1211 080e 80080000 		.4byte	0x880
 1212 0812 1A       		.uleb128 0x1a
 1213 0813 08000000 		.4byte	.LVL8
 1214 0817 68090000 		.4byte	0x968
 1215 081b 1A       		.uleb128 0x1a
 1216 081c 0C000000 		.4byte	.LVL9
 1217 0820 1A070000 		.4byte	0x71a
 1218 0824 1A       		.uleb128 0x1a
 1219 0825 10000000 		.4byte	.LVL10
 1220 0829 6F090000 		.4byte	0x96f
 1221 082d 1A       		.uleb128 0x1a
 1222 082e 16000000 		.4byte	.LVL11
 1223 0832 7A090000 		.4byte	0x97a
 1224 0836 1A       		.uleb128 0x1a
 1225 0837 1E000000 		.4byte	.LVL12
 1226 083b BA080000 		.4byte	0x8ba
 1227 083f 1B       		.uleb128 0x1b
 1228 0840 28000000 		.4byte	.LVL13
 1229 0844 F4080000 		.4byte	0x8f4
 1230 0848 61080000 		.4byte	0x861
 1231 084c 1C       		.uleb128 0x1c
 1232 084d 01       		.uleb128 0x1
 1233 084e 52       		.byte	0x52
 1234 084f 01       		.uleb128 0x1
 1235 0850 35       		.byte	0x35
 1236 0851 1C       		.uleb128 0x1c
 1237 0852 01       		.uleb128 0x1
 1238 0853 51       		.byte	0x51
 1239 0854 02       		.uleb128 0x2
 1240 0855 08       		.byte	0x8
 1241 0856 78       		.byte	0x78
 1242 0857 1C       		.uleb128 0x1c
 1243 0858 01       		.uleb128 0x1
ARM GAS  C:\Users\jaohe\AppData\Local\Temp\cc6boh2Y.s 			page 25


 1244 0859 50       		.byte	0x50
 1245 085a 05       		.uleb128 0x5
 1246 085b 03       		.byte	0x3
 1247 085c 10000000 		.4byte	.LC2
 1248 0860 00       		.byte	0
 1249 0861 1B       		.uleb128 0x1b
 1250 0862 30000000 		.4byte	.LVL14
 1251 0866 85090000 		.4byte	0x985
 1252 086a 76080000 		.4byte	0x876
 1253 086e 1C       		.uleb128 0x1c
 1254 086f 01       		.uleb128 0x1
 1255 0870 50       		.byte	0x50
 1256 0871 03       		.uleb128 0x3
 1257 0872 0A       		.byte	0xa
 1258 0873 E803     		.2byte	0x3e8
 1259 0875 00       		.byte	0
 1260 0876 1A       		.uleb128 0x1a
 1261 0877 34000000 		.4byte	.LVL15
 1262 087b 97090000 		.4byte	0x997
 1263 087f 00       		.byte	0
 1264 0880 1F       		.uleb128 0x1f
 1265 0881 FE040000 		.4byte	.LASF86
 1266 0885 08       		.byte	0x8
 1267 0886 2108     		.2byte	0x821
 1268 0888 EB050000 		.4byte	0x5eb
 1269 088c 1F       		.uleb128 0x1f
 1270 088d 2E050000 		.4byte	.LASF87
 1271 0891 09       		.byte	0x9
 1272 0892 2A06     		.2byte	0x62a
 1273 0894 98080000 		.4byte	0x898
 1274 0898 20       		.uleb128 0x20
 1275 0899 E6060000 		.4byte	0x6e6
 1276 089d 21       		.uleb128 0x21
 1277 089e B7030000 		.4byte	.LASF88
 1278 08a2 01       		.byte	0x1
 1279 08a3 4B       		.byte	0x4b
 1280 08a4 25000000 		.4byte	0x25
 1281 08a8 05       		.uleb128 0x5
 1282 08a9 03       		.byte	0x3
 1283 08aa 00000000 		.4byte	fsmState
 1284 08ae 22       		.uleb128 0x22
 1285 08af F8000000 		.4byte	.LASF97
 1286 08b3 08       		.byte	0x8
 1287 08b4 6D01     		.2byte	0x16d
 1288 08b6 25000000 		.4byte	0x25
 1289 08ba 23       		.uleb128 0x23
 1290 08bb 8E050000 		.4byte	.LASF95
 1291 08bf 08       		.byte	0x8
 1292 08c0 F601     		.2byte	0x1f6
 1293 08c2 24       		.uleb128 0x24
 1294 08c3 11040000 		.4byte	.LASF92
 1295 08c7 08       		.byte	0x8
 1296 08c8 2B03     		.2byte	0x32b
 1297 08ca E5050000 		.4byte	0x5e5
 1298 08ce D8080000 		.4byte	0x8d8
 1299 08d2 08       		.uleb128 0x8
 1300 08d3 E5050000 		.4byte	0x5e5
ARM GAS  C:\Users\jaohe\AppData\Local\Temp\cc6boh2Y.s 			page 26


 1301 08d7 00       		.byte	0
 1302 08d8 25       		.uleb128 0x25
 1303 08d9 A6030000 		.4byte	.LASF89
 1304 08dd 08       		.byte	0x8
 1305 08de 0503     		.2byte	0x305
 1306 08e0 F4080000 		.4byte	0x8f4
 1307 08e4 08       		.uleb128 0x8
 1308 08e5 6C010000 		.4byte	0x16c
 1309 08e9 08       		.uleb128 0x8
 1310 08ea 25000000 		.4byte	0x25
 1311 08ee 08       		.uleb128 0x8
 1312 08ef 25000000 		.4byte	0x25
 1313 08f3 00       		.byte	0
 1314 08f4 25       		.uleb128 0x25
 1315 08f5 41000000 		.4byte	.LASF90
 1316 08f9 08       		.byte	0x8
 1317 08fa 0703     		.2byte	0x307
 1318 08fc 10090000 		.4byte	0x910
 1319 0900 08       		.uleb128 0x8
 1320 0901 6C010000 		.4byte	0x16c
 1321 0905 08       		.uleb128 0x8
 1322 0906 25000000 		.4byte	0x25
 1323 090a 08       		.uleb128 0x8
 1324 090b 25000000 		.4byte	0x25
 1325 090f 00       		.byte	0
 1326 0910 25       		.uleb128 0x25
 1327 0911 0C000000 		.4byte	.LASF91
 1328 0915 08       		.byte	0x8
 1329 0916 C001     		.2byte	0x1c0
 1330 0918 22090000 		.4byte	0x922
 1331 091c 08       		.uleb128 0x8
 1332 091d 77010000 		.4byte	0x177
 1333 0921 00       		.byte	0
 1334 0922 26       		.uleb128 0x26
 1335 0923 7B030000 		.4byte	.LASF93
 1336 0927 0A       		.byte	0xa
 1337 0928 21       		.byte	0x21
 1338 0929 2C000000 		.4byte	0x2c
 1339 092d 37090000 		.4byte	0x937
 1340 0931 08       		.uleb128 0x8
 1341 0932 6C010000 		.4byte	0x16c
 1342 0936 00       		.byte	0
 1343 0937 25       		.uleb128 0x25
 1344 0938 5C050000 		.4byte	.LASF94
 1345 093c 08       		.byte	0x8
 1346 093d 0B03     		.2byte	0x30b
 1347 093f 5D090000 		.4byte	0x95d
 1348 0943 08       		.uleb128 0x8
 1349 0944 6C010000 		.4byte	0x16c
 1350 0948 08       		.uleb128 0x8
 1351 0949 C7060000 		.4byte	0x6c7
 1352 094d 08       		.uleb128 0x8
 1353 094e 25000000 		.4byte	0x25
 1354 0952 08       		.uleb128 0x8
 1355 0953 25000000 		.4byte	0x25
 1356 0957 08       		.uleb128 0x8
 1357 0958 5D090000 		.4byte	0x95d
ARM GAS  C:\Users\jaohe\AppData\Local\Temp\cc6boh2Y.s 			page 27


 1358 095c 00       		.byte	0
 1359 095d 09       		.uleb128 0x9
 1360 095e 04       		.byte	0x4
 1361 095f 63090000 		.4byte	0x963
 1362 0963 0A       		.uleb128 0xa
 1363 0964 60010000 		.4byte	0x160
 1364 0968 27       		.uleb128 0x27
 1365 0969 21050000 		.4byte	.LASF96
 1366 096d 0B       		.byte	0xb
 1367 096e 53       		.byte	0x53
 1368 096f 28       		.uleb128 0x28
 1369 0970 D7030000 		.4byte	.LASF98
 1370 0974 0C       		.byte	0xc
 1371 0975 29       		.byte	0x29
 1372 0976 F1060000 		.4byte	0x6f1
 1373 097a 28       		.uleb128 0x28
 1374 097b B6020000 		.4byte	.LASF99
 1375 097f 0D       		.byte	0xd
 1376 0980 29       		.byte	0x29
 1377 0981 F1060000 		.4byte	0x6f1
 1378 0985 25       		.uleb128 0x25
 1379 0986 CD030000 		.4byte	.LASF100
 1380 098a 08       		.byte	0x8
 1381 098b 3605     		.2byte	0x536
 1382 098d 97090000 		.4byte	0x997
 1383 0991 08       		.uleb128 0x8
 1384 0992 25000000 		.4byte	0x25
 1385 0996 00       		.byte	0
 1386 0997 28       		.uleb128 0x28
 1387 0998 06030000 		.4byte	.LASF101
 1388 099c 0E       		.byte	0xe
 1389 099d 16       		.byte	0x16
 1390 099e 25000000 		.4byte	0x25
 1391 09a2 00       		.byte	0
 1392              		.section	.debug_abbrev,"",%progbits
 1393              	.Ldebug_abbrev0:
 1394 0000 01       		.uleb128 0x1
 1395 0001 11       		.uleb128 0x11
 1396 0002 01       		.byte	0x1
 1397 0003 25       		.uleb128 0x25
 1398 0004 0E       		.uleb128 0xe
 1399 0005 13       		.uleb128 0x13
 1400 0006 0B       		.uleb128 0xb
 1401 0007 03       		.uleb128 0x3
 1402 0008 0E       		.uleb128 0xe
 1403 0009 1B       		.uleb128 0x1b
 1404 000a 0E       		.uleb128 0xe
 1405 000b 55       		.uleb128 0x55
 1406 000c 17       		.uleb128 0x17
 1407 000d 11       		.uleb128 0x11
 1408 000e 01       		.uleb128 0x1
 1409 000f 10       		.uleb128 0x10
 1410 0010 17       		.uleb128 0x17
 1411 0011 00       		.byte	0
 1412 0012 00       		.byte	0
 1413 0013 02       		.uleb128 0x2
 1414 0014 24       		.uleb128 0x24
ARM GAS  C:\Users\jaohe\AppData\Local\Temp\cc6boh2Y.s 			page 28


 1415 0015 00       		.byte	0
 1416 0016 0B       		.uleb128 0xb
 1417 0017 0B       		.uleb128 0xb
 1418 0018 3E       		.uleb128 0x3e
 1419 0019 0B       		.uleb128 0xb
 1420 001a 03       		.uleb128 0x3
 1421 001b 08       		.uleb128 0x8
 1422 001c 00       		.byte	0
 1423 001d 00       		.byte	0
 1424 001e 03       		.uleb128 0x3
 1425 001f 16       		.uleb128 0x16
 1426 0020 00       		.byte	0
 1427 0021 03       		.uleb128 0x3
 1428 0022 0E       		.uleb128 0xe
 1429 0023 3A       		.uleb128 0x3a
 1430 0024 0B       		.uleb128 0xb
 1431 0025 3B       		.uleb128 0x3b
 1432 0026 0B       		.uleb128 0xb
 1433 0027 49       		.uleb128 0x49
 1434 0028 13       		.uleb128 0x13
 1435 0029 00       		.byte	0
 1436 002a 00       		.byte	0
 1437 002b 04       		.uleb128 0x4
 1438 002c 24       		.uleb128 0x24
 1439 002d 00       		.byte	0
 1440 002e 0B       		.uleb128 0xb
 1441 002f 0B       		.uleb128 0xb
 1442 0030 3E       		.uleb128 0x3e
 1443 0031 0B       		.uleb128 0xb
 1444 0032 03       		.uleb128 0x3
 1445 0033 0E       		.uleb128 0xe
 1446 0034 00       		.byte	0
 1447 0035 00       		.byte	0
 1448 0036 05       		.uleb128 0x5
 1449 0037 13       		.uleb128 0x13
 1450 0038 01       		.byte	0x1
 1451 0039 0B       		.uleb128 0xb
 1452 003a 0B       		.uleb128 0xb
 1453 003b 3A       		.uleb128 0x3a
 1454 003c 0B       		.uleb128 0xb
 1455 003d 3B       		.uleb128 0x3b
 1456 003e 0B       		.uleb128 0xb
 1457 003f 01       		.uleb128 0x1
 1458 0040 13       		.uleb128 0x13
 1459 0041 00       		.byte	0
 1460 0042 00       		.byte	0
 1461 0043 06       		.uleb128 0x6
 1462 0044 0D       		.uleb128 0xd
 1463 0045 00       		.byte	0
 1464 0046 03       		.uleb128 0x3
 1465 0047 08       		.uleb128 0x8
 1466 0048 3A       		.uleb128 0x3a
 1467 0049 0B       		.uleb128 0xb
 1468 004a 3B       		.uleb128 0x3b
 1469 004b 0B       		.uleb128 0xb
 1470 004c 49       		.uleb128 0x49
 1471 004d 13       		.uleb128 0x13
ARM GAS  C:\Users\jaohe\AppData\Local\Temp\cc6boh2Y.s 			page 29


 1472 004e 38       		.uleb128 0x38
 1473 004f 0B       		.uleb128 0xb
 1474 0050 00       		.byte	0
 1475 0051 00       		.byte	0
 1476 0052 07       		.uleb128 0x7
 1477 0053 15       		.uleb128 0x15
 1478 0054 01       		.byte	0x1
 1479 0055 27       		.uleb128 0x27
 1480 0056 19       		.uleb128 0x19
 1481 0057 01       		.uleb128 0x1
 1482 0058 13       		.uleb128 0x13
 1483 0059 00       		.byte	0
 1484 005a 00       		.byte	0
 1485 005b 08       		.uleb128 0x8
 1486 005c 05       		.uleb128 0x5
 1487 005d 00       		.byte	0
 1488 005e 49       		.uleb128 0x49
 1489 005f 13       		.uleb128 0x13
 1490 0060 00       		.byte	0
 1491 0061 00       		.byte	0
 1492 0062 09       		.uleb128 0x9
 1493 0063 0F       		.uleb128 0xf
 1494 0064 00       		.byte	0
 1495 0065 0B       		.uleb128 0xb
 1496 0066 0B       		.uleb128 0xb
 1497 0067 49       		.uleb128 0x49
 1498 0068 13       		.uleb128 0x13
 1499 0069 00       		.byte	0
 1500 006a 00       		.byte	0
 1501 006b 0A       		.uleb128 0xa
 1502 006c 26       		.uleb128 0x26
 1503 006d 00       		.byte	0
 1504 006e 49       		.uleb128 0x49
 1505 006f 13       		.uleb128 0x13
 1506 0070 00       		.byte	0
 1507 0071 00       		.byte	0
 1508 0072 0B       		.uleb128 0xb
 1509 0073 26       		.uleb128 0x26
 1510 0074 00       		.byte	0
 1511 0075 00       		.byte	0
 1512 0076 00       		.byte	0
 1513 0077 0C       		.uleb128 0xc
 1514 0078 16       		.uleb128 0x16
 1515 0079 00       		.byte	0
 1516 007a 03       		.uleb128 0x3
 1517 007b 0E       		.uleb128 0xe
 1518 007c 3A       		.uleb128 0x3a
 1519 007d 0B       		.uleb128 0xb
 1520 007e 3B       		.uleb128 0x3b
 1521 007f 05       		.uleb128 0x5
 1522 0080 49       		.uleb128 0x49
 1523 0081 13       		.uleb128 0x13
 1524 0082 00       		.byte	0
 1525 0083 00       		.byte	0
 1526 0084 0D       		.uleb128 0xd
 1527 0085 13       		.uleb128 0x13
 1528 0086 01       		.byte	0x1
ARM GAS  C:\Users\jaohe\AppData\Local\Temp\cc6boh2Y.s 			page 30


 1529 0087 03       		.uleb128 0x3
 1530 0088 0E       		.uleb128 0xe
 1531 0089 0B       		.uleb128 0xb
 1532 008a 0B       		.uleb128 0xb
 1533 008b 3A       		.uleb128 0x3a
 1534 008c 0B       		.uleb128 0xb
 1535 008d 3B       		.uleb128 0x3b
 1536 008e 05       		.uleb128 0x5
 1537 008f 01       		.uleb128 0x1
 1538 0090 13       		.uleb128 0x13
 1539 0091 00       		.byte	0
 1540 0092 00       		.byte	0
 1541 0093 0E       		.uleb128 0xe
 1542 0094 0D       		.uleb128 0xd
 1543 0095 00       		.byte	0
 1544 0096 03       		.uleb128 0x3
 1545 0097 0E       		.uleb128 0xe
 1546 0098 3A       		.uleb128 0x3a
 1547 0099 0B       		.uleb128 0xb
 1548 009a 3B       		.uleb128 0x3b
 1549 009b 05       		.uleb128 0x5
 1550 009c 49       		.uleb128 0x49
 1551 009d 13       		.uleb128 0x13
 1552 009e 38       		.uleb128 0x38
 1553 009f 0B       		.uleb128 0xb
 1554 00a0 00       		.byte	0
 1555 00a1 00       		.byte	0
 1556 00a2 0F       		.uleb128 0xf
 1557 00a3 0D       		.uleb128 0xd
 1558 00a4 00       		.byte	0
 1559 00a5 03       		.uleb128 0x3
 1560 00a6 0E       		.uleb128 0xe
 1561 00a7 3A       		.uleb128 0x3a
 1562 00a8 0B       		.uleb128 0xb
 1563 00a9 3B       		.uleb128 0x3b
 1564 00aa 0B       		.uleb128 0xb
 1565 00ab 49       		.uleb128 0x49
 1566 00ac 13       		.uleb128 0x13
 1567 00ad 38       		.uleb128 0x38
 1568 00ae 0B       		.uleb128 0xb
 1569 00af 00       		.byte	0
 1570 00b0 00       		.byte	0
 1571 00b1 10       		.uleb128 0x10
 1572 00b2 13       		.uleb128 0x13
 1573 00b3 01       		.byte	0x1
 1574 00b4 03       		.uleb128 0x3
 1575 00b5 0E       		.uleb128 0xe
 1576 00b6 0B       		.uleb128 0xb
 1577 00b7 0B       		.uleb128 0xb
 1578 00b8 3A       		.uleb128 0x3a
 1579 00b9 0B       		.uleb128 0xb
 1580 00ba 3B       		.uleb128 0x3b
 1581 00bb 0B       		.uleb128 0xb
 1582 00bc 01       		.uleb128 0x1
 1583 00bd 13       		.uleb128 0x13
 1584 00be 00       		.byte	0
 1585 00bf 00       		.byte	0
ARM GAS  C:\Users\jaohe\AppData\Local\Temp\cc6boh2Y.s 			page 31


 1586 00c0 11       		.uleb128 0x11
 1587 00c1 15       		.uleb128 0x15
 1588 00c2 01       		.byte	0x1
 1589 00c3 27       		.uleb128 0x27
 1590 00c4 19       		.uleb128 0x19
 1591 00c5 49       		.uleb128 0x49
 1592 00c6 13       		.uleb128 0x13
 1593 00c7 01       		.uleb128 0x1
 1594 00c8 13       		.uleb128 0x13
 1595 00c9 00       		.byte	0
 1596 00ca 00       		.byte	0
 1597 00cb 12       		.uleb128 0x12
 1598 00cc 13       		.uleb128 0x13
 1599 00cd 01       		.byte	0x1
 1600 00ce 0B       		.uleb128 0xb
 1601 00cf 0B       		.uleb128 0xb
 1602 00d0 3A       		.uleb128 0x3a
 1603 00d1 0B       		.uleb128 0xb
 1604 00d2 3B       		.uleb128 0x3b
 1605 00d3 05       		.uleb128 0x5
 1606 00d4 01       		.uleb128 0x1
 1607 00d5 13       		.uleb128 0x13
 1608 00d6 00       		.byte	0
 1609 00d7 00       		.byte	0
 1610 00d8 13       		.uleb128 0x13
 1611 00d9 0D       		.uleb128 0xd
 1612 00da 00       		.byte	0
 1613 00db 03       		.uleb128 0x3
 1614 00dc 08       		.uleb128 0x8
 1615 00dd 3A       		.uleb128 0x3a
 1616 00de 0B       		.uleb128 0xb
 1617 00df 3B       		.uleb128 0x3b
 1618 00e0 05       		.uleb128 0x5
 1619 00e1 49       		.uleb128 0x49
 1620 00e2 13       		.uleb128 0x13
 1621 00e3 38       		.uleb128 0x38
 1622 00e4 0B       		.uleb128 0xb
 1623 00e5 00       		.byte	0
 1624 00e6 00       		.byte	0
 1625 00e7 14       		.uleb128 0x14
 1626 00e8 17       		.uleb128 0x17
 1627 00e9 01       		.byte	0x1
 1628 00ea 0B       		.uleb128 0xb
 1629 00eb 0B       		.uleb128 0xb
 1630 00ec 3A       		.uleb128 0x3a
 1631 00ed 0B       		.uleb128 0xb
 1632 00ee 3B       		.uleb128 0x3b
 1633 00ef 05       		.uleb128 0x5
 1634 00f0 01       		.uleb128 0x1
 1635 00f1 13       		.uleb128 0x13
 1636 00f2 00       		.byte	0
 1637 00f3 00       		.byte	0
 1638 00f4 15       		.uleb128 0x15
 1639 00f5 0D       		.uleb128 0xd
 1640 00f6 00       		.byte	0
 1641 00f7 03       		.uleb128 0x3
 1642 00f8 0E       		.uleb128 0xe
ARM GAS  C:\Users\jaohe\AppData\Local\Temp\cc6boh2Y.s 			page 32


 1643 00f9 3A       		.uleb128 0x3a
 1644 00fa 0B       		.uleb128 0xb
 1645 00fb 3B       		.uleb128 0x3b
 1646 00fc 05       		.uleb128 0x5
 1647 00fd 49       		.uleb128 0x49
 1648 00fe 13       		.uleb128 0x13
 1649 00ff 00       		.byte	0
 1650 0100 00       		.byte	0
 1651 0101 16       		.uleb128 0x16
 1652 0102 01       		.uleb128 0x1
 1653 0103 01       		.byte	0x1
 1654 0104 49       		.uleb128 0x49
 1655 0105 13       		.uleb128 0x13
 1656 0106 01       		.uleb128 0x1
 1657 0107 13       		.uleb128 0x13
 1658 0108 00       		.byte	0
 1659 0109 00       		.byte	0
 1660 010a 17       		.uleb128 0x17
 1661 010b 21       		.uleb128 0x21
 1662 010c 00       		.byte	0
 1663 010d 49       		.uleb128 0x49
 1664 010e 13       		.uleb128 0x13
 1665 010f 2F       		.uleb128 0x2f
 1666 0110 0B       		.uleb128 0xb
 1667 0111 00       		.byte	0
 1668 0112 00       		.byte	0
 1669 0113 18       		.uleb128 0x18
 1670 0114 2E       		.uleb128 0x2e
 1671 0115 01       		.byte	0x1
 1672 0116 3F       		.uleb128 0x3f
 1673 0117 19       		.uleb128 0x19
 1674 0118 03       		.uleb128 0x3
 1675 0119 0E       		.uleb128 0xe
 1676 011a 3A       		.uleb128 0x3a
 1677 011b 0B       		.uleb128 0xb
 1678 011c 3B       		.uleb128 0x3b
 1679 011d 0B       		.uleb128 0xb
 1680 011e 27       		.uleb128 0x27
 1681 011f 19       		.uleb128 0x19
 1682 0120 11       		.uleb128 0x11
 1683 0121 01       		.uleb128 0x1
 1684 0122 12       		.uleb128 0x12
 1685 0123 06       		.uleb128 0x6
 1686 0124 40       		.uleb128 0x40
 1687 0125 18       		.uleb128 0x18
 1688 0126 9742     		.uleb128 0x2117
 1689 0128 19       		.uleb128 0x19
 1690 0129 01       		.uleb128 0x1
 1691 012a 13       		.uleb128 0x13
 1692 012b 00       		.byte	0
 1693 012c 00       		.byte	0
 1694 012d 19       		.uleb128 0x19
 1695 012e 34       		.uleb128 0x34
 1696 012f 00       		.byte	0
 1697 0130 03       		.uleb128 0x3
 1698 0131 0E       		.uleb128 0xe
 1699 0132 3A       		.uleb128 0x3a
ARM GAS  C:\Users\jaohe\AppData\Local\Temp\cc6boh2Y.s 			page 33


 1700 0133 0B       		.uleb128 0xb
 1701 0134 3B       		.uleb128 0x3b
 1702 0135 0B       		.uleb128 0xb
 1703 0136 49       		.uleb128 0x49
 1704 0137 13       		.uleb128 0x13
 1705 0138 02       		.uleb128 0x2
 1706 0139 18       		.uleb128 0x18
 1707 013a 00       		.byte	0
 1708 013b 00       		.byte	0
 1709 013c 1A       		.uleb128 0x1a
 1710 013d 898201   		.uleb128 0x4109
 1711 0140 00       		.byte	0
 1712 0141 11       		.uleb128 0x11
 1713 0142 01       		.uleb128 0x1
 1714 0143 31       		.uleb128 0x31
 1715 0144 13       		.uleb128 0x13
 1716 0145 00       		.byte	0
 1717 0146 00       		.byte	0
 1718 0147 1B       		.uleb128 0x1b
 1719 0148 898201   		.uleb128 0x4109
 1720 014b 01       		.byte	0x1
 1721 014c 11       		.uleb128 0x11
 1722 014d 01       		.uleb128 0x1
 1723 014e 31       		.uleb128 0x31
 1724 014f 13       		.uleb128 0x13
 1725 0150 01       		.uleb128 0x1
 1726 0151 13       		.uleb128 0x13
 1727 0152 00       		.byte	0
 1728 0153 00       		.byte	0
 1729 0154 1C       		.uleb128 0x1c
 1730 0155 8A8201   		.uleb128 0x410a
 1731 0158 00       		.byte	0
 1732 0159 02       		.uleb128 0x2
 1733 015a 18       		.uleb128 0x18
 1734 015b 9142     		.uleb128 0x2111
 1735 015d 18       		.uleb128 0x18
 1736 015e 00       		.byte	0
 1737 015f 00       		.byte	0
 1738 0160 1D       		.uleb128 0x1d
 1739 0161 898201   		.uleb128 0x4109
 1740 0164 01       		.byte	0x1
 1741 0165 11       		.uleb128 0x11
 1742 0166 01       		.uleb128 0x1
 1743 0167 31       		.uleb128 0x31
 1744 0168 13       		.uleb128 0x13
 1745 0169 00       		.byte	0
 1746 016a 00       		.byte	0
 1747 016b 1E       		.uleb128 0x1e
 1748 016c 2E       		.uleb128 0x2e
 1749 016d 01       		.byte	0x1
 1750 016e 3F       		.uleb128 0x3f
 1751 016f 19       		.uleb128 0x19
 1752 0170 03       		.uleb128 0x3
 1753 0171 0E       		.uleb128 0xe
 1754 0172 3A       		.uleb128 0x3a
 1755 0173 0B       		.uleb128 0xb
 1756 0174 3B       		.uleb128 0x3b
ARM GAS  C:\Users\jaohe\AppData\Local\Temp\cc6boh2Y.s 			page 34


 1757 0175 0B       		.uleb128 0xb
 1758 0176 49       		.uleb128 0x49
 1759 0177 13       		.uleb128 0x13
 1760 0178 11       		.uleb128 0x11
 1761 0179 01       		.uleb128 0x1
 1762 017a 12       		.uleb128 0x12
 1763 017b 06       		.uleb128 0x6
 1764 017c 40       		.uleb128 0x40
 1765 017d 18       		.uleb128 0x18
 1766 017e 9742     		.uleb128 0x2117
 1767 0180 19       		.uleb128 0x19
 1768 0181 01       		.uleb128 0x1
 1769 0182 13       		.uleb128 0x13
 1770 0183 00       		.byte	0
 1771 0184 00       		.byte	0
 1772 0185 1F       		.uleb128 0x1f
 1773 0186 34       		.uleb128 0x34
 1774 0187 00       		.byte	0
 1775 0188 03       		.uleb128 0x3
 1776 0189 0E       		.uleb128 0xe
 1777 018a 3A       		.uleb128 0x3a
 1778 018b 0B       		.uleb128 0xb
 1779 018c 3B       		.uleb128 0x3b
 1780 018d 05       		.uleb128 0x5
 1781 018e 49       		.uleb128 0x49
 1782 018f 13       		.uleb128 0x13
 1783 0190 3F       		.uleb128 0x3f
 1784 0191 19       		.uleb128 0x19
 1785 0192 3C       		.uleb128 0x3c
 1786 0193 19       		.uleb128 0x19
 1787 0194 00       		.byte	0
 1788 0195 00       		.byte	0
 1789 0196 20       		.uleb128 0x20
 1790 0197 35       		.uleb128 0x35
 1791 0198 00       		.byte	0
 1792 0199 49       		.uleb128 0x49
 1793 019a 13       		.uleb128 0x13
 1794 019b 00       		.byte	0
 1795 019c 00       		.byte	0
 1796 019d 21       		.uleb128 0x21
 1797 019e 34       		.uleb128 0x34
 1798 019f 00       		.byte	0
 1799 01a0 03       		.uleb128 0x3
 1800 01a1 0E       		.uleb128 0xe
 1801 01a2 3A       		.uleb128 0x3a
 1802 01a3 0B       		.uleb128 0xb
 1803 01a4 3B       		.uleb128 0x3b
 1804 01a5 0B       		.uleb128 0xb
 1805 01a6 49       		.uleb128 0x49
 1806 01a7 13       		.uleb128 0x13
 1807 01a8 3F       		.uleb128 0x3f
 1808 01a9 19       		.uleb128 0x19
 1809 01aa 02       		.uleb128 0x2
 1810 01ab 18       		.uleb128 0x18
 1811 01ac 00       		.byte	0
 1812 01ad 00       		.byte	0
 1813 01ae 22       		.uleb128 0x22
ARM GAS  C:\Users\jaohe\AppData\Local\Temp\cc6boh2Y.s 			page 35


 1814 01af 2E       		.uleb128 0x2e
 1815 01b0 00       		.byte	0
 1816 01b1 3F       		.uleb128 0x3f
 1817 01b2 19       		.uleb128 0x19
 1818 01b3 03       		.uleb128 0x3
 1819 01b4 0E       		.uleb128 0xe
 1820 01b5 3A       		.uleb128 0x3a
 1821 01b6 0B       		.uleb128 0xb
 1822 01b7 3B       		.uleb128 0x3b
 1823 01b8 05       		.uleb128 0x5
 1824 01b9 27       		.uleb128 0x27
 1825 01ba 19       		.uleb128 0x19
 1826 01bb 49       		.uleb128 0x49
 1827 01bc 13       		.uleb128 0x13
 1828 01bd 3C       		.uleb128 0x3c
 1829 01be 19       		.uleb128 0x19
 1830 01bf 00       		.byte	0
 1831 01c0 00       		.byte	0
 1832 01c1 23       		.uleb128 0x23
 1833 01c2 2E       		.uleb128 0x2e
 1834 01c3 00       		.byte	0
 1835 01c4 3F       		.uleb128 0x3f
 1836 01c5 19       		.uleb128 0x19
 1837 01c6 03       		.uleb128 0x3
 1838 01c7 0E       		.uleb128 0xe
 1839 01c8 3A       		.uleb128 0x3a
 1840 01c9 0B       		.uleb128 0xb
 1841 01ca 3B       		.uleb128 0x3b
 1842 01cb 05       		.uleb128 0x5
 1843 01cc 27       		.uleb128 0x27
 1844 01cd 19       		.uleb128 0x19
 1845 01ce 3C       		.uleb128 0x3c
 1846 01cf 19       		.uleb128 0x19
 1847 01d0 00       		.byte	0
 1848 01d1 00       		.byte	0
 1849 01d2 24       		.uleb128 0x24
 1850 01d3 2E       		.uleb128 0x2e
 1851 01d4 01       		.byte	0x1
 1852 01d5 3F       		.uleb128 0x3f
 1853 01d6 19       		.uleb128 0x19
 1854 01d7 03       		.uleb128 0x3
 1855 01d8 0E       		.uleb128 0xe
 1856 01d9 3A       		.uleb128 0x3a
 1857 01da 0B       		.uleb128 0xb
 1858 01db 3B       		.uleb128 0x3b
 1859 01dc 05       		.uleb128 0x5
 1860 01dd 27       		.uleb128 0x27
 1861 01de 19       		.uleb128 0x19
 1862 01df 49       		.uleb128 0x49
 1863 01e0 13       		.uleb128 0x13
 1864 01e1 3C       		.uleb128 0x3c
 1865 01e2 19       		.uleb128 0x19
 1866 01e3 01       		.uleb128 0x1
 1867 01e4 13       		.uleb128 0x13
 1868 01e5 00       		.byte	0
 1869 01e6 00       		.byte	0
 1870 01e7 25       		.uleb128 0x25
ARM GAS  C:\Users\jaohe\AppData\Local\Temp\cc6boh2Y.s 			page 36


 1871 01e8 2E       		.uleb128 0x2e
 1872 01e9 01       		.byte	0x1
 1873 01ea 3F       		.uleb128 0x3f
 1874 01eb 19       		.uleb128 0x19
 1875 01ec 03       		.uleb128 0x3
 1876 01ed 0E       		.uleb128 0xe
 1877 01ee 3A       		.uleb128 0x3a
 1878 01ef 0B       		.uleb128 0xb
 1879 01f0 3B       		.uleb128 0x3b
 1880 01f1 05       		.uleb128 0x5
 1881 01f2 27       		.uleb128 0x27
 1882 01f3 19       		.uleb128 0x19
 1883 01f4 3C       		.uleb128 0x3c
 1884 01f5 19       		.uleb128 0x19
 1885 01f6 01       		.uleb128 0x1
 1886 01f7 13       		.uleb128 0x13
 1887 01f8 00       		.byte	0
 1888 01f9 00       		.byte	0
 1889 01fa 26       		.uleb128 0x26
 1890 01fb 2E       		.uleb128 0x2e
 1891 01fc 01       		.byte	0x1
 1892 01fd 3F       		.uleb128 0x3f
 1893 01fe 19       		.uleb128 0x19
 1894 01ff 03       		.uleb128 0x3
 1895 0200 0E       		.uleb128 0xe
 1896 0201 3A       		.uleb128 0x3a
 1897 0202 0B       		.uleb128 0xb
 1898 0203 3B       		.uleb128 0x3b
 1899 0204 0B       		.uleb128 0xb
 1900 0205 27       		.uleb128 0x27
 1901 0206 19       		.uleb128 0x19
 1902 0207 49       		.uleb128 0x49
 1903 0208 13       		.uleb128 0x13
 1904 0209 3C       		.uleb128 0x3c
 1905 020a 19       		.uleb128 0x19
 1906 020b 01       		.uleb128 0x1
 1907 020c 13       		.uleb128 0x13
 1908 020d 00       		.byte	0
 1909 020e 00       		.byte	0
 1910 020f 27       		.uleb128 0x27
 1911 0210 2E       		.uleb128 0x2e
 1912 0211 00       		.byte	0
 1913 0212 3F       		.uleb128 0x3f
 1914 0213 19       		.uleb128 0x19
 1915 0214 03       		.uleb128 0x3
 1916 0215 0E       		.uleb128 0xe
 1917 0216 3A       		.uleb128 0x3a
 1918 0217 0B       		.uleb128 0xb
 1919 0218 3B       		.uleb128 0x3b
 1920 0219 0B       		.uleb128 0xb
 1921 021a 27       		.uleb128 0x27
 1922 021b 19       		.uleb128 0x19
 1923 021c 3C       		.uleb128 0x3c
 1924 021d 19       		.uleb128 0x19
 1925 021e 00       		.byte	0
 1926 021f 00       		.byte	0
 1927 0220 28       		.uleb128 0x28
ARM GAS  C:\Users\jaohe\AppData\Local\Temp\cc6boh2Y.s 			page 37


 1928 0221 2E       		.uleb128 0x2e
 1929 0222 00       		.byte	0
 1930 0223 3F       		.uleb128 0x3f
 1931 0224 19       		.uleb128 0x19
 1932 0225 03       		.uleb128 0x3
 1933 0226 0E       		.uleb128 0xe
 1934 0227 3A       		.uleb128 0x3a
 1935 0228 0B       		.uleb128 0xb
 1936 0229 3B       		.uleb128 0x3b
 1937 022a 0B       		.uleb128 0xb
 1938 022b 27       		.uleb128 0x27
 1939 022c 19       		.uleb128 0x19
 1940 022d 49       		.uleb128 0x49
 1941 022e 13       		.uleb128 0x13
 1942 022f 3C       		.uleb128 0x3c
 1943 0230 19       		.uleb128 0x19
 1944 0231 00       		.byte	0
 1945 0232 00       		.byte	0
 1946 0233 00       		.byte	0
 1947              		.section	.debug_aranges,"",%progbits
 1948 0000 24000000 		.4byte	0x24
 1949 0004 0200     		.2byte	0x2
 1950 0006 00000000 		.4byte	.Ldebug_info0
 1951 000a 04       		.byte	0x4
 1952 000b 00       		.byte	0
 1953 000c 0000     		.2byte	0
 1954 000e 0000     		.2byte	0
 1955 0010 00000000 		.4byte	.LFB64
 1956 0014 74000000 		.4byte	.LFE64-.LFB64
 1957 0018 00000000 		.4byte	.LFB63
 1958 001c 3C000000 		.4byte	.LFE63-.LFB63
 1959 0020 00000000 		.4byte	0
 1960 0024 00000000 		.4byte	0
 1961              		.section	.debug_ranges,"",%progbits
 1962              	.Ldebug_ranges0:
 1963 0000 00000000 		.4byte	.LFB64
 1964 0004 74000000 		.4byte	.LFE64
 1965 0008 00000000 		.4byte	.LFB63
 1966 000c 3C000000 		.4byte	.LFE63
 1967 0010 00000000 		.4byte	0
 1968 0014 00000000 		.4byte	0
 1969              		.section	.debug_line,"",%progbits
 1970              	.Ldebug_line0:
 1971 0000 9F020000 		.section	.debug_str,"MS",%progbits,1
 1971      02006002 
 1971      00000201 
 1971      FB0E0D00 
 1971      01010101 
 1972              	.LASF26:
 1973 0000 70446174 		.ascii	"pData\000"
 1973      6100
 1974              	.LASF21:
 1975 0006 704C6973 		.ascii	"pList\000"
 1975      7400
 1976              	.LASF91:
 1977 000c 4755495F 		.ascii	"GUI_SetBkColor\000"
 1977      53657442 
ARM GAS  C:\Users\jaohe\AppData\Local\Temp\cc6boh2Y.s 			page 38


 1977      6B436F6C 
 1977      6F7200
 1978              	.LASF27:
 1979 001b 4755495F 		.ascii	"GUI_CHARINFO\000"
 1979      43484152 
 1979      494E464F 
 1979      00
 1980              	.LASF59:
 1981 0028 70664973 		.ascii	"pfIsInFont\000"
 1981      496E466F 
 1981      6E7400
 1982              	.LASF34:
 1983 0033 4755495F 		.ascii	"GUI_FONT_PROP\000"
 1983      464F4E54 
 1983      5F50524F 
 1983      5000
 1984              	.LASF90:
 1985 0041 4755495F 		.ascii	"GUI_DispStringHCenterAt\000"
 1985      44697370 
 1985      53747269 
 1985      6E674843 
 1985      656E7465 
 1986              	.LASF48:
 1987 0059 74475549 		.ascii	"tGUI_GetLineDistX\000"
 1987      5F476574 
 1987      4C696E65 
 1987      44697374 
 1987      5800
 1988              	.LASF4:
 1989 006b 73686F72 		.ascii	"short int\000"
 1989      7420696E 
 1989      7400
 1990              	.LASF1:
 1991 0075 73697A65 		.ascii	"size_t\000"
 1991      5F7400
 1992              	.LASF74:
 1993 007c 73697A65 		.ascii	"sizetype\000"
 1993      74797065 
 1993      00
 1994              	.LASF83:
 1995 0085 61635465 		.ascii	"acText\000"
 1995      787400
 1996              	.LASF82:
 1997 008c 52656374 		.ascii	"Rect\000"
 1997      00
 1998              	.LASF52:
 1999 0091 70664765 		.ascii	"pfGetLineLen\000"
 1999      744C696E 
 1999      654C656E 
 1999      00
 2000              	.LASF25:
 2001 009e 42797465 		.ascii	"BytesPerLine\000"
 2001      73506572 
 2001      4C696E65 
 2001      00
 2002              	.LASF41:
 2003 00ab 70547261 		.ascii	"pTrans\000"
ARM GAS  C:\Users\jaohe\AppData\Local\Temp\cc6boh2Y.s 			page 39


 2003      6E7300
 2004              	.LASF39:
 2005 00b2 4755495F 		.ascii	"GUI_FONT_PROP_EXT\000"
 2005      464F4E54 
 2005      5F50524F 
 2005      505F4558 
 2005      5400
 2006              	.LASF85:
 2007 00c4 6D61696E 		.ascii	"main\000"
 2007      00
 2008              	.LASF33:
 2009 00c9 744C4344 		.ascii	"tLCD_APIList_struct\000"
 2009      5F415049 
 2009      4C697374 
 2009      5F737472 
 2009      75637400 
 2010              	.LASF18:
 2011 00dd 4755495F 		.ascii	"GUI_FONT_TRANSLIST\000"
 2011      464F4E54 
 2011      5F545241 
 2011      4E534C49 
 2011      535400
 2012              	.LASF45:
 2013 00f0 4C486569 		.ascii	"LHeight\000"
 2013      67687400 
 2014              	.LASF97:
 2015 00f8 4755495F 		.ascii	"GUI_Init\000"
 2015      496E6974 
 2015      00
 2016              	.LASF2:
 2017 0101 4C43445F 		.ascii	"LCD_COLOR\000"
 2017      434F4C4F 
 2017      5200
 2018              	.LASF64:
 2019 010b 594D6167 		.ascii	"YMag\000"
 2019      00
 2020              	.LASF44:
 2021 0110 42617365 		.ascii	"Baseline\000"
 2021      6C696E65 
 2021      00
 2022              	.LASF23:
 2023 0119 5853697A 		.ascii	"XSize\000"
 2023      6500
 2024              	.LASF71:
 2025 011f 704D6F6E 		.ascii	"pMono\000"
 2025      6F00
 2026              	.LASF46:
 2027 0125 43486569 		.ascii	"CHeight\000"
 2027      67687400 
 2028              	.LASF54:
 2029 012d 74475549 		.ascii	"tGUI_ENC_APIList\000"
 2029      5F454E43 
 2029      5F415049 
 2029      4C697374 
 2029      00
 2030              	.LASF40:
 2031 013e 70547261 		.ascii	"pTransData\000"
ARM GAS  C:\Users\jaohe\AppData\Local\Temp\cc6boh2Y.s 			page 40


 2031      6E734461 
 2031      746100
 2032              	.LASF104:
 2033 0149 433A5C55 		.ascii	"C:\\Users\\jaohe\\EghosaOneDrive\\OneDrive\\Documen"
 2033      73657273 
 2033      5C6A616F 
 2033      68655C45 
 2033      67686F73 
 2034 0177 74735C53 		.ascii	"ts\\Spring 2025\\6.115\\final_project\\taskassistan"
 2034      7072696E 
 2034      67203230 
 2034      32355C36 
 2034      2E313135 
 2035 01a6 745C5446 		.ascii	"t\\TFT_with_emWin\\TFT_with_emWin.cydsn\000"
 2035      545F7769 
 2035      74685F65 
 2035      6D57696E 
 2035      5C544654 
 2036              	.LASF56:
 2037 01cc 70664469 		.ascii	"pfDispChar\000"
 2037      73704368 
 2037      617200
 2038              	.LASF9:
 2039 01d7 744C4344 		.ascii	"tLCD_DrawBitmap\000"
 2039      5F447261 
 2039      77426974 
 2039      6D617000 
 2040              	.LASF29:
 2041 01e7 58506F73 		.ascii	"XPos\000"
 2041      00
 2042              	.LASF43:
 2043 01ec 466C6167 		.ascii	"Flags\000"
 2043      7300
 2044              	.LASF80:
 2045 01f2 666C6F61 		.ascii	"float\000"
 2045      7400
 2046              	.LASF22:
 2047 01f8 4755495F 		.ascii	"GUI_FONT_TRANSINFO\000"
 2047      464F4E54 
 2047      5F545241 
 2047      4E53494E 
 2047      464F00
 2048              	.LASF61:
 2049 020b 70616645 		.ascii	"pafEncode\000"
 2049      6E636F64 
 2049      6500
 2050              	.LASF37:
 2051 0215 70614368 		.ascii	"paCharInfo\000"
 2051      6172496E 
 2051      666F00
 2052              	.LASF77:
 2053 0220 6C6F6E67 		.ascii	"long long unsigned int\000"
 2053      206C6F6E 
 2053      6720756E 
 2053      7369676E 
 2053      65642069 
 2054              	.LASF38:
ARM GAS  C:\Users\jaohe\AppData\Local\Temp\cc6boh2Y.s 			page 41


 2055 0237 704E6578 		.ascii	"pNext\000"
 2055      7400
 2056              	.LASF36:
 2057 023d 4C617374 		.ascii	"Last\000"
 2057      00
 2058              	.LASF8:
 2059 0242 6C6F6E67 		.ascii	"long int\000"
 2059      20696E74 
 2059      00
 2060              	.LASF32:
 2061 024b 4755495F 		.ascii	"GUI_CHARINFO_EXT\000"
 2061      43484152 
 2061      494E464F 
 2061      5F455854 
 2061      00
 2062              	.LASF68:
 2063 025c 4755495F 		.ascii	"GUI_ISINFONT\000"
 2063      4953494E 
 2063      464F4E54 
 2063      00
 2064              	.LASF47:
 2065 0269 4755495F 		.ascii	"GUI_FONTINFO\000"
 2065      464F4E54 
 2065      494E464F 
 2065      00
 2066              	.LASF73:
 2067 0276 7050726F 		.ascii	"pPropExt\000"
 2067      70457874 
 2067      00
 2068              	.LASF69:
 2069 027f 4755495F 		.ascii	"GUI_GETCHARINFO\000"
 2069      47455443 
 2069      48415249 
 2069      4E464F00 
 2070              	.LASF13:
 2071 028f 70665472 		.ascii	"pfTransformRect\000"
 2071      616E7366 
 2071      6F726D52 
 2071      65637400 
 2072              	.LASF65:
 2073 029f 4755495F 		.ascii	"GUI_DISPCHAR\000"
 2073      44495350 
 2073      43484152 
 2073      00
 2074              	.LASF15:
 2075 02ac 4755495F 		.ascii	"GUI_COLOR\000"
 2075      434F4C4F 
 2075      5200
 2076              	.LASF99:
 2077 02b6 4241434B 		.ascii	"BACK_BTN_Read\000"
 2077      5F42544E 
 2077      5F526561 
 2077      6400
 2078              	.LASF79:
 2079 02c4 75696E74 		.ascii	"uint8\000"
 2079      3800
 2080              	.LASF5:
ARM GAS  C:\Users\jaohe\AppData\Local\Temp\cc6boh2Y.s 			page 42


 2081 02ca 4C43445F 		.ascii	"LCD_RECT\000"
 2081      52454354 
 2081      00
 2082              	.LASF7:
 2083 02d3 756E7369 		.ascii	"unsigned char\000"
 2083      676E6564 
 2083      20636861 
 2083      7200
 2084              	.LASF60:
 2085 02e1 70664765 		.ascii	"pfGetCharInfo\000"
 2085      74436861 
 2085      72496E66 
 2085      6F00
 2086              	.LASF53:
 2087 02ef 70664469 		.ascii	"pfDispLine\000"
 2087      73704C69 
 2087      6E6500
 2088              	.LASF31:
 2089 02fa 7369676E 		.ascii	"signed char\000"
 2089      65642063 
 2089      68617200 
 2090              	.LASF101:
 2091 0306 61637469 		.ascii	"action_select\000"
 2091      6F6E5F73 
 2091      656C6563 
 2091      7400
 2092              	.LASF24:
 2093 0314 58446973 		.ascii	"XDist\000"
 2093      7400
 2094              	.LASF0:
 2095 031a 756E7369 		.ascii	"unsigned int\000"
 2095      676E6564 
 2095      20696E74 
 2095      00
 2096              	.LASF30:
 2097 0327 59506F73 		.ascii	"YPos\000"
 2097      00
 2098              	.LASF66:
 2099 032c 4755495F 		.ascii	"GUI_GETCHARDISTX\000"
 2099      47455443 
 2099      48415244 
 2099      49535458 
 2099      00
 2100              	.LASF28:
 2101 033d 5953697A 		.ascii	"YSize\000"
 2101      6500
 2102              	.LASF70:
 2103 0343 70466F6E 		.ascii	"pFontData\000"
 2103      74446174 
 2103      6100
 2104              	.LASF12:
 2105 034d 70665265 		.ascii	"pfRect2TextRect\000"
 2105      63743254 
 2105      65787452 
 2105      65637400 
 2106              	.LASF6:
 2107 035d 63686172 		.ascii	"char\000"
ARM GAS  C:\Users\jaohe\AppData\Local\Temp\cc6boh2Y.s 			page 43


 2107      00
 2108              	.LASF19:
 2109 0362 46697273 		.ascii	"FirstChar\000"
 2109      74436861 
 2109      7200
 2110              	.LASF51:
 2111 036c 70664765 		.ascii	"pfGetLineDistX\000"
 2111      744C696E 
 2111      65446973 
 2111      745800
 2112              	.LASF93:
 2113 037b 7374726C 		.ascii	"strlen\000"
 2113      656E00
 2114              	.LASF78:
 2115 0382 696E7433 		.ascii	"int32_t\000"
 2115      325F7400 
 2116              	.LASF55:
 2117 038a 4755495F 		.ascii	"GUI_FONT\000"
 2117      464F4E54 
 2117      00
 2118              	.LASF17:
 2119 0393 73686F72 		.ascii	"short unsigned int\000"
 2119      7420756E 
 2119      7369676E 
 2119      65642069 
 2119      6E7400
 2120              	.LASF89:
 2121 03a6 4755495F 		.ascii	"GUI_DispStringAt\000"
 2121      44697370 
 2121      53747269 
 2121      6E674174 
 2121      00
 2122              	.LASF88:
 2123 03b7 66736D53 		.ascii	"fsmState\000"
 2123      74617465 
 2123      00
 2124              	.LASF11:
 2125 03c0 70664472 		.ascii	"pfDrawBitmap\000"
 2125      61774269 
 2125      746D6170 
 2125      00
 2126              	.LASF100:
 2127 03cd 4755495F 		.ascii	"GUI_Delay\000"
 2127      44656C61 
 2127      7900
 2128              	.LASF98:
 2129 03d7 464F5257 		.ascii	"FORWARD_BTN_Read\000"
 2129      4152445F 
 2129      42544E5F 
 2129      52656164 
 2129      00
 2130              	.LASF3:
 2131 03e8 6C6F6E67 		.ascii	"long unsigned int\000"
 2131      20756E73 
 2131      69676E65 
 2131      6420696E 
 2131      7400
ARM GAS  C:\Users\jaohe\AppData\Local\Temp\cc6boh2Y.s 			page 44


 2132              	.LASF67:
 2133 03fa 4755495F 		.ascii	"GUI_GETFONTINFO\000"
 2133      47455446 
 2133      4F4E5449 
 2133      4E464F00 
 2134              	.LASF81:
 2135 040a 646F7562 		.ascii	"double\000"
 2135      6C6500
 2136              	.LASF92:
 2137 0411 4755495F 		.ascii	"GUI_SetFont\000"
 2137      53657446 
 2137      6F6E7400 
 2138              	.LASF35:
 2139 041d 46697273 		.ascii	"First\000"
 2139      7400
 2140              	.LASF42:
 2141 0423 4755495F 		.ascii	"GUI_FONT_MONO\000"
 2141      464F4E54 
 2141      5F4D4F4E 
 2141      4F00
 2142              	.LASF84:
 2143 0431 4D61696E 		.ascii	"MainTask\000"
 2143      5461736B 
 2143      00
 2144              	.LASF103:
 2145 043a 2E5C6D61 		.ascii	".\\main.c\000"
 2145      696E2E63 
 2145      00
 2146              	.LASF75:
 2147 0443 5F5F696E 		.ascii	"__int32_t\000"
 2147      7433325F 
 2147      7400
 2148              	.LASF102:
 2149 044d 474E5520 		.ascii	"GNU C 4.9.3 20150303 (release) [ARM/embedded-4_9-br"
 2149      4320342E 
 2149      392E3320 
 2149      32303135 
 2149      30333033 
 2150 0480 616E6368 		.ascii	"anch revision 221220] -mcpu=cortex-m3 -mthumb -g -O"
 2150      20726576 
 2150      6973696F 
 2150      6E203232 
 2150      31323230 
 2151 04b3 67202D66 		.ascii	"g -ffunction-sections -ffat-lto-objects\000"
 2151      66756E63 
 2151      74696F6E 
 2151      2D736563 
 2151      74696F6E 
 2152              	.LASF57:
 2153 04db 70664765 		.ascii	"pfGetCharDistX\000"
 2153      74436861 
 2153      72446973 
 2153      745800
 2154              	.LASF10:
 2155 04ea 74526563 		.ascii	"tRect2TextRect\000"
 2155      74325465 
 2155      78745265 
ARM GAS  C:\Users\jaohe\AppData\Local\Temp\cc6boh2Y.s 			page 45


 2155      637400
 2156              	.LASF63:
 2157 04f9 584D6167 		.ascii	"XMag\000"
 2157      00
 2158              	.LASF86:
 2159 04fe 4755495F 		.ascii	"GUI_Font8x16\000"
 2159      466F6E74 
 2159      38783136 
 2159      00
 2160              	.LASF62:
 2161 050b 59446973 		.ascii	"YDist\000"
 2161      7400
 2162              	.LASF49:
 2163 0511 74475549 		.ascii	"tGUI_GetLineLen\000"
 2163      5F476574 
 2163      4C696E65 
 2163      4C656E00 
 2164              	.LASF96:
 2165 0521 5350494D 		.ascii	"SPIM_1_Start\000"
 2165      5F315F53 
 2165      74617274 
 2165      00
 2166              	.LASF87:
 2167 052e 49544D5F 		.ascii	"ITM_RxBuffer\000"
 2167      52784275 
 2167      66666572 
 2167      00
 2168              	.LASF72:
 2169 053b 7050726F 		.ascii	"pProp\000"
 2169      7000
 2170              	.LASF58:
 2171 0541 70664765 		.ascii	"pfGetFontInfo\000"
 2171      74466F6E 
 2171      74496E66 
 2171      6F00
 2172              	.LASF14:
 2173 054f 744C4344 		.ascii	"tLCD_APIList\000"
 2173      5F415049 
 2173      4C697374 
 2173      00
 2174              	.LASF94:
 2175 055c 4755495F 		.ascii	"GUI_DispStringInRectEx\000"
 2175      44697370 
 2175      53747269 
 2175      6E67496E 
 2175      52656374 
 2176              	.LASF50:
 2177 0573 74474C5F 		.ascii	"tGL_DispLine\000"
 2177      44697370 
 2177      4C696E65 
 2177      00
 2178              	.LASF76:
 2179 0580 6C6F6E67 		.ascii	"long long int\000"
 2179      206C6F6E 
 2179      6720696E 
 2179      7400
 2180              	.LASF95:
ARM GAS  C:\Users\jaohe\AppData\Local\Temp\cc6boh2Y.s 			page 46


 2181 058e 4755495F 		.ascii	"GUI_Clear\000"
 2181      436C6561 
 2181      7200
 2182              	.LASF16:
 2183 0598 4755495F 		.ascii	"GUI_RECT\000"
 2183      52454354 
 2183      00
 2184              	.LASF20:
 2185 05a1 4C617374 		.ascii	"LastChar\000"
 2185      43686172 
 2185      00
 2186              		.ident	"GCC: (GNU Tools for ARM Embedded Processors) 4.9.3 20150303 (release) [ARM/embedded-4_9-br
