ARM GAS  C:\Users\jaohe\AppData\Local\Temp\ccXCWcKA.s 			page 1


   1              		.syntax unified
   2              		.cpu cortex-m3
   3              		.fpu softvfp
   4              		.eabi_attribute 20, 1
   5              		.eabi_attribute 21, 1
   6              		.eabi_attribute 23, 3
   7              		.eabi_attribute 24, 1
   8              		.eabi_attribute 25, 1
   9              		.eabi_attribute 26, 1
  10              		.eabi_attribute 30, 1
  11              		.eabi_attribute 34, 1
  12              		.eabi_attribute 18, 4
  13              		.thumb
  14              		.file	"sound.c"
  15              		.text
  16              	.Ltext0:
  17              		.cfi_sections	.debug_frame
  18              		.global	sine_values
  19              		.bss
  20              		.align	2
  21              		.type	sine_values, %object
  22              		.size	sine_values, 0
  23              	sine_values:
  24              		.text
  25              	.Letext0:
  26              		.file 1 "c:\\program files (x86)\\cypress\\psoc creator\\3.3\\psoc creator\\import\\gnu\\arm\\4.9.
  27              		.file 2 "c:\\program files (x86)\\cypress\\psoc creator\\3.3\\psoc creator\\import\\gnu\\arm\\4.9.
  28              		.file 3 "Generated_Source\\PSoC5/core_cm3.h"
  29              		.file 4 ".\\sound.c"
  30              		.section	.debug_info,"",%progbits
  31              	.Ldebug_info0:
  32 0000 EB000000 		.4byte	0xeb
  33 0004 0400     		.2byte	0x4
  34 0006 00000000 		.4byte	.Ldebug_abbrev0
  35 000a 04       		.byte	0x4
  36 000b 01       		.uleb128 0x1
  37 000c 40000000 		.4byte	.LASF21
  38 0010 01       		.byte	0x1
  39 0011 9D010000 		.4byte	.LASF22
  40 0015 D8000000 		.4byte	.LASF23
  41 0019 00000000 		.4byte	.Ldebug_line0
  42 001d 02       		.uleb128 0x2
  43 001e 01       		.byte	0x1
  44 001f 06       		.byte	0x6
  45 0020 C4010000 		.4byte	.LASF0
  46 0024 03       		.uleb128 0x3
  47 0025 CE000000 		.4byte	.LASF4
  48 0029 01       		.byte	0x1
  49 002a 1D       		.byte	0x1d
  50 002b 2F000000 		.4byte	0x2f
  51 002f 02       		.uleb128 0x2
  52 0030 01       		.byte	0x1
  53 0031 08       		.byte	0x8
  54 0032 7A010000 		.4byte	.LASF1
  55 0036 02       		.uleb128 0x2
  56 0037 02       		.byte	0x2
  57 0038 05       		.byte	0x5
ARM GAS  C:\Users\jaohe\AppData\Local\Temp\ccXCWcKA.s 			page 2


  58 0039 E0010000 		.4byte	.LASF2
  59 003d 02       		.uleb128 0x2
  60 003e 02       		.byte	0x2
  61 003f 07       		.byte	0x7
  62 0040 0E000000 		.4byte	.LASF3
  63 0044 03       		.uleb128 0x3
  64 0045 D0010000 		.4byte	.LASF5
  65 0049 01       		.byte	0x1
  66 004a 3F       		.byte	0x3f
  67 004b 4F000000 		.4byte	0x4f
  68 004f 02       		.uleb128 0x2
  69 0050 04       		.byte	0x4
  70 0051 05       		.byte	0x5
  71 0052 8D010000 		.4byte	.LASF6
  72 0056 02       		.uleb128 0x2
  73 0057 04       		.byte	0x4
  74 0058 07       		.byte	0x7
  75 0059 2E000000 		.4byte	.LASF7
  76 005d 02       		.uleb128 0x2
  77 005e 08       		.byte	0x8
  78 005f 05       		.byte	0x5
  79 0060 00000000 		.4byte	.LASF8
  80 0064 02       		.uleb128 0x2
  81 0065 08       		.byte	0x8
  82 0066 07       		.byte	0x7
  83 0067 5B010000 		.4byte	.LASF9
  84 006b 04       		.uleb128 0x4
  85 006c 04       		.byte	0x4
  86 006d 05       		.byte	0x5
  87 006e 696E7400 		.ascii	"int\000"
  88 0072 02       		.uleb128 0x2
  89 0073 04       		.byte	0x4
  90 0074 07       		.byte	0x7
  91 0075 21000000 		.4byte	.LASF10
  92 0079 03       		.uleb128 0x3
  93 007a 72010000 		.4byte	.LASF11
  94 007e 02       		.byte	0x2
  95 007f 15       		.byte	0x15
  96 0080 24000000 		.4byte	0x24
  97 0084 03       		.uleb128 0x3
  98 0085 EA010000 		.4byte	.LASF12
  99 0089 02       		.byte	0x2
 100 008a 2C       		.byte	0x2c
 101 008b 44000000 		.4byte	0x44
 102 008f 02       		.uleb128 0x2
 103 0090 04       		.byte	0x4
 104 0091 04       		.byte	0x4
 105 0092 DA010000 		.4byte	.LASF13
 106 0096 02       		.uleb128 0x2
 107 0097 08       		.byte	0x8
 108 0098 04       		.byte	0x4
 109 0099 96010000 		.4byte	.LASF14
 110 009d 02       		.uleb128 0x2
 111 009e 01       		.byte	0x1
 112 009f 08       		.byte	0x8
 113 00a0 88010000 		.4byte	.LASF15
 114 00a4 02       		.uleb128 0x2
ARM GAS  C:\Users\jaohe\AppData\Local\Temp\ccXCWcKA.s 			page 3


 115 00a5 04       		.byte	0x4
 116 00a6 07       		.byte	0x7
 117 00a7 FE010000 		.4byte	.LASF16
 118 00ab 02       		.uleb128 0x2
 119 00ac 01       		.byte	0x1
 120 00ad 02       		.byte	0x2
 121 00ae A7010000 		.4byte	.LASF17
 122 00b2 05       		.uleb128 0x5
 123 00b3 B7010000 		.4byte	.LASF19
 124 00b7 03       		.byte	0x3
 125 00b8 2A06     		.2byte	0x62a
 126 00ba BE000000 		.4byte	0xbe
 127 00be 06       		.uleb128 0x6
 128 00bf 84000000 		.4byte	0x84
 129 00c3 07       		.uleb128 0x7
 130 00c4 79000000 		.4byte	0x79
 131 00c8 D6000000 		.4byte	0xd6
 132 00cc 08       		.uleb128 0x8
 133 00cd D6000000 		.4byte	0xd6
 134 00d1 FFFFFFFF 		.4byte	0xffffffff
 135 00d5 00       		.byte	0
 136 00d6 02       		.uleb128 0x2
 137 00d7 04       		.byte	0x4
 138 00d8 05       		.byte	0x5
 139 00d9 AD010000 		.4byte	.LASF18
 140 00dd 09       		.uleb128 0x9
 141 00de F2010000 		.4byte	.LASF20
 142 00e2 04       		.byte	0x4
 143 00e3 15       		.byte	0x15
 144 00e4 C3000000 		.4byte	0xc3
 145 00e8 05       		.uleb128 0x5
 146 00e9 03       		.byte	0x3
 147 00ea 00000000 		.4byte	sine_values
 148 00ee 00       		.byte	0
 149              		.section	.debug_abbrev,"",%progbits
 150              	.Ldebug_abbrev0:
 151 0000 01       		.uleb128 0x1
 152 0001 11       		.uleb128 0x11
 153 0002 01       		.byte	0x1
 154 0003 25       		.uleb128 0x25
 155 0004 0E       		.uleb128 0xe
 156 0005 13       		.uleb128 0x13
 157 0006 0B       		.uleb128 0xb
 158 0007 03       		.uleb128 0x3
 159 0008 0E       		.uleb128 0xe
 160 0009 1B       		.uleb128 0x1b
 161 000a 0E       		.uleb128 0xe
 162 000b 10       		.uleb128 0x10
 163 000c 17       		.uleb128 0x17
 164 000d 00       		.byte	0
 165 000e 00       		.byte	0
 166 000f 02       		.uleb128 0x2
 167 0010 24       		.uleb128 0x24
 168 0011 00       		.byte	0
 169 0012 0B       		.uleb128 0xb
 170 0013 0B       		.uleb128 0xb
 171 0014 3E       		.uleb128 0x3e
ARM GAS  C:\Users\jaohe\AppData\Local\Temp\ccXCWcKA.s 			page 4


 172 0015 0B       		.uleb128 0xb
 173 0016 03       		.uleb128 0x3
 174 0017 0E       		.uleb128 0xe
 175 0018 00       		.byte	0
 176 0019 00       		.byte	0
 177 001a 03       		.uleb128 0x3
 178 001b 16       		.uleb128 0x16
 179 001c 00       		.byte	0
 180 001d 03       		.uleb128 0x3
 181 001e 0E       		.uleb128 0xe
 182 001f 3A       		.uleb128 0x3a
 183 0020 0B       		.uleb128 0xb
 184 0021 3B       		.uleb128 0x3b
 185 0022 0B       		.uleb128 0xb
 186 0023 49       		.uleb128 0x49
 187 0024 13       		.uleb128 0x13
 188 0025 00       		.byte	0
 189 0026 00       		.byte	0
 190 0027 04       		.uleb128 0x4
 191 0028 24       		.uleb128 0x24
 192 0029 00       		.byte	0
 193 002a 0B       		.uleb128 0xb
 194 002b 0B       		.uleb128 0xb
 195 002c 3E       		.uleb128 0x3e
 196 002d 0B       		.uleb128 0xb
 197 002e 03       		.uleb128 0x3
 198 002f 08       		.uleb128 0x8
 199 0030 00       		.byte	0
 200 0031 00       		.byte	0
 201 0032 05       		.uleb128 0x5
 202 0033 34       		.uleb128 0x34
 203 0034 00       		.byte	0
 204 0035 03       		.uleb128 0x3
 205 0036 0E       		.uleb128 0xe
 206 0037 3A       		.uleb128 0x3a
 207 0038 0B       		.uleb128 0xb
 208 0039 3B       		.uleb128 0x3b
 209 003a 05       		.uleb128 0x5
 210 003b 49       		.uleb128 0x49
 211 003c 13       		.uleb128 0x13
 212 003d 3F       		.uleb128 0x3f
 213 003e 19       		.uleb128 0x19
 214 003f 3C       		.uleb128 0x3c
 215 0040 19       		.uleb128 0x19
 216 0041 00       		.byte	0
 217 0042 00       		.byte	0
 218 0043 06       		.uleb128 0x6
 219 0044 35       		.uleb128 0x35
 220 0045 00       		.byte	0
 221 0046 49       		.uleb128 0x49
 222 0047 13       		.uleb128 0x13
 223 0048 00       		.byte	0
 224 0049 00       		.byte	0
 225 004a 07       		.uleb128 0x7
 226 004b 01       		.uleb128 0x1
 227 004c 01       		.byte	0x1
 228 004d 49       		.uleb128 0x49
ARM GAS  C:\Users\jaohe\AppData\Local\Temp\ccXCWcKA.s 			page 5


 229 004e 13       		.uleb128 0x13
 230 004f 01       		.uleb128 0x1
 231 0050 13       		.uleb128 0x13
 232 0051 00       		.byte	0
 233 0052 00       		.byte	0
 234 0053 08       		.uleb128 0x8
 235 0054 21       		.uleb128 0x21
 236 0055 00       		.byte	0
 237 0056 49       		.uleb128 0x49
 238 0057 13       		.uleb128 0x13
 239 0058 2F       		.uleb128 0x2f
 240 0059 06       		.uleb128 0x6
 241 005a 00       		.byte	0
 242 005b 00       		.byte	0
 243 005c 09       		.uleb128 0x9
 244 005d 34       		.uleb128 0x34
 245 005e 00       		.byte	0
 246 005f 03       		.uleb128 0x3
 247 0060 0E       		.uleb128 0xe
 248 0061 3A       		.uleb128 0x3a
 249 0062 0B       		.uleb128 0xb
 250 0063 3B       		.uleb128 0x3b
 251 0064 0B       		.uleb128 0xb
 252 0065 49       		.uleb128 0x49
 253 0066 13       		.uleb128 0x13
 254 0067 3F       		.uleb128 0x3f
 255 0068 19       		.uleb128 0x19
 256 0069 02       		.uleb128 0x2
 257 006a 18       		.uleb128 0x18
 258 006b 00       		.byte	0
 259 006c 00       		.byte	0
 260 006d 00       		.byte	0
 261              		.section	.debug_aranges,"",%progbits
 262 0000 14000000 		.4byte	0x14
 263 0004 0200     		.2byte	0x2
 264 0006 00000000 		.4byte	.Ldebug_info0
 265 000a 04       		.byte	0x4
 266 000b 00       		.byte	0
 267 000c 0000     		.2byte	0
 268 000e 0000     		.2byte	0
 269 0010 00000000 		.4byte	0
 270 0014 00000000 		.4byte	0
 271              		.section	.debug_line,"",%progbits
 272              	.Ldebug_line0:
 273 0000 43010000 		.section	.debug_str,"MS",%progbits,1
 273      02003D01 
 273      00000201 
 273      FB0E0D00 
 273      01010101 
 274              	.LASF8:
 275 0000 6C6F6E67 		.ascii	"long long int\000"
 275      206C6F6E 
 275      6720696E 
 275      7400
 276              	.LASF3:
 277 000e 73686F72 		.ascii	"short unsigned int\000"
 277      7420756E 
ARM GAS  C:\Users\jaohe\AppData\Local\Temp\ccXCWcKA.s 			page 6


 277      7369676E 
 277      65642069 
 277      6E7400
 278              	.LASF10:
 279 0021 756E7369 		.ascii	"unsigned int\000"
 279      676E6564 
 279      20696E74 
 279      00
 280              	.LASF7:
 281 002e 6C6F6E67 		.ascii	"long unsigned int\000"
 281      20756E73 
 281      69676E65 
 281      6420696E 
 281      7400
 282              	.LASF21:
 283 0040 474E5520 		.ascii	"GNU C 4.9.3 20150303 (release) [ARM/embedded-4_9-br"
 283      4320342E 
 283      392E3320 
 283      32303135 
 283      30333033 
 284 0073 616E6368 		.ascii	"anch revision 221220] -mcpu=cortex-m3 -mthumb -g -O"
 284      20726576 
 284      6973696F 
 284      6E203232 
 284      31323230 
 285 00a6 67202D66 		.ascii	"g -ffunction-sections -ffat-lto-objects\000"
 285      66756E63 
 285      74696F6E 
 285      2D736563 
 285      74696F6E 
 286              	.LASF4:
 287 00ce 5F5F7569 		.ascii	"__uint8_t\000"
 287      6E74385F 
 287      7400
 288              	.LASF23:
 289 00d8 433A5C55 		.ascii	"C:\\Users\\jaohe\\EghosaOneDrive\\OneDrive\\Documen"
 289      73657273 
 289      5C6A616F 
 289      68655C45 
 289      67686F73 
 290 0106 74735C53 		.ascii	"ts\\Spring 2025\\6.115\\final_project\\taskassistan"
 290      7072696E 
 290      67203230 
 290      32355C36 
 290      2E313135 
 291 0135 745C5446 		.ascii	"t\\TFT_with_emWin\\TFT_with_emWin.cydsn\000"
 291      545F7769 
 291      74685F65 
 291      6D57696E 
 291      5C544654 
 292              	.LASF9:
 293 015b 6C6F6E67 		.ascii	"long long unsigned int\000"
 293      206C6F6E 
 293      6720756E 
 293      7369676E 
 293      65642069 
 294              	.LASF11:
ARM GAS  C:\Users\jaohe\AppData\Local\Temp\ccXCWcKA.s 			page 7


 295 0172 75696E74 		.ascii	"uint8_t\000"
 295      385F7400 
 296              	.LASF1:
 297 017a 756E7369 		.ascii	"unsigned char\000"
 297      676E6564 
 297      20636861 
 297      7200
 298              	.LASF15:
 299 0188 63686172 		.ascii	"char\000"
 299      00
 300              	.LASF6:
 301 018d 6C6F6E67 		.ascii	"long int\000"
 301      20696E74 
 301      00
 302              	.LASF14:
 303 0196 646F7562 		.ascii	"double\000"
 303      6C6500
 304              	.LASF22:
 305 019d 2E5C736F 		.ascii	".\\sound.c\000"
 305      756E642E 
 305      6300
 306              	.LASF17:
 307 01a7 5F426F6F 		.ascii	"_Bool\000"
 307      6C00
 308              	.LASF18:
 309 01ad 7373697A 		.ascii	"ssizetype\000"
 309      65747970 
 309      6500
 310              	.LASF19:
 311 01b7 49544D5F 		.ascii	"ITM_RxBuffer\000"
 311      52784275 
 311      66666572 
 311      00
 312              	.LASF0:
 313 01c4 7369676E 		.ascii	"signed char\000"
 313      65642063 
 313      68617200 
 314              	.LASF5:
 315 01d0 5F5F696E 		.ascii	"__int32_t\000"
 315      7433325F 
 315      7400
 316              	.LASF13:
 317 01da 666C6F61 		.ascii	"float\000"
 317      7400
 318              	.LASF2:
 319 01e0 73686F72 		.ascii	"short int\000"
 319      7420696E 
 319      7400
 320              	.LASF12:
 321 01ea 696E7433 		.ascii	"int32_t\000"
 321      325F7400 
 322              	.LASF20:
 323 01f2 73696E65 		.ascii	"sine_values\000"
 323      5F76616C 
 323      75657300 
 324              	.LASF16:
 325 01fe 73697A65 		.ascii	"sizetype\000"
ARM GAS  C:\Users\jaohe\AppData\Local\Temp\ccXCWcKA.s 			page 8


 325      74797065 
 325      00
 326              		.ident	"GCC: (GNU Tools for ARM Embedded Processors) 4.9.3 20150303 (release) [ARM/embedded-4_9-br
