ARM GAS  C:\Users\jaohe\AppData\Local\Temp\ccUZP26m.s 			page 1


   1              		.syntax unified
   2              		.cpu cortex-m3
   3              		.fpu softvfp
   4              		.eabi_attribute 20, 1
   5              		.eabi_attribute 21, 1
   6              		.eabi_attribute 23, 3
   7              		.eabi_attribute 24, 1
   8              		.eabi_attribute 25, 1
   9              		.eabi_attribute 26, 1
  10              		.eabi_attribute 30, 1
  11              		.eabi_attribute 34, 1
  12              		.eabi_attribute 18, 4
  13              		.thumb
  14              		.file	"start_menu.c"
  15              		.text
  16              	.Ltext0:
  17              		.cfi_sections	.debug_frame
  18              		.section	.text.mainTask,"ax",%progbits
  19              		.align	2
  20              		.global	mainTask
  21              		.thumb
  22              		.thumb_func
  23              		.type	mainTask, %function
  24              	mainTask:
  25              	.LFB65:
  26              		.file 1 ".\\start_menu.c"
   1:.\start_menu.c **** /* ========================================
   2:.\start_menu.c ****  *
   3:.\start_menu.c ****  * Copyright YOUR COMPANY, THE YEAR
   4:.\start_menu.c ****  * All Rights Reserved
   5:.\start_menu.c ****  * UNPUBLISHED, LICENSED SOFTWARE.
   6:.\start_menu.c ****  *
   7:.\start_menu.c ****  * CONFIDENTIAL AND PROPRIETARY INFORMATION
   8:.\start_menu.c ****  * WHICH IS THE PROPERTY OF your company.
   9:.\start_menu.c ****  *
  10:.\start_menu.c ****  * ========================================
  11:.\start_menu.c **** */
  12:.\start_menu.c **** 
  13:.\start_menu.c **** /* [] END OF FILE */
  14:.\start_menu.c **** 
  15:.\start_menu.c **** #include "GUI.h"
  16:.\start_menu.c **** #include "DIALOG.h"
  17:.\start_menu.c **** #include <project.h>
  18:.\start_menu.c **** #include "tft.h"
  19:.\start_menu.c **** #include "screens.h"
  20:.\start_menu.c **** #include "WM.h"
  21:.\start_menu.c **** // array of strings holding the names of the actions.
  22:.\start_menu.c **** #define NUM_ACTIONS 6
  23:.\start_menu.c **** 
  24:.\start_menu.c **** 
  25:.\start_menu.c **** static int selected = 0;
  26:.\start_menu.c **** char * menuOptions[] = {
  27:.\start_menu.c ****  "Input Task",
  28:.\start_menu.c ****  "Start Task",
  29:.\start_menu.c ****  "Schedule a Task",
  30:.\start_menu.c ****  "View Today's Calendar",
  31:.\start_menu.c ****  "View Metrics"
ARM GAS  C:\Users\jaohe\AppData\Local\Temp\ccUZP26m.s 			page 2


  32:.\start_menu.c **** };
  33:.\start_menu.c **** 
  34:.\start_menu.c **** int start(){
  35:.\start_menu.c ****     return mainTask();
  36:.\start_menu.c **** }
  37:.\start_menu.c **** 
  38:.\start_menu.c **** static void _cbTaskWindow(WM_MESSAGE* pMsg) {
  39:.\start_menu.c ****     switch (pMsg->MsgId) {
  40:.\start_menu.c ****         case WM_PAINT:
  41:.\start_menu.c ****                 
  42:.\start_menu.c ****             
  43:.\start_menu.c ****             
  44:.\start_menu.c **** //            GUI_SetBkColor(GUI_MAKE_COLOR(COLOR_BG_LIGHT));
  45:.\start_menu.c **** 
  46:.\start_menu.c ****             GUI_SetFont(&GUI_Font16_1);
  47:.\start_menu.c ****             int i;
  48:.\start_menu.c ****             char * string;
  49:.\start_menu.c ****             for (i = 0; i < NUM_ACTIONS; i++) {
  50:.\start_menu.c ****                 string = *(menuOptions + i );
  51:.\start_menu.c ****                 int y = 30 + i * 40;
  52:.\start_menu.c **** 
  53:.\start_menu.c ****                 if (i == selected) {
  54:.\start_menu.c ****                     GUI_SetColor(GUI_MAKE_COLOR(COLOR_ACCENT_PURPLE));
  55:.\start_menu.c ****                     GUI_FillRect(10, y - 5, 230, y + 25);
  56:.\start_menu.c ****                     GUI_SetColor(GUI_WHITE);
  57:.\start_menu.c ****                 } else {
  58:.\start_menu.c ****                     GUI_SetColor(GUI_MAKE_COLOR(COLOR_ACCENT_PURPLE));
  59:.\start_menu.c ****                     GUI_FillRect(10, y - 5, 230, y + 25);
  60:.\start_menu.c ****                     GUI_SetColor(GUI_MAKE_COLOR(COLOR_TEXT_PRIMARY));
  61:.\start_menu.c ****                 }
  62:.\start_menu.c ****                 
  63:.\start_menu.c ****                 GUI_DispStringAt(string, 20, y);
  64:.\start_menu.c ****             }
  65:.\start_menu.c ****             break;
  66:.\start_menu.c ****         default:
  67:.\start_menu.c ****             
  68:.\start_menu.c **** //            GUI_SetBkColor(GUI_MAKE_COLOR(COLOR_BG_LIGHT));
  69:.\start_menu.c **** 
  70:.\start_menu.c ****             GUI_SetFont(&GUI_Font16_1);
  71:.\start_menu.c ****             
  72:.\start_menu.c ****             for (i = 0; i < NUM_ACTIONS; i++) {
  73:.\start_menu.c ****                 string = *(menuOptions + i );
  74:.\start_menu.c ****                 int y = 30 + i * 40;
  75:.\start_menu.c **** 
  76:.\start_menu.c ****                 if (i == selected) {
  77:.\start_menu.c ****                     GUI_SetColor(GUI_MAKE_COLOR(COLOR_ACCENT_PURPLE));
  78:.\start_menu.c ****                     GUI_FillRect(10, y - 5, 230, y + 25);
  79:.\start_menu.c ****                     GUI_SetColor(GUI_WHITE);
  80:.\start_menu.c ****                 } else {
  81:.\start_menu.c ****                     GUI_SetColor(GUI_MAKE_COLOR(COLOR_ACCENT_PURPLE));
  82:.\start_menu.c ****                     GUI_FillRect(10, y - 5, 230, y + 25);
  83:.\start_menu.c ****                     GUI_SetColor(GUI_MAKE_COLOR(COLOR_TEXT_PRIMARY));
  84:.\start_menu.c ****                 }
  85:.\start_menu.c ****                 
  86:.\start_menu.c ****                 GUI_DispStringAt(string, 20, y);
  87:.\start_menu.c ****             }
  88:.\start_menu.c ****             break;
ARM GAS  C:\Users\jaohe\AppData\Local\Temp\ccUZP26m.s 			page 3


  89:.\start_menu.c ****     }
  90:.\start_menu.c **** }
  91:.\start_menu.c **** //GUI_DispStringHCenterAt("Start Screen \nshows how to use a WINDOW widget", CENTERX, 5)
  92:.\start_menu.c **** 
  93:.\start_menu.c **** static uint16 adcResult = 0;
  94:.\start_menu.c **** 
  95:.\start_menu.c **** static WM_HWIN hWin;
  96:.\start_menu.c **** int mainTask(void) {
  27              		.loc 1 96 0
  28              		.cfi_startproc
  29              		@ args = 0, pretend = 0, frame = 0
  30              		@ frame_needed = 0, uses_anonymous_args = 0
  31 0000 10B5     		push	{r4, lr}
  32              		.cfi_def_cfa_offset 8
  33              		.cfi_offset 4, -8
  34              		.cfi_offset 14, -4
  97:.\start_menu.c ****     
  98:.\start_menu.c ****     GUI_Clear();
  35              		.loc 1 98 0
  36 0002 FFF7FEFF 		bl	GUI_Clear
  37              	.LVL0:
  99:.\start_menu.c ****     
 100:.\start_menu.c ****     GUI_SetFont(&GUI_Font8x16);
  38              		.loc 1 100 0
  39 0006 2C4C     		ldr	r4, .L13
  40 0008 2046     		mov	r0, r4
  41 000a FFF7FEFF 		bl	GUI_SetFont
  42              	.LVL1:
 101:.\start_menu.c ****     GUI_SetColor(GUI_MAKE_COLOR(COLOR_TEXT_PRIMARY));
  43              		.loc 1 101 0
  44 000e 2B48     		ldr	r0, .L13+4
  45 0010 FFF7FEFF 		bl	GUI_SetColor
  46              	.LVL2:
 102:.\start_menu.c ****     GUI_DispStringHCenterAt("Start Menu", CENTERX, 5);
  47              		.loc 1 102 0
  48 0014 2A48     		ldr	r0, .L13+8
  49 0016 7821     		movs	r1, #120
  50 0018 0522     		movs	r2, #5
  51 001a FFF7FEFF 		bl	GUI_DispStringHCenterAt
  52              	.LVL3:
 103:.\start_menu.c ****     CyDelay(500);
  53              		.loc 1 103 0
  54 001e 4FF4FA70 		mov	r0, #500
  55 0022 FFF7FEFF 		bl	CyDelay
  56              	.LVL4:
 104:.\start_menu.c ****     GUI_SetFont(&GUI_Font8x16);
  57              		.loc 1 104 0
  58 0026 2046     		mov	r0, r4
  59 0028 FFF7FEFF 		bl	GUI_SetFont
  60              	.LVL5:
 105:.\start_menu.c ****     GUI_DispStringHCenterAt("Select Function", CENTERX, 30);
  61              		.loc 1 105 0
  62 002c 2548     		ldr	r0, .L13+12
  63 002e 7821     		movs	r1, #120
  64 0030 1E22     		movs	r2, #30
  65 0032 FFF7FEFF 		bl	GUI_DispStringHCenterAt
  66              	.LVL6:
ARM GAS  C:\Users\jaohe\AppData\Local\Temp\ccUZP26m.s 			page 4


 106:.\start_menu.c ****     //hWin = WM_CreateWindow(0, 30, 240, 300, WM_CF_SHOW, _cbTaskWindow, 0);
 107:.\start_menu.c **** 
 108:.\start_menu.c ****     //WM_SetCreateFlags(WM_CF_MEMDEV);  // For smooth redraws
 109:.\start_menu.c ****     
 110:.\start_menu.c **** 
 111:.\start_menu.c ****     ADC_DelSig_1_Start();				// start the ADC_DelSig_1
  67              		.loc 1 111 0
  68 0036 FFF7FEFF 		bl	ADC_DelSig_1_Start
  69              	.LVL7:
 112:.\start_menu.c **** 	ADC_DelSig_1_StartConvert();		// start the ADC_DelSig_1 conversion
  70              		.loc 1 112 0
  71 003a FFF7FEFF 		bl	ADC_DelSig_1_StartConvert
  72              	.LVL8:
  73              	.L5:
 113:.\start_menu.c ****     
 114:.\start_menu.c **** 
 115:.\start_menu.c ****   
 116:.\start_menu.c ****    
 117:.\start_menu.c ****    
 118:.\start_menu.c ****    while(1){
 119:.\start_menu.c ****        if( BACK_BTN_Read() == 0){
  74              		.loc 1 119 0
  75 003e FFF7FEFF 		bl	BACK_BTN_Read
  76              	.LVL9:
  77 0042 0028     		cmp	r0, #0
  78 0044 34D0     		beq	.L9
 120:.\start_menu.c ****                 return HOME;								// delay in milliseconds
 121:.\start_menu.c ****         }
 122:.\start_menu.c ****         if(FORWARD_BTN_Read() == 0){
  79              		.loc 1 122 0
  80 0046 FFF7FEFF 		bl	FORWARD_BTN_Read
  81              	.LVL10:
  82 004a 28B9     		cbnz	r0, .L3
 123:.\start_menu.c ****             switch(selected){
  83              		.loc 1 123 0
  84 004c 1E4B     		ldr	r3, .L13+16
  85 004e 1B68     		ldr	r3, [r3]
  86 0050 012B     		cmp	r3, #1
  87 0052 2FD1     		bne	.L11
 124:.\start_menu.c ****                 case 1:
 125:.\start_menu.c ****                     return TASK_START;
  88              		.loc 1 125 0
  89 0054 0220     		movs	r0, #2
  90 0056 10BD     		pop	{r4, pc}
  91              	.L3:
 126:.\start_menu.c ****                 // need to add the other functionalities
 127:.\start_menu.c ****                 default:
 128:.\start_menu.c ****                     return HOME;
 129:.\start_menu.c ****             }
 130:.\start_menu.c ****             
 131:.\start_menu.c ****         }
 132:.\start_menu.c ****        if( ADC_DelSig_1_IsEndConversion(ADC_DelSig_1_WAIT_FOR_RESULT) )
  92              		.loc 1 132 0
  93 0058 0020     		movs	r0, #0
  94 005a FFF7FEFF 		bl	ADC_DelSig_1_IsEndConversion
  95              	.LVL11:
  96 005e 0028     		cmp	r0, #0
ARM GAS  C:\Users\jaohe\AppData\Local\Temp\ccUZP26m.s 			page 5


  97 0060 EDD0     		beq	.L5
  98              	.LBB2:
 133:.\start_menu.c **** 		{
 134:.\start_menu.c ****             
 135:.\start_menu.c **** 			
 136:.\start_menu.c **** 			adcResult = ADC_DelSig_1_GetResult16();		// read the adc and assign the value adcResult 
  99              		.loc 1 136 0
 100 0062 FFF7FEFF 		bl	ADC_DelSig_1_GetResult16
 101              	.LVL12:
 102 0066 83B2     		uxth	r3, r0
 103 0068 174A     		ldr	r2, .L13+16
 104 006a 9380     		strh	r3, [r2, #4]	@ movhi
 137:.\start_menu.c ****        		if (adcResult & 0x8000)
 105              		.loc 1 137 0
 106 006c 0028     		cmp	r0, #0
 107 006e 03DA     		bge	.L6
 138:.\start_menu.c ****        		{
 139:.\start_menu.c ****         		adcResult = 0;       // ignore negative ADC results
 108              		.loc 1 139 0
 109 0070 0022     		movs	r2, #0
 110 0072 154B     		ldr	r3, .L13+16
 111 0074 9A80     		strh	r2, [r3, #4]	@ movhi
 112 0076 07E0     		b	.L7
 113              	.L6:
 140:.\start_menu.c ****        		}
 141:.\start_menu.c ****        		else if (adcResult >= 0xfff)
 114              		.loc 1 141 0
 115 0078 40F6FE72 		movw	r2, #4094
 116 007c 9342     		cmp	r3, r2
 117 007e 03D9     		bls	.L7
 142:.\start_menu.c ****        		{
 143:.\start_menu.c ****         		adcResult = 0xfff;      // ignore high ADC results
 118              		.loc 1 143 0
 119 0080 40F6FF72 		movw	r2, #4095
 120 0084 104B     		ldr	r3, .L13+16
 121 0086 9A80     		strh	r2, [r3, #4]	@ movhi
 122              	.L7:
 144:.\start_menu.c ****        		}
 145:.\start_menu.c ****             selected = adcResult / NUM_ACTIONS; // Assuming ADC value is between 0 and 4095
 123              		.loc 1 145 0
 124 0088 0F4A     		ldr	r2, .L13+16
 125 008a 9388     		ldrh	r3, [r2, #4]
 126 008c 0F49     		ldr	r1, .L13+20
 127 008e A1FB0313 		umull	r1, r3, r1, r3
 128 0092 9B08     		lsrs	r3, r3, #2
 129 0094 1360     		str	r3, [r2]
 146:.\start_menu.c ****             char * selectedAction = menuOptions[selected];
 130              		.loc 1 146 0
 131 0096 0E4A     		ldr	r2, .L13+24
 132 0098 52F82340 		ldr	r4, [r2, r3, lsl #2]
 133              	.LVL13:
 147:.\start_menu.c **** 
 148:.\start_menu.c ****             GUI_SetFont(GUI_FONT_13_1); 
 134              		.loc 1 148 0
 135 009c 0D48     		ldr	r0, .L13+28
 136 009e FFF7FEFF 		bl	GUI_SetFont
 137              	.LVL14:
ARM GAS  C:\Users\jaohe\AppData\Local\Temp\ccUZP26m.s 			page 6


 149:.\start_menu.c ****             GUI_DispStringHCenterAt(selectedAction, CENTERX, 340); // Display the status below the 
 138              		.loc 1 149 0
 139 00a2 2046     		mov	r0, r4
 140 00a4 7821     		movs	r1, #120
 141 00a6 4FF4AA72 		mov	r2, #340
 142 00aa FFF7FEFF 		bl	GUI_DispStringHCenterAt
 143              	.LVL15:
 144 00ae C6E7     		b	.L5
 145              	.LVL16:
 146              	.L9:
 147              	.LBE2:
 120:.\start_menu.c ****         }
 148              		.loc 1 120 0
 149 00b0 0120     		movs	r0, #1
 150 00b2 10BD     		pop	{r4, pc}
 151              	.L11:
 128:.\start_menu.c ****             }
 152              		.loc 1 128 0
 153 00b4 0120     		movs	r0, #1
 150:.\start_menu.c ****             
 151:.\start_menu.c ****         }
 152:.\start_menu.c ****     
 153:.\start_menu.c ****    }
 154:.\start_menu.c ****    error("Error in start.c");
 155:.\start_menu.c ****    return ERROR;
 156:.\start_menu.c ****     
 157:.\start_menu.c **** }...
 154              		.loc 1 157 0
 155 00b6 10BD     		pop	{r4, pc}
 156              	.L14:
 157              		.align	2
 158              	.L13:
 159 00b8 00000000 		.word	GUI_Font8x16
 160 00bc 25141800 		.word	1578021
 161 00c0 00000000 		.word	.LC0
 162 00c4 0C000000 		.word	.LC1
 163 00c8 00000000 		.word	.LANCHOR0
 164 00cc ABAAAAAA 		.word	-1431655765
 165 00d0 00000000 		.word	.LANCHOR1
 166 00d4 00000000 		.word	GUI_Font13_1
 167              		.cfi_endproc
 168              	.LFE65:
 169              		.size	mainTask, .-mainTask
 170              		.section	.text.start,"ax",%progbits
 171              		.align	2
 172              		.global	start
 173              		.thumb
 174              		.thumb_func
 175              		.type	start, %function
 176              	start:
 177              	.LFB63:
  34:.\start_menu.c **** int start(){
 178              		.loc 1 34 0
 179              		.cfi_startproc
 180              		@ args = 0, pretend = 0, frame = 0
 181              		@ frame_needed = 0, uses_anonymous_args = 0
 182 0000 08B5     		push	{r3, lr}
ARM GAS  C:\Users\jaohe\AppData\Local\Temp\ccUZP26m.s 			page 7


 183              		.cfi_def_cfa_offset 8
 184              		.cfi_offset 3, -8
 185              		.cfi_offset 14, -4
  35:.\start_menu.c ****     return mainTask();
 186              		.loc 1 35 0
 187 0002 FFF7FEFF 		bl	mainTask
 188              	.LVL17:
  36:.\start_menu.c **** }
 189              		.loc 1 36 0
 190 0006 08BD     		pop	{r3, pc}
 191              		.cfi_endproc
 192              	.LFE63:
 193              		.size	start, .-start
 194              		.global	menuOptions
 195              		.data
 196              		.align	2
 197              		.set	.LANCHOR1,. + 0
 198              		.type	menuOptions, %object
 199              		.size	menuOptions, 20
 200              	menuOptions:
 201 0000 1C000000 		.word	.LC2
 202 0004 28000000 		.word	.LC3
 203 0008 34000000 		.word	.LC4
 204 000c 44000000 		.word	.LC5
 205 0010 5C000000 		.word	.LC6
 206              		.section	.rodata.str1.4,"aMS",%progbits,1
 207              		.align	2
 208              	.LC0:
 209 0000 53746172 		.ascii	"Start Menu\000"
 209      74204D65 
 209      6E7500
 210 000b 00       		.space	1
 211              	.LC1:
 212 000c 53656C65 		.ascii	"Select Function\000"
 212      63742046 
 212      756E6374 
 212      696F6E00 
 213              	.LC2:
 214 001c 496E7075 		.ascii	"Input Task\000"
 214      74205461 
 214      736B00
 215 0027 00       		.space	1
 216              	.LC3:
 217 0028 53746172 		.ascii	"Start Task\000"
 217      74205461 
 217      736B00
 218 0033 00       		.space	1
 219              	.LC4:
 220 0034 53636865 		.ascii	"Schedule a Task\000"
 220      64756C65 
 220      20612054 
 220      61736B00 
 221              	.LC5:
 222 0044 56696577 		.ascii	"View Today's Calendar\000"
 222      20546F64 
 222      61792773 
 222      2043616C 
ARM GAS  C:\Users\jaohe\AppData\Local\Temp\ccUZP26m.s 			page 8


 222      656E6461 
 223 005a 0000     		.space	2
 224              	.LC6:
 225 005c 56696577 		.ascii	"View Metrics\000"
 225      204D6574 
 225      72696373 
 225      00
 226 0069 000000   		.bss
 227              		.align	2
 228              		.set	.LANCHOR0,. + 0
 229              		.type	selected, %object
 230              		.size	selected, 4
 231              	selected:
 232 0000 00000000 		.space	4
 233              		.type	adcResult, %object
 234              		.size	adcResult, 2
 235              	adcResult:
 236 0004 0000     		.space	2
 237 0006 0000     		.text
 238              	.Letext0:
 239              		.file 2 "..\\..\\emWinGraphics_v5_46\\Code\\Include\\PSoC4_5/LCD.h"
 240              		.file 3 "..\\..\\emWinGraphics_v5_46\\Code\\Include\\PSoC4_5/GUI_Type.h"
 241              		.file 4 "c:\\program files (x86)\\cypress\\psoc creator\\3.3\\psoc creator\\import\\gnu\\arm\\4.9.
 242              		.file 5 "c:\\program files (x86)\\cypress\\psoc creator\\3.3\\psoc creator\\import\\gnu\\arm\\4.9.
 243              		.file 6 "Generated_Source\\PSoC5/cytypes.h"
 244              		.file 7 "..\\..\\emWinGraphics_v5_46\\Code\\Include\\PSoC4_5/GUI.h"
 245              		.file 8 "Generated_Source\\PSoC5/core_cm3.h"
 246              		.file 9 "Generated_Source\\PSoC5/CyLib.h"
 247              		.file 10 "Generated_Source\\PSoC5/ADC_DelSig_1.h"
 248              		.file 11 "Generated_Source\\PSoC5/BACK_BTN.h"
 249              		.file 12 "Generated_Source\\PSoC5/FORWARD_BTN.h"
 250              		.file 13 ".\\screens.h"
 251              		.section	.debug_info,"",%progbits
 252              	.Ldebug_info0:
 253 0000 EB080000 		.4byte	0x8eb
 254 0004 0400     		.2byte	0x4
 255 0006 00000000 		.4byte	.Ldebug_abbrev0
 256 000a 04       		.byte	0x4
 257 000b 01       		.uleb128 0x1
 258 000c 4C040000 		.4byte	.LASF104
 259 0010 01       		.byte	0x1
 260 0011 68050000 		.4byte	.LASF105
 261 0015 5C010000 		.4byte	.LASF106
 262 0019 00000000 		.4byte	.Ldebug_ranges0+0
 263 001d 00000000 		.4byte	0
 264 0021 00000000 		.4byte	.Ldebug_line0
 265 0025 02       		.uleb128 0x2
 266 0026 04       		.byte	0x4
 267 0027 05       		.byte	0x5
 268 0028 696E7400 		.ascii	"int\000"
 269 002c 03       		.uleb128 0x3
 270 002d 04       		.byte	0x4
 271 002e 07       		.byte	0x7
 272 002f FD020000 		.4byte	.LASF0
 273 0033 04       		.uleb128 0x4
 274 0034 E1000000 		.4byte	.LASF6
 275 0038 02       		.byte	0x2
ARM GAS  C:\Users\jaohe\AppData\Local\Temp\ccUZP26m.s 			page 9


 276 0039 6A       		.byte	0x6a
 277 003a 3E000000 		.4byte	0x3e
 278 003e 03       		.uleb128 0x3
 279 003f 04       		.byte	0x4
 280 0040 07       		.byte	0x7
 281 0041 CD030000 		.4byte	.LASF1
 282 0045 03       		.uleb128 0x3
 283 0046 02       		.byte	0x2
 284 0047 05       		.byte	0x5
 285 0048 65000000 		.4byte	.LASF2
 286 004c 03       		.uleb128 0x3
 287 004d 01       		.byte	0x1
 288 004e 08       		.byte	0x8
 289 004f 50030000 		.4byte	.LASF3
 290 0053 03       		.uleb128 0x3
 291 0054 01       		.byte	0x1
 292 0055 08       		.byte	0x8
 293 0056 A5020000 		.4byte	.LASF4
 294 005a 03       		.uleb128 0x3
 295 005b 04       		.byte	0x4
 296 005c 05       		.byte	0x5
 297 005d 23020000 		.4byte	.LASF5
 298 0061 05       		.uleb128 0x5
 299 0062 04       		.byte	0x4
 300 0063 67000000 		.4byte	0x67
 301 0067 06       		.uleb128 0x6
 302 0068 53000000 		.4byte	0x53
 303 006c 05       		.uleb128 0x5
 304 006d 04       		.byte	0x4
 305 006e 72000000 		.4byte	0x72
 306 0072 07       		.uleb128 0x7
 307 0073 05       		.uleb128 0x5
 308 0074 04       		.byte	0x4
 309 0075 79000000 		.4byte	0x79
 310 0079 06       		.uleb128 0x6
 311 007a 4C000000 		.4byte	0x4c
 312 007e 04       		.uleb128 0x4
 313 007f 87020000 		.4byte	.LASF7
 314 0083 03       		.byte	0x3
 315 0084 3D       		.byte	0x3d
 316 0085 33000000 		.4byte	0x33
 317 0089 03       		.uleb128 0x3
 318 008a 02       		.byte	0x2
 319 008b 07       		.byte	0x7
 320 008c 7F030000 		.4byte	.LASF8
 321 0090 08       		.uleb128 0x8
 322 0091 04       		.byte	0x4
 323 0092 03       		.byte	0x3
 324 0093 B6       		.byte	0xb6
 325 0094 AF000000 		.4byte	0xaf
 326 0098 09       		.uleb128 0x9
 327 0099 633000   		.ascii	"c0\000"
 328 009c 03       		.byte	0x3
 329 009d B7       		.byte	0xb7
 330 009e 45000000 		.4byte	0x45
 331 00a2 00       		.byte	0
 332 00a3 09       		.uleb128 0x9
ARM GAS  C:\Users\jaohe\AppData\Local\Temp\ccUZP26m.s 			page 10


 333 00a4 633100   		.ascii	"c1\000"
 334 00a7 03       		.byte	0x3
 335 00a8 B8       		.byte	0xb8
 336 00a9 45000000 		.4byte	0x45
 337 00ad 02       		.byte	0x2
 338 00ae 00       		.byte	0
 339 00af 04       		.uleb128 0x4
 340 00b0 C6000000 		.4byte	.LASF9
 341 00b4 03       		.byte	0x3
 342 00b5 B9       		.byte	0xb9
 343 00b6 90000000 		.4byte	0x90
 344 00ba 08       		.uleb128 0x8
 345 00bb 08       		.byte	0x8
 346 00bc 03       		.byte	0x3
 347 00bd BB       		.byte	0xbb
 348 00be E7000000 		.4byte	0xe7
 349 00c2 0A       		.uleb128 0xa
 350 00c3 55030000 		.4byte	.LASF10
 351 00c7 03       		.byte	0x3
 352 00c8 BC       		.byte	0xbc
 353 00c9 89000000 		.4byte	0x89
 354 00cd 00       		.byte	0
 355 00ce 0A       		.uleb128 0xa
 356 00cf D4050000 		.4byte	.LASF11
 357 00d3 03       		.byte	0x3
 358 00d4 BD       		.byte	0xbd
 359 00d5 89000000 		.4byte	0x89
 360 00d9 02       		.byte	0x2
 361 00da 0A       		.uleb128 0xa
 362 00db 17000000 		.4byte	.LASF12
 363 00df 03       		.byte	0x3
 364 00e0 BE       		.byte	0xbe
 365 00e1 E7000000 		.4byte	0xe7
 366 00e5 04       		.byte	0x4
 367 00e6 00       		.byte	0
 368 00e7 05       		.uleb128 0x5
 369 00e8 04       		.byte	0x4
 370 00e9 ED000000 		.4byte	0xed
 371 00ed 06       		.uleb128 0x6
 372 00ee AF000000 		.4byte	0xaf
 373 00f2 04       		.uleb128 0x4
 374 00f3 F0010000 		.4byte	.LASF13
 375 00f7 03       		.byte	0x3
 376 00f8 BF       		.byte	0xbf
 377 00f9 BA000000 		.4byte	0xba
 378 00fd 08       		.uleb128 0x8
 379 00fe 08       		.byte	0x8
 380 00ff 03       		.byte	0x3
 381 0100 C1       		.byte	0xc1
 382 0101 36010000 		.4byte	0x136
 383 0105 0A       		.uleb128 0xa
 384 0106 00010000 		.4byte	.LASF14
 385 010a 03       		.byte	0x3
 386 010b C2       		.byte	0xc2
 387 010c 53000000 		.4byte	0x53
 388 0110 00       		.byte	0
 389 0111 0A       		.uleb128 0xa
ARM GAS  C:\Users\jaohe\AppData\Local\Temp\ccUZP26m.s 			page 11


 390 0112 EF020000 		.4byte	.LASF15
 391 0116 03       		.byte	0x3
 392 0117 C3       		.byte	0xc3
 393 0118 53000000 		.4byte	0x53
 394 011c 01       		.byte	0x1
 395 011d 0A       		.uleb128 0xa
 396 011e 92000000 		.4byte	.LASF16
 397 0122 03       		.byte	0x3
 398 0123 C4       		.byte	0xc4
 399 0124 53000000 		.4byte	0x53
 400 0128 02       		.byte	0x2
 401 0129 0A       		.uleb128 0xa
 402 012a 35000000 		.4byte	.LASF17
 403 012e 03       		.byte	0x3
 404 012f C5       		.byte	0xc5
 405 0130 61000000 		.4byte	0x61
 406 0134 04       		.byte	0x4
 407 0135 00       		.byte	0
 408 0136 04       		.uleb128 0x4
 409 0137 1D000000 		.4byte	.LASF18
 410 013b 03       		.byte	0x3
 411 013c C6       		.byte	0xc6
 412 013d FD000000 		.4byte	0xfd
 413 0141 08       		.uleb128 0x8
 414 0142 0C       		.byte	0xc
 415 0143 03       		.byte	0x3
 416 0144 C8       		.byte	0xc8
 417 0145 92010000 		.4byte	0x192
 418 0149 0A       		.uleb128 0xa
 419 014a 00010000 		.4byte	.LASF14
 420 014e 03       		.byte	0x3
 421 014f C9       		.byte	0xc9
 422 0150 53000000 		.4byte	0x53
 423 0154 00       		.byte	0
 424 0155 0A       		.uleb128 0xa
 425 0156 0F030000 		.4byte	.LASF19
 426 015a 03       		.byte	0x3
 427 015b CA       		.byte	0xca
 428 015c 53000000 		.4byte	0x53
 429 0160 01       		.byte	0x1
 430 0161 0A       		.uleb128 0xa
 431 0162 DF010000 		.4byte	.LASF20
 432 0166 03       		.byte	0x3
 433 0167 CB       		.byte	0xcb
 434 0168 92010000 		.4byte	0x192
 435 016c 02       		.byte	0x2
 436 016d 0A       		.uleb128 0xa
 437 016e 0A030000 		.4byte	.LASF21
 438 0172 03       		.byte	0x3
 439 0173 CC       		.byte	0xcc
 440 0174 92010000 		.4byte	0x192
 441 0178 03       		.byte	0x3
 442 0179 0A       		.uleb128 0xa
 443 017a EF020000 		.4byte	.LASF15
 444 017e 03       		.byte	0x3
 445 017f CD       		.byte	0xcd
 446 0180 53000000 		.4byte	0x53
ARM GAS  C:\Users\jaohe\AppData\Local\Temp\ccUZP26m.s 			page 12


 447 0184 04       		.byte	0x4
 448 0185 0A       		.uleb128 0xa
 449 0186 35000000 		.4byte	.LASF17
 450 018a 03       		.byte	0x3
 451 018b CE       		.byte	0xce
 452 018c 61000000 		.4byte	0x61
 453 0190 08       		.byte	0x8
 454 0191 00       		.byte	0
 455 0192 03       		.uleb128 0x3
 456 0193 01       		.byte	0x1
 457 0194 06       		.byte	0x6
 458 0195 CC020000 		.4byte	.LASF22
 459 0199 04       		.uleb128 0x4
 460 019a 2C020000 		.4byte	.LASF23
 461 019e 03       		.byte	0x3
 462 019f CF       		.byte	0xcf
 463 01a0 41010000 		.4byte	0x141
 464 01a4 0B       		.uleb128 0xb
 465 01a5 03050000 		.4byte	.LASF28
 466 01a9 0C       		.byte	0xc
 467 01aa 03       		.byte	0x3
 468 01ab D1       		.byte	0xd1
 469 01ac E1010000 		.4byte	0x1e1
 470 01b0 0A       		.uleb128 0xa
 471 01b1 EF030000 		.4byte	.LASF24
 472 01b5 03       		.byte	0x3
 473 01b6 D2       		.byte	0xd2
 474 01b7 89000000 		.4byte	0x89
 475 01bb 00       		.byte	0
 476 01bc 0A       		.uleb128 0xa
 477 01bd 1E020000 		.4byte	.LASF25
 478 01c1 03       		.byte	0x3
 479 01c2 D3       		.byte	0xd3
 480 01c3 89000000 		.4byte	0x89
 481 01c7 02       		.byte	0x2
 482 01c8 0A       		.uleb128 0xa
 483 01c9 0D020000 		.4byte	.LASF26
 484 01cd 03       		.byte	0x3
 485 01ce D4       		.byte	0xd4
 486 01cf E1010000 		.4byte	0x1e1
 487 01d3 04       		.byte	0x4
 488 01d4 0A       		.uleb128 0xa
 489 01d5 18020000 		.4byte	.LASF27
 490 01d9 03       		.byte	0x3
 491 01da D5       		.byte	0xd5
 492 01db EC010000 		.4byte	0x1ec
 493 01df 08       		.byte	0x8
 494 01e0 00       		.byte	0
 495 01e1 05       		.uleb128 0x5
 496 01e2 04       		.byte	0x4
 497 01e3 E7010000 		.4byte	0x1e7
 498 01e7 06       		.uleb128 0x6
 499 01e8 36010000 		.4byte	0x136
 500 01ec 05       		.uleb128 0x5
 501 01ed 04       		.byte	0x4
 502 01ee F2010000 		.4byte	0x1f2
 503 01f2 06       		.uleb128 0x6
ARM GAS  C:\Users\jaohe\AppData\Local\Temp\ccUZP26m.s 			page 13


 504 01f3 A4010000 		.4byte	0x1a4
 505 01f7 04       		.uleb128 0x4
 506 01f8 03050000 		.4byte	.LASF28
 507 01fc 03       		.byte	0x3
 508 01fd D6       		.byte	0xd6
 509 01fe A4010000 		.4byte	0x1a4
 510 0202 0B       		.uleb128 0xb
 511 0203 A6000000 		.4byte	.LASF29
 512 0207 0C       		.byte	0xc
 513 0208 03       		.byte	0x3
 514 0209 D8       		.byte	0xd8
 515 020a 3F020000 		.4byte	0x23f
 516 020e 0A       		.uleb128 0xa
 517 020f EF030000 		.4byte	.LASF24
 518 0213 03       		.byte	0x3
 519 0214 D9       		.byte	0xd9
 520 0215 89000000 		.4byte	0x89
 521 0219 00       		.byte	0
 522 021a 0A       		.uleb128 0xa
 523 021b 1E020000 		.4byte	.LASF25
 524 021f 03       		.byte	0x3
 525 0220 DA       		.byte	0xda
 526 0221 89000000 		.4byte	0x89
 527 0225 02       		.byte	0x2
 528 0226 0A       		.uleb128 0xa
 529 0227 0D020000 		.4byte	.LASF26
 530 022b 03       		.byte	0x3
 531 022c DB       		.byte	0xdb
 532 022d 3F020000 		.4byte	0x23f
 533 0231 04       		.byte	0x4
 534 0232 0A       		.uleb128 0xa
 535 0233 18020000 		.4byte	.LASF27
 536 0237 03       		.byte	0x3
 537 0238 DC       		.byte	0xdc
 538 0239 4A020000 		.4byte	0x24a
 539 023d 08       		.byte	0x8
 540 023e 00       		.byte	0
 541 023f 05       		.uleb128 0x5
 542 0240 04       		.byte	0x4
 543 0241 45020000 		.4byte	0x245
 544 0245 06       		.uleb128 0x6
 545 0246 99010000 		.4byte	0x199
 546 024a 05       		.uleb128 0x5
 547 024b 04       		.byte	0x4
 548 024c 50020000 		.4byte	0x250
 549 0250 06       		.uleb128 0x6
 550 0251 02020000 		.4byte	0x202
 551 0255 04       		.uleb128 0x4
 552 0256 A6000000 		.4byte	.LASF29
 553 025a 03       		.byte	0x3
 554 025b DD       		.byte	0xdd
 555 025c 02020000 		.4byte	0x202
 556 0260 08       		.uleb128 0x8
 557 0261 14       		.byte	0x14
 558 0262 03       		.byte	0x3
 559 0263 DF       		.byte	0xdf
 560 0264 C9020000 		.4byte	0x2c9
ARM GAS  C:\Users\jaohe\AppData\Local\Temp\ccUZP26m.s 			page 14


 561 0268 0A       		.uleb128 0xa
 562 0269 35000000 		.4byte	.LASF17
 563 026d 03       		.byte	0x3
 564 026e E0       		.byte	0xe0
 565 026f 61000000 		.4byte	0x61
 566 0273 00       		.byte	0
 567 0274 0A       		.uleb128 0xa
 568 0275 38010000 		.4byte	.LASF30
 569 0279 03       		.byte	0x3
 570 027a E1       		.byte	0xe1
 571 027b 61000000 		.4byte	0x61
 572 027f 04       		.byte	0x4
 573 0280 0A       		.uleb128 0xa
 574 0281 9F000000 		.4byte	.LASF31
 575 0285 03       		.byte	0x3
 576 0286 E2       		.byte	0xe2
 577 0287 C9020000 		.4byte	0x2c9
 578 028b 08       		.byte	0x8
 579 028c 0A       		.uleb128 0xa
 580 028d 55030000 		.4byte	.LASF10
 581 0291 03       		.byte	0x3
 582 0292 E3       		.byte	0xe3
 583 0293 89000000 		.4byte	0x89
 584 0297 0C       		.byte	0xc
 585 0298 0A       		.uleb128 0xa
 586 0299 D4050000 		.4byte	.LASF11
 587 029d 03       		.byte	0x3
 588 029e E4       		.byte	0xe4
 589 029f 89000000 		.4byte	0x89
 590 02a3 0E       		.byte	0xe
 591 02a4 0A       		.uleb128 0xa
 592 02a5 00010000 		.4byte	.LASF14
 593 02a9 03       		.byte	0x3
 594 02aa E5       		.byte	0xe5
 595 02ab 53000000 		.4byte	0x53
 596 02af 10       		.byte	0x10
 597 02b0 0A       		.uleb128 0xa
 598 02b1 EF020000 		.4byte	.LASF15
 599 02b5 03       		.byte	0x3
 600 02b6 E6       		.byte	0xe6
 601 02b7 53000000 		.4byte	0x53
 602 02bb 11       		.byte	0x11
 603 02bc 0A       		.uleb128 0xa
 604 02bd 92000000 		.4byte	.LASF16
 605 02c1 03       		.byte	0x3
 606 02c2 E7       		.byte	0xe7
 607 02c3 53000000 		.4byte	0x53
 608 02c7 12       		.byte	0x12
 609 02c8 00       		.byte	0
 610 02c9 05       		.uleb128 0x5
 611 02ca 04       		.byte	0x4
 612 02cb CF020000 		.4byte	0x2cf
 613 02cf 06       		.uleb128 0x6
 614 02d0 F2000000 		.4byte	0xf2
 615 02d4 04       		.uleb128 0x4
 616 02d5 02040000 		.4byte	.LASF32
 617 02d9 03       		.byte	0x3
ARM GAS  C:\Users\jaohe\AppData\Local\Temp\ccUZP26m.s 			page 15


 618 02da E8       		.byte	0xe8
 619 02db 60020000 		.4byte	0x260
 620 02df 08       		.uleb128 0x8
 621 02e0 06       		.byte	0x6
 622 02e1 03       		.byte	0x3
 623 02e2 F1       		.byte	0xf1
 624 02e3 18030000 		.4byte	0x318
 625 02e7 0A       		.uleb128 0xa
 626 02e8 E4010000 		.4byte	.LASF33
 627 02ec 03       		.byte	0x3
 628 02ed F2       		.byte	0xf2
 629 02ee 89000000 		.4byte	0x89
 630 02f2 00       		.byte	0
 631 02f3 0A       		.uleb128 0xa
 632 02f4 F0000000 		.4byte	.LASF34
 633 02f8 03       		.byte	0x3
 634 02f9 F3       		.byte	0xf3
 635 02fa 53000000 		.4byte	0x53
 636 02fe 02       		.byte	0x2
 637 02ff 0A       		.uleb128 0xa
 638 0300 D9000000 		.4byte	.LASF35
 639 0304 03       		.byte	0x3
 640 0305 F4       		.byte	0xf4
 641 0306 53000000 		.4byte	0x53
 642 030a 03       		.byte	0x3
 643 030b 0A       		.uleb128 0xa
 644 030c 12010000 		.4byte	.LASF36
 645 0310 03       		.byte	0x3
 646 0311 F5       		.byte	0xf5
 647 0312 53000000 		.4byte	0x53
 648 0316 04       		.byte	0x4
 649 0317 00       		.byte	0
 650 0318 04       		.uleb128 0x4
 651 0319 BD050000 		.4byte	.LASF37
 652 031d 03       		.byte	0x3
 653 031e F6       		.byte	0xf6
 654 031f DF020000 		.4byte	0x2df
 655 0323 05       		.uleb128 0x5
 656 0324 04       		.byte	0x4
 657 0325 4C000000 		.4byte	0x4c
 658 0329 0C       		.uleb128 0xc
 659 032a 53000000 		.4byte	.LASF38
 660 032e 03       		.byte	0x3
 661 032f 1301     		.2byte	0x113
 662 0331 35030000 		.4byte	0x335
 663 0335 0D       		.uleb128 0xd
 664 0336 25000000 		.4byte	0x25
 665 033a 49030000 		.4byte	0x349
 666 033e 0E       		.uleb128 0xe
 667 033f 73000000 		.4byte	0x73
 668 0343 0E       		.uleb128 0xe
 669 0344 25000000 		.4byte	0x25
 670 0348 00       		.byte	0
 671 0349 0C       		.uleb128 0xc
 672 034a 38050000 		.4byte	.LASF39
 673 034e 03       		.byte	0x3
 674 034f 1401     		.2byte	0x114
ARM GAS  C:\Users\jaohe\AppData\Local\Temp\ccUZP26m.s 			page 16


 675 0351 35030000 		.4byte	0x335
 676 0355 0C       		.uleb128 0xc
 677 0356 B0050000 		.4byte	.LASF40
 678 035a 03       		.byte	0x3
 679 035b 1501     		.2byte	0x115
 680 035d 61030000 		.4byte	0x361
 681 0361 0F       		.uleb128 0xf
 682 0362 71030000 		.4byte	0x371
 683 0366 0E       		.uleb128 0xe
 684 0367 73000000 		.4byte	0x73
 685 036b 0E       		.uleb128 0xe
 686 036c 25000000 		.4byte	0x25
 687 0370 00       		.byte	0
 688 0371 10       		.uleb128 0x10
 689 0372 0C       		.byte	0xc
 690 0373 03       		.byte	0x3
 691 0374 1701     		.2byte	0x117
 692 0376 A2030000 		.4byte	0x3a2
 693 037a 11       		.uleb128 0x11
 694 037b 5F030000 		.4byte	.LASF41
 695 037f 03       		.byte	0x3
 696 0380 1801     		.2byte	0x118
 697 0382 A2030000 		.4byte	0x3a2
 698 0386 00       		.byte	0
 699 0387 11       		.uleb128 0x11
 700 0388 85000000 		.4byte	.LASF42
 701 038c 03       		.byte	0x3
 702 038d 1901     		.2byte	0x119
 703 038f A8030000 		.4byte	0x3a8
 704 0393 04       		.byte	0x4
 705 0394 11       		.uleb128 0x11
 706 0395 C1020000 		.4byte	.LASF43
 707 0399 03       		.byte	0x3
 708 039a 1A01     		.2byte	0x11a
 709 039c AE030000 		.4byte	0x3ae
 710 03a0 08       		.byte	0x8
 711 03a1 00       		.byte	0
 712 03a2 05       		.uleb128 0x5
 713 03a3 04       		.byte	0x4
 714 03a4 29030000 		.4byte	0x329
 715 03a8 05       		.uleb128 0x5
 716 03a9 04       		.byte	0x4
 717 03aa 49030000 		.4byte	0x349
 718 03ae 05       		.uleb128 0x5
 719 03af 04       		.byte	0x4
 720 03b0 55030000 		.4byte	0x355
 721 03b4 0C       		.uleb128 0xc
 722 03b5 27010000 		.4byte	.LASF44
 723 03b9 03       		.byte	0x3
 724 03ba 1B01     		.2byte	0x11b
 725 03bc 71030000 		.4byte	0x371
 726 03c0 0C       		.uleb128 0xc
 727 03c1 76030000 		.4byte	.LASF45
 728 03c5 03       		.byte	0x3
 729 03c6 2401     		.2byte	0x124
 730 03c8 CC030000 		.4byte	0x3cc
 731 03cc 12       		.uleb128 0x12
ARM GAS  C:\Users\jaohe\AppData\Local\Temp\ccUZP26m.s 			page 17


 732 03cd 76030000 		.4byte	.LASF45
 733 03d1 24       		.byte	0x24
 734 03d2 03       		.byte	0x3
 735 03d3 B101     		.2byte	0x1b1
 736 03d5 8E040000 		.4byte	0x48e
 737 03d9 11       		.uleb128 0x11
 738 03da 11050000 		.4byte	.LASF46
 739 03de 03       		.byte	0x3
 740 03df B201     		.2byte	0x1b2
 741 03e1 99050000 		.4byte	0x599
 742 03e5 00       		.byte	0
 743 03e6 11       		.uleb128 0x11
 744 03e7 DA040000 		.4byte	.LASF47
 745 03eb 03       		.byte	0x3
 746 03ec B301     		.2byte	0x1b3
 747 03ee 9F050000 		.4byte	0x59f
 748 03f2 04       		.byte	0x4
 749 03f3 11       		.uleb128 0x11
 750 03f4 7D050000 		.4byte	.LASF48
 751 03f8 03       		.byte	0x3
 752 03f9 B401     		.2byte	0x1b4
 753 03fb A5050000 		.4byte	0x5a5
 754 03ff 08       		.byte	0x8
 755 0400 11       		.uleb128 0x11
 756 0401 2A000000 		.4byte	.LASF49
 757 0405 03       		.byte	0x3
 758 0406 B501     		.2byte	0x1b5
 759 0408 AB050000 		.4byte	0x5ab
 760 040c 0C       		.byte	0xc
 761 040d 11       		.uleb128 0x11
 762 040e B3020000 		.4byte	.LASF50
 763 0412 03       		.byte	0x3
 764 0413 B601     		.2byte	0x1b6
 765 0415 B1050000 		.4byte	0x5b1
 766 0419 10       		.byte	0x10
 767 041a 11       		.uleb128 0x11
 768 041b 03020000 		.4byte	.LASF51
 769 041f 03       		.byte	0x3
 770 0420 B701     		.2byte	0x1b7
 771 0422 B7050000 		.4byte	0x5b7
 772 0426 14       		.byte	0x14
 773 0427 11       		.uleb128 0x11
 774 0428 0F030000 		.4byte	.LASF19
 775 042c 03       		.byte	0x3
 776 042d B801     		.2byte	0x1b8
 777 042f 53000000 		.4byte	0x53
 778 0433 18       		.byte	0x18
 779 0434 11       		.uleb128 0x11
 780 0435 29050000 		.4byte	.LASF52
 781 0439 03       		.byte	0x3
 782 043a B901     		.2byte	0x1b9
 783 043c 53000000 		.4byte	0x53
 784 0440 19       		.byte	0x19
 785 0441 11       		.uleb128 0x11
 786 0442 F9040000 		.4byte	.LASF53
 787 0446 03       		.byte	0x3
 788 0447 BA01     		.2byte	0x1ba
ARM GAS  C:\Users\jaohe\AppData\Local\Temp\ccUZP26m.s 			page 18


 789 0449 53000000 		.4byte	0x53
 790 044d 1A       		.byte	0x1a
 791 044e 11       		.uleb128 0x11
 792 044f EB000000 		.4byte	.LASF54
 793 0453 03       		.byte	0x3
 794 0454 BB01     		.2byte	0x1bb
 795 0456 53000000 		.4byte	0x53
 796 045a 1B       		.byte	0x1b
 797 045b 13       		.uleb128 0x13
 798 045c 7000     		.ascii	"p\000"
 799 045e 03       		.byte	0x3
 800 045f C101     		.2byte	0x1c1
 801 0461 3E050000 		.4byte	0x53e
 802 0465 1C       		.byte	0x1c
 803 0466 11       		.uleb128 0x11
 804 0467 F0000000 		.4byte	.LASF34
 805 046b 03       		.byte	0x3
 806 046c C201     		.2byte	0x1c2
 807 046e 53000000 		.4byte	0x53
 808 0472 20       		.byte	0x20
 809 0473 11       		.uleb128 0x11
 810 0474 D9000000 		.4byte	.LASF35
 811 0478 03       		.byte	0x3
 812 0479 C301     		.2byte	0x1c3
 813 047b 53000000 		.4byte	0x53
 814 047f 21       		.byte	0x21
 815 0480 11       		.uleb128 0x11
 816 0481 12010000 		.4byte	.LASF36
 817 0485 03       		.byte	0x3
 818 0486 C401     		.2byte	0x1c4
 819 0488 53000000 		.4byte	0x53
 820 048c 22       		.byte	0x22
 821 048d 00       		.byte	0
 822 048e 0C       		.uleb128 0xc
 823 048f 1A010000 		.4byte	.LASF55
 824 0493 03       		.byte	0x3
 825 0494 2601     		.2byte	0x126
 826 0496 9A040000 		.4byte	0x49a
 827 049a 0F       		.uleb128 0xf
 828 049b A5040000 		.4byte	0x4a5
 829 049f 0E       		.uleb128 0xe
 830 04a0 89000000 		.4byte	0x89
 831 04a4 00       		.byte	0
 832 04a5 0C       		.uleb128 0xc
 833 04a6 92030000 		.4byte	.LASF56
 834 04aa 03       		.byte	0x3
 835 04ab 2701     		.2byte	0x127
 836 04ad B1040000 		.4byte	0x4b1
 837 04b1 0D       		.uleb128 0xd
 838 04b2 25000000 		.4byte	0x25
 839 04b6 C5040000 		.4byte	0x4c5
 840 04ba 0E       		.uleb128 0xe
 841 04bb 89000000 		.4byte	0x89
 842 04bf 0E       		.uleb128 0xe
 843 04c0 C5040000 		.4byte	0x4c5
 844 04c4 00       		.byte	0
 845 04c5 05       		.uleb128 0x5
ARM GAS  C:\Users\jaohe\AppData\Local\Temp\ccUZP26m.s 			page 19


 846 04c6 04       		.byte	0x4
 847 04c7 25000000 		.4byte	0x25
 848 04cb 0C       		.uleb128 0xc
 849 04cc E9040000 		.4byte	.LASF57
 850 04d0 03       		.byte	0x3
 851 04d1 2801     		.2byte	0x128
 852 04d3 D7040000 		.4byte	0x4d7
 853 04d7 0F       		.uleb128 0xf
 854 04d8 E7040000 		.4byte	0x4e7
 855 04dc 0E       		.uleb128 0xe
 856 04dd E7040000 		.4byte	0x4e7
 857 04e1 0E       		.uleb128 0xe
 858 04e2 F2040000 		.4byte	0x4f2
 859 04e6 00       		.byte	0
 860 04e7 05       		.uleb128 0x5
 861 04e8 04       		.byte	0x4
 862 04e9 ED040000 		.4byte	0x4ed
 863 04ed 06       		.uleb128 0x6
 864 04ee C0030000 		.4byte	0x3c0
 865 04f2 05       		.uleb128 0x5
 866 04f3 04       		.byte	0x4
 867 04f4 18030000 		.4byte	0x318
 868 04f8 0C       		.uleb128 0xc
 869 04f9 3D020000 		.4byte	.LASF58
 870 04fd 03       		.byte	0x3
 871 04fe 2901     		.2byte	0x129
 872 0500 04050000 		.4byte	0x504
 873 0504 0D       		.uleb128 0xd
 874 0505 4C000000 		.4byte	0x4c
 875 0509 18050000 		.4byte	0x518
 876 050d 0E       		.uleb128 0xe
 877 050e E7040000 		.4byte	0x4e7
 878 0512 0E       		.uleb128 0xe
 879 0513 89000000 		.4byte	0x89
 880 0517 00       		.byte	0
 881 0518 0C       		.uleb128 0xc
 882 0519 71020000 		.4byte	.LASF59
 883 051d 03       		.byte	0x3
 884 051e 2A01     		.2byte	0x12a
 885 0520 24050000 		.4byte	0x524
 886 0524 0D       		.uleb128 0xd
 887 0525 25000000 		.4byte	0x25
 888 0529 38050000 		.4byte	0x538
 889 052d 0E       		.uleb128 0xe
 890 052e 89000000 		.4byte	0x89
 891 0532 0E       		.uleb128 0xe
 892 0533 38050000 		.4byte	0x538
 893 0537 00       		.byte	0
 894 0538 05       		.uleb128 0x5
 895 0539 04       		.byte	0x4
 896 053a 99010000 		.4byte	0x199
 897 053e 14       		.uleb128 0x14
 898 053f 04       		.byte	0x4
 899 0540 03       		.byte	0x3
 900 0541 BC01     		.2byte	0x1bc
 901 0543 78050000 		.4byte	0x578
 902 0547 15       		.uleb128 0x15
ARM GAS  C:\Users\jaohe\AppData\Local\Temp\ccUZP26m.s 			page 20


 903 0548 3A030000 		.4byte	.LASF60
 904 054c 03       		.byte	0x3
 905 054d BD01     		.2byte	0x1bd
 906 054f 6C000000 		.4byte	0x6c
 907 0553 15       		.uleb128 0x15
 908 0554 06010000 		.4byte	.LASF61
 909 0558 03       		.byte	0x3
 910 0559 BE01     		.2byte	0x1be
 911 055b 78050000 		.4byte	0x578
 912 055f 15       		.uleb128 0x15
 913 0560 77050000 		.4byte	.LASF62
 914 0564 03       		.byte	0x3
 915 0565 BF01     		.2byte	0x1bf
 916 0567 83050000 		.4byte	0x583
 917 056b 15       		.uleb128 0x15
 918 056c 68020000 		.4byte	.LASF63
 919 0570 03       		.byte	0x3
 920 0571 C001     		.2byte	0x1c0
 921 0573 8E050000 		.4byte	0x58e
 922 0577 00       		.byte	0
 923 0578 05       		.uleb128 0x5
 924 0579 04       		.byte	0x4
 925 057a 7E050000 		.4byte	0x57e
 926 057e 06       		.uleb128 0x6
 927 057f D4020000 		.4byte	0x2d4
 928 0583 05       		.uleb128 0x5
 929 0584 04       		.byte	0x4
 930 0585 89050000 		.4byte	0x589
 931 0589 06       		.uleb128 0x6
 932 058a F7010000 		.4byte	0x1f7
 933 058e 05       		.uleb128 0x5
 934 058f 04       		.byte	0x4
 935 0590 94050000 		.4byte	0x594
 936 0594 06       		.uleb128 0x6
 937 0595 55020000 		.4byte	0x255
 938 0599 05       		.uleb128 0x5
 939 059a 04       		.byte	0x4
 940 059b 8E040000 		.4byte	0x48e
 941 059f 05       		.uleb128 0x5
 942 05a0 04       		.byte	0x4
 943 05a1 A5040000 		.4byte	0x4a5
 944 05a5 05       		.uleb128 0x5
 945 05a6 04       		.byte	0x4
 946 05a7 CB040000 		.4byte	0x4cb
 947 05ab 05       		.uleb128 0x5
 948 05ac 04       		.byte	0x4
 949 05ad F8040000 		.4byte	0x4f8
 950 05b1 05       		.uleb128 0x5
 951 05b2 04       		.byte	0x4
 952 05b3 18050000 		.4byte	0x518
 953 05b7 05       		.uleb128 0x5
 954 05b8 04       		.byte	0x4
 955 05b9 BD050000 		.4byte	0x5bd
 956 05bd 06       		.uleb128 0x6
 957 05be B4030000 		.4byte	0x3b4
 958 05c2 03       		.uleb128 0x3
 959 05c3 04       		.byte	0x4
ARM GAS  C:\Users\jaohe\AppData\Local\Temp\ccUZP26m.s 			page 21


 960 05c4 07       		.byte	0x7
 961 05c5 6F000000 		.4byte	.LASF64
 962 05c9 0C       		.uleb128 0xc
 963 05ca 2F050000 		.4byte	.LASF65
 964 05ce 03       		.byte	0x3
 965 05cf 4602     		.2byte	0x246
 966 05d1 5A000000 		.4byte	0x5a
 967 05d5 04       		.uleb128 0x4
 968 05d6 42040000 		.4byte	.LASF66
 969 05da 04       		.byte	0x4
 970 05db 3F       		.byte	0x3f
 971 05dc 5A000000 		.4byte	0x5a
 972 05e0 03       		.uleb128 0x3
 973 05e1 08       		.byte	0x8
 974 05e2 05       		.byte	0x5
 975 05e3 B8000000 		.4byte	.LASF67
 976 05e7 03       		.uleb128 0x3
 977 05e8 08       		.byte	0x8
 978 05e9 07       		.byte	0x7
 979 05ea D8020000 		.4byte	.LASF68
 980 05ee 04       		.uleb128 0x4
 981 05ef 6E030000 		.4byte	.LASF69
 982 05f3 05       		.byte	0x5
 983 05f4 2C       		.byte	0x2c
 984 05f5 D5050000 		.4byte	0x5d5
 985 05f9 04       		.uleb128 0x4
 986 05fa 9F020000 		.4byte	.LASF70
 987 05fe 06       		.byte	0x6
 988 05ff C2       		.byte	0xc2
 989 0600 53000000 		.4byte	0x53
 990 0604 04       		.uleb128 0x4
 991 0605 F9000000 		.4byte	.LASF71
 992 0609 06       		.byte	0x6
 993 060a C3       		.byte	0xc3
 994 060b 89000000 		.4byte	0x89
 995 060f 04       		.uleb128 0x4
 996 0610 B5030000 		.4byte	.LASF72
 997 0614 06       		.byte	0x6
 998 0615 C4       		.byte	0xc4
 999 0616 3E000000 		.4byte	0x3e
 1000 061a 04       		.uleb128 0x4
 1001 061b 0C010000 		.4byte	.LASF73
 1002 061f 06       		.byte	0x6
 1003 0620 C6       		.byte	0xc6
 1004 0621 45000000 		.4byte	0x45
 1005 0625 03       		.uleb128 0x3
 1006 0626 04       		.byte	0x4
 1007 0627 04       		.byte	0x4
 1008 0628 EA010000 		.4byte	.LASF74
 1009 062c 03       		.uleb128 0x3
 1010 062d 08       		.byte	0x8
 1011 062e 04       		.byte	0x4
 1012 062f DF030000 		.4byte	.LASF75
 1013 0633 03       		.uleb128 0x3
 1014 0634 01       		.byte	0x1
 1015 0635 02       		.byte	0x2
 1016 0636 A3030000 		.4byte	.LASF76
ARM GAS  C:\Users\jaohe\AppData\Local\Temp\ccUZP26m.s 			page 22


 1017 063a 16       		.uleb128 0x16
 1018 063b 00000000 		.4byte	.LASF107
 1019 063f 01       		.byte	0x1
 1020 0640 0D       		.byte	0xd
 1021 0641 14       		.byte	0x14
 1022 0642 71060000 		.4byte	0x671
 1023 0646 17       		.uleb128 0x17
 1024 0647 FE040000 		.4byte	.LASF77
 1025 064b 00       		.sleb128 0
 1026 064c 17       		.uleb128 0x17
 1027 064d 35030000 		.4byte	.LASF78
 1028 0651 01       		.sleb128 1
 1029 0652 17       		.uleb128 0x17
 1030 0653 8B050000 		.4byte	.LASF79
 1031 0657 02       		.sleb128 2
 1032 0658 17       		.uleb128 0x17
 1033 0659 59020000 		.4byte	.LASF80
 1034 065d 03       		.sleb128 3
 1035 065e 17       		.uleb128 0x17
 1036 065f 96050000 		.4byte	.LASF81
 1037 0663 04       		.sleb128 4
 1038 0664 17       		.uleb128 0x17
 1039 0665 44030000 		.4byte	.LASF82
 1040 0669 05       		.sleb128 5
 1041 066a 17       		.uleb128 0x17
 1042 066b 81020000 		.4byte	.LASF83
 1043 066f 06       		.sleb128 6
 1044 0670 00       		.byte	0
 1045 0671 18       		.uleb128 0x18
 1046 0672 2D040000 		.4byte	.LASF84
 1047 0676 01       		.byte	0x1
 1048 0677 60       		.byte	0x60
 1049 0678 25000000 		.4byte	0x25
 1050 067c 00000000 		.4byte	.LFB65
 1051 0680 D8000000 		.4byte	.LFE65-.LFB65
 1052 0684 01       		.uleb128 0x1
 1053 0685 9C       		.byte	0x9c
 1054 0686 AB070000 		.4byte	0x7ab
 1055 068a 19       		.uleb128 0x19
 1056 068b 62000000 		.4byte	.LBB2
 1057 068f 4E000000 		.4byte	.LBE2-.LBB2
 1058 0693 D6060000 		.4byte	0x6d6
 1059 0697 1A       		.uleb128 0x1a
 1060 0698 4A020000 		.4byte	.LASF86
 1061 069c 01       		.byte	0x1
 1062 069d 92       		.byte	0x92
 1063 069e 23030000 		.4byte	0x323
 1064 06a2 00000000 		.4byte	.LLST0
 1065 06a6 1B       		.uleb128 0x1b
 1066 06a7 66000000 		.4byte	.LVL12
 1067 06ab 51080000 		.4byte	0x851
 1068 06af 1B       		.uleb128 0x1b
 1069 06b0 A2000000 		.4byte	.LVL14
 1070 06b4 5C080000 		.4byte	0x85c
 1071 06b8 1C       		.uleb128 0x1c
 1072 06b9 AE000000 		.4byte	.LVL15
 1073 06bd 72080000 		.4byte	0x872
ARM GAS  C:\Users\jaohe\AppData\Local\Temp\ccUZP26m.s 			page 23


 1074 06c1 1D       		.uleb128 0x1d
 1075 06c2 01       		.uleb128 0x1
 1076 06c3 52       		.byte	0x52
 1077 06c4 03       		.uleb128 0x3
 1078 06c5 0A       		.byte	0xa
 1079 06c6 5401     		.2byte	0x154
 1080 06c8 1D       		.uleb128 0x1d
 1081 06c9 01       		.uleb128 0x1
 1082 06ca 51       		.byte	0x51
 1083 06cb 02       		.uleb128 0x2
 1084 06cc 08       		.byte	0x8
 1085 06cd 78       		.byte	0x78
 1086 06ce 1D       		.uleb128 0x1d
 1087 06cf 01       		.uleb128 0x1
 1088 06d0 50       		.byte	0x50
 1089 06d1 02       		.uleb128 0x2
 1090 06d2 74       		.byte	0x74
 1091 06d3 00       		.sleb128 0
 1092 06d4 00       		.byte	0
 1093 06d5 00       		.byte	0
 1094 06d6 1B       		.uleb128 0x1b
 1095 06d7 06000000 		.4byte	.LVL0
 1096 06db 8E080000 		.4byte	0x88e
 1097 06df 1E       		.uleb128 0x1e
 1098 06e0 0E000000 		.4byte	.LVL1
 1099 06e4 5C080000 		.4byte	0x85c
 1100 06e8 F3060000 		.4byte	0x6f3
 1101 06ec 1D       		.uleb128 0x1d
 1102 06ed 01       		.uleb128 0x1
 1103 06ee 50       		.byte	0x50
 1104 06ef 02       		.uleb128 0x2
 1105 06f0 74       		.byte	0x74
 1106 06f1 00       		.sleb128 0
 1107 06f2 00       		.byte	0
 1108 06f3 1E       		.uleb128 0x1e
 1109 06f4 14000000 		.4byte	.LVL2
 1110 06f8 96080000 		.4byte	0x896
 1111 06fc 0A070000 		.4byte	0x70a
 1112 0700 1D       		.uleb128 0x1d
 1113 0701 01       		.uleb128 0x1
 1114 0702 50       		.byte	0x50
 1115 0703 05       		.uleb128 0x5
 1116 0704 0C       		.byte	0xc
 1117 0705 25141800 		.4byte	0x181425
 1118 0709 00       		.byte	0
 1119 070a 1E       		.uleb128 0x1e
 1120 070b 1E000000 		.4byte	.LVL3
 1121 070f 72080000 		.4byte	0x872
 1122 0713 2C070000 		.4byte	0x72c
 1123 0717 1D       		.uleb128 0x1d
 1124 0718 01       		.uleb128 0x1
 1125 0719 52       		.byte	0x52
 1126 071a 01       		.uleb128 0x1
 1127 071b 35       		.byte	0x35
 1128 071c 1D       		.uleb128 0x1d
 1129 071d 01       		.uleb128 0x1
 1130 071e 51       		.byte	0x51
ARM GAS  C:\Users\jaohe\AppData\Local\Temp\ccUZP26m.s 			page 24


 1131 071f 02       		.uleb128 0x2
 1132 0720 08       		.byte	0x8
 1133 0721 78       		.byte	0x78
 1134 0722 1D       		.uleb128 0x1d
 1135 0723 01       		.uleb128 0x1
 1136 0724 50       		.byte	0x50
 1137 0725 05       		.uleb128 0x5
 1138 0726 03       		.byte	0x3
 1139 0727 00000000 		.4byte	.LC0
 1140 072b 00       		.byte	0
 1141 072c 1E       		.uleb128 0x1e
 1142 072d 26000000 		.4byte	.LVL4
 1143 0731 A8080000 		.4byte	0x8a8
 1144 0735 41070000 		.4byte	0x741
 1145 0739 1D       		.uleb128 0x1d
 1146 073a 01       		.uleb128 0x1
 1147 073b 50       		.byte	0x50
 1148 073c 03       		.uleb128 0x3
 1149 073d 0A       		.byte	0xa
 1150 073e F401     		.2byte	0x1f4
 1151 0740 00       		.byte	0
 1152 0741 1E       		.uleb128 0x1e
 1153 0742 2C000000 		.4byte	.LVL5
 1154 0746 5C080000 		.4byte	0x85c
 1155 074a 55070000 		.4byte	0x755
 1156 074e 1D       		.uleb128 0x1d
 1157 074f 01       		.uleb128 0x1
 1158 0750 50       		.byte	0x50
 1159 0751 02       		.uleb128 0x2
 1160 0752 74       		.byte	0x74
 1161 0753 00       		.sleb128 0
 1162 0754 00       		.byte	0
 1163 0755 1E       		.uleb128 0x1e
 1164 0756 36000000 		.4byte	.LVL6
 1165 075a 72080000 		.4byte	0x872
 1166 075e 77070000 		.4byte	0x777
 1167 0762 1D       		.uleb128 0x1d
 1168 0763 01       		.uleb128 0x1
 1169 0764 52       		.byte	0x52
 1170 0765 01       		.uleb128 0x1
 1171 0766 4E       		.byte	0x4e
 1172 0767 1D       		.uleb128 0x1d
 1173 0768 01       		.uleb128 0x1
 1174 0769 51       		.byte	0x51
 1175 076a 02       		.uleb128 0x2
 1176 076b 08       		.byte	0x8
 1177 076c 78       		.byte	0x78
 1178 076d 1D       		.uleb128 0x1d
 1179 076e 01       		.uleb128 0x1
 1180 076f 50       		.byte	0x50
 1181 0770 05       		.uleb128 0x5
 1182 0771 03       		.byte	0x3
 1183 0772 0C000000 		.4byte	.LC1
 1184 0776 00       		.byte	0
 1185 0777 1B       		.uleb128 0x1b
 1186 0778 3A000000 		.4byte	.LVL7
 1187 077c B9080000 		.4byte	0x8b9
ARM GAS  C:\Users\jaohe\AppData\Local\Temp\ccUZP26m.s 			page 25


 1188 0780 1B       		.uleb128 0x1b
 1189 0781 3E000000 		.4byte	.LVL8
 1190 0785 C0080000 		.4byte	0x8c0
 1191 0789 1B       		.uleb128 0x1b
 1192 078a 42000000 		.4byte	.LVL9
 1193 078e C7080000 		.4byte	0x8c7
 1194 0792 1B       		.uleb128 0x1b
 1195 0793 4A000000 		.4byte	.LVL10
 1196 0797 D2080000 		.4byte	0x8d2
 1197 079b 1C       		.uleb128 0x1c
 1198 079c 5E000000 		.4byte	.LVL11
 1199 07a0 DD080000 		.4byte	0x8dd
 1200 07a4 1D       		.uleb128 0x1d
 1201 07a5 01       		.uleb128 0x1
 1202 07a6 50       		.byte	0x50
 1203 07a7 01       		.uleb128 0x1
 1204 07a8 30       		.byte	0x30
 1205 07a9 00       		.byte	0
 1206 07aa 00       		.byte	0
 1207 07ab 18       		.uleb128 0x18
 1208 07ac 15030000 		.4byte	.LASF85
 1209 07b0 01       		.byte	0x1
 1210 07b1 22       		.byte	0x22
 1211 07b2 25000000 		.4byte	0x25
 1212 07b6 00000000 		.4byte	.LFB63
 1213 07ba 08000000 		.4byte	.LFE63-.LFB63
 1214 07be 01       		.uleb128 0x1
 1215 07bf 9C       		.byte	0x9c
 1216 07c0 CE070000 		.4byte	0x7ce
 1217 07c4 1B       		.uleb128 0x1b
 1218 07c5 06000000 		.4byte	.LVL17
 1219 07c9 71060000 		.4byte	0x671
 1220 07cd 00       		.byte	0
 1221 07ce 1F       		.uleb128 0x1f
 1222 07cf E6030000 		.4byte	.LASF87
 1223 07d3 01       		.byte	0x1
 1224 07d4 19       		.byte	0x19
 1225 07d5 25000000 		.4byte	0x25
 1226 07d9 05       		.uleb128 0x5
 1227 07da 03       		.byte	0x3
 1228 07db 00000000 		.4byte	selected
 1229 07df 1F       		.uleb128 0x1f
 1230 07e0 0D000000 		.4byte	.LASF88
 1231 07e4 01       		.byte	0x1
 1232 07e5 5D       		.byte	0x5d
 1233 07e6 04060000 		.4byte	0x604
 1234 07ea 05       		.uleb128 0x5
 1235 07eb 03       		.byte	0x3
 1236 07ec 04000000 		.4byte	adcResult
 1237 07f0 20       		.uleb128 0x20
 1238 07f1 08000000 		.4byte	.LASF108
 1239 07f5 01       		.byte	0x1
 1240 07f6 5F       		.byte	0x5f
 1241 07f7 C9050000 		.4byte	0x5c9
 1242 07fb 21       		.uleb128 0x21
 1243 07fc F5030000 		.4byte	.LASF89
 1244 0800 07       		.byte	0x7
ARM GAS  C:\Users\jaohe\AppData\Local\Temp\ccUZP26m.s 			page 26


 1245 0801 0308     		.2byte	0x803
 1246 0803 ED040000 		.4byte	0x4ed
 1247 0807 21       		.uleb128 0x21
 1248 0808 A3050000 		.4byte	.LASF90
 1249 080c 07       		.byte	0x7
 1250 080d 0708     		.2byte	0x807
 1251 080f ED040000 		.4byte	0x4ed
 1252 0813 21       		.uleb128 0x21
 1253 0814 1C050000 		.4byte	.LASF91
 1254 0818 07       		.byte	0x7
 1255 0819 2108     		.2byte	0x821
 1256 081b ED040000 		.4byte	0x4ed
 1257 081f 21       		.uleb128 0x21
 1258 0820 5B050000 		.4byte	.LASF92
 1259 0824 08       		.byte	0x8
 1260 0825 2A06     		.2byte	0x62a
 1261 0827 2B080000 		.4byte	0x82b
 1262 082b 22       		.uleb128 0x22
 1263 082c EE050000 		.4byte	0x5ee
 1264 0830 23       		.uleb128 0x23
 1265 0831 23030000 		.4byte	0x323
 1266 0835 40080000 		.4byte	0x840
 1267 0839 24       		.uleb128 0x24
 1268 083a C2050000 		.4byte	0x5c2
 1269 083e 04       		.byte	0x4
 1270 083f 00       		.byte	0
 1271 0840 25       		.uleb128 0x25
 1272 0841 36040000 		.4byte	.LASF93
 1273 0845 01       		.byte	0x1
 1274 0846 1A       		.byte	0x1a
 1275 0847 30080000 		.4byte	0x830
 1276 084b 05       		.uleb128 0x5
 1277 084c 03       		.byte	0x3
 1278 084d 00000000 		.4byte	menuOptions
 1279 0851 26       		.uleb128 0x26
 1280 0852 43010000 		.4byte	.LASF100
 1281 0856 0A       		.byte	0xa
 1282 0857 41       		.byte	0x41
 1283 0858 1A060000 		.4byte	0x61a
 1284 085c 27       		.uleb128 0x27
 1285 085d A9030000 		.4byte	.LASF109
 1286 0861 07       		.byte	0x7
 1287 0862 2B03     		.2byte	0x32b
 1288 0864 E7040000 		.4byte	0x4e7
 1289 0868 72080000 		.4byte	0x872
 1290 086c 0E       		.uleb128 0xe
 1291 086d E7040000 		.4byte	0x4e7
 1292 0871 00       		.byte	0
 1293 0872 28       		.uleb128 0x28
 1294 0873 3B000000 		.4byte	.LASF94
 1295 0877 07       		.byte	0x7
 1296 0878 0703     		.2byte	0x307
 1297 087a 8E080000 		.4byte	0x88e
 1298 087e 0E       		.uleb128 0xe
 1299 087f 73000000 		.4byte	0x73
 1300 0883 0E       		.uleb128 0xe
 1301 0884 25000000 		.4byte	0x25
ARM GAS  C:\Users\jaohe\AppData\Local\Temp\ccUZP26m.s 			page 27


 1302 0888 0E       		.uleb128 0xe
 1303 0889 25000000 		.4byte	0x25
 1304 088d 00       		.byte	0
 1305 088e 29       		.uleb128 0x29
 1306 088f CA050000 		.4byte	.LASF97
 1307 0893 07       		.byte	0x7
 1308 0894 F601     		.2byte	0x1f6
 1309 0896 28       		.uleb128 0x28
 1310 0897 78000000 		.4byte	.LASF95
 1311 089b 07       		.byte	0x7
 1312 089c C101     		.2byte	0x1c1
 1313 089e A8080000 		.4byte	0x8a8
 1314 08a2 0E       		.uleb128 0xe
 1315 08a3 7E000000 		.4byte	0x7e
 1316 08a7 00       		.byte	0
 1317 08a8 2A       		.uleb128 0x2a
 1318 08a9 F5020000 		.4byte	.LASF96
 1319 08ad 09       		.byte	0x9
 1320 08ae 77       		.byte	0x77
 1321 08af B9080000 		.4byte	0x8b9
 1322 08b3 0E       		.uleb128 0xe
 1323 08b4 0F060000 		.4byte	0x60f
 1324 08b8 00       		.byte	0
 1325 08b9 2B       		.uleb128 0x2b
 1326 08ba 48050000 		.4byte	.LASF98
 1327 08be 0A       		.byte	0xa
 1328 08bf 3A       		.byte	0x3a
 1329 08c0 2B       		.uleb128 0x2b
 1330 08c1 1B030000 		.4byte	.LASF99
 1331 08c5 0A       		.byte	0xa
 1332 08c6 3D       		.byte	0x3d
 1333 08c7 26       		.uleb128 0x26
 1334 08c8 91020000 		.4byte	.LASF101
 1335 08cc 0B       		.byte	0xb
 1336 08cd 29       		.byte	0x29
 1337 08ce F9050000 		.4byte	0x5f9
 1338 08d2 26       		.uleb128 0x26
 1339 08d3 BC030000 		.4byte	.LASF102
 1340 08d7 0C       		.byte	0xc
 1341 08d8 29       		.byte	0x29
 1342 08d9 F9050000 		.4byte	0x5f9
 1343 08dd 2C       		.uleb128 0x2c
 1344 08de 10040000 		.4byte	.LASF103
 1345 08e2 0A       		.byte	0xa
 1346 08e3 3F       		.byte	0x3f
 1347 08e4 F9050000 		.4byte	0x5f9
 1348 08e8 0E       		.uleb128 0xe
 1349 08e9 F9050000 		.4byte	0x5f9
 1350 08ed 00       		.byte	0
 1351 08ee 00       		.byte	0
 1352              		.section	.debug_abbrev,"",%progbits
 1353              	.Ldebug_abbrev0:
 1354 0000 01       		.uleb128 0x1
 1355 0001 11       		.uleb128 0x11
 1356 0002 01       		.byte	0x1
 1357 0003 25       		.uleb128 0x25
 1358 0004 0E       		.uleb128 0xe
ARM GAS  C:\Users\jaohe\AppData\Local\Temp\ccUZP26m.s 			page 28


 1359 0005 13       		.uleb128 0x13
 1360 0006 0B       		.uleb128 0xb
 1361 0007 03       		.uleb128 0x3
 1362 0008 0E       		.uleb128 0xe
 1363 0009 1B       		.uleb128 0x1b
 1364 000a 0E       		.uleb128 0xe
 1365 000b 55       		.uleb128 0x55
 1366 000c 17       		.uleb128 0x17
 1367 000d 11       		.uleb128 0x11
 1368 000e 01       		.uleb128 0x1
 1369 000f 10       		.uleb128 0x10
 1370 0010 17       		.uleb128 0x17
 1371 0011 00       		.byte	0
 1372 0012 00       		.byte	0
 1373 0013 02       		.uleb128 0x2
 1374 0014 24       		.uleb128 0x24
 1375 0015 00       		.byte	0
 1376 0016 0B       		.uleb128 0xb
 1377 0017 0B       		.uleb128 0xb
 1378 0018 3E       		.uleb128 0x3e
 1379 0019 0B       		.uleb128 0xb
 1380 001a 03       		.uleb128 0x3
 1381 001b 08       		.uleb128 0x8
 1382 001c 00       		.byte	0
 1383 001d 00       		.byte	0
 1384 001e 03       		.uleb128 0x3
 1385 001f 24       		.uleb128 0x24
 1386 0020 00       		.byte	0
 1387 0021 0B       		.uleb128 0xb
 1388 0022 0B       		.uleb128 0xb
 1389 0023 3E       		.uleb128 0x3e
 1390 0024 0B       		.uleb128 0xb
 1391 0025 03       		.uleb128 0x3
 1392 0026 0E       		.uleb128 0xe
 1393 0027 00       		.byte	0
 1394 0028 00       		.byte	0
 1395 0029 04       		.uleb128 0x4
 1396 002a 16       		.uleb128 0x16
 1397 002b 00       		.byte	0
 1398 002c 03       		.uleb128 0x3
 1399 002d 0E       		.uleb128 0xe
 1400 002e 3A       		.uleb128 0x3a
 1401 002f 0B       		.uleb128 0xb
 1402 0030 3B       		.uleb128 0x3b
 1403 0031 0B       		.uleb128 0xb
 1404 0032 49       		.uleb128 0x49
 1405 0033 13       		.uleb128 0x13
 1406 0034 00       		.byte	0
 1407 0035 00       		.byte	0
 1408 0036 05       		.uleb128 0x5
 1409 0037 0F       		.uleb128 0xf
 1410 0038 00       		.byte	0
 1411 0039 0B       		.uleb128 0xb
 1412 003a 0B       		.uleb128 0xb
 1413 003b 49       		.uleb128 0x49
 1414 003c 13       		.uleb128 0x13
 1415 003d 00       		.byte	0
ARM GAS  C:\Users\jaohe\AppData\Local\Temp\ccUZP26m.s 			page 29


 1416 003e 00       		.byte	0
 1417 003f 06       		.uleb128 0x6
 1418 0040 26       		.uleb128 0x26
 1419 0041 00       		.byte	0
 1420 0042 49       		.uleb128 0x49
 1421 0043 13       		.uleb128 0x13
 1422 0044 00       		.byte	0
 1423 0045 00       		.byte	0
 1424 0046 07       		.uleb128 0x7
 1425 0047 26       		.uleb128 0x26
 1426 0048 00       		.byte	0
 1427 0049 00       		.byte	0
 1428 004a 00       		.byte	0
 1429 004b 08       		.uleb128 0x8
 1430 004c 13       		.uleb128 0x13
 1431 004d 01       		.byte	0x1
 1432 004e 0B       		.uleb128 0xb
 1433 004f 0B       		.uleb128 0xb
 1434 0050 3A       		.uleb128 0x3a
 1435 0051 0B       		.uleb128 0xb
 1436 0052 3B       		.uleb128 0x3b
 1437 0053 0B       		.uleb128 0xb
 1438 0054 01       		.uleb128 0x1
 1439 0055 13       		.uleb128 0x13
 1440 0056 00       		.byte	0
 1441 0057 00       		.byte	0
 1442 0058 09       		.uleb128 0x9
 1443 0059 0D       		.uleb128 0xd
 1444 005a 00       		.byte	0
 1445 005b 03       		.uleb128 0x3
 1446 005c 08       		.uleb128 0x8
 1447 005d 3A       		.uleb128 0x3a
 1448 005e 0B       		.uleb128 0xb
 1449 005f 3B       		.uleb128 0x3b
 1450 0060 0B       		.uleb128 0xb
 1451 0061 49       		.uleb128 0x49
 1452 0062 13       		.uleb128 0x13
 1453 0063 38       		.uleb128 0x38
 1454 0064 0B       		.uleb128 0xb
 1455 0065 00       		.byte	0
 1456 0066 00       		.byte	0
 1457 0067 0A       		.uleb128 0xa
 1458 0068 0D       		.uleb128 0xd
 1459 0069 00       		.byte	0
 1460 006a 03       		.uleb128 0x3
 1461 006b 0E       		.uleb128 0xe
 1462 006c 3A       		.uleb128 0x3a
 1463 006d 0B       		.uleb128 0xb
 1464 006e 3B       		.uleb128 0x3b
 1465 006f 0B       		.uleb128 0xb
 1466 0070 49       		.uleb128 0x49
 1467 0071 13       		.uleb128 0x13
 1468 0072 38       		.uleb128 0x38
 1469 0073 0B       		.uleb128 0xb
 1470 0074 00       		.byte	0
 1471 0075 00       		.byte	0
 1472 0076 0B       		.uleb128 0xb
ARM GAS  C:\Users\jaohe\AppData\Local\Temp\ccUZP26m.s 			page 30


 1473 0077 13       		.uleb128 0x13
 1474 0078 01       		.byte	0x1
 1475 0079 03       		.uleb128 0x3
 1476 007a 0E       		.uleb128 0xe
 1477 007b 0B       		.uleb128 0xb
 1478 007c 0B       		.uleb128 0xb
 1479 007d 3A       		.uleb128 0x3a
 1480 007e 0B       		.uleb128 0xb
 1481 007f 3B       		.uleb128 0x3b
 1482 0080 0B       		.uleb128 0xb
 1483 0081 01       		.uleb128 0x1
 1484 0082 13       		.uleb128 0x13
 1485 0083 00       		.byte	0
 1486 0084 00       		.byte	0
 1487 0085 0C       		.uleb128 0xc
 1488 0086 16       		.uleb128 0x16
 1489 0087 00       		.byte	0
 1490 0088 03       		.uleb128 0x3
 1491 0089 0E       		.uleb128 0xe
 1492 008a 3A       		.uleb128 0x3a
 1493 008b 0B       		.uleb128 0xb
 1494 008c 3B       		.uleb128 0x3b
 1495 008d 05       		.uleb128 0x5
 1496 008e 49       		.uleb128 0x49
 1497 008f 13       		.uleb128 0x13
 1498 0090 00       		.byte	0
 1499 0091 00       		.byte	0
 1500 0092 0D       		.uleb128 0xd
 1501 0093 15       		.uleb128 0x15
 1502 0094 01       		.byte	0x1
 1503 0095 27       		.uleb128 0x27
 1504 0096 19       		.uleb128 0x19
 1505 0097 49       		.uleb128 0x49
 1506 0098 13       		.uleb128 0x13
 1507 0099 01       		.uleb128 0x1
 1508 009a 13       		.uleb128 0x13
 1509 009b 00       		.byte	0
 1510 009c 00       		.byte	0
 1511 009d 0E       		.uleb128 0xe
 1512 009e 05       		.uleb128 0x5
 1513 009f 00       		.byte	0
 1514 00a0 49       		.uleb128 0x49
 1515 00a1 13       		.uleb128 0x13
 1516 00a2 00       		.byte	0
 1517 00a3 00       		.byte	0
 1518 00a4 0F       		.uleb128 0xf
 1519 00a5 15       		.uleb128 0x15
 1520 00a6 01       		.byte	0x1
 1521 00a7 27       		.uleb128 0x27
 1522 00a8 19       		.uleb128 0x19
 1523 00a9 01       		.uleb128 0x1
 1524 00aa 13       		.uleb128 0x13
 1525 00ab 00       		.byte	0
 1526 00ac 00       		.byte	0
 1527 00ad 10       		.uleb128 0x10
 1528 00ae 13       		.uleb128 0x13
 1529 00af 01       		.byte	0x1
ARM GAS  C:\Users\jaohe\AppData\Local\Temp\ccUZP26m.s 			page 31


 1530 00b0 0B       		.uleb128 0xb
 1531 00b1 0B       		.uleb128 0xb
 1532 00b2 3A       		.uleb128 0x3a
 1533 00b3 0B       		.uleb128 0xb
 1534 00b4 3B       		.uleb128 0x3b
 1535 00b5 05       		.uleb128 0x5
 1536 00b6 01       		.uleb128 0x1
 1537 00b7 13       		.uleb128 0x13
 1538 00b8 00       		.byte	0
 1539 00b9 00       		.byte	0
 1540 00ba 11       		.uleb128 0x11
 1541 00bb 0D       		.uleb128 0xd
 1542 00bc 00       		.byte	0
 1543 00bd 03       		.uleb128 0x3
 1544 00be 0E       		.uleb128 0xe
 1545 00bf 3A       		.uleb128 0x3a
 1546 00c0 0B       		.uleb128 0xb
 1547 00c1 3B       		.uleb128 0x3b
 1548 00c2 05       		.uleb128 0x5
 1549 00c3 49       		.uleb128 0x49
 1550 00c4 13       		.uleb128 0x13
 1551 00c5 38       		.uleb128 0x38
 1552 00c6 0B       		.uleb128 0xb
 1553 00c7 00       		.byte	0
 1554 00c8 00       		.byte	0
 1555 00c9 12       		.uleb128 0x12
 1556 00ca 13       		.uleb128 0x13
 1557 00cb 01       		.byte	0x1
 1558 00cc 03       		.uleb128 0x3
 1559 00cd 0E       		.uleb128 0xe
 1560 00ce 0B       		.uleb128 0xb
 1561 00cf 0B       		.uleb128 0xb
 1562 00d0 3A       		.uleb128 0x3a
 1563 00d1 0B       		.uleb128 0xb
 1564 00d2 3B       		.uleb128 0x3b
 1565 00d3 05       		.uleb128 0x5
 1566 00d4 01       		.uleb128 0x1
 1567 00d5 13       		.uleb128 0x13
 1568 00d6 00       		.byte	0
 1569 00d7 00       		.byte	0
 1570 00d8 13       		.uleb128 0x13
 1571 00d9 0D       		.uleb128 0xd
 1572 00da 00       		.byte	0
 1573 00db 03       		.uleb128 0x3
 1574 00dc 08       		.uleb128 0x8
 1575 00dd 3A       		.uleb128 0x3a
 1576 00de 0B       		.uleb128 0xb
 1577 00df 3B       		.uleb128 0x3b
 1578 00e0 05       		.uleb128 0x5
 1579 00e1 49       		.uleb128 0x49
 1580 00e2 13       		.uleb128 0x13
 1581 00e3 38       		.uleb128 0x38
 1582 00e4 0B       		.uleb128 0xb
 1583 00e5 00       		.byte	0
 1584 00e6 00       		.byte	0
 1585 00e7 14       		.uleb128 0x14
 1586 00e8 17       		.uleb128 0x17
ARM GAS  C:\Users\jaohe\AppData\Local\Temp\ccUZP26m.s 			page 32


 1587 00e9 01       		.byte	0x1
 1588 00ea 0B       		.uleb128 0xb
 1589 00eb 0B       		.uleb128 0xb
 1590 00ec 3A       		.uleb128 0x3a
 1591 00ed 0B       		.uleb128 0xb
 1592 00ee 3B       		.uleb128 0x3b
 1593 00ef 05       		.uleb128 0x5
 1594 00f0 01       		.uleb128 0x1
 1595 00f1 13       		.uleb128 0x13
 1596 00f2 00       		.byte	0
 1597 00f3 00       		.byte	0
 1598 00f4 15       		.uleb128 0x15
 1599 00f5 0D       		.uleb128 0xd
 1600 00f6 00       		.byte	0
 1601 00f7 03       		.uleb128 0x3
 1602 00f8 0E       		.uleb128 0xe
 1603 00f9 3A       		.uleb128 0x3a
 1604 00fa 0B       		.uleb128 0xb
 1605 00fb 3B       		.uleb128 0x3b
 1606 00fc 05       		.uleb128 0x5
 1607 00fd 49       		.uleb128 0x49
 1608 00fe 13       		.uleb128 0x13
 1609 00ff 00       		.byte	0
 1610 0100 00       		.byte	0
 1611 0101 16       		.uleb128 0x16
 1612 0102 04       		.uleb128 0x4
 1613 0103 01       		.byte	0x1
 1614 0104 03       		.uleb128 0x3
 1615 0105 0E       		.uleb128 0xe
 1616 0106 0B       		.uleb128 0xb
 1617 0107 0B       		.uleb128 0xb
 1618 0108 3A       		.uleb128 0x3a
 1619 0109 0B       		.uleb128 0xb
 1620 010a 3B       		.uleb128 0x3b
 1621 010b 0B       		.uleb128 0xb
 1622 010c 01       		.uleb128 0x1
 1623 010d 13       		.uleb128 0x13
 1624 010e 00       		.byte	0
 1625 010f 00       		.byte	0
 1626 0110 17       		.uleb128 0x17
 1627 0111 28       		.uleb128 0x28
 1628 0112 00       		.byte	0
 1629 0113 03       		.uleb128 0x3
 1630 0114 0E       		.uleb128 0xe
 1631 0115 1C       		.uleb128 0x1c
 1632 0116 0D       		.uleb128 0xd
 1633 0117 00       		.byte	0
 1634 0118 00       		.byte	0
 1635 0119 18       		.uleb128 0x18
 1636 011a 2E       		.uleb128 0x2e
 1637 011b 01       		.byte	0x1
 1638 011c 3F       		.uleb128 0x3f
 1639 011d 19       		.uleb128 0x19
 1640 011e 03       		.uleb128 0x3
 1641 011f 0E       		.uleb128 0xe
 1642 0120 3A       		.uleb128 0x3a
 1643 0121 0B       		.uleb128 0xb
ARM GAS  C:\Users\jaohe\AppData\Local\Temp\ccUZP26m.s 			page 33


 1644 0122 3B       		.uleb128 0x3b
 1645 0123 0B       		.uleb128 0xb
 1646 0124 27       		.uleb128 0x27
 1647 0125 19       		.uleb128 0x19
 1648 0126 49       		.uleb128 0x49
 1649 0127 13       		.uleb128 0x13
 1650 0128 11       		.uleb128 0x11
 1651 0129 01       		.uleb128 0x1
 1652 012a 12       		.uleb128 0x12
 1653 012b 06       		.uleb128 0x6
 1654 012c 40       		.uleb128 0x40
 1655 012d 18       		.uleb128 0x18
 1656 012e 9742     		.uleb128 0x2117
 1657 0130 19       		.uleb128 0x19
 1658 0131 01       		.uleb128 0x1
 1659 0132 13       		.uleb128 0x13
 1660 0133 00       		.byte	0
 1661 0134 00       		.byte	0
 1662 0135 19       		.uleb128 0x19
 1663 0136 0B       		.uleb128 0xb
 1664 0137 01       		.byte	0x1
 1665 0138 11       		.uleb128 0x11
 1666 0139 01       		.uleb128 0x1
 1667 013a 12       		.uleb128 0x12
 1668 013b 06       		.uleb128 0x6
 1669 013c 01       		.uleb128 0x1
 1670 013d 13       		.uleb128 0x13
 1671 013e 00       		.byte	0
 1672 013f 00       		.byte	0
 1673 0140 1A       		.uleb128 0x1a
 1674 0141 34       		.uleb128 0x34
 1675 0142 00       		.byte	0
 1676 0143 03       		.uleb128 0x3
 1677 0144 0E       		.uleb128 0xe
 1678 0145 3A       		.uleb128 0x3a
 1679 0146 0B       		.uleb128 0xb
 1680 0147 3B       		.uleb128 0x3b
 1681 0148 0B       		.uleb128 0xb
 1682 0149 49       		.uleb128 0x49
 1683 014a 13       		.uleb128 0x13
 1684 014b 02       		.uleb128 0x2
 1685 014c 17       		.uleb128 0x17
 1686 014d 00       		.byte	0
 1687 014e 00       		.byte	0
 1688 014f 1B       		.uleb128 0x1b
 1689 0150 898201   		.uleb128 0x4109
 1690 0153 00       		.byte	0
 1691 0154 11       		.uleb128 0x11
 1692 0155 01       		.uleb128 0x1
 1693 0156 31       		.uleb128 0x31
 1694 0157 13       		.uleb128 0x13
 1695 0158 00       		.byte	0
 1696 0159 00       		.byte	0
 1697 015a 1C       		.uleb128 0x1c
 1698 015b 898201   		.uleb128 0x4109
 1699 015e 01       		.byte	0x1
 1700 015f 11       		.uleb128 0x11
ARM GAS  C:\Users\jaohe\AppData\Local\Temp\ccUZP26m.s 			page 34


 1701 0160 01       		.uleb128 0x1
 1702 0161 31       		.uleb128 0x31
 1703 0162 13       		.uleb128 0x13
 1704 0163 00       		.byte	0
 1705 0164 00       		.byte	0
 1706 0165 1D       		.uleb128 0x1d
 1707 0166 8A8201   		.uleb128 0x410a
 1708 0169 00       		.byte	0
 1709 016a 02       		.uleb128 0x2
 1710 016b 18       		.uleb128 0x18
 1711 016c 9142     		.uleb128 0x2111
 1712 016e 18       		.uleb128 0x18
 1713 016f 00       		.byte	0
 1714 0170 00       		.byte	0
 1715 0171 1E       		.uleb128 0x1e
 1716 0172 898201   		.uleb128 0x4109
 1717 0175 01       		.byte	0x1
 1718 0176 11       		.uleb128 0x11
 1719 0177 01       		.uleb128 0x1
 1720 0178 31       		.uleb128 0x31
 1721 0179 13       		.uleb128 0x13
 1722 017a 01       		.uleb128 0x1
 1723 017b 13       		.uleb128 0x13
 1724 017c 00       		.byte	0
 1725 017d 00       		.byte	0
 1726 017e 1F       		.uleb128 0x1f
 1727 017f 34       		.uleb128 0x34
 1728 0180 00       		.byte	0
 1729 0181 03       		.uleb128 0x3
 1730 0182 0E       		.uleb128 0xe
 1731 0183 3A       		.uleb128 0x3a
 1732 0184 0B       		.uleb128 0xb
 1733 0185 3B       		.uleb128 0x3b
 1734 0186 0B       		.uleb128 0xb
 1735 0187 49       		.uleb128 0x49
 1736 0188 13       		.uleb128 0x13
 1737 0189 02       		.uleb128 0x2
 1738 018a 18       		.uleb128 0x18
 1739 018b 00       		.byte	0
 1740 018c 00       		.byte	0
 1741 018d 20       		.uleb128 0x20
 1742 018e 34       		.uleb128 0x34
 1743 018f 00       		.byte	0
 1744 0190 03       		.uleb128 0x3
 1745 0191 0E       		.uleb128 0xe
 1746 0192 3A       		.uleb128 0x3a
 1747 0193 0B       		.uleb128 0xb
 1748 0194 3B       		.uleb128 0x3b
 1749 0195 0B       		.uleb128 0xb
 1750 0196 49       		.uleb128 0x49
 1751 0197 13       		.uleb128 0x13
 1752 0198 00       		.byte	0
 1753 0199 00       		.byte	0
 1754 019a 21       		.uleb128 0x21
 1755 019b 34       		.uleb128 0x34
 1756 019c 00       		.byte	0
 1757 019d 03       		.uleb128 0x3
ARM GAS  C:\Users\jaohe\AppData\Local\Temp\ccUZP26m.s 			page 35


 1758 019e 0E       		.uleb128 0xe
 1759 019f 3A       		.uleb128 0x3a
 1760 01a0 0B       		.uleb128 0xb
 1761 01a1 3B       		.uleb128 0x3b
 1762 01a2 05       		.uleb128 0x5
 1763 01a3 49       		.uleb128 0x49
 1764 01a4 13       		.uleb128 0x13
 1765 01a5 3F       		.uleb128 0x3f
 1766 01a6 19       		.uleb128 0x19
 1767 01a7 3C       		.uleb128 0x3c
 1768 01a8 19       		.uleb128 0x19
 1769 01a9 00       		.byte	0
 1770 01aa 00       		.byte	0
 1771 01ab 22       		.uleb128 0x22
 1772 01ac 35       		.uleb128 0x35
 1773 01ad 00       		.byte	0
 1774 01ae 49       		.uleb128 0x49
 1775 01af 13       		.uleb128 0x13
 1776 01b0 00       		.byte	0
 1777 01b1 00       		.byte	0
 1778 01b2 23       		.uleb128 0x23
 1779 01b3 01       		.uleb128 0x1
 1780 01b4 01       		.byte	0x1
 1781 01b5 49       		.uleb128 0x49
 1782 01b6 13       		.uleb128 0x13
 1783 01b7 01       		.uleb128 0x1
 1784 01b8 13       		.uleb128 0x13
 1785 01b9 00       		.byte	0
 1786 01ba 00       		.byte	0
 1787 01bb 24       		.uleb128 0x24
 1788 01bc 21       		.uleb128 0x21
 1789 01bd 00       		.byte	0
 1790 01be 49       		.uleb128 0x49
 1791 01bf 13       		.uleb128 0x13
 1792 01c0 2F       		.uleb128 0x2f
 1793 01c1 0B       		.uleb128 0xb
 1794 01c2 00       		.byte	0
 1795 01c3 00       		.byte	0
 1796 01c4 25       		.uleb128 0x25
 1797 01c5 34       		.uleb128 0x34
 1798 01c6 00       		.byte	0
 1799 01c7 03       		.uleb128 0x3
 1800 01c8 0E       		.uleb128 0xe
 1801 01c9 3A       		.uleb128 0x3a
 1802 01ca 0B       		.uleb128 0xb
 1803 01cb 3B       		.uleb128 0x3b
 1804 01cc 0B       		.uleb128 0xb
 1805 01cd 49       		.uleb128 0x49
 1806 01ce 13       		.uleb128 0x13
 1807 01cf 3F       		.uleb128 0x3f
 1808 01d0 19       		.uleb128 0x19
 1809 01d1 02       		.uleb128 0x2
 1810 01d2 18       		.uleb128 0x18
 1811 01d3 00       		.byte	0
 1812 01d4 00       		.byte	0
 1813 01d5 26       		.uleb128 0x26
 1814 01d6 2E       		.uleb128 0x2e
ARM GAS  C:\Users\jaohe\AppData\Local\Temp\ccUZP26m.s 			page 36


 1815 01d7 00       		.byte	0
 1816 01d8 3F       		.uleb128 0x3f
 1817 01d9 19       		.uleb128 0x19
 1818 01da 03       		.uleb128 0x3
 1819 01db 0E       		.uleb128 0xe
 1820 01dc 3A       		.uleb128 0x3a
 1821 01dd 0B       		.uleb128 0xb
 1822 01de 3B       		.uleb128 0x3b
 1823 01df 0B       		.uleb128 0xb
 1824 01e0 27       		.uleb128 0x27
 1825 01e1 19       		.uleb128 0x19
 1826 01e2 49       		.uleb128 0x49
 1827 01e3 13       		.uleb128 0x13
 1828 01e4 3C       		.uleb128 0x3c
 1829 01e5 19       		.uleb128 0x19
 1830 01e6 00       		.byte	0
 1831 01e7 00       		.byte	0
 1832 01e8 27       		.uleb128 0x27
 1833 01e9 2E       		.uleb128 0x2e
 1834 01ea 01       		.byte	0x1
 1835 01eb 3F       		.uleb128 0x3f
 1836 01ec 19       		.uleb128 0x19
 1837 01ed 03       		.uleb128 0x3
 1838 01ee 0E       		.uleb128 0xe
 1839 01ef 3A       		.uleb128 0x3a
 1840 01f0 0B       		.uleb128 0xb
 1841 01f1 3B       		.uleb128 0x3b
 1842 01f2 05       		.uleb128 0x5
 1843 01f3 27       		.uleb128 0x27
 1844 01f4 19       		.uleb128 0x19
 1845 01f5 49       		.uleb128 0x49
 1846 01f6 13       		.uleb128 0x13
 1847 01f7 3C       		.uleb128 0x3c
 1848 01f8 19       		.uleb128 0x19
 1849 01f9 01       		.uleb128 0x1
 1850 01fa 13       		.uleb128 0x13
 1851 01fb 00       		.byte	0
 1852 01fc 00       		.byte	0
 1853 01fd 28       		.uleb128 0x28
 1854 01fe 2E       		.uleb128 0x2e
 1855 01ff 01       		.byte	0x1
 1856 0200 3F       		.uleb128 0x3f
 1857 0201 19       		.uleb128 0x19
 1858 0202 03       		.uleb128 0x3
 1859 0203 0E       		.uleb128 0xe
 1860 0204 3A       		.uleb128 0x3a
 1861 0205 0B       		.uleb128 0xb
 1862 0206 3B       		.uleb128 0x3b
 1863 0207 05       		.uleb128 0x5
 1864 0208 27       		.uleb128 0x27
 1865 0209 19       		.uleb128 0x19
 1866 020a 3C       		.uleb128 0x3c
 1867 020b 19       		.uleb128 0x19
 1868 020c 01       		.uleb128 0x1
 1869 020d 13       		.uleb128 0x13
 1870 020e 00       		.byte	0
 1871 020f 00       		.byte	0
ARM GAS  C:\Users\jaohe\AppData\Local\Temp\ccUZP26m.s 			page 37


 1872 0210 29       		.uleb128 0x29
 1873 0211 2E       		.uleb128 0x2e
 1874 0212 00       		.byte	0
 1875 0213 3F       		.uleb128 0x3f
 1876 0214 19       		.uleb128 0x19
 1877 0215 03       		.uleb128 0x3
 1878 0216 0E       		.uleb128 0xe
 1879 0217 3A       		.uleb128 0x3a
 1880 0218 0B       		.uleb128 0xb
 1881 0219 3B       		.uleb128 0x3b
 1882 021a 05       		.uleb128 0x5
 1883 021b 27       		.uleb128 0x27
 1884 021c 19       		.uleb128 0x19
 1885 021d 3C       		.uleb128 0x3c
 1886 021e 19       		.uleb128 0x19
 1887 021f 00       		.byte	0
 1888 0220 00       		.byte	0
 1889 0221 2A       		.uleb128 0x2a
 1890 0222 2E       		.uleb128 0x2e
 1891 0223 01       		.byte	0x1
 1892 0224 3F       		.uleb128 0x3f
 1893 0225 19       		.uleb128 0x19
 1894 0226 03       		.uleb128 0x3
 1895 0227 0E       		.uleb128 0xe
 1896 0228 3A       		.uleb128 0x3a
 1897 0229 0B       		.uleb128 0xb
 1898 022a 3B       		.uleb128 0x3b
 1899 022b 0B       		.uleb128 0xb
 1900 022c 27       		.uleb128 0x27
 1901 022d 19       		.uleb128 0x19
 1902 022e 3C       		.uleb128 0x3c
 1903 022f 19       		.uleb128 0x19
 1904 0230 01       		.uleb128 0x1
 1905 0231 13       		.uleb128 0x13
 1906 0232 00       		.byte	0
 1907 0233 00       		.byte	0
 1908 0234 2B       		.uleb128 0x2b
 1909 0235 2E       		.uleb128 0x2e
 1910 0236 00       		.byte	0
 1911 0237 3F       		.uleb128 0x3f
 1912 0238 19       		.uleb128 0x19
 1913 0239 03       		.uleb128 0x3
 1914 023a 0E       		.uleb128 0xe
 1915 023b 3A       		.uleb128 0x3a
 1916 023c 0B       		.uleb128 0xb
 1917 023d 3B       		.uleb128 0x3b
 1918 023e 0B       		.uleb128 0xb
 1919 023f 27       		.uleb128 0x27
 1920 0240 19       		.uleb128 0x19
 1921 0241 3C       		.uleb128 0x3c
 1922 0242 19       		.uleb128 0x19
 1923 0243 00       		.byte	0
 1924 0244 00       		.byte	0
 1925 0245 2C       		.uleb128 0x2c
 1926 0246 2E       		.uleb128 0x2e
 1927 0247 01       		.byte	0x1
 1928 0248 3F       		.uleb128 0x3f
ARM GAS  C:\Users\jaohe\AppData\Local\Temp\ccUZP26m.s 			page 38


 1929 0249 19       		.uleb128 0x19
 1930 024a 03       		.uleb128 0x3
 1931 024b 0E       		.uleb128 0xe
 1932 024c 3A       		.uleb128 0x3a
 1933 024d 0B       		.uleb128 0xb
 1934 024e 3B       		.uleb128 0x3b
 1935 024f 0B       		.uleb128 0xb
 1936 0250 27       		.uleb128 0x27
 1937 0251 19       		.uleb128 0x19
 1938 0252 49       		.uleb128 0x49
 1939 0253 13       		.uleb128 0x13
 1940 0254 3C       		.uleb128 0x3c
 1941 0255 19       		.uleb128 0x19
 1942 0256 00       		.byte	0
 1943 0257 00       		.byte	0
 1944 0258 00       		.byte	0
 1945              		.section	.debug_loc,"",%progbits
 1946              	.Ldebug_loc0:
 1947              	.LLST0:
 1948 0000 9C000000 		.4byte	.LVL13
 1949 0004 B0000000 		.4byte	.LVL16
 1950 0008 0100     		.2byte	0x1
 1951 000a 54       		.byte	0x54
 1952 000b 00000000 		.4byte	0
 1953 000f 00000000 		.4byte	0
 1954              		.section	.debug_aranges,"",%progbits
 1955 0000 24000000 		.4byte	0x24
 1956 0004 0200     		.2byte	0x2
 1957 0006 00000000 		.4byte	.Ldebug_info0
 1958 000a 04       		.byte	0x4
 1959 000b 00       		.byte	0
 1960 000c 0000     		.2byte	0
 1961 000e 0000     		.2byte	0
 1962 0010 00000000 		.4byte	.LFB65
 1963 0014 D8000000 		.4byte	.LFE65-.LFB65
 1964 0018 00000000 		.4byte	.LFB63
 1965 001c 08000000 		.4byte	.LFE63-.LFB63
 1966 0020 00000000 		.4byte	0
 1967 0024 00000000 		.4byte	0
 1968              		.section	.debug_ranges,"",%progbits
 1969              	.Ldebug_ranges0:
 1970 0000 00000000 		.4byte	.LFB65
 1971 0004 D8000000 		.4byte	.LFE65
 1972 0008 00000000 		.4byte	.LFB63
 1973 000c 08000000 		.4byte	.LFE63
 1974 0010 00000000 		.4byte	0
 1975 0014 00000000 		.4byte	0
 1976              		.section	.debug_line,"",%progbits
 1977              	.Ldebug_line0:
 1978 0000 2D020000 		.section	.debug_str,"MS",%progbits,1
 1978      0200E901 
 1978      00000201 
 1978      FB0E0D00 
 1978      01010101 
 1979              	.LASF107:
 1980 0000 53637265 		.ascii	"Screens\000"
 1980      656E7300 
ARM GAS  C:\Users\jaohe\AppData\Local\Temp\ccUZP26m.s 			page 39


 1981              	.LASF108:
 1982 0008 6857696E 		.ascii	"hWin\000"
 1982      00
 1983              	.LASF88:
 1984 000d 61646352 		.ascii	"adcResult\000"
 1984      6573756C 
 1984      7400
 1985              	.LASF12:
 1986 0017 704C6973 		.ascii	"pList\000"
 1986      7400
 1987              	.LASF18:
 1988 001d 4755495F 		.ascii	"GUI_CHARINFO\000"
 1988      43484152 
 1988      494E464F 
 1988      00
 1989              	.LASF49:
 1990 002a 70664973 		.ascii	"pfIsInFont\000"
 1990      496E466F 
 1990      6E7400
 1991              	.LASF17:
 1992 0035 70446174 		.ascii	"pData\000"
 1992      6100
 1993              	.LASF94:
 1994 003b 4755495F 		.ascii	"GUI_DispStringHCenterAt\000"
 1994      44697370 
 1994      53747269 
 1994      6E674843 
 1994      656E7465 
 1995              	.LASF38:
 1996 0053 74475549 		.ascii	"tGUI_GetLineDistX\000"
 1996      5F476574 
 1996      4C696E65 
 1996      44697374 
 1996      5800
 1997              	.LASF2:
 1998 0065 73686F72 		.ascii	"short int\000"
 1998      7420696E 
 1998      7400
 1999              	.LASF64:
 2000 006f 73697A65 		.ascii	"sizetype\000"
 2000      74797065 
 2000      00
 2001              	.LASF95:
 2002 0078 4755495F 		.ascii	"GUI_SetColor\000"
 2002      53657443 
 2002      6F6C6F72 
 2002      00
 2003              	.LASF42:
 2004 0085 70664765 		.ascii	"pfGetLineLen\000"
 2004      744C696E 
 2004      654C656E 
 2004      00
 2005              	.LASF16:
 2006 0092 42797465 		.ascii	"BytesPerLine\000"
 2006      73506572 
 2006      4C696E65 
 2006      00
ARM GAS  C:\Users\jaohe\AppData\Local\Temp\ccUZP26m.s 			page 40


 2007              	.LASF31:
 2008 009f 70547261 		.ascii	"pTrans\000"
 2008      6E7300
 2009              	.LASF29:
 2010 00a6 4755495F 		.ascii	"GUI_FONT_PROP_EXT\000"
 2010      464F4E54 
 2010      5F50524F 
 2010      505F4558 
 2010      5400
 2011              	.LASF67:
 2012 00b8 6C6F6E67 		.ascii	"long long int\000"
 2012      206C6F6E 
 2012      6720696E 
 2012      7400
 2013              	.LASF9:
 2014 00c6 4755495F 		.ascii	"GUI_FONT_TRANSLIST\000"
 2014      464F4E54 
 2014      5F545241 
 2014      4E534C49 
 2014      535400
 2015              	.LASF35:
 2016 00d9 4C486569 		.ascii	"LHeight\000"
 2016      67687400 
 2017              	.LASF6:
 2018 00e1 4C43445F 		.ascii	"LCD_COLOR\000"
 2018      434F4C4F 
 2018      5200
 2019              	.LASF54:
 2020 00eb 594D6167 		.ascii	"YMag\000"
 2020      00
 2021              	.LASF34:
 2022 00f0 42617365 		.ascii	"Baseline\000"
 2022      6C696E65 
 2022      00
 2023              	.LASF71:
 2024 00f9 75696E74 		.ascii	"uint16\000"
 2024      313600
 2025              	.LASF14:
 2026 0100 5853697A 		.ascii	"XSize\000"
 2026      6500
 2027              	.LASF61:
 2028 0106 704D6F6E 		.ascii	"pMono\000"
 2028      6F00
 2029              	.LASF73:
 2030 010c 696E7431 		.ascii	"int16\000"
 2030      3600
 2031              	.LASF36:
 2032 0112 43486569 		.ascii	"CHeight\000"
 2032      67687400 
 2033              	.LASF55:
 2034 011a 4755495F 		.ascii	"GUI_DISPCHAR\000"
 2034      44495350 
 2034      43484152 
 2034      00
 2035              	.LASF44:
 2036 0127 74475549 		.ascii	"tGUI_ENC_APIList\000"
 2036      5F454E43 
ARM GAS  C:\Users\jaohe\AppData\Local\Temp\ccUZP26m.s 			page 41


 2036      5F415049 
 2036      4C697374 
 2036      00
 2037              	.LASF30:
 2038 0138 70547261 		.ascii	"pTransData\000"
 2038      6E734461 
 2038      746100
 2039              	.LASF100:
 2040 0143 4144435F 		.ascii	"ADC_DelSig_1_GetResult16\000"
 2040      44656C53 
 2040      69675F31 
 2040      5F476574 
 2040      52657375 
 2041              	.LASF106:
 2042 015c 433A5C55 		.ascii	"C:\\Users\\jaohe\\EghosaOneDrive\\OneDrive\\Documen"
 2042      73657273 
 2042      5C6A616F 
 2042      68655C45 
 2042      67686F73 
 2043 018a 74735C53 		.ascii	"ts\\Spring 2025\\6.115\\final_project\\taskassistan"
 2043      7072696E 
 2043      67203230 
 2043      32355C36 
 2043      2E313135 
 2044 01b9 745C5446 		.ascii	"t\\TFT_with_emWin\\TFT_with_emWin.cydsn\000"
 2044      545F7769 
 2044      74685F65 
 2044      6D57696E 
 2044      5C544654 
 2045              	.LASF20:
 2046 01df 58506F73 		.ascii	"XPos\000"
 2046      00
 2047              	.LASF33:
 2048 01e4 466C6167 		.ascii	"Flags\000"
 2048      7300
 2049              	.LASF74:
 2050 01ea 666C6F61 		.ascii	"float\000"
 2050      7400
 2051              	.LASF13:
 2052 01f0 4755495F 		.ascii	"GUI_FONT_TRANSINFO\000"
 2052      464F4E54 
 2052      5F545241 
 2052      4E53494E 
 2052      464F00
 2053              	.LASF51:
 2054 0203 70616645 		.ascii	"pafEncode\000"
 2054      6E636F64 
 2054      6500
 2055              	.LASF26:
 2056 020d 70614368 		.ascii	"paCharInfo\000"
 2056      6172496E 
 2056      666F00
 2057              	.LASF27:
 2058 0218 704E6578 		.ascii	"pNext\000"
 2058      7400
 2059              	.LASF25:
 2060 021e 4C617374 		.ascii	"Last\000"
ARM GAS  C:\Users\jaohe\AppData\Local\Temp\ccUZP26m.s 			page 42


 2060      00
 2061              	.LASF5:
 2062 0223 6C6F6E67 		.ascii	"long int\000"
 2062      20696E74 
 2062      00
 2063              	.LASF23:
 2064 022c 4755495F 		.ascii	"GUI_CHARINFO_EXT\000"
 2064      43484152 
 2064      494E464F 
 2064      5F455854 
 2064      00
 2065              	.LASF58:
 2066 023d 4755495F 		.ascii	"GUI_ISINFONT\000"
 2066      4953494E 
 2066      464F4E54 
 2066      00
 2067              	.LASF86:
 2068 024a 73656C65 		.ascii	"selectedAction\000"
 2068      63746564 
 2068      41637469 
 2068      6F6E00
 2069              	.LASF80:
 2070 0259 5441534B 		.ascii	"TASK_SCHEDULER\000"
 2070      5F534348 
 2070      4544554C 
 2070      455200
 2071              	.LASF63:
 2072 0268 7050726F 		.ascii	"pPropExt\000"
 2072      70457874 
 2072      00
 2073              	.LASF59:
 2074 0271 4755495F 		.ascii	"GUI_GETCHARINFO\000"
 2074      47455443 
 2074      48415249 
 2074      4E464F00 
 2075              	.LASF83:
 2076 0281 4552524F 		.ascii	"ERROR\000"
 2076      5200
 2077              	.LASF7:
 2078 0287 4755495F 		.ascii	"GUI_COLOR\000"
 2078      434F4C4F 
 2078      5200
 2079              	.LASF101:
 2080 0291 4241434B 		.ascii	"BACK_BTN_Read\000"
 2080      5F42544E 
 2080      5F526561 
 2080      6400
 2081              	.LASF70:
 2082 029f 75696E74 		.ascii	"uint8\000"
 2082      3800
 2083              	.LASF4:
 2084 02a5 756E7369 		.ascii	"unsigned char\000"
 2084      676E6564 
 2084      20636861 
 2084      7200
 2085              	.LASF50:
 2086 02b3 70664765 		.ascii	"pfGetCharInfo\000"
ARM GAS  C:\Users\jaohe\AppData\Local\Temp\ccUZP26m.s 			page 43


 2086      74436861 
 2086      72496E66 
 2086      6F00
 2087              	.LASF43:
 2088 02c1 70664469 		.ascii	"pfDispLine\000"
 2088      73704C69 
 2088      6E6500
 2089              	.LASF22:
 2090 02cc 7369676E 		.ascii	"signed char\000"
 2090      65642063 
 2090      68617200 
 2091              	.LASF68:
 2092 02d8 6C6F6E67 		.ascii	"long long unsigned int\000"
 2092      206C6F6E 
 2092      6720756E 
 2092      7369676E 
 2092      65642069 
 2093              	.LASF15:
 2094 02ef 58446973 		.ascii	"XDist\000"
 2094      7400
 2095              	.LASF96:
 2096 02f5 43794465 		.ascii	"CyDelay\000"
 2096      6C617900 
 2097              	.LASF0:
 2098 02fd 756E7369 		.ascii	"unsigned int\000"
 2098      676E6564 
 2098      20696E74 
 2098      00
 2099              	.LASF21:
 2100 030a 59506F73 		.ascii	"YPos\000"
 2100      00
 2101              	.LASF19:
 2102 030f 5953697A 		.ascii	"YSize\000"
 2102      6500
 2103              	.LASF85:
 2104 0315 73746172 		.ascii	"start\000"
 2104      7400
 2105              	.LASF99:
 2106 031b 4144435F 		.ascii	"ADC_DelSig_1_StartConvert\000"
 2106      44656C53 
 2106      69675F31 
 2106      5F537461 
 2106      7274436F 
 2107              	.LASF78:
 2108 0335 484F4D45 		.ascii	"HOME\000"
 2108      00
 2109              	.LASF60:
 2110 033a 70466F6E 		.ascii	"pFontData\000"
 2110      74446174 
 2110      6100
 2111              	.LASF82:
 2112 0344 5345434F 		.ascii	"SECOND_MOVE\000"
 2112      4E445F4D 
 2112      4F564500 
 2113              	.LASF3:
 2114 0350 63686172 		.ascii	"char\000"
 2114      00
ARM GAS  C:\Users\jaohe\AppData\Local\Temp\ccUZP26m.s 			page 44


 2115              	.LASF10:
 2116 0355 46697273 		.ascii	"FirstChar\000"
 2116      74436861 
 2116      7200
 2117              	.LASF41:
 2118 035f 70664765 		.ascii	"pfGetLineDistX\000"
 2118      744C696E 
 2118      65446973 
 2118      745800
 2119              	.LASF69:
 2120 036e 696E7433 		.ascii	"int32_t\000"
 2120      325F7400 
 2121              	.LASF45:
 2122 0376 4755495F 		.ascii	"GUI_FONT\000"
 2122      464F4E54 
 2122      00
 2123              	.LASF8:
 2124 037f 73686F72 		.ascii	"short unsigned int\000"
 2124      7420756E 
 2124      7369676E 
 2124      65642069 
 2124      6E7400
 2125              	.LASF56:
 2126 0392 4755495F 		.ascii	"GUI_GETCHARDISTX\000"
 2126      47455443 
 2126      48415244 
 2126      49535458 
 2126      00
 2127              	.LASF76:
 2128 03a3 5F426F6F 		.ascii	"_Bool\000"
 2128      6C00
 2129              	.LASF109:
 2130 03a9 4755495F 		.ascii	"GUI_SetFont\000"
 2130      53657446 
 2130      6F6E7400 
 2131              	.LASF72:
 2132 03b5 75696E74 		.ascii	"uint32\000"
 2132      333200
 2133              	.LASF102:
 2134 03bc 464F5257 		.ascii	"FORWARD_BTN_Read\000"
 2134      4152445F 
 2134      42544E5F 
 2134      52656164 
 2134      00
 2135              	.LASF1:
 2136 03cd 6C6F6E67 		.ascii	"long unsigned int\000"
 2136      20756E73 
 2136      69676E65 
 2136      6420696E 
 2136      7400
 2137              	.LASF75:
 2138 03df 646F7562 		.ascii	"double\000"
 2138      6C6500
 2139              	.LASF87:
 2140 03e6 73656C65 		.ascii	"selected\000"
 2140      63746564 
 2140      00
ARM GAS  C:\Users\jaohe\AppData\Local\Temp\ccUZP26m.s 			page 45


 2141              	.LASF24:
 2142 03ef 46697273 		.ascii	"First\000"
 2142      7400
 2143              	.LASF89:
 2144 03f5 4755495F 		.ascii	"GUI_Font13_1\000"
 2144      466F6E74 
 2144      31335F31 
 2144      00
 2145              	.LASF32:
 2146 0402 4755495F 		.ascii	"GUI_FONT_MONO\000"
 2146      464F4E54 
 2146      5F4D4F4E 
 2146      4F00
 2147              	.LASF103:
 2148 0410 4144435F 		.ascii	"ADC_DelSig_1_IsEndConversion\000"
 2148      44656C53 
 2148      69675F31 
 2148      5F497345 
 2148      6E64436F 
 2149              	.LASF84:
 2150 042d 6D61696E 		.ascii	"mainTask\000"
 2150      5461736B 
 2150      00
 2151              	.LASF93:
 2152 0436 6D656E75 		.ascii	"menuOptions\000"
 2152      4F707469 
 2152      6F6E7300 
 2153              	.LASF66:
 2154 0442 5F5F696E 		.ascii	"__int32_t\000"
 2154      7433325F 
 2154      7400
 2155              	.LASF104:
 2156 044c 474E5520 		.ascii	"GNU C 4.9.3 20150303 (release) [ARM/embedded-4_9-br"
 2156      4320342E 
 2156      392E3320 
 2156      32303135 
 2156      30333033 
 2157 047f 616E6368 		.ascii	"anch revision 221220] -mcpu=cortex-m3 -mthumb -g -O"
 2157      20726576 
 2157      6973696F 
 2157      6E203232 
 2157      31323230 
 2158 04b2 67202D66 		.ascii	"g -ffunction-sections -ffat-lto-objects\000"
 2158      66756E63 
 2158      74696F6E 
 2158      2D736563 
 2158      74696F6E 
 2159              	.LASF47:
 2160 04da 70664765 		.ascii	"pfGetCharDistX\000"
 2160      74436861 
 2160      72446973 
 2160      745800
 2161              	.LASF57:
 2162 04e9 4755495F 		.ascii	"GUI_GETFONTINFO\000"
 2162      47455446 
 2162      4F4E5449 
 2162      4E464F00 
ARM GAS  C:\Users\jaohe\AppData\Local\Temp\ccUZP26m.s 			page 46


 2163              	.LASF53:
 2164 04f9 584D6167 		.ascii	"XMag\000"
 2164      00
 2165              	.LASF77:
 2166 04fe 4D454E55 		.ascii	"MENU\000"
 2166      00
 2167              	.LASF28:
 2168 0503 4755495F 		.ascii	"GUI_FONT_PROP\000"
 2168      464F4E54 
 2168      5F50524F 
 2168      5000
 2169              	.LASF46:
 2170 0511 70664469 		.ascii	"pfDispChar\000"
 2170      73704368 
 2170      617200
 2171              	.LASF91:
 2172 051c 4755495F 		.ascii	"GUI_Font8x16\000"
 2172      466F6E74 
 2172      38783136 
 2172      00
 2173              	.LASF52:
 2174 0529 59446973 		.ascii	"YDist\000"
 2174      7400
 2175              	.LASF65:
 2176 052f 4755495F 		.ascii	"GUI_HWIN\000"
 2176      4857494E 
 2176      00
 2177              	.LASF39:
 2178 0538 74475549 		.ascii	"tGUI_GetLineLen\000"
 2178      5F476574 
 2178      4C696E65 
 2178      4C656E00 
 2179              	.LASF98:
 2180 0548 4144435F 		.ascii	"ADC_DelSig_1_Start\000"
 2180      44656C53 
 2180      69675F31 
 2180      5F537461 
 2180      727400
 2181              	.LASF92:
 2182 055b 49544D5F 		.ascii	"ITM_RxBuffer\000"
 2182      52784275 
 2182      66666572 
 2182      00
 2183              	.LASF105:
 2184 0568 2E5C7374 		.ascii	".\\start_menu.c\000"
 2184      6172745F 
 2184      6D656E75 
 2184      2E6300
 2185              	.LASF62:
 2186 0577 7050726F 		.ascii	"pProp\000"
 2186      7000
 2187              	.LASF48:
 2188 057d 70664765 		.ascii	"pfGetFontInfo\000"
 2188      74466F6E 
 2188      74496E66 
 2188      6F00
 2189              	.LASF79:
ARM GAS  C:\Users\jaohe\AppData\Local\Temp\ccUZP26m.s 			page 47


 2190 058b 5441534B 		.ascii	"TASK_START\000"
 2190      5F535441 
 2190      525400
 2191              	.LASF81:
 2192 0596 56494557 		.ascii	"VIEW_METRICS\000"
 2192      5F4D4554 
 2192      52494353 
 2192      00
 2193              	.LASF90:
 2194 05a3 4755495F 		.ascii	"GUI_Font16_1\000"
 2194      466F6E74 
 2194      31365F31 
 2194      00
 2195              	.LASF40:
 2196 05b0 74474C5F 		.ascii	"tGL_DispLine\000"
 2196      44697370 
 2196      4C696E65 
 2196      00
 2197              	.LASF37:
 2198 05bd 4755495F 		.ascii	"GUI_FONTINFO\000"
 2198      464F4E54 
 2198      494E464F 
 2198      00
 2199              	.LASF97:
 2200 05ca 4755495F 		.ascii	"GUI_Clear\000"
 2200      436C6561 
 2200      7200
 2201              	.LASF11:
 2202 05d4 4C617374 		.ascii	"LastChar\000"
 2202      43686172 
 2202      00
 2203              		.ident	"GCC: (GNU Tools for ARM Embedded Processors) 4.9.3 20150303 (release) [ARM/embedded-4_9-br
