ARM GAS  C:\Users\jaohe\AppData\Local\Temp\ccmD3t9X.s 			page 1


   1              		.syntax unified
   2              		.cpu cortex-m3
   3              		.fpu softvfp
   4              		.eabi_attribute 20, 1
   5              		.eabi_attribute 21, 1
   6              		.eabi_attribute 23, 3
   7              		.eabi_attribute 24, 1
   8              		.eabi_attribute 25, 1
   9              		.eabi_attribute 26, 1
  10              		.eabi_attribute 30, 1
  11              		.eabi_attribute 34, 1
  12              		.eabi_attribute 18, 4
  13              		.thumb
  14              		.file	"start.c"
  15              		.text
  16              	.Ltext0:
  17              		.cfi_sections	.debug_frame
  18              		.section	.text.mainTask,"ax",%progbits
  19              		.align	2
  20              		.global	mainTask
  21              		.thumb
  22              		.thumb_func
  23              		.type	mainTask, %function
  24              	mainTask:
  25              	.LFB64:
  26              		.file 1 ".\\start.c"
   1:.\start.c     **** /* ========================================
   2:.\start.c     ****  *
   3:.\start.c     ****  * Copyright YOUR COMPANY, THE YEAR
   4:.\start.c     ****  * All Rights Reserved
   5:.\start.c     ****  * UNPUBLISHED, LICENSED SOFTWARE.
   6:.\start.c     ****  *
   7:.\start.c     ****  * CONFIDENTIAL AND PROPRIETARY INFORMATION
   8:.\start.c     ****  * WHICH IS THE PROPERTY OF your company.
   9:.\start.c     ****  *
  10:.\start.c     ****  * ========================================
  11:.\start.c     **** */
  12:.\start.c     **** 
  13:.\start.c     **** /* [] END OF FILE */
  14:.\start.c     **** 
  15:.\start.c     **** #include "GUI.h"
  16:.\start.c     **** #include "DIALOG.h"
  17:.\start.c     **** #include <project.h>
  18:.\start.c     **** #include "tft.h"
  19:.\start.c     **** #include "screens.h"
  20:.\start.c     **** #include "WM.h"
  21:.\start.c     **** int mainTask(void);
  22:.\start.c     **** int start(){
  23:.\start.c     ****     return mainTask();
  24:.\start.c     **** }
  25:.\start.c     **** //GUI_DispStringHCenterAt("Start Screen \nshows how to use a WINDOW widget", CENTERX, 5)
  26:.\start.c     **** 
  27:.\start.c     **** 
  28:.\start.c     **** int mainTask(void) {
  27              		.loc 1 28 0
  28              		.cfi_startproc
  29              		@ args = 0, pretend = 0, frame = 0
ARM GAS  C:\Users\jaohe\AppData\Local\Temp\ccmD3t9X.s 			page 2


  30              		@ frame_needed = 0, uses_anonymous_args = 0
  31 0000 08B5     		push	{r3, lr}
  32              		.cfi_def_cfa_offset 8
  33              		.cfi_offset 3, -8
  34              		.cfi_offset 14, -4
  29:.\start.c     **** 
  30:.\start.c     ****  GUI_Init();
  35              		.loc 1 30 0
  36 0002 FFF7FEFF 		bl	GUI_Init
  37              	.LVL0:
  31:.\start.c     ****  //WM_SetDesktopColor(GUI_BLACK);
  32:.\start.c     ****     GUI_DispStringHCenterAt("Start Screen \n Welcome to PEPE\n\n Productivity Assistant", CENTERX, 
  38              		.loc 1 32 0
  39 0006 0D48     		ldr	r0, .L5
  40 0008 7821     		movs	r1, #120
  41 000a 0522     		movs	r2, #5
  42 000c FFF7FEFF 		bl	GUI_DispStringHCenterAt
  43              	.LVL1:
  44              	.L3:
  33:.\start.c     **** 
  34:.\start.c     ****     while (1) {
  35:.\start.c     ****         
  36:.\start.c     ****         if (FORWARD_BTN_Read() == 0 || BACK_BTN_Read() == 0){
  45              		.loc 1 36 0
  46 0010 FFF7FEFF 		bl	FORWARD_BTN_Read
  47              	.LVL2:
  48 0014 18B1     		cbz	r0, .L2
  49              		.loc 1 36 0 is_stmt 0 discriminator 1
  50 0016 FFF7FEFF 		bl	BACK_BTN_Read
  51              	.LVL3:
  52 001a 0028     		cmp	r0, #0
  53 001c F8D1     		bne	.L3
  54              	.L2:
  37:.\start.c     ****             GUI_Clear();
  55              		.loc 1 37 0 is_stmt 1
  56 001e FFF7FEFF 		bl	GUI_Clear
  57              	.LVL4:
  38:.\start.c     ****             GUI_DispStringHCenterAt("Dialog has been closed", CENTERX, 5);
  58              		.loc 1 38 0
  59 0022 0748     		ldr	r0, .L5+4
  60 0024 7821     		movs	r1, #120
  61 0026 0522     		movs	r2, #5
  62 0028 FFF7FEFF 		bl	GUI_DispStringHCenterAt
  63              	.LVL5:
  39:.\start.c     ****             GUI_Delay(1000);
  64              		.loc 1 39 0
  65 002c 4FF47A70 		mov	r0, #1000
  66 0030 FFF7FEFF 		bl	GUI_Delay
  67              	.LVL6:
  40:.\start.c     ****             GUI_Clear();
  68              		.loc 1 40 0
  69 0034 FFF7FEFF 		bl	GUI_Clear
  70              	.LVL7:
  41:.\start.c     ****             return HOME;
  42:.\start.c     ****         }
  43:.\start.c     ****         
  44:.\start.c     **** 
ARM GAS  C:\Users\jaohe\AppData\Local\Temp\ccmD3t9X.s 			page 3


  45:.\start.c     ****     }
  46:.\start.c     ****     error("Error in start.c");
  47:.\start.c     ****     return ERROR;
  48:.\start.c     **** }
  71              		.loc 1 48 0
  72 0038 0120     		movs	r0, #1
  73 003a 08BD     		pop	{r3, pc}
  74              	.L6:
  75              		.align	2
  76              	.L5:
  77 003c 00000000 		.word	.LC0
  78 0040 38000000 		.word	.LC1
  79              		.cfi_endproc
  80              	.LFE64:
  81              		.size	mainTask, .-mainTask
  82              		.section	.text.start,"ax",%progbits
  83              		.align	2
  84              		.global	start
  85              		.thumb
  86              		.thumb_func
  87              		.type	start, %function
  88              	start:
  89              	.LFB63:
  22:.\start.c     ****     return mainTask();
  90              		.loc 1 22 0
  91              		.cfi_startproc
  92              		@ args = 0, pretend = 0, frame = 0
  93              		@ frame_needed = 0, uses_anonymous_args = 0
  94 0000 08B5     		push	{r3, lr}
  95              		.cfi_def_cfa_offset 8
  96              		.cfi_offset 3, -8
  97              		.cfi_offset 14, -4
  23:.\start.c     **** }
  98              		.loc 1 23 0
  99 0002 FFF7FEFF 		bl	mainTask
 100              	.LVL8:
  24:.\start.c     **** //GUI_DispStringHCenterAt("Start Screen \nshows how to use a WINDOW widget", CENTERX, 5)
 101              		.loc 1 24 0
 102 0006 08BD     		pop	{r3, pc}
 103              		.cfi_endproc
 104              	.LFE63:
 105              		.size	start, .-start
 106              		.section	.rodata.str1.4,"aMS",%progbits,1
 107              		.align	2
 108              	.LC0:
 109 0000 53746172 		.ascii	"Start Screen \012 Welcome to PEPE\012\012 Productiv"
 109      74205363 
 109      7265656E 
 109      200A2057 
 109      656C636F 
 110 002a 69747920 		.ascii	"ity Assistant\000"
 110      41737369 
 110      7374616E 
 110      7400
 111              	.LC1:
 112 0038 4469616C 		.ascii	"Dialog has been closed\000"
 112      6F672068 
ARM GAS  C:\Users\jaohe\AppData\Local\Temp\ccmD3t9X.s 			page 4


 112      61732062 
 112      65656E20 
 112      636C6F73 
 113 004f 00       		.text
 114              	.Letext0:
 115              		.file 2 "c:\\program files (x86)\\cypress\\psoc creator\\3.3\\psoc creator\\import\\gnu\\arm\\4.9.
 116              		.file 3 "c:\\program files (x86)\\cypress\\psoc creator\\3.3\\psoc creator\\import\\gnu\\arm\\4.9.
 117              		.file 4 "Generated_Source\\PSoC5/cytypes.h"
 118              		.file 5 "..\\..\\emWinGraphics_v5_46\\Code\\Include\\PSoC4_5/GUI.h"
 119              		.file 6 "Generated_Source\\PSoC5/FORWARD_BTN.h"
 120              		.file 7 "Generated_Source\\PSoC5/BACK_BTN.h"
 121              		.file 8 ".\\screens.h"
 122              		.file 9 "Generated_Source\\PSoC5/core_cm3.h"
 123              		.section	.debug_info,"",%progbits
 124              	.Ldebug_info0:
 125 0000 FF010000 		.4byte	0x1ff
 126 0004 0400     		.2byte	0x4
 127 0006 00000000 		.4byte	.Ldebug_abbrev0
 128 000a 04       		.byte	0x4
 129 000b 01       		.uleb128 0x1
 130 000c AC000000 		.4byte	.LASF26
 131 0010 01       		.byte	0x1
 132 0011 2D000000 		.4byte	.LASF27
 133 0015 C1010000 		.4byte	.LASF28
 134 0019 00000000 		.4byte	.Ldebug_ranges0+0
 135 001d 00000000 		.4byte	0
 136 0021 00000000 		.4byte	.Ldebug_line0
 137 0025 02       		.uleb128 0x2
 138 0026 04       		.byte	0x4
 139 0027 05       		.byte	0x5
 140 0028 696E7400 		.ascii	"int\000"
 141 002c 03       		.uleb128 0x3
 142 002d 04       		.byte	0x4
 143 002e 07       		.byte	0x7
 144 002f 3A010000 		.4byte	.LASF0
 145 0033 03       		.uleb128 0x3
 146 0034 04       		.byte	0x4
 147 0035 07       		.byte	0x7
 148 0036 9A000000 		.4byte	.LASF1
 149 003a 03       		.uleb128 0x3
 150 003b 02       		.byte	0x2
 151 003c 05       		.byte	0x5
 152 003d 7C010000 		.4byte	.LASF2
 153 0041 03       		.uleb128 0x3
 154 0042 01       		.byte	0x1
 155 0043 08       		.byte	0x8
 156 0044 47010000 		.4byte	.LASF3
 157 0048 03       		.uleb128 0x3
 158 0049 01       		.byte	0x1
 159 004a 08       		.byte	0x8
 160 004b 60000000 		.4byte	.LASF4
 161 004f 03       		.uleb128 0x3
 162 0050 04       		.byte	0x4
 163 0051 05       		.byte	0x5
 164 0052 A0010000 		.4byte	.LASF5
 165 0056 04       		.uleb128 0x4
 166 0057 04       		.byte	0x4
ARM GAS  C:\Users\jaohe\AppData\Local\Temp\ccmD3t9X.s 			page 5


 167 0058 5C000000 		.4byte	0x5c
 168 005c 05       		.uleb128 0x5
 169 005d 41000000 		.4byte	0x41
 170 0061 03       		.uleb128 0x3
 171 0062 02       		.byte	0x2
 172 0063 07       		.byte	0x7
 173 0064 1A000000 		.4byte	.LASF6
 174 0068 03       		.uleb128 0x3
 175 0069 01       		.byte	0x1
 176 006a 06       		.byte	0x6
 177 006b 44020000 		.4byte	.LASF7
 178 006f 03       		.uleb128 0x3
 179 0070 04       		.byte	0x4
 180 0071 07       		.byte	0x7
 181 0072 65010000 		.4byte	.LASF8
 182 0076 06       		.uleb128 0x6
 183 0077 00000000 		.4byte	.LASF11
 184 007b 02       		.byte	0x2
 185 007c 3F       		.byte	0x3f
 186 007d 4F000000 		.4byte	0x4f
 187 0081 03       		.uleb128 0x3
 188 0082 08       		.byte	0x8
 189 0083 05       		.byte	0x5
 190 0084 6E010000 		.4byte	.LASF9
 191 0088 03       		.uleb128 0x3
 192 0089 08       		.byte	0x8
 193 008a 07       		.byte	0x7
 194 008b 44000000 		.4byte	.LASF10
 195 008f 06       		.uleb128 0x6
 196 0090 5D010000 		.4byte	.LASF12
 197 0094 03       		.byte	0x3
 198 0095 2C       		.byte	0x2c
 199 0096 76000000 		.4byte	0x76
 200 009a 06       		.uleb128 0x6
 201 009b 78000000 		.4byte	.LASF13
 202 009f 04       		.byte	0x4
 203 00a0 C2       		.byte	0xc2
 204 00a1 48000000 		.4byte	0x48
 205 00a5 03       		.uleb128 0x3
 206 00a6 04       		.byte	0x4
 207 00a7 04       		.byte	0x4
 208 00a8 3E000000 		.4byte	.LASF14
 209 00ac 03       		.uleb128 0x3
 210 00ad 08       		.byte	0x8
 211 00ae 04       		.byte	0x4
 212 00af 37000000 		.4byte	.LASF15
 213 00b3 07       		.uleb128 0x7
 214 00b4 01       		.byte	0x1
 215 00b5 08       		.byte	0x8
 216 00b6 13       		.byte	0x13
 217 00b7 DA000000 		.4byte	0xda
 218 00bb 08       		.uleb128 0x8
 219 00bc 94000000 		.4byte	.LASF16
 220 00c0 00       		.sleb128 0
 221 00c1 08       		.uleb128 0x8
 222 00c2 5B000000 		.4byte	.LASF17
 223 00c6 01       		.sleb128 1
ARM GAS  C:\Users\jaohe\AppData\Local\Temp\ccmD3t9X.s 			page 6


 224 00c7 08       		.uleb128 0x8
 225 00c8 50020000 		.4byte	.LASF18
 226 00cc 02       		.sleb128 2
 227 00cd 08       		.uleb128 0x8
 228 00ce 4C010000 		.4byte	.LASF19
 229 00d2 03       		.sleb128 3
 230 00d3 08       		.uleb128 0x8
 231 00d4 57010000 		.4byte	.LASF20
 232 00d8 04       		.sleb128 4
 233 00d9 00       		.byte	0
 234 00da 09       		.uleb128 0x9
 235 00db 8B000000 		.4byte	.LASF21
 236 00df 01       		.byte	0x1
 237 00e0 1C       		.byte	0x1c
 238 00e1 25000000 		.4byte	0x25
 239 00e5 00000000 		.4byte	.LFB64
 240 00e9 44000000 		.4byte	.LFE64-.LFB64
 241 00ed 01       		.uleb128 0x1
 242 00ee 9C       		.byte	0x9c
 243 00ef 7A010000 		.4byte	0x17a
 244 00f3 0A       		.uleb128 0xa
 245 00f4 06000000 		.4byte	.LVL0
 246 00f8 AE010000 		.4byte	0x1ae
 247 00fc 0B       		.uleb128 0xb
 248 00fd 10000000 		.4byte	.LVL1
 249 0101 BA010000 		.4byte	0x1ba
 250 0105 1E010000 		.4byte	0x11e
 251 0109 0C       		.uleb128 0xc
 252 010a 01       		.uleb128 0x1
 253 010b 52       		.byte	0x52
 254 010c 01       		.uleb128 0x1
 255 010d 35       		.byte	0x35
 256 010e 0C       		.uleb128 0xc
 257 010f 01       		.uleb128 0x1
 258 0110 51       		.byte	0x51
 259 0111 02       		.uleb128 0x2
 260 0112 08       		.byte	0x8
 261 0113 78       		.byte	0x78
 262 0114 0C       		.uleb128 0xc
 263 0115 01       		.uleb128 0x1
 264 0116 50       		.byte	0x50
 265 0117 05       		.uleb128 0x5
 266 0118 03       		.byte	0x3
 267 0119 00000000 		.4byte	.LC0
 268 011d 00       		.byte	0
 269 011e 0A       		.uleb128 0xa
 270 011f 14000000 		.4byte	.LVL2
 271 0123 D6010000 		.4byte	0x1d6
 272 0127 0A       		.uleb128 0xa
 273 0128 1A000000 		.4byte	.LVL3
 274 012c E1010000 		.4byte	0x1e1
 275 0130 0A       		.uleb128 0xa
 276 0131 22000000 		.4byte	.LVL4
 277 0135 EC010000 		.4byte	0x1ec
 278 0139 0B       		.uleb128 0xb
 279 013a 2C000000 		.4byte	.LVL5
 280 013e BA010000 		.4byte	0x1ba
ARM GAS  C:\Users\jaohe\AppData\Local\Temp\ccmD3t9X.s 			page 7


 281 0142 5B010000 		.4byte	0x15b
 282 0146 0C       		.uleb128 0xc
 283 0147 01       		.uleb128 0x1
 284 0148 52       		.byte	0x52
 285 0149 01       		.uleb128 0x1
 286 014a 35       		.byte	0x35
 287 014b 0C       		.uleb128 0xc
 288 014c 01       		.uleb128 0x1
 289 014d 51       		.byte	0x51
 290 014e 02       		.uleb128 0x2
 291 014f 08       		.byte	0x8
 292 0150 78       		.byte	0x78
 293 0151 0C       		.uleb128 0xc
 294 0152 01       		.uleb128 0x1
 295 0153 50       		.byte	0x50
 296 0154 05       		.uleb128 0x5
 297 0155 03       		.byte	0x3
 298 0156 38000000 		.4byte	.LC1
 299 015a 00       		.byte	0
 300 015b 0B       		.uleb128 0xb
 301 015c 34000000 		.4byte	.LVL6
 302 0160 F4010000 		.4byte	0x1f4
 303 0164 70010000 		.4byte	0x170
 304 0168 0C       		.uleb128 0xc
 305 0169 01       		.uleb128 0x1
 306 016a 50       		.byte	0x50
 307 016b 03       		.uleb128 0x3
 308 016c 0A       		.byte	0xa
 309 016d E803     		.2byte	0x3e8
 310 016f 00       		.byte	0
 311 0170 0A       		.uleb128 0xa
 312 0171 38000000 		.4byte	.LVL7
 313 0175 EC010000 		.4byte	0x1ec
 314 0179 00       		.byte	0
 315 017a 09       		.uleb128 0x9
 316 017b 14000000 		.4byte	.LASF22
 317 017f 01       		.byte	0x1
 318 0180 16       		.byte	0x16
 319 0181 25000000 		.4byte	0x25
 320 0185 00000000 		.4byte	.LFB63
 321 0189 08000000 		.4byte	.LFE63-.LFB63
 322 018d 01       		.uleb128 0x1
 323 018e 9C       		.byte	0x9c
 324 018f 9D010000 		.4byte	0x19d
 325 0193 0A       		.uleb128 0xa
 326 0194 06000000 		.4byte	.LVL8
 327 0198 DA000000 		.4byte	0xda
 328 019c 00       		.byte	0
 329 019d 0D       		.uleb128 0xd
 330 019e 7E000000 		.4byte	.LASF29
 331 01a2 09       		.byte	0x9
 332 01a3 2A06     		.2byte	0x62a
 333 01a5 A9010000 		.4byte	0x1a9
 334 01a9 0E       		.uleb128 0xe
 335 01aa 8F000000 		.4byte	0x8f
 336 01ae 0F       		.uleb128 0xf
 337 01af 97010000 		.4byte	.LASF23
ARM GAS  C:\Users\jaohe\AppData\Local\Temp\ccmD3t9X.s 			page 8


 338 01b3 05       		.byte	0x5
 339 01b4 6D01     		.2byte	0x16d
 340 01b6 25000000 		.4byte	0x25
 341 01ba 10       		.uleb128 0x10
 342 01bb A9010000 		.4byte	.LASF30
 343 01bf 05       		.byte	0x5
 344 01c0 0703     		.2byte	0x307
 345 01c2 D6010000 		.4byte	0x1d6
 346 01c6 11       		.uleb128 0x11
 347 01c7 56000000 		.4byte	0x56
 348 01cb 11       		.uleb128 0x11
 349 01cc 25000000 		.4byte	0x25
 350 01d0 11       		.uleb128 0x11
 351 01d1 25000000 		.4byte	0x25
 352 01d5 00       		.byte	0
 353 01d6 12       		.uleb128 0x12
 354 01d7 86010000 		.4byte	.LASF24
 355 01db 06       		.byte	0x6
 356 01dc 29       		.byte	0x29
 357 01dd 9A000000 		.4byte	0x9a
 358 01e1 12       		.uleb128 0x12
 359 01e2 5C020000 		.4byte	.LASF25
 360 01e6 07       		.byte	0x7
 361 01e7 29       		.byte	0x29
 362 01e8 9A000000 		.4byte	0x9a
 363 01ec 13       		.uleb128 0x13
 364 01ed 0A000000 		.4byte	.LASF31
 365 01f1 05       		.byte	0x5
 366 01f2 F601     		.2byte	0x1f6
 367 01f4 14       		.uleb128 0x14
 368 01f5 6E000000 		.4byte	.LASF32
 369 01f9 05       		.byte	0x5
 370 01fa 3605     		.2byte	0x536
 371 01fc 11       		.uleb128 0x11
 372 01fd 25000000 		.4byte	0x25
 373 0201 00       		.byte	0
 374 0202 00       		.byte	0
 375              		.section	.debug_abbrev,"",%progbits
 376              	.Ldebug_abbrev0:
 377 0000 01       		.uleb128 0x1
 378 0001 11       		.uleb128 0x11
 379 0002 01       		.byte	0x1
 380 0003 25       		.uleb128 0x25
 381 0004 0E       		.uleb128 0xe
 382 0005 13       		.uleb128 0x13
 383 0006 0B       		.uleb128 0xb
 384 0007 03       		.uleb128 0x3
 385 0008 0E       		.uleb128 0xe
 386 0009 1B       		.uleb128 0x1b
 387 000a 0E       		.uleb128 0xe
 388 000b 55       		.uleb128 0x55
 389 000c 17       		.uleb128 0x17
 390 000d 11       		.uleb128 0x11
 391 000e 01       		.uleb128 0x1
 392 000f 10       		.uleb128 0x10
 393 0010 17       		.uleb128 0x17
 394 0011 00       		.byte	0
ARM GAS  C:\Users\jaohe\AppData\Local\Temp\ccmD3t9X.s 			page 9


 395 0012 00       		.byte	0
 396 0013 02       		.uleb128 0x2
 397 0014 24       		.uleb128 0x24
 398 0015 00       		.byte	0
 399 0016 0B       		.uleb128 0xb
 400 0017 0B       		.uleb128 0xb
 401 0018 3E       		.uleb128 0x3e
 402 0019 0B       		.uleb128 0xb
 403 001a 03       		.uleb128 0x3
 404 001b 08       		.uleb128 0x8
 405 001c 00       		.byte	0
 406 001d 00       		.byte	0
 407 001e 03       		.uleb128 0x3
 408 001f 24       		.uleb128 0x24
 409 0020 00       		.byte	0
 410 0021 0B       		.uleb128 0xb
 411 0022 0B       		.uleb128 0xb
 412 0023 3E       		.uleb128 0x3e
 413 0024 0B       		.uleb128 0xb
 414 0025 03       		.uleb128 0x3
 415 0026 0E       		.uleb128 0xe
 416 0027 00       		.byte	0
 417 0028 00       		.byte	0
 418 0029 04       		.uleb128 0x4
 419 002a 0F       		.uleb128 0xf
 420 002b 00       		.byte	0
 421 002c 0B       		.uleb128 0xb
 422 002d 0B       		.uleb128 0xb
 423 002e 49       		.uleb128 0x49
 424 002f 13       		.uleb128 0x13
 425 0030 00       		.byte	0
 426 0031 00       		.byte	0
 427 0032 05       		.uleb128 0x5
 428 0033 26       		.uleb128 0x26
 429 0034 00       		.byte	0
 430 0035 49       		.uleb128 0x49
 431 0036 13       		.uleb128 0x13
 432 0037 00       		.byte	0
 433 0038 00       		.byte	0
 434 0039 06       		.uleb128 0x6
 435 003a 16       		.uleb128 0x16
 436 003b 00       		.byte	0
 437 003c 03       		.uleb128 0x3
 438 003d 0E       		.uleb128 0xe
 439 003e 3A       		.uleb128 0x3a
 440 003f 0B       		.uleb128 0xb
 441 0040 3B       		.uleb128 0x3b
 442 0041 0B       		.uleb128 0xb
 443 0042 49       		.uleb128 0x49
 444 0043 13       		.uleb128 0x13
 445 0044 00       		.byte	0
 446 0045 00       		.byte	0
 447 0046 07       		.uleb128 0x7
 448 0047 04       		.uleb128 0x4
 449 0048 01       		.byte	0x1
 450 0049 0B       		.uleb128 0xb
 451 004a 0B       		.uleb128 0xb
ARM GAS  C:\Users\jaohe\AppData\Local\Temp\ccmD3t9X.s 			page 10


 452 004b 3A       		.uleb128 0x3a
 453 004c 0B       		.uleb128 0xb
 454 004d 3B       		.uleb128 0x3b
 455 004e 0B       		.uleb128 0xb
 456 004f 01       		.uleb128 0x1
 457 0050 13       		.uleb128 0x13
 458 0051 00       		.byte	0
 459 0052 00       		.byte	0
 460 0053 08       		.uleb128 0x8
 461 0054 28       		.uleb128 0x28
 462 0055 00       		.byte	0
 463 0056 03       		.uleb128 0x3
 464 0057 0E       		.uleb128 0xe
 465 0058 1C       		.uleb128 0x1c
 466 0059 0D       		.uleb128 0xd
 467 005a 00       		.byte	0
 468 005b 00       		.byte	0
 469 005c 09       		.uleb128 0x9
 470 005d 2E       		.uleb128 0x2e
 471 005e 01       		.byte	0x1
 472 005f 3F       		.uleb128 0x3f
 473 0060 19       		.uleb128 0x19
 474 0061 03       		.uleb128 0x3
 475 0062 0E       		.uleb128 0xe
 476 0063 3A       		.uleb128 0x3a
 477 0064 0B       		.uleb128 0xb
 478 0065 3B       		.uleb128 0x3b
 479 0066 0B       		.uleb128 0xb
 480 0067 27       		.uleb128 0x27
 481 0068 19       		.uleb128 0x19
 482 0069 49       		.uleb128 0x49
 483 006a 13       		.uleb128 0x13
 484 006b 11       		.uleb128 0x11
 485 006c 01       		.uleb128 0x1
 486 006d 12       		.uleb128 0x12
 487 006e 06       		.uleb128 0x6
 488 006f 40       		.uleb128 0x40
 489 0070 18       		.uleb128 0x18
 490 0071 9742     		.uleb128 0x2117
 491 0073 19       		.uleb128 0x19
 492 0074 01       		.uleb128 0x1
 493 0075 13       		.uleb128 0x13
 494 0076 00       		.byte	0
 495 0077 00       		.byte	0
 496 0078 0A       		.uleb128 0xa
 497 0079 898201   		.uleb128 0x4109
 498 007c 00       		.byte	0
 499 007d 11       		.uleb128 0x11
 500 007e 01       		.uleb128 0x1
 501 007f 31       		.uleb128 0x31
 502 0080 13       		.uleb128 0x13
 503 0081 00       		.byte	0
 504 0082 00       		.byte	0
 505 0083 0B       		.uleb128 0xb
 506 0084 898201   		.uleb128 0x4109
 507 0087 01       		.byte	0x1
 508 0088 11       		.uleb128 0x11
ARM GAS  C:\Users\jaohe\AppData\Local\Temp\ccmD3t9X.s 			page 11


 509 0089 01       		.uleb128 0x1
 510 008a 31       		.uleb128 0x31
 511 008b 13       		.uleb128 0x13
 512 008c 01       		.uleb128 0x1
 513 008d 13       		.uleb128 0x13
 514 008e 00       		.byte	0
 515 008f 00       		.byte	0
 516 0090 0C       		.uleb128 0xc
 517 0091 8A8201   		.uleb128 0x410a
 518 0094 00       		.byte	0
 519 0095 02       		.uleb128 0x2
 520 0096 18       		.uleb128 0x18
 521 0097 9142     		.uleb128 0x2111
 522 0099 18       		.uleb128 0x18
 523 009a 00       		.byte	0
 524 009b 00       		.byte	0
 525 009c 0D       		.uleb128 0xd
 526 009d 34       		.uleb128 0x34
 527 009e 00       		.byte	0
 528 009f 03       		.uleb128 0x3
 529 00a0 0E       		.uleb128 0xe
 530 00a1 3A       		.uleb128 0x3a
 531 00a2 0B       		.uleb128 0xb
 532 00a3 3B       		.uleb128 0x3b
 533 00a4 05       		.uleb128 0x5
 534 00a5 49       		.uleb128 0x49
 535 00a6 13       		.uleb128 0x13
 536 00a7 3F       		.uleb128 0x3f
 537 00a8 19       		.uleb128 0x19
 538 00a9 3C       		.uleb128 0x3c
 539 00aa 19       		.uleb128 0x19
 540 00ab 00       		.byte	0
 541 00ac 00       		.byte	0
 542 00ad 0E       		.uleb128 0xe
 543 00ae 35       		.uleb128 0x35
 544 00af 00       		.byte	0
 545 00b0 49       		.uleb128 0x49
 546 00b1 13       		.uleb128 0x13
 547 00b2 00       		.byte	0
 548 00b3 00       		.byte	0
 549 00b4 0F       		.uleb128 0xf
 550 00b5 2E       		.uleb128 0x2e
 551 00b6 00       		.byte	0
 552 00b7 3F       		.uleb128 0x3f
 553 00b8 19       		.uleb128 0x19
 554 00b9 03       		.uleb128 0x3
 555 00ba 0E       		.uleb128 0xe
 556 00bb 3A       		.uleb128 0x3a
 557 00bc 0B       		.uleb128 0xb
 558 00bd 3B       		.uleb128 0x3b
 559 00be 05       		.uleb128 0x5
 560 00bf 27       		.uleb128 0x27
 561 00c0 19       		.uleb128 0x19
 562 00c1 49       		.uleb128 0x49
 563 00c2 13       		.uleb128 0x13
 564 00c3 3C       		.uleb128 0x3c
 565 00c4 19       		.uleb128 0x19
ARM GAS  C:\Users\jaohe\AppData\Local\Temp\ccmD3t9X.s 			page 12


 566 00c5 00       		.byte	0
 567 00c6 00       		.byte	0
 568 00c7 10       		.uleb128 0x10
 569 00c8 2E       		.uleb128 0x2e
 570 00c9 01       		.byte	0x1
 571 00ca 3F       		.uleb128 0x3f
 572 00cb 19       		.uleb128 0x19
 573 00cc 03       		.uleb128 0x3
 574 00cd 0E       		.uleb128 0xe
 575 00ce 3A       		.uleb128 0x3a
 576 00cf 0B       		.uleb128 0xb
 577 00d0 3B       		.uleb128 0x3b
 578 00d1 05       		.uleb128 0x5
 579 00d2 27       		.uleb128 0x27
 580 00d3 19       		.uleb128 0x19
 581 00d4 3C       		.uleb128 0x3c
 582 00d5 19       		.uleb128 0x19
 583 00d6 01       		.uleb128 0x1
 584 00d7 13       		.uleb128 0x13
 585 00d8 00       		.byte	0
 586 00d9 00       		.byte	0
 587 00da 11       		.uleb128 0x11
 588 00db 05       		.uleb128 0x5
 589 00dc 00       		.byte	0
 590 00dd 49       		.uleb128 0x49
 591 00de 13       		.uleb128 0x13
 592 00df 00       		.byte	0
 593 00e0 00       		.byte	0
 594 00e1 12       		.uleb128 0x12
 595 00e2 2E       		.uleb128 0x2e
 596 00e3 00       		.byte	0
 597 00e4 3F       		.uleb128 0x3f
 598 00e5 19       		.uleb128 0x19
 599 00e6 03       		.uleb128 0x3
 600 00e7 0E       		.uleb128 0xe
 601 00e8 3A       		.uleb128 0x3a
 602 00e9 0B       		.uleb128 0xb
 603 00ea 3B       		.uleb128 0x3b
 604 00eb 0B       		.uleb128 0xb
 605 00ec 27       		.uleb128 0x27
 606 00ed 19       		.uleb128 0x19
 607 00ee 49       		.uleb128 0x49
 608 00ef 13       		.uleb128 0x13
 609 00f0 3C       		.uleb128 0x3c
 610 00f1 19       		.uleb128 0x19
 611 00f2 00       		.byte	0
 612 00f3 00       		.byte	0
 613 00f4 13       		.uleb128 0x13
 614 00f5 2E       		.uleb128 0x2e
 615 00f6 00       		.byte	0
 616 00f7 3F       		.uleb128 0x3f
 617 00f8 19       		.uleb128 0x19
 618 00f9 03       		.uleb128 0x3
 619 00fa 0E       		.uleb128 0xe
 620 00fb 3A       		.uleb128 0x3a
 621 00fc 0B       		.uleb128 0xb
 622 00fd 3B       		.uleb128 0x3b
ARM GAS  C:\Users\jaohe\AppData\Local\Temp\ccmD3t9X.s 			page 13


 623 00fe 05       		.uleb128 0x5
 624 00ff 27       		.uleb128 0x27
 625 0100 19       		.uleb128 0x19
 626 0101 3C       		.uleb128 0x3c
 627 0102 19       		.uleb128 0x19
 628 0103 00       		.byte	0
 629 0104 00       		.byte	0
 630 0105 14       		.uleb128 0x14
 631 0106 2E       		.uleb128 0x2e
 632 0107 01       		.byte	0x1
 633 0108 3F       		.uleb128 0x3f
 634 0109 19       		.uleb128 0x19
 635 010a 03       		.uleb128 0x3
 636 010b 0E       		.uleb128 0xe
 637 010c 3A       		.uleb128 0x3a
 638 010d 0B       		.uleb128 0xb
 639 010e 3B       		.uleb128 0x3b
 640 010f 05       		.uleb128 0x5
 641 0110 27       		.uleb128 0x27
 642 0111 19       		.uleb128 0x19
 643 0112 3C       		.uleb128 0x3c
 644 0113 19       		.uleb128 0x19
 645 0114 00       		.byte	0
 646 0115 00       		.byte	0
 647 0116 00       		.byte	0
 648              		.section	.debug_aranges,"",%progbits
 649 0000 24000000 		.4byte	0x24
 650 0004 0200     		.2byte	0x2
 651 0006 00000000 		.4byte	.Ldebug_info0
 652 000a 04       		.byte	0x4
 653 000b 00       		.byte	0
 654 000c 0000     		.2byte	0
 655 000e 0000     		.2byte	0
 656 0010 00000000 		.4byte	.LFB64
 657 0014 44000000 		.4byte	.LFE64-.LFB64
 658 0018 00000000 		.4byte	.LFB63
 659 001c 08000000 		.4byte	.LFE63-.LFB63
 660 0020 00000000 		.4byte	0
 661 0024 00000000 		.4byte	0
 662              		.section	.debug_ranges,"",%progbits
 663              	.Ldebug_ranges0:
 664 0000 00000000 		.4byte	.LFB64
 665 0004 44000000 		.4byte	.LFE64
 666 0008 00000000 		.4byte	.LFB63
 667 000c 08000000 		.4byte	.LFE63
 668 0010 00000000 		.4byte	0
 669 0014 00000000 		.4byte	0
 670              		.section	.debug_line,"",%progbits
 671              	.Ldebug_line0:
 672 0000 E5010000 		.section	.debug_str,"MS",%progbits,1
 672      0200B001 
 672      00000201 
 672      FB0E0D00 
 672      01010101 
 673              	.LASF11:
 674 0000 5F5F696E 		.ascii	"__int32_t\000"
 674      7433325F 
ARM GAS  C:\Users\jaohe\AppData\Local\Temp\ccmD3t9X.s 			page 14


 674      7400
 675              	.LASF31:
 676 000a 4755495F 		.ascii	"GUI_Clear\000"
 676      436C6561 
 676      7200
 677              	.LASF22:
 678 0014 73746172 		.ascii	"start\000"
 678      7400
 679              	.LASF6:
 680 001a 73686F72 		.ascii	"short unsigned int\000"
 680      7420756E 
 680      7369676E 
 680      65642069 
 680      6E7400
 681              	.LASF27:
 682 002d 2E5C7374 		.ascii	".\\start.c\000"
 682      6172742E 
 682      6300
 683              	.LASF15:
 684 0037 646F7562 		.ascii	"double\000"
 684      6C6500
 685              	.LASF14:
 686 003e 666C6F61 		.ascii	"float\000"
 686      7400
 687              	.LASF10:
 688 0044 6C6F6E67 		.ascii	"long long unsigned int\000"
 688      206C6F6E 
 688      6720756E 
 688      7369676E 
 688      65642069 
 689              	.LASF17:
 690 005b 484F4D45 		.ascii	"HOME\000"
 690      00
 691              	.LASF4:
 692 0060 756E7369 		.ascii	"unsigned char\000"
 692      676E6564 
 692      20636861 
 692      7200
 693              	.LASF32:
 694 006e 4755495F 		.ascii	"GUI_Delay\000"
 694      44656C61 
 694      7900
 695              	.LASF13:
 696 0078 75696E74 		.ascii	"uint8\000"
 696      3800
 697              	.LASF29:
 698 007e 49544D5F 		.ascii	"ITM_RxBuffer\000"
 698      52784275 
 698      66666572 
 698      00
 699              	.LASF21:
 700 008b 6D61696E 		.ascii	"mainTask\000"
 700      5461736B 
 700      00
 701              	.LASF16:
 702 0094 53544152 		.ascii	"START\000"
 702      5400
ARM GAS  C:\Users\jaohe\AppData\Local\Temp\ccmD3t9X.s 			page 15


 703              	.LASF1:
 704 009a 6C6F6E67 		.ascii	"long unsigned int\000"
 704      20756E73 
 704      69676E65 
 704      6420696E 
 704      7400
 705              	.LASF26:
 706 00ac 474E5520 		.ascii	"GNU C 4.9.3 20150303 (release) [ARM/embedded-4_9-br"
 706      4320342E 
 706      392E3320 
 706      32303135 
 706      30333033 
 707 00df 616E6368 		.ascii	"anch revision 221220] -mcpu=cortex-m3 -mthumb -g -O"
 707      20726576 
 707      6973696F 
 707      6E203232 
 707      31323230 
 708 0112 67202D66 		.ascii	"g -ffunction-sections -ffat-lto-objects\000"
 708      66756E63 
 708      74696F6E 
 708      2D736563 
 708      74696F6E 
 709              	.LASF0:
 710 013a 756E7369 		.ascii	"unsigned int\000"
 710      676E6564 
 710      20696E74 
 710      00
 711              	.LASF3:
 712 0147 63686172 		.ascii	"char\000"
 712      00
 713              	.LASF19:
 714 014c 5441534B 		.ascii	"TASK_START\000"
 714      5F535441 
 714      525400
 715              	.LASF20:
 716 0157 4552524F 		.ascii	"ERROR\000"
 716      5200
 717              	.LASF12:
 718 015d 696E7433 		.ascii	"int32_t\000"
 718      325F7400 
 719              	.LASF8:
 720 0165 73697A65 		.ascii	"sizetype\000"
 720      74797065 
 720      00
 721              	.LASF9:
 722 016e 6C6F6E67 		.ascii	"long long int\000"
 722      206C6F6E 
 722      6720696E 
 722      7400
 723              	.LASF2:
 724 017c 73686F72 		.ascii	"short int\000"
 724      7420696E 
 724      7400
 725              	.LASF24:
 726 0186 464F5257 		.ascii	"FORWARD_BTN_Read\000"
 726      4152445F 
 726      42544E5F 
ARM GAS  C:\Users\jaohe\AppData\Local\Temp\ccmD3t9X.s 			page 16


 726      52656164 
 726      00
 727              	.LASF23:
 728 0197 4755495F 		.ascii	"GUI_Init\000"
 728      496E6974 
 728      00
 729              	.LASF5:
 730 01a0 6C6F6E67 		.ascii	"long int\000"
 730      20696E74 
 730      00
 731              	.LASF30:
 732 01a9 4755495F 		.ascii	"GUI_DispStringHCenterAt\000"
 732      44697370 
 732      53747269 
 732      6E674843 
 732      656E7465 
 733              	.LASF28:
 734 01c1 433A5C55 		.ascii	"C:\\Users\\jaohe\\EghosaOneDrive\\OneDrive\\Documen"
 734      73657273 
 734      5C6A616F 
 734      68655C45 
 734      67686F73 
 735 01ef 74735C53 		.ascii	"ts\\Spring 2025\\6.115\\final_project\\taskassistan"
 735      7072696E 
 735      67203230 
 735      32355C36 
 735      2E313135 
 736 021e 745C5446 		.ascii	"t\\TFT_with_emWin\\TFT_with_emWin.cydsn\000"
 736      545F7769 
 736      74685F65 
 736      6D57696E 
 736      5C544654 
 737              	.LASF7:
 738 0244 7369676E 		.ascii	"signed char\000"
 738      65642063 
 738      68617200 
 739              	.LASF18:
 740 0250 5441534B 		.ascii	"TASK_SELECT\000"
 740      5F53454C 
 740      45435400 
 741              	.LASF25:
 742 025c 4241434B 		.ascii	"BACK_BTN_Read\000"
 742      5F42544E 
 742      5F526561 
 742      6400
 743              		.ident	"GCC: (GNU Tools for ARM Embedded Processors) 4.9.3 20150303 (release) [ARM/embedded-4_9-br
