#***************************************************************************

#sjplacer

#Version:            1.1

#Build Date:         Apr 25 2016 12:55:34

#File Generated:     May 8 2025 17:15:08

#Purpose:            

#Copyright (C) 2010-2011 by Softjin Technologies Pvt Ltd. All rights reserved.

#***************************************************************************

Executing : C:\Program Files (x86)\Cypress\PSoC Creator\3.3\PSoC Creator\bin/sjplacer.exe --proj-name TFT_with_emWin --netlist-vh2 TFT_with_emWin_p.vh2 --arch-file C:\Program Files (x86)\Cypress\PSoC Creator\3.3\PSoC Creator\dev/arch/p35_udb4x6.ark --rrg-file C:\Program Files (x86)\Cypress\PSoC Creator\3.3\PSoC Creator\dev/psoc5/psoc5lp/route_arch-rrg.cydata --irq-file C:\Program Files (x86)\Cypress\PSoC Creator\3.3\PSoC Creator\dev/psoc5/psoc5lp/irqconn.cydata --drq-file C:\Program Files (x86)\Cypress\PSoC Creator\3.3\PSoC Creator\dev/psoc5/psoc5lp/dmaconn.cydata --dsi-conn-file C:\Program Files (x86)\Cypress\PSoC Creator\3.3\PSoC Creator\dev/psoc5/psoc5lp/dsiconn.cydata --pins-file pins_100-TQFP.xml --lib-file TFT_with_emWin_p.lib --sdc-file TFT_with_emWin.sdc --io-pcf TFT_with_emWin.pci --outdir .

		Softjin Techologies Placer, Version 1.1

Build Date : Apr 25 2016	12:53:53

D2004: Option and Settings Summary
=============================================================
Netlist vh2 file          - TFT_with_emWin_p.vh2
Architecture file         - C:\Program Files (x86)\Cypress\PSoC Creator\3.3\PSoC Creator\dev/arch/p35_udb4x6.ark
Package                   - 
Defparam file             - 
SDC file                  - TFT_with_emWin.sdc
Output directory          - .
Timing library            - TFT_with_emWin_p.lib
IO Placement file         - TFT_with_emWin.pci

D2050: Starting reading inputs for placer
=============================================================
D2065: Reading netlist file : "TFT_with_emWin_p.vh2"
D2065: Reading arch file : "C:\Program Files (x86)\Cypress\PSoC Creator\3.3\PSoC Creator\dev/arch/p35_udb4x6.ark"
D2051: Reading of inputs for placer completed successfully

D2053: Starting placement of the design
=============================================================

Phase 2
Phase 3

Design Statistics after Packing
    Number of Combinational MCs 	:	15
    Number of Sequential MCs    	:	29
    Number of DPs               	:	4
    Number of Controls          	:	2
    Number of Status            	:	4
    Number of SyncCells         	:	0
    Number of count7cells       	:	2

Device Utilization Summary after Packing
    Macrocells                  :	44/192
    UDBS                        :	7/24
    IOs                         :	26/72


D2088: Phase 3, elapsed time : 0.0 (sec)

Phase 4
D2088: Phase 4, elapsed time : 0.0 (sec)

Phase 5
D2088: Phase 5, elapsed time : 0.0 (sec)

Phase 6

######################################################################
Placement Timing Summary

The timing summary is based on estimated routing delays after
placement. For final timing report, please carry out the timing
analysis after routing.
======================================================================

######################################################################
                     Clock Summary 
======================================================================
Number of clocks: 18
Clock: ADC_DelSig_1_Ext_CP_Clk | Frequency: N/A       | Target:  24.0 MHz
Clock: ADC_DelSig_1_Ext_CP_Clk(routed) | Frequency: N/A       | Target:  24.0 MHz
Clock: ADC_DelSig_1_theACLK | Frequency: N/A       | Target:   0.1 MHz
Clock: ADC_DelSig_1_theACLK(fixed-function) | Frequency: N/A       | Target:   0.1 MHz
Clock: Clock_1              | Frequency:  99.6 MHz | Target:   0.0 MHz
Clock: CyBUS_CLK            | Frequency:  47.0 MHz | Target:  24.0 MHz
Clock: CyBUS_CLK(fixed-function) | Frequency: N/A       | Target:  24.0 MHz
Clock: CyILO                | Frequency: N/A       | Target:   0.0 MHz
Clock: CyIMO                | Frequency: N/A       | Target:   3.0 MHz
Clock: CyMASTER_CLK         | Frequency: N/A       | Target:  24.0 MHz
Clock: CyPLL_OUT            | Frequency: N/A       | Target:  24.0 MHz
Clock: SPIM_1_IntClock      | Frequency:  65.0 MHz | Target:   6.0 MHz
Clock: UART_1_IntClock      | Frequency:  47.0 MHz | Target:   0.1 MHz
Clock: WaveDAC8_1_DacClk    | Frequency:  71.7 MHz | Target:   0.4 MHz
Clock: WaveDAC8_1_DacClk(routed) | Frequency: N/A       | Target:   0.4 MHz
Clock: \ADC_DelSig_1:DSM\/dec_clock | Frequency: N/A       | Target:   0.1 MHz
Clock: timer_clock          | Frequency: N/A       | Target:   0.0 MHz
Clock: timer_clock(fixed-function) | Frequency: N/A       | Target:   0.0 MHz

======================================================================
                     End of Clock Summary
######################################################################

D2088: Phase 6, elapsed time : 0.1 (sec)

Phase 7
######################################################################
                     Clock Summary 
======================================================================
Number of clocks: 18
Clock: ADC_DelSig_1_Ext_CP_Clk | Frequency: N/A       | Target:  24.0 MHz
Clock: ADC_DelSig_1_Ext_CP_Clk(routed) | Frequency: N/A       | Target:  24.0 MHz
Clock: ADC_DelSig_1_theACLK | Frequency: N/A       | Target:   0.1 MHz
Clock: ADC_DelSig_1_theACLK(fixed-function) | Frequency: N/A       | Target:   0.1 MHz
Clock: Clock_1              | Frequency:   2.0 MHz | Target:   0.0 MHz
Clock: CyBUS_CLK            | Frequency:   1.3 MHz | Target:  24.0 MHz
Clock: CyBUS_CLK(fixed-function) | Frequency: N/A       | Target:  24.0 MHz
Clock: CyILO                | Frequency: N/A       | Target:   0.0 MHz
Clock: CyIMO                | Frequency: N/A       | Target:   3.0 MHz
Clock: CyMASTER_CLK         | Frequency: N/A       | Target:  24.0 MHz
Clock: CyPLL_OUT            | Frequency: N/A       | Target:  24.0 MHz
Clock: SPIM_1_IntClock      | Frequency:  65.0 MHz | Target:   6.0 MHz
Clock: UART_1_IntClock      | Frequency:   1.3 MHz | Target:   0.1 MHz
Clock: WaveDAC8_1_DacClk    | Frequency:   3.4 MHz | Target:   0.4 MHz
Clock: WaveDAC8_1_DacClk(routed) | Frequency: N/A       | Target:   0.4 MHz
Clock: \ADC_DelSig_1:DSM\/dec_clock | Frequency: N/A       | Target:   0.1 MHz
Clock: timer_clock          | Frequency: N/A       | Target:   0.0 MHz
Clock: timer_clock(fixed-function) | Frequency: N/A       | Target:   0.0 MHz

======================================================================
                     End of Clock Summary
######################################################################
D2088: Phase 7, elapsed time : 1.2 (sec)

Final Design Statistics
    Number of Combinational MCs 	:	15
    Number of Sequential MCs    	:	29
    Number of DPs               	:	4
    Number of Controls          	:	2
    Number of Status            	:	4
    Number of SyncCells         	:	0
    Number of count7cells       	:	2
    Number of IOs       	:	26

Device Utilization Summary
    Macrocells                  :	44/192
    IOs                         :	26/72



######################################################################
Placement Timing Summary

The timing summary is based on estimated routing delays after
placement. For final timing report, please carry out the timing
analysis after routing.
======================================================================


######################################################################
                     Clock Summary 
======================================================================
Number of clocks: 18
Clock: ADC_DelSig_1_Ext_CP_Clk | Frequency: N/A       | Target:  24.0 MHz
Clock: ADC_DelSig_1_Ext_CP_Clk(routed) | Frequency: N/A       | Target:  24.0 MHz
Clock: ADC_DelSig_1_theACLK | Frequency: N/A       | Target:   0.1 MHz
Clock: ADC_DelSig_1_theACLK(fixed-function) | Frequency: N/A       | Target:   0.1 MHz
Clock: Clock_1              | Frequency:   2.1 MHz | Target:   0.0 MHz
Clock: CyBUS_CLK            | Frequency:   1.4 MHz | Target:  24.0 MHz
Clock: CyBUS_CLK(fixed-function) | Frequency: N/A       | Target:  24.0 MHz
Clock: CyILO                | Frequency: N/A       | Target:   0.0 MHz
Clock: CyIMO                | Frequency: N/A       | Target:   3.0 MHz
Clock: CyMASTER_CLK         | Frequency: N/A       | Target:  24.0 MHz
Clock: CyPLL_OUT            | Frequency: N/A       | Target:  24.0 MHz
Clock: SPIM_1_IntClock      | Frequency:  58.3 MHz | Target:   6.0 MHz
Clock: UART_1_IntClock      | Frequency:   1.4 MHz | Target:   0.1 MHz
Clock: WaveDAC8_1_DacClk    | Frequency:   3.4 MHz | Target:   0.4 MHz
Clock: WaveDAC8_1_DacClk(routed) | Frequency: N/A       | Target:   0.4 MHz
Clock: \ADC_DelSig_1:DSM\/dec_clock | Frequency: N/A       | Target:   0.1 MHz
Clock: timer_clock          | Frequency: N/A       | Target:   0.0 MHz
Clock: timer_clock(fixed-function) | Frequency: N/A       | Target:   0.0 MHz

======================================================================
                     End of Clock Summary
######################################################################

Phase 8
D2088: Phase 8, elapsed time : 0.0 (sec)

D2054: Placement of the design completed successfully

I2076: Total run-time: 2.9 sec.

