--------------- Clean Started: 05/12/2025 20:28:03 Project: TaskHub, Configuration: ARM GCC 4.9-2015-q1-update Debug ---------------
Deleting file ".\CortexM3\ARM_GCC_493\Debug\main.o"
Deleting file ".\CortexM3\ARM_GCC_493\Debug\cyfitter_cfg.o"
Deleting file ".\CortexM3\ARM_GCC_493\Debug\cymetadata.o"
Deleting file ".\CortexM3\ARM_GCC_493\Debug\Cm3Start.o"
Deleting file ".\CortexM3\ARM_GCC_493\Debug\CyBootAsmGnu.o"
Deleting file ".\CortexM3\ARM_GCC_493\Debug\CyDmac.o"
Deleting file ".\CortexM3\ARM_GCC_493\Debug\CyFlash.o"
Deleting file ".\CortexM3\ARM_GCC_493\Debug\CyLib.o"
Deleting file ".\CortexM3\ARM_GCC_493\Debug\cyPm.o"
Deleting file ".\CortexM3\ARM_GCC_493\Debug\CySpc.o"
Deleting file ".\CortexM3\ARM_GCC_493\Debug\cyutils.o"
Deleting file ".\CortexM3\ARM_GCC_493\Debug\UART_BT.o"
Deleting file ".\CortexM3\ARM_GCC_493\Debug\UART_BT_PM.o"
Deleting file ".\CortexM3\ARM_GCC_493\Debug\UART_BT_INT.o"
Deleting file ".\CortexM3\ARM_GCC_493\Debug\UART_BT_BOOT.o"
Deleting file ".\CortexM3\ARM_GCC_493\Debug\RX_BT.o"
Deleting file ".\CortexM3\ARM_GCC_493\Debug\TX.o"
Deleting file ".\CortexM3\ARM_GCC_493\Debug\UART_BT_IntClock.o"
Deleting file ".\CortexM3\ARM_GCC_493\Debug\TaskHub.hex"
Deleting file ".\CortexM3\ARM_GCC_493\Debug\TaskHub.elf"
Deleting file ".\CortexM3\ARM_GCC_493\Debug\TaskHub.map"
Deleting file ".\TaskHub.cycdx"
Deleting file ".\TaskHub.rpt"
Deleting file ".\TaskHub_timing.html"
Deleting file ".\CortexM3\ARM_GCC_493\Debug\.deps\C_FILE.P"
Deleting file ".\CortexM3\ARM_GCC_493\Debug\.deps\ARM_C_FILE.P"
Deleting file ".\CortexM3\ARM_GCC_493\Debug\.deps\GNU_ARM_ASM_FILE.P"
--------------- Clean Succeeded: 05/12/2025 20:28:03 ---------------
