ARM GAS  C:\Users\jaohe\AppData\Local\Temp\ccxB9kWx.s 			page 1


   1              		.syntax unified
   2              		.cpu cortex-m3
   3              		.fpu softvfp
   4              		.eabi_attribute 20, 1
   5              		.eabi_attribute 21, 1
   6              		.eabi_attribute 23, 3
   7              		.eabi_attribute 24, 1
   8              		.eabi_attribute 25, 1
   9              		.eabi_attribute 26, 1
  10              		.eabi_attribute 30, 1
  11              		.eabi_attribute 34, 1
  12              		.eabi_attribute 18, 4
  13              		.thumb
  14              		.file	"cymetadata.c"
  15              		.text
  16              	.Ltext0:
  17              		.cfi_sections	.debug_frame
  18              		.global	cy_metadata
  19              		.global	cy_meta_flashprotect
  20              		.global	cy_meta_wonvl
  21              		.global	cy_meta_custnvl
  22              		.global	cy_meta_configecc
  23              		.section	.cyconfigecc,"a",%progbits
  24              		.align	2
  25              		.type	cy_meta_configecc, %object
  26              		.size	cy_meta_configecc, 712
  27              	cy_meta_configecc:
  28 0000 02       		.byte	2
  29 0001 52       		.byte	82
  30 0002 00       		.byte	0
  31 0003 40       		.byte	64
  32 0004 03       		.byte	3
  33 0005 65       		.byte	101
  34 0006 00       		.byte	0
  35 0007 40       		.byte	64
  36 0008 6B       		.byte	107
  37 0009 18       		.byte	24
  38 000a 01       		.byte	1
  39 000b 40       		.byte	64
  40 000c 35       		.byte	53
  41 000d 19       		.byte	25
  42 000e 01       		.byte	1
  43 000f 40       		.byte	64
  44 0010 16       		.byte	22
  45 0011 1A       		.byte	26
  46 0012 01       		.byte	1
  47 0013 40       		.byte	64
  48 0014 48       		.byte	72
  49 0015 1B       		.byte	27
  50 0016 01       		.byte	1
  51 0017 40       		.byte	64
  52 0018 01       		.byte	1
  53 0019 4C       		.byte	76
  54 001a 01       		.byte	1
  55 001b 40       		.byte	64
  56 001c 08       		.byte	8
  57 001d 4D       		.byte	77
ARM GAS  C:\Users\jaohe\AppData\Local\Temp\ccxB9kWx.s 			page 2


  58 001e 01       		.byte	1
  59 001f 40       		.byte	64
  60 0020 02       		.byte	2
  61 0021 50       		.byte	80
  62 0022 01       		.byte	1
  63 0023 40       		.byte	64
  64 0024 60       		.byte	96
  65 0025 80       		.byte	-128
  66 0026 61       		.byte	97
  67 0027 80       		.byte	-128
  68 0028 88       		.byte	-120
  69 0029 0F       		.byte	15
  70 002a 8A       		.byte	-118
  71 002b 72       		.byte	114
  72 002c 8B       		.byte	-117
  73 002d 38       		.byte	56
  74 002e 00       		.byte	0
  75 002f DC       		.byte	-36
  76 0030 02       		.byte	2
  77 0031 22       		.byte	34
  78 0032 06       		.byte	6
  79 0033 03       		.byte	3
  80 0034 07       		.byte	7
  81 0035 55       		.byte	85
  82 0036 08       		.byte	8
  83 0037 10       		.byte	16
  84 0038 0A       		.byte	10
  85 0039 AC       		.byte	-84
  86 003a 0B       		.byte	11
  87 003b 08       		.byte	8
  88 003c 0C       		.byte	12
  89 003d 0C       		.byte	12
  90 003e 0D       		.byte	13
  91 003f 03       		.byte	3
  92 0040 0E       		.byte	14
  93 0041 71       		.byte	113
  94 0042 0F       		.byte	15
  95 0043 44       		.byte	68
  96 0044 11       		.byte	17
  97 0045 2A       		.byte	42
  98 0046 13       		.byte	19
  99 0047 44       		.byte	68
 100 0048 14       		.byte	20
 101 0049 09       		.byte	9
 102 004a 15       		.byte	21
 103 004b 80       		.byte	-128
 104 004c 16       		.byte	22
 105 004d D0       		.byte	-48
 106 004e 18       		.byte	24
 107 004f 14       		.byte	20
 108 0050 19       		.byte	25
 109 0051 73       		.byte	115
 110 0052 1B       		.byte	27
 111 0053 0C       		.byte	12
 112 0054 20       		.byte	32
 113 0055 10       		.byte	16
 114 0056 21       		.byte	33
ARM GAS  C:\Users\jaohe\AppData\Local\Temp\ccxB9kWx.s 			page 3


 115 0057 73       		.byte	115
 116 0058 22       		.byte	34
 117 0059 40       		.byte	64
 118 005a 23       		.byte	35
 119 005b 04       		.byte	4
 120 005c 2A       		.byte	42
 121 005d 20       		.byte	32
 122 005e 31       		.byte	49
 123 005f 30       		.byte	48
 124 0060 32       		.byte	50
 125 0061 1F       		.byte	31
 126 0062 33       		.byte	51
 127 0063 80       		.byte	-128
 128 0064 35       		.byte	53
 129 0065 0F       		.byte	15
 130 0066 36       		.byte	54
 131 0067 E0       		.byte	-32
 132 0068 37       		.byte	55
 133 0069 40       		.byte	64
 134 006a 39       		.byte	57
 135 006b 02       		.byte	2
 136 006c 3A       		.byte	58
 137 006d 80       		.byte	-128
 138 006e 3B       		.byte	59
 139 006f 20       		.byte	32
 140 0070 3F       		.byte	63
 141 0071 45       		.byte	69
 142 0072 40       		.byte	64
 143 0073 36       		.byte	54
 144 0074 41       		.byte	65
 145 0075 01       		.byte	1
 146 0076 45       		.byte	69
 147 0077 0B       		.byte	11
 148 0078 46       		.byte	70
 149 0079 0C       		.byte	12
 150 007a 47       		.byte	71
 151 007b 0E       		.byte	14
 152 007c 48       		.byte	72
 153 007d 15       		.byte	21
 154 007e 49       		.byte	73
 155 007f FF       		.byte	-1
 156 0080 4A       		.byte	74
 157 0081 FF       		.byte	-1
 158 0082 4B       		.byte	75
 159 0083 FF       		.byte	-1
 160 0084 4E       		.byte	78
 161 0085 F0       		.byte	-16
 162 0086 4F       		.byte	79
 163 0087 44       		.byte	68
 164 0088 50       		.byte	80
 165 0089 0C       		.byte	12
 166 008a 54       		.byte	84
 167 008b 01       		.byte	1
 168 008c 58       		.byte	88
 169 008d 04       		.byte	4
 170 008e 59       		.byte	89
 171 008f 04       		.byte	4
ARM GAS  C:\Users\jaohe\AppData\Local\Temp\ccxB9kWx.s 			page 4


 172 0090 5A       		.byte	90
 173 0091 04       		.byte	4
 174 0092 5B       		.byte	91
 175 0093 04       		.byte	4
 176 0094 5F       		.byte	95
 177 0095 01       		.byte	1
 178 0096 66       		.byte	102
 179 0097 C0       		.byte	-64
 180 0098 6A       		.byte	106
 181 0099 40       		.byte	64
 182 009a 6B       		.byte	107
 183 009b 02       		.byte	2
 184 009c 81       		.byte	-127
 185 009d 01       		.byte	1
 186 009e 82       		.byte	-126
 187 009f 08       		.byte	8
 188 00a0 83       		.byte	-125
 189 00a1 0E       		.byte	14
 190 00a2 84       		.byte	-124
 191 00a3 80       		.byte	-128
 192 00a4 85       		.byte	-123
 193 00a5 02       		.byte	2
 194 00a6 86       		.byte	-122
 195 00a7 40       		.byte	64
 196 00a8 87       		.byte	-121
 197 00a9 11       		.byte	17
 198 00aa 88       		.byte	-120
 199 00ab 20       		.byte	32
 200 00ac 89       		.byte	-119
 201 00ad 27       		.byte	39
 202 00ae 8A       		.byte	-118
 203 00af 03       		.byte	3
 204 00b0 8C       		.byte	-116
 205 00b1 0C       		.byte	12
 206 00b2 8E       		.byte	-114
 207 00b3 13       		.byte	19
 208 00b4 90       		.byte	-112
 209 00b5 11       		.byte	17
 210 00b6 92       		.byte	-110
 211 00b7 0E       		.byte	14
 212 00b8 95       		.byte	-107
 213 00b9 27       		.byte	39
 214 00ba 96       		.byte	-106
 215 00bb 0C       		.byte	12
 216 00bc 98       		.byte	-104
 217 00bd C0       		.byte	-64
 218 00be 9C       		.byte	-100
 219 00bf 40       		.byte	64
 220 00c0 9D       		.byte	-99
 221 00c1 20       		.byte	32
 222 00c2 9E       		.byte	-98
 223 00c3 80       		.byte	-128
 224 00c4 A4       		.byte	-92
 225 00c5 11       		.byte	17
 226 00c6 A6       		.byte	-90
 227 00c7 06       		.byte	6
 228 00c8 A8       		.byte	-88
ARM GAS  C:\Users\jaohe\AppData\Local\Temp\ccxB9kWx.s 			page 5


 229 00c9 C0       		.byte	-64
 230 00ca A9       		.byte	-87
 231 00cb 04       		.byte	4
 232 00cc AB       		.byte	-85
 233 00cd 11       		.byte	17
 234 00ce B0       		.byte	-80
 235 00cf 0F       		.byte	15
 236 00d0 B1       		.byte	-79
 237 00d1 07       		.byte	7
 238 00d2 B2       		.byte	-78
 239 00d3 30       		.byte	48
 240 00d4 B3       		.byte	-77
 241 00d5 18       		.byte	24
 242 00d6 B4       		.byte	-76
 243 00d7 C0       		.byte	-64
 244 00d8 B7       		.byte	-73
 245 00d9 20       		.byte	32
 246 00da B8       		.byte	-72
 247 00db 08       		.byte	8
 248 00dc BA       		.byte	-70
 249 00dd 02       		.byte	2
 250 00de BF       		.byte	-65
 251 00df 04       		.byte	4
 252 00e0 C0       		.byte	-64
 253 00e1 04       		.byte	4
 254 00e2 C6       		.byte	-58
 255 00e3 04       		.byte	4
 256 00e4 C9       		.byte	-55
 257 00e5 FF       		.byte	-1
 258 00e6 CA       		.byte	-54
 259 00e7 07       		.byte	7
 260 00e8 CB       		.byte	-53
 261 00e9 FF       		.byte	-1
 262 00ea CC       		.byte	-52
 263 00eb 40       		.byte	64
 264 00ec CD       		.byte	-51
 265 00ed 20       		.byte	32
 266 00ee CE       		.byte	-50
 267 00ef F0       		.byte	-16
 268 00f0 CF       		.byte	-49
 269 00f1 05       		.byte	5
 270 00f2 D0       		.byte	-48
 271 00f3 08       		.byte	8
 272 00f4 D8       		.byte	-40
 273 00f5 04       		.byte	4
 274 00f6 D9       		.byte	-39
 275 00f7 04       		.byte	4
 276 00f8 DA       		.byte	-38
 277 00f9 04       		.byte	4
 278 00fa DF       		.byte	-33
 279 00fb 01       		.byte	1
 280 00fc E0       		.byte	-32
 281 00fd 40       		.byte	64
 282 00fe E1       		.byte	-31
 283 00ff A8       		.byte	-88
 284 0100 E2       		.byte	-30
 285 0101 40       		.byte	64
ARM GAS  C:\Users\jaohe\AppData\Local\Temp\ccxB9kWx.s 			page 6


 286 0102 E3       		.byte	-29
 287 0103 20       		.byte	32
 288 0104 02       		.byte	2
 289 0105 48       		.byte	72
 290 0106 03       		.byte	3
 291 0107 22       		.byte	34
 292 0108 05       		.byte	5
 293 0109 46       		.byte	70
 294 010a 07       		.byte	7
 295 010b 08       		.byte	8
 296 010c 0A       		.byte	10
 297 010d 19       		.byte	25
 298 010e 0B       		.byte	11
 299 010f 80       		.byte	-128
 300 0110 0E       		.byte	14
 301 0111 10       		.byte	16
 302 0112 0F       		.byte	15
 303 0113 08       		.byte	8
 304 0114 11       		.byte	17
 305 0115 10       		.byte	16
 306 0116 12       		.byte	18
 307 0117 20       		.byte	32
 308 0118 16       		.byte	22
 309 0119 44       		.byte	68
 310 011a 19       		.byte	25
 311 011b 32       		.byte	50
 312 011c 1A       		.byte	26
 313 011d 10       		.byte	16
 314 011e 1B       		.byte	27
 315 011f 22       		.byte	34
 316 0120 1D       		.byte	29
 317 0121 C4       		.byte	-60
 318 0122 1F       		.byte	31
 319 0123 40       		.byte	64
 320 0124 21       		.byte	33
 321 0125 49       		.byte	73
 322 0126 22       		.byte	34
 323 0127 82       		.byte	-126
 324 0128 24       		.byte	36
 325 0129 60       		.byte	96
 326 012a 26       		.byte	38
 327 012b 60       		.byte	96
 328 012c 27       		.byte	39
 329 012d 08       		.byte	8
 330 012e 29       		.byte	41
 331 012f 10       		.byte	16
 332 0130 2F       		.byte	47
 333 0131 40       		.byte	64
 334 0132 32       		.byte	50
 335 0133 44       		.byte	68
 336 0134 35       		.byte	53
 337 0135 06       		.byte	6
 338 0136 36       		.byte	54
 339 0137 20       		.byte	32
 340 0138 38       		.byte	56
 341 0139 04       		.byte	4
 342 013a 39       		.byte	57
ARM GAS  C:\Users\jaohe\AppData\Local\Temp\ccxB9kWx.s 			page 7


 343 013b 1A       		.byte	26
 344 013c 3E       		.byte	62
 345 013d 10       		.byte	16
 346 013e 3F       		.byte	63
 347 013f 84       		.byte	-124
 348 0140 40       		.byte	64
 349 0141 40       		.byte	64
 350 0142 45       		.byte	69
 351 0143 80       		.byte	-128
 352 0144 47       		.byte	71
 353 0145 08       		.byte	8
 354 0146 4B       		.byte	75
 355 0147 04       		.byte	4
 356 0148 4E       		.byte	78
 357 0149 08       		.byte	8
 358 014a 4F       		.byte	79
 359 014b 08       		.byte	8
 360 014c 52       		.byte	82
 361 014d 4C       		.byte	76
 362 014e 54       		.byte	84
 363 014f 88       		.byte	-120
 364 0150 57       		.byte	87
 365 0151 40       		.byte	64
 366 0152 5E       		.byte	94
 367 0153 88       		.byte	-120
 368 0154 5F       		.byte	95
 369 0155 11       		.byte	17
 370 0156 85       		.byte	-123
 371 0157 04       		.byte	4
 372 0158 86       		.byte	-122
 373 0159 01       		.byte	1
 374 015a C0       		.byte	-64
 375 015b FF       		.byte	-1
 376 015c C2       		.byte	-62
 377 015d 6F       		.byte	111
 378 015e C4       		.byte	-60
 379 015f 56       		.byte	86
 380 0160 CA       		.byte	-54
 381 0161 84       		.byte	-124
 382 0162 CC       		.byte	-52
 383 0163 EA       		.byte	-22
 384 0164 CE       		.byte	-50
 385 0165 77       		.byte	119
 386 0166 D0       		.byte	-48
 387 0167 51       		.byte	81
 388 0168 D2       		.byte	-46
 389 0169 20       		.byte	32
 390 016a D6       		.byte	-42
 391 016b F0       		.byte	-16
 392 016c E2       		.byte	-30
 393 016d 08       		.byte	8
 394 016e 82       		.byte	-126
 395 016f 04       		.byte	4
 396 0170 86       		.byte	-122
 397 0171 02       		.byte	2
 398 0172 87       		.byte	-121
 399 0173 01       		.byte	1
ARM GAS  C:\Users\jaohe\AppData\Local\Temp\ccxB9kWx.s 			page 8


 400 0174 8E       		.byte	-114
 401 0175 01       		.byte	1
 402 0176 92       		.byte	-110
 403 0177 02       		.byte	2
 404 0178 94       		.byte	-108
 405 0179 08       		.byte	8
 406 017a 98       		.byte	-104
 407 017b 01       		.byte	1
 408 017c 9C       		.byte	-100
 409 017d 01       		.byte	1
 410 017e AA       		.byte	-86
 411 017f 04       		.byte	4
 412 0180 AE       		.byte	-82
 413 0181 01       		.byte	1
 414 0182 B0       		.byte	-80
 415 0183 01       		.byte	1
 416 0184 B2       		.byte	-78
 417 0185 02       		.byte	2
 418 0186 B3       		.byte	-77
 419 0187 01       		.byte	1
 420 0188 B4       		.byte	-76
 421 0189 08       		.byte	8
 422 018a B6       		.byte	-74
 423 018b 04       		.byte	4
 424 018c B8       		.byte	-72
 425 018d 02       		.byte	2
 426 018e BE       		.byte	-66
 427 018f 54       		.byte	84
 428 0190 D4       		.byte	-44
 429 0191 18       		.byte	24
 430 0192 D8       		.byte	-40
 431 0193 04       		.byte	4
 432 0194 D9       		.byte	-39
 433 0195 04       		.byte	4
 434 0196 DB       		.byte	-37
 435 0197 04       		.byte	4
 436 0198 DF       		.byte	-33
 437 0199 01       		.byte	1
 438 019a 00       		.byte	0
 439 019b 44       		.byte	68
 440 019c 01       		.byte	1
 441 019d 20       		.byte	32
 442 019e 02       		.byte	2
 443 019f 80       		.byte	-128
 444 01a0 03       		.byte	3
 445 01a1 20       		.byte	32
 446 01a2 05       		.byte	5
 447 01a3 82       		.byte	-126
 448 01a4 06       		.byte	6
 449 01a5 10       		.byte	16
 450 01a6 09       		.byte	9
 451 01a7 02       		.byte	2
 452 01a8 0A       		.byte	10
 453 01a9 06       		.byte	6
 454 01aa 0C       		.byte	12
 455 01ab 08       		.byte	8
 456 01ac 0E       		.byte	14
ARM GAS  C:\Users\jaohe\AppData\Local\Temp\ccxB9kWx.s 			page 9


 457 01ad 44       		.byte	68
 458 01ae 0F       		.byte	15
 459 01af 02       		.byte	2
 460 01b0 10       		.byte	16
 461 01b1 80       		.byte	-128
 462 01b2 12       		.byte	18
 463 01b3 02       		.byte	2
 464 01b4 13       		.byte	19
 465 01b5 14       		.byte	20
 466 01b6 15       		.byte	21
 467 01b7 20       		.byte	32
 468 01b8 17       		.byte	23
 469 01b9 80       		.byte	-128
 470 01ba 18       		.byte	24
 471 01bb 40       		.byte	64
 472 01bc 19       		.byte	25
 473 01bd 94       		.byte	-108
 474 01be 1A       		.byte	26
 475 01bf 06       		.byte	6
 476 01c0 1B       		.byte	27
 477 01c1 01       		.byte	1
 478 01c2 1D       		.byte	29
 479 01c3 40       		.byte	64
 480 01c4 1E       		.byte	30
 481 01c5 48       		.byte	72
 482 01c6 1F       		.byte	31
 483 01c7 04       		.byte	4
 484 01c8 21       		.byte	33
 485 01c9 12       		.byte	18
 486 01ca 23       		.byte	35
 487 01cb 81       		.byte	-127
 488 01cc 27       		.byte	39
 489 01cd 10       		.byte	16
 490 01ce 29       		.byte	41
 491 01cf A0       		.byte	-96
 492 01d0 2B       		.byte	43
 493 01d1 A0       		.byte	-96
 494 01d2 30       		.byte	48
 495 01d3 80       		.byte	-128
 496 01d4 31       		.byte	49
 497 01d5 02       		.byte	2
 498 01d6 32       		.byte	50
 499 01d7 08       		.byte	8
 500 01d8 33       		.byte	51
 501 01d9 10       		.byte	16
 502 01da 38       		.byte	56
 503 01db 68       		.byte	104
 504 01dc 39       		.byte	57
 505 01dd 02       		.byte	2
 506 01de 3C       		.byte	60
 507 01df 04       		.byte	4
 508 01e0 40       		.byte	64
 509 01e1 40       		.byte	64
 510 01e2 41       		.byte	65
 511 01e3 58       		.byte	88
 512 01e4 43       		.byte	67
 513 01e5 80       		.byte	-128
ARM GAS  C:\Users\jaohe\AppData\Local\Temp\ccxB9kWx.s 			page 10


 514 01e6 49       		.byte	73
 515 01e7 12       		.byte	18
 516 01e8 4A       		.byte	74
 517 01e9 08       		.byte	8
 518 01ea 52       		.byte	82
 519 01eb 10       		.byte	16
 520 01ec 59       		.byte	89
 521 01ed 04       		.byte	4
 522 01ee 5F       		.byte	95
 523 01ef 01       		.byte	1
 524 01f0 65       		.byte	101
 525 01f1 40       		.byte	64
 526 01f2 67       		.byte	103
 527 01f3 08       		.byte	8
 528 01f4 69       		.byte	105
 529 01f5 10       		.byte	16
 530 01f6 6A       		.byte	106
 531 01f7 88       		.byte	-120
 532 01f8 70       		.byte	112
 533 01f9 94       		.byte	-108
 534 01fa 73       		.byte	115
 535 01fb 14       		.byte	20
 536 01fc 90       		.byte	-112
 537 01fd 04       		.byte	4
 538 01fe 91       		.byte	-111
 539 01ff 82       		.byte	-126
 540 0200 95       		.byte	-107
 541 0201 10       		.byte	16
 542 0202 96       		.byte	-106
 543 0203 88       		.byte	-120
 544 0204 99       		.byte	-103
 545 0205 20       		.byte	32
 546 0206 A0       		.byte	-96
 547 0207 08       		.byte	8
 548 0208 A1       		.byte	-95
 549 0209 08       		.byte	8
 550 020a A2       		.byte	-94
 551 020b 82       		.byte	-126
 552 020c A6       		.byte	-90
 553 020d 04       		.byte	4
 554 020e AC       		.byte	-84
 555 020f 80       		.byte	-128
 556 0210 AF       		.byte	-81
 557 0211 10       		.byte	16
 558 0212 B4       		.byte	-76
 559 0213 18       		.byte	24
 560 0214 B7       		.byte	-73
 561 0215 01       		.byte	1
 562 0216 C0       		.byte	-64
 563 0217 BF       		.byte	-65
 564 0218 C2       		.byte	-62
 565 0219 FB       		.byte	-5
 566 021a C4       		.byte	-60
 567 021b CF       		.byte	-49
 568 021c CA       		.byte	-54
 569 021d 0F       		.byte	15
 570 021e CC       		.byte	-52
ARM GAS  C:\Users\jaohe\AppData\Local\Temp\ccxB9kWx.s 			page 11


 571 021f 0F       		.byte	15
 572 0220 CE       		.byte	-50
 573 0221 4F       		.byte	79
 574 0222 D0       		.byte	-48
 575 0223 0F       		.byte	15
 576 0224 D2       		.byte	-46
 577 0225 04       		.byte	4
 578 0226 D6       		.byte	-42
 579 0227 82       		.byte	-126
 580 0228 D8       		.byte	-40
 581 0229 30       		.byte	48
 582 022a 84       		.byte	-124
 583 022b 80       		.byte	-128
 584 022c 10       		.byte	16
 585 022d 80       		.byte	-128
 586 022e 75       		.byte	117
 587 022f 01       		.byte	1
 588 0230 99       		.byte	-103
 589 0231 01       		.byte	1
 590 0232 A4       		.byte	-92
 591 0233 80       		.byte	-128
 592 0234 B5       		.byte	-75
 593 0235 01       		.byte	1
 594 0236 C4       		.byte	-60
 595 0237 08       		.byte	8
 596 0238 DE       		.byte	-34
 597 0239 04       		.byte	4
 598 023a EC       		.byte	-20
 599 023b 02       		.byte	2
 600 023c 10       		.byte	16
 601 023d 01       		.byte	1
 602 023e 1C       		.byte	28
 603 023f 01       		.byte	1
 604 0240 00       		.byte	0
 605 0241 C0       		.byte	-64
 606 0242 23       		.byte	35
 607 0243 00       		.byte	0
 608 0244 01       		.byte	1
 609 0245 18       		.byte	24
 610 0246 00       		.byte	0
 611 0247 00       		.byte	0
 612 0248 02       		.byte	2
 613 0249 08       		.byte	8
 614 024a 00       		.byte	0
 615 024b 00       		.byte	0
 616 024c 3F       		.byte	63
 617 024d FF       		.byte	-1
 618 024e 00       		.byte	0
 619 024f 00       		.byte	0
 620 0250 1C       		.byte	28
 621 0251 3C       		.byte	60
 622 0252 23       		.byte	35
 623 0253 C2       		.byte	-62
 624 0254 00       		.byte	0
 625 0255 E7       		.byte	-25
 626 0256 00       		.byte	0
 627 0257 18       		.byte	24
ARM GAS  C:\Users\jaohe\AppData\Local\Temp\ccxB9kWx.s 			page 12


 628 0258 33       		.byte	51
 629 0259 00       		.byte	0
 630 025a 0C       		.byte	12
 631 025b 04       		.byte	4
 632 025c 1F       		.byte	31
 633 025d 10       		.byte	16
 634 025e 20       		.byte	32
 635 025f 00       		.byte	0
 636 0260 08       		.byte	8
 637 0261 00       		.byte	0
 638 0262 00       		.byte	0
 639 0263 E3       		.byte	-29
 640 0264 04       		.byte	4
 641 0265 44       		.byte	68
 642 0266 00       		.byte	0
 643 0267 00       		.byte	0
 644 0268 0C       		.byte	12
 645 0269 80       		.byte	-128
 646 026a 00       		.byte	0
 647 026b 00       		.byte	0
 648 026c 03       		.byte	3
 649 026d 1C       		.byte	28
 650 026e 00       		.byte	0
 651 026f E1       		.byte	-31
 652 0270 00       		.byte	0
 653 0271 1F       		.byte	31
 654 0272 10       		.byte	16
 655 0273 00       		.byte	0
 656 0274 0F       		.byte	15
 657 0275 38       		.byte	56
 658 0276 2C       		.byte	44
 659 0277 C0       		.byte	-64
 660 0278 00       		.byte	0
 661 0279 00       		.byte	0
 662 027a A2       		.byte	-94
 663 027b 02       		.byte	2
 664 027c 00       		.byte	0
 665 027d 00       		.byte	0
 666 027e 04       		.byte	4
 667 027f 00       		.byte	0
 668 0280 61       		.byte	97
 669 0281 04       		.byte	4
 670 0282 02       		.byte	2
 671 0283 00       		.byte	0
 672 0284 03       		.byte	3
 673 0285 C0       		.byte	-64
 674 0286 E0       		.byte	-32
 675 0287 00       		.byte	0
 676 0288 0A       		.byte	10
 677 0289 FF       		.byte	-1
 678 028a FF       		.byte	-1
 679 028b FF       		.byte	-1
 680 028c 62       		.byte	98
 681 028d A0       		.byte	-96
 682 028e F0       		.byte	-16
 683 028f 41       		.byte	65
 684 0290 0C       		.byte	12
ARM GAS  C:\Users\jaohe\AppData\Local\Temp\ccxB9kWx.s 			page 13


 685 0291 00       		.byte	0
 686 0292 00       		.byte	0
 687 0293 00       		.byte	0
 688 0294 00       		.byte	0
 689 0295 00       		.byte	0
 690 0296 02       		.byte	2
 691 0297 12       		.byte	18
 692 0298 04       		.byte	4
 693 0299 04       		.byte	4
 694 029a 04       		.byte	4
 695 029b 04       		.byte	4
 696 029c 00       		.byte	0
 697 029d 00       		.byte	0
 698 029e 00       		.byte	0
 699 029f 01       		.byte	1
 700 02a0 00       		.byte	0
 701 02a1 00       		.byte	0
 702 02a2 00       		.byte	0
 703 02a3 00       		.byte	0
 704 02a4 00       		.byte	0
 705 02a5 00       		.byte	0
 706 02a6 40       		.byte	64
 707 02a7 02       		.byte	2
 708 02a8 00       		.byte	0
 709 02a9 10       		.byte	16
 710 02aa 30       		.byte	48
 711 02ab 10       		.byte	16
 712 02ac 00       		.byte	0
 713 02ad 10       		.byte	16
 714 02ae 10       		.byte	16
 715 02af 12       		.byte	18
 716 02b0 00       		.byte	0
 717 02b1 00       		.byte	0
 718 02b2 00       		.byte	0
 719 02b3 00       		.byte	0
 720 02b4 00       		.byte	0
 721 02b5 00       		.byte	0
 722 02b6 00       		.byte	0
 723 02b7 00       		.byte	0
 724 02b8 00       		.byte	0
 725 02b9 00       		.byte	0
 726 02ba 00       		.byte	0
 727 02bb 00       		.byte	0
 728 02bc 00       		.byte	0
 729 02bd 00       		.byte	0
 730 02be 00       		.byte	0
 731 02bf 00       		.byte	0
 732 02c0 40       		.byte	64
 733 02c1 80       		.byte	-128
 734 02c2 80       		.byte	-128
 735 02c3 00       		.byte	0
 736 02c4 80       		.byte	-128
 737 02c5 00       		.byte	0
 738 02c6 00       		.byte	0
 739 02c7 00       		.byte	0
 740              		.section	.cywolatch,"a",%progbits
 741              		.align	2
ARM GAS  C:\Users\jaohe\AppData\Local\Temp\ccxB9kWx.s 			page 14


 742              		.type	cy_meta_wonvl, %object
 743              		.size	cy_meta_wonvl, 4
 744              	cy_meta_wonvl:
 745 0000 BC       		.byte	-68
 746 0001 90       		.byte	-112
 747 0002 AC       		.byte	-84
 748 0003 AF       		.byte	-81
 749              		.section	.cycustnvl,"a",%progbits
 750              		.align	2
 751              		.type	cy_meta_custnvl, %object
 752              		.size	cy_meta_custnvl, 4
 753              	cy_meta_custnvl:
 754 0000 00       		.byte	0
 755 0001 00       		.byte	0
 756 0002 40       		.byte	64
 757 0003 05       		.byte	5
 758              		.section	.cymeta,"a",%progbits
 759              		.align	2
 760              		.type	cy_metadata, %object
 761              		.size	cy_metadata, 12
 762              	cy_metadata:
 763 0000 00       		.byte	0
 764 0001 01       		.byte	1
 765 0002 2E       		.byte	46
 766 0003 16       		.byte	22
 767 0004 10       		.byte	16
 768 0005 69       		.byte	105
 769 0006 00       		.byte	0
 770 0007 01       		.byte	1
 771 0008 00       		.byte	0
 772 0009 00       		.byte	0
 773 000a 00       		.byte	0
 774 000b 00       		.byte	0
 775              		.section	.cyflashprotect,"a",%progbits
 776              		.align	2
 777              		.type	cy_meta_flashprotect, %object
 778              		.size	cy_meta_flashprotect, 256
 779              	cy_meta_flashprotect:
 780 0000 00000000 		.space	256
 780      00000000 
 780      00000000 
 780      00000000 
 780      00000000 
 781              		.text
 782              	.Letext0:
 783              		.file 1 ".\\Generated_Source\\PSoC5\\cymetadata.c"
 784              		.file 2 ".\\Generated_Source\\PSoC5\\cytypes.h"
 785              		.section	.debug_info,"",%progbits
 786              	.Ldebug_info0:
 787 0000 37010000 		.4byte	0x137
 788 0004 0400     		.2byte	0x4
 789 0006 00000000 		.4byte	.Ldebug_abbrev0
 790 000a 04       		.byte	0x4
 791 000b 01       		.uleb128 0x1
 792 000c 94000000 		.4byte	.LASF18
 793 0010 01       		.byte	0x1
 794 0011 00000000 		.4byte	.LASF19
ARM GAS  C:\Users\jaohe\AppData\Local\Temp\ccxB9kWx.s 			page 15


 795 0015 69010000 		.4byte	.LASF20
 796 0019 00000000 		.4byte	.Ldebug_line0
 797 001d 02       		.uleb128 0x2
 798 001e 01       		.byte	0x1
 799 001f 06       		.byte	0x6
 800 0020 13020000 		.4byte	.LASF0
 801 0024 02       		.uleb128 0x2
 802 0025 01       		.byte	0x1
 803 0026 08       		.byte	0x8
 804 0027 38000000 		.4byte	.LASF1
 805 002b 02       		.uleb128 0x2
 806 002c 02       		.byte	0x2
 807 002d 05       		.byte	0x5
 808 002e FA010000 		.4byte	.LASF2
 809 0032 02       		.uleb128 0x2
 810 0033 02       		.byte	0x2
 811 0034 07       		.byte	0x7
 812 0035 58000000 		.4byte	.LASF3
 813 0039 02       		.uleb128 0x2
 814 003a 04       		.byte	0x4
 815 003b 05       		.byte	0x5
 816 003c 0A020000 		.4byte	.LASF4
 817 0040 02       		.uleb128 0x2
 818 0041 04       		.byte	0x4
 819 0042 07       		.byte	0x7
 820 0043 46000000 		.4byte	.LASF5
 821 0047 02       		.uleb128 0x2
 822 0048 08       		.byte	0x8
 823 0049 05       		.byte	0x5
 824 004a E7010000 		.4byte	.LASF6
 825 004e 02       		.uleb128 0x2
 826 004f 08       		.byte	0x8
 827 0050 07       		.byte	0x7
 828 0051 2F010000 		.4byte	.LASF7
 829 0055 03       		.uleb128 0x3
 830 0056 04       		.byte	0x4
 831 0057 05       		.byte	0x5
 832 0058 696E7400 		.ascii	"int\000"
 833 005c 02       		.uleb128 0x2
 834 005d 04       		.byte	0x4
 835 005e 07       		.byte	0x7
 836 005f 22010000 		.4byte	.LASF8
 837 0063 04       		.uleb128 0x4
 838 0064 04020000 		.4byte	.LASF21
 839 0068 02       		.byte	0x2
 840 0069 9201     		.2byte	0x192
 841 006b 24000000 		.4byte	0x24
 842 006f 02       		.uleb128 0x2
 843 0070 04       		.byte	0x4
 844 0071 04       		.byte	0x4
 845 0072 32000000 		.4byte	.LASF9
 846 0076 02       		.uleb128 0x2
 847 0077 08       		.byte	0x8
 848 0078 04       		.byte	0x4
 849 0079 6B000000 		.4byte	.LASF10
 850 007d 02       		.uleb128 0x2
 851 007e 01       		.byte	0x1
ARM GAS  C:\Users\jaohe\AppData\Local\Temp\ccxB9kWx.s 			page 16


 852 007f 08       		.byte	0x8
 853 0080 F5010000 		.4byte	.LASF11
 854 0084 05       		.uleb128 0x5
 855 0085 63000000 		.4byte	0x63
 856 0089 95000000 		.4byte	0x95
 857 008d 06       		.uleb128 0x6
 858 008e 95000000 		.4byte	0x95
 859 0092 C702     		.2byte	0x2c7
 860 0094 00       		.byte	0
 861 0095 02       		.uleb128 0x2
 862 0096 04       		.byte	0x4
 863 0097 07       		.byte	0x7
 864 0098 DE010000 		.4byte	.LASF12
 865 009c 07       		.uleb128 0x7
 866 009d 82000000 		.4byte	.LASF13
 867 00a1 01       		.byte	0x1
 868 00a2 1F       		.byte	0x1f
 869 00a3 AD000000 		.4byte	0xad
 870 00a7 05       		.uleb128 0x5
 871 00a8 03       		.byte	0x3
 872 00a9 00000000 		.4byte	cy_meta_configecc
 873 00ad 08       		.uleb128 0x8
 874 00ae 84000000 		.4byte	0x84
 875 00b2 05       		.uleb128 0x5
 876 00b3 63000000 		.4byte	0x63
 877 00b7 C2000000 		.4byte	0xc2
 878 00bb 09       		.uleb128 0x9
 879 00bc 95000000 		.4byte	0x95
 880 00c0 03       		.byte	0x3
 881 00c1 00       		.byte	0
 882 00c2 07       		.uleb128 0x7
 883 00c3 72000000 		.4byte	.LASF14
 884 00c7 01       		.byte	0x1
 885 00c8 85       		.byte	0x85
 886 00c9 D3000000 		.4byte	0xd3
 887 00cd 05       		.uleb128 0x5
 888 00ce 03       		.byte	0x3
 889 00cf 00000000 		.4byte	cy_meta_custnvl
 890 00d3 08       		.uleb128 0x8
 891 00d4 B2000000 		.4byte	0xb2
 892 00d8 07       		.uleb128 0x7
 893 00d9 5B010000 		.4byte	.LASF15
 894 00dd 01       		.byte	0x1
 895 00de 93       		.byte	0x93
 896 00df E9000000 		.4byte	0xe9
 897 00e3 05       		.uleb128 0x5
 898 00e4 03       		.byte	0x3
 899 00e5 00000000 		.4byte	cy_meta_wonvl
 900 00e9 08       		.uleb128 0x8
 901 00ea B2000000 		.4byte	0xb2
 902 00ee 05       		.uleb128 0x5
 903 00ef 63000000 		.4byte	0x63
 904 00f3 FE000000 		.4byte	0xfe
 905 00f7 09       		.uleb128 0x9
 906 00f8 95000000 		.4byte	0x95
 907 00fc FF       		.byte	0xff
 908 00fd 00       		.byte	0
ARM GAS  C:\Users\jaohe\AppData\Local\Temp\ccxB9kWx.s 			page 17


 909 00fe 07       		.uleb128 0x7
 910 00ff 46010000 		.4byte	.LASF16
 911 0103 01       		.byte	0x1
 912 0104 A1       		.byte	0xa1
 913 0105 0F010000 		.4byte	0x10f
 914 0109 05       		.uleb128 0x5
 915 010a 03       		.byte	0x3
 916 010b 00000000 		.4byte	cy_meta_flashprotect
 917 010f 08       		.uleb128 0x8
 918 0110 EE000000 		.4byte	0xee
 919 0114 05       		.uleb128 0x5
 920 0115 63000000 		.4byte	0x63
 921 0119 24010000 		.4byte	0x124
 922 011d 09       		.uleb128 0x9
 923 011e 95000000 		.4byte	0x95
 924 0122 0B       		.byte	0xb
 925 0123 00       		.byte	0
 926 0124 07       		.uleb128 0x7
 927 0125 26000000 		.4byte	.LASF17
 928 0129 01       		.byte	0x1
 929 012a CE       		.byte	0xce
 930 012b 35010000 		.4byte	0x135
 931 012f 05       		.uleb128 0x5
 932 0130 03       		.byte	0x3
 933 0131 00000000 		.4byte	cy_metadata
 934 0135 08       		.uleb128 0x8
 935 0136 14010000 		.4byte	0x114
 936 013a 00       		.byte	0
 937              		.section	.debug_abbrev,"",%progbits
 938              	.Ldebug_abbrev0:
 939 0000 01       		.uleb128 0x1
 940 0001 11       		.uleb128 0x11
 941 0002 01       		.byte	0x1
 942 0003 25       		.uleb128 0x25
 943 0004 0E       		.uleb128 0xe
 944 0005 13       		.uleb128 0x13
 945 0006 0B       		.uleb128 0xb
 946 0007 03       		.uleb128 0x3
 947 0008 0E       		.uleb128 0xe
 948 0009 1B       		.uleb128 0x1b
 949 000a 0E       		.uleb128 0xe
 950 000b 10       		.uleb128 0x10
 951 000c 17       		.uleb128 0x17
 952 000d 00       		.byte	0
 953 000e 00       		.byte	0
 954 000f 02       		.uleb128 0x2
 955 0010 24       		.uleb128 0x24
 956 0011 00       		.byte	0
 957 0012 0B       		.uleb128 0xb
 958 0013 0B       		.uleb128 0xb
 959 0014 3E       		.uleb128 0x3e
 960 0015 0B       		.uleb128 0xb
 961 0016 03       		.uleb128 0x3
 962 0017 0E       		.uleb128 0xe
 963 0018 00       		.byte	0
 964 0019 00       		.byte	0
 965 001a 03       		.uleb128 0x3
ARM GAS  C:\Users\jaohe\AppData\Local\Temp\ccxB9kWx.s 			page 18


 966 001b 24       		.uleb128 0x24
 967 001c 00       		.byte	0
 968 001d 0B       		.uleb128 0xb
 969 001e 0B       		.uleb128 0xb
 970 001f 3E       		.uleb128 0x3e
 971 0020 0B       		.uleb128 0xb
 972 0021 03       		.uleb128 0x3
 973 0022 08       		.uleb128 0x8
 974 0023 00       		.byte	0
 975 0024 00       		.byte	0
 976 0025 04       		.uleb128 0x4
 977 0026 16       		.uleb128 0x16
 978 0027 00       		.byte	0
 979 0028 03       		.uleb128 0x3
 980 0029 0E       		.uleb128 0xe
 981 002a 3A       		.uleb128 0x3a
 982 002b 0B       		.uleb128 0xb
 983 002c 3B       		.uleb128 0x3b
 984 002d 05       		.uleb128 0x5
 985 002e 49       		.uleb128 0x49
 986 002f 13       		.uleb128 0x13
 987 0030 00       		.byte	0
 988 0031 00       		.byte	0
 989 0032 05       		.uleb128 0x5
 990 0033 01       		.uleb128 0x1
 991 0034 01       		.byte	0x1
 992 0035 49       		.uleb128 0x49
 993 0036 13       		.uleb128 0x13
 994 0037 01       		.uleb128 0x1
 995 0038 13       		.uleb128 0x13
 996 0039 00       		.byte	0
 997 003a 00       		.byte	0
 998 003b 06       		.uleb128 0x6
 999 003c 21       		.uleb128 0x21
 1000 003d 00       		.byte	0
 1001 003e 49       		.uleb128 0x49
 1002 003f 13       		.uleb128 0x13
 1003 0040 2F       		.uleb128 0x2f
 1004 0041 05       		.uleb128 0x5
 1005 0042 00       		.byte	0
 1006 0043 00       		.byte	0
 1007 0044 07       		.uleb128 0x7
 1008 0045 34       		.uleb128 0x34
 1009 0046 00       		.byte	0
 1010 0047 03       		.uleb128 0x3
 1011 0048 0E       		.uleb128 0xe
 1012 0049 3A       		.uleb128 0x3a
 1013 004a 0B       		.uleb128 0xb
 1014 004b 3B       		.uleb128 0x3b
 1015 004c 0B       		.uleb128 0xb
 1016 004d 49       		.uleb128 0x49
 1017 004e 13       		.uleb128 0x13
 1018 004f 3F       		.uleb128 0x3f
 1019 0050 19       		.uleb128 0x19
 1020 0051 02       		.uleb128 0x2
 1021 0052 18       		.uleb128 0x18
 1022 0053 00       		.byte	0
ARM GAS  C:\Users\jaohe\AppData\Local\Temp\ccxB9kWx.s 			page 19


 1023 0054 00       		.byte	0
 1024 0055 08       		.uleb128 0x8
 1025 0056 26       		.uleb128 0x26
 1026 0057 00       		.byte	0
 1027 0058 49       		.uleb128 0x49
 1028 0059 13       		.uleb128 0x13
 1029 005a 00       		.byte	0
 1030 005b 00       		.byte	0
 1031 005c 09       		.uleb128 0x9
 1032 005d 21       		.uleb128 0x21
 1033 005e 00       		.byte	0
 1034 005f 49       		.uleb128 0x49
 1035 0060 13       		.uleb128 0x13
 1036 0061 2F       		.uleb128 0x2f
 1037 0062 0B       		.uleb128 0xb
 1038 0063 00       		.byte	0
 1039 0064 00       		.byte	0
 1040 0065 00       		.byte	0
 1041              		.section	.debug_aranges,"",%progbits
 1042 0000 14000000 		.4byte	0x14
 1043 0004 0200     		.2byte	0x2
 1044 0006 00000000 		.4byte	.Ldebug_info0
 1045 000a 04       		.byte	0x4
 1046 000b 00       		.byte	0
 1047 000c 0000     		.2byte	0
 1048 000e 0000     		.2byte	0
 1049 0010 00000000 		.4byte	0
 1050 0014 00000000 		.4byte	0
 1051              		.section	.debug_line,"",%progbits
 1052              	.Ldebug_line0:
 1053 0000 4F000000 		.section	.debug_str,"MS",%progbits,1
 1053      02004900 
 1053      00000201 
 1053      FB0E0D00 
 1053      01010101 
 1054              	.LASF19:
 1055 0000 2E5C4765 		.ascii	".\\Generated_Source\\PSoC5\\cymetadata.c\000"
 1055      6E657261 
 1055      7465645F 
 1055      536F7572 
 1055      63655C50 
 1056              	.LASF17:
 1057 0026 63795F6D 		.ascii	"cy_metadata\000"
 1057      65746164 
 1057      61746100 
 1058              	.LASF9:
 1059 0032 666C6F61 		.ascii	"float\000"
 1059      7400
 1060              	.LASF1:
 1061 0038 756E7369 		.ascii	"unsigned char\000"
 1061      676E6564 
 1061      20636861 
 1061      7200
 1062              	.LASF5:
 1063 0046 6C6F6E67 		.ascii	"long unsigned int\000"
 1063      20756E73 
 1063      69676E65 
ARM GAS  C:\Users\jaohe\AppData\Local\Temp\ccxB9kWx.s 			page 20


 1063      6420696E 
 1063      7400
 1064              	.LASF3:
 1065 0058 73686F72 		.ascii	"short unsigned int\000"
 1065      7420756E 
 1065      7369676E 
 1065      65642069 
 1065      6E7400
 1066              	.LASF10:
 1067 006b 646F7562 		.ascii	"double\000"
 1067      6C6500
 1068              	.LASF14:
 1069 0072 63795F6D 		.ascii	"cy_meta_custnvl\000"
 1069      6574615F 
 1069      63757374 
 1069      6E766C00 
 1070              	.LASF13:
 1071 0082 63795F6D 		.ascii	"cy_meta_configecc\000"
 1071      6574615F 
 1071      636F6E66 
 1071      69676563 
 1071      6300
 1072              	.LASF18:
 1073 0094 474E5520 		.ascii	"GNU C 4.9.3 20150303 (release) [ARM/embedded-4_9-br"
 1073      4320342E 
 1073      392E3320 
 1073      32303135 
 1073      30333033 
 1074 00c7 616E6368 		.ascii	"anch revision 221220] -mcpu=cortex-m3 -mthumb -g -O"
 1074      20726576 
 1074      6973696F 
 1074      6E203232 
 1074      31323230 
 1075 00fa 67202D66 		.ascii	"g -ffunction-sections -ffat-lto-objects\000"
 1075      66756E63 
 1075      74696F6E 
 1075      2D736563 
 1075      74696F6E 
 1076              	.LASF8:
 1077 0122 756E7369 		.ascii	"unsigned int\000"
 1077      676E6564 
 1077      20696E74 
 1077      00
 1078              	.LASF7:
 1079 012f 6C6F6E67 		.ascii	"long long unsigned int\000"
 1079      206C6F6E 
 1079      6720756E 
 1079      7369676E 
 1079      65642069 
 1080              	.LASF16:
 1081 0146 63795F6D 		.ascii	"cy_meta_flashprotect\000"
 1081      6574615F 
 1081      666C6173 
 1081      6870726F 
 1081      74656374 
 1082              	.LASF15:
 1083 015b 63795F6D 		.ascii	"cy_meta_wonvl\000"
ARM GAS  C:\Users\jaohe\AppData\Local\Temp\ccxB9kWx.s 			page 21


 1083      6574615F 
 1083      776F6E76 
 1083      6C00
 1084              	.LASF20:
 1085 0169 433A5C55 		.ascii	"C:\\Users\\jaohe\\EghosaOneDrive\\OneDrive\\Documen"
 1085      73657273 
 1085      5C6A616F 
 1085      68655C45 
 1085      67686F73 
 1086 0197 74735C53 		.ascii	"ts\\Spring 2025\\6.115\\final_project\\taskassistan"
 1086      7072696E 
 1086      67203230 
 1086      32355C36 
 1086      2E313135 
 1087 01c6 745C5461 		.ascii	"t\\TaskHub\\TaskHub.cydsn\000"
 1087      736B4875 
 1087      625C5461 
 1087      736B4875 
 1087      622E6379 
 1088              	.LASF12:
 1089 01de 73697A65 		.ascii	"sizetype\000"
 1089      74797065 
 1089      00
 1090              	.LASF6:
 1091 01e7 6C6F6E67 		.ascii	"long long int\000"
 1091      206C6F6E 
 1091      6720696E 
 1091      7400
 1092              	.LASF11:
 1093 01f5 63686172 		.ascii	"char\000"
 1093      00
 1094              	.LASF2:
 1095 01fa 73686F72 		.ascii	"short int\000"
 1095      7420696E 
 1095      7400
 1096              	.LASF21:
 1097 0204 75696E74 		.ascii	"uint8\000"
 1097      3800
 1098              	.LASF4:
 1099 020a 6C6F6E67 		.ascii	"long int\000"
 1099      20696E74 
 1099      00
 1100              	.LASF0:
 1101 0213 7369676E 		.ascii	"signed char\000"
 1101      65642063 
 1101      68617200 
 1102              		.ident	"GCC: (GNU Tools for ARM Embedded Processors) 4.9.3 20150303 (release) [ARM/embedded-4_9-br
