ARM GAS  C:\Users\jaohe\AppData\Local\Temp\ccXGyz2n.s 			page 1


   1              		.syntax unified
   2              		.cpu cortex-m3
   3              		.fpu softvfp
   4              		.eabi_attribute 20, 1
   5              		.eabi_attribute 21, 1
   6              		.eabi_attribute 23, 3
   7              		.eabi_attribute 24, 1
   8              		.eabi_attribute 25, 1
   9              		.eabi_attribute 26, 1
  10              		.eabi_attribute 30, 1
  11              		.eabi_attribute 34, 1
  12              		.eabi_attribute 18, 4
  13              		.thumb
  14              		.file	"main.c"
  15              		.text
  16              	.Ltext0:
  17              		.cfi_sections	.debug_frame
  18              		.section	.text.sendCommand,"ax",%progbits
  19              		.align	2
  20              		.global	sendCommand
  21              		.thumb
  22              		.thumb_func
  23              		.type	sendCommand, %function
  24              	sendCommand:
  25              	.LFB63:
  26              		.file 1 ".\\main.c"
   1:.\main.c      **** /* ========================================
   2:.\main.c      ****  *
   3:.\main.c      ****  * Copyright YOUR COMPANY, THE YEAR
   4:.\main.c      ****  * All Rights Reserved
   5:.\main.c      ****  * UNPUBLISHED, LICENSED SOFTWARE.
   6:.\main.c      ****  *
   7:.\main.c      ****  * CONFIDENTIAL AND PROPRIETARY INFORMATION
   8:.\main.c      ****  * WHICH IS THE PROPERTY OF your company.
   9:.\main.c      ****  *
  10:.\main.c      ****  * ========================================
  11:.\main.c      **** */
  12:.\main.c      **** /* ========================================
  13:.\main.c      ****  *
  14:.\main.c      ****  * Copyright YOUR COMPANY, THE YEAR
  15:.\main.c      ****  * All Rights Reserved
  16:.\main.c      ****  * UNPUBLISHED, LICENSED SOFTWARE.
  17:.\main.c      ****  *
  18:.\main.c      ****  * CONFIDENTIAL AND PROPRIETARY INFORMATION
  19:.\main.c      ****  * WHICH IS THE PROPERTY OF your company.
  20:.\main.c      ****  *
  21:.\main.c      ****  * ========================================
  22:.\main.c      **** */
  23:.\main.c      **** #include <project.h>
  24:.\main.c      **** 
  25:.\main.c      **** void sendCommand(const char* cmd) {
  27              		.loc 1 25 0
  28              		.cfi_startproc
  29              		@ args = 0, pretend = 0, frame = 0
  30              		@ frame_needed = 0, uses_anonymous_args = 0
  31              	.LVL0:
  32 0000 08B5     		push	{r3, lr}
ARM GAS  C:\Users\jaohe\AppData\Local\Temp\ccXGyz2n.s 			page 2


  33              		.cfi_def_cfa_offset 8
  34              		.cfi_offset 3, -8
  35              		.cfi_offset 14, -4
  26:.\main.c      ****     UART_BT_PutString(cmd);
  36              		.loc 1 26 0
  37 0002 FFF7FEFF 		bl	UART_BT_PutString
  38              	.LVL1:
  27:.\main.c      ****     CyDelay(1000);
  39              		.loc 1 27 0
  40 0006 4FF47A70 		mov	r0, #1000
  41 000a FFF7FEFF 		bl	CyDelay
  42              	.LVL2:
  43 000e 08BD     		pop	{r3, pc}
  44              		.cfi_endproc
  45              	.LFE63:
  46              		.size	sendCommand, .-sendCommand
  47              		.section	.text.printResponse,"ax",%progbits
  48              		.align	2
  49              		.global	printResponse
  50              		.thumb
  51              		.thumb_func
  52              		.type	printResponse, %function
  53              	printResponse:
  54              	.LFB64:
  28:.\main.c      **** }
  29:.\main.c      **** 
  30:.\main.c      **** void printResponse() {
  55              		.loc 1 30 0
  56              		.cfi_startproc
  57              		@ args = 0, pretend = 0, frame = 64
  58              		@ frame_needed = 0, uses_anonymous_args = 0
  59 0000 30B5     		push	{r4, r5, lr}
  60              		.cfi_def_cfa_offset 12
  61              		.cfi_offset 4, -12
  62              		.cfi_offset 5, -8
  63              		.cfi_offset 14, -4
  64 0002 91B0     		sub	sp, sp, #68
  65              		.cfi_def_cfa_offset 80
  66              	.LVL3:
  31:.\main.c      ****     char response[64];
  32:.\main.c      ****     int i = 0;
  33:.\main.c      ****     
  34:.\main.c      ****     CyDelay(100);
  67              		.loc 1 34 0
  68 0004 6420     		movs	r0, #100
  69 0006 FFF7FEFF 		bl	CyDelay
  70              	.LVL4:
  32:.\main.c      ****     
  71              		.loc 1 32 0
  72 000a 0024     		movs	r4, #0
  35:.\main.c      ****         
  36:.\main.c      ****     
  37:.\main.c      ****     while (UART_BT_GetRxBufferSize() > 0) {
  73              		.loc 1 37 0
  74 000c 0AE0     		b	.L4
  75              	.LVL5:
  76              	.L5:
ARM GAS  C:\Users\jaohe\AppData\Local\Temp\ccXGyz2n.s 			page 3


  38:.\main.c      ****         response[i++] = UART_BT_GetChar();
  77              		.loc 1 38 0
  78 000e 651C     		adds	r5, r4, #1
  79              	.LVL6:
  80 0010 FFF7FEFF 		bl	UART_BT_GetChar
  81              	.LVL7:
  82 0014 10AB     		add	r3, sp, #64
  83 0016 1C44     		add	r4, r4, r3
  84 0018 04F8400C 		strb	r0, [r4, #-64]
  39:.\main.c      ****         CyDelay(20);
  85              		.loc 1 39 0
  86 001c 1420     		movs	r0, #20
  87 001e FFF7FEFF 		bl	CyDelay
  88              	.LVL8:
  38:.\main.c      ****         response[i++] = UART_BT_GetChar();
  89              		.loc 1 38 0
  90 0022 2C46     		mov	r4, r5
  91              	.LVL9:
  92              	.L4:
  37:.\main.c      ****         response[i++] = UART_BT_GetChar();
  93              		.loc 1 37 0
  94 0024 FFF7FEFF 		bl	UART_BT_GetRxBufferSize
  95              	.LVL10:
  96 0028 0028     		cmp	r0, #0
  97 002a F0D1     		bne	.L5
  40:.\main.c      ****     }
  41:.\main.c      ****     
  42:.\main.c      ****     response[i] = '\0';
  98              		.loc 1 42 0
  99 002c 10AB     		add	r3, sp, #64
 100 002e 1C44     		add	r4, r4, r3
 101              	.LVL11:
 102 0030 0023     		movs	r3, #0
 103 0032 04F8403C 		strb	r3, [r4, #-64]
  43:.\main.c      ****     UART_BT_PutString(response);
 104              		.loc 1 43 0
 105 0036 6846     		mov	r0, sp
 106 0038 FFF7FEFF 		bl	UART_BT_PutString
 107              	.LVL12:
  44:.\main.c      **** }
 108              		.loc 1 44 0
 109 003c 11B0     		add	sp, sp, #68
 110              		.cfi_def_cfa_offset 12
 111              		@ sp needed
 112 003e 30BD     		pop	{r4, r5, pc}
 113              		.cfi_endproc
 114              	.LFE64:
 115              		.size	printResponse, .-printResponse
 116              		.section	.text.main,"ax",%progbits
 117              		.align	2
 118              		.global	main
 119              		.thumb
 120              		.thumb_func
 121              		.type	main, %function
 122              	main:
 123              	.LFB65:
  45:.\main.c      **** 
ARM GAS  C:\Users\jaohe\AppData\Local\Temp\ccXGyz2n.s 			page 4


  46:.\main.c      **** 
  47:.\main.c      **** 
  48:.\main.c      **** int main()
  49:.\main.c      **** {
 124              		.loc 1 49 0
 125              		.cfi_startproc
 126              		@ Volatile: function does not return.
 127              		@ args = 0, pretend = 0, frame = 0
 128              		@ frame_needed = 0, uses_anonymous_args = 0
 129 0000 08B5     		push	{r3, lr}
 130              		.cfi_def_cfa_offset 8
 131              		.cfi_offset 3, -8
 132              		.cfi_offset 14, -4
  50:.\main.c      ****     CyGlobalIntEnable; /* Enable global interrupts. */
 133              		.loc 1 50 0
 134              	@ 50 ".\main.c" 1
 135 0002 62B6     		CPSIE   i
 136              	@ 0 "" 2
  51:.\main.c      ****     UART_BT_Start();
 137              		.loc 1 51 0
 138              		.thumb
 139 0004 FFF7FEFF 		bl	UART_BT_Start
 140              	.LVL13:
  52:.\main.c      **** 
  53:.\main.c      ****     /* Place your initialization/startup code here (e.g. MyInst_Start()) */
  54:.\main.c      ****     // Slave Configuration Steps
  55:.\main.c      ****     
  56:.\main.c      ****     //sendCommand("AT+ROLE=0\r\n");
  57:.\main.c      ****     //printResponse();
  58:.\main.c      **** 
  59:.\main.c      ****     // sendCommand("AT+ROLE?\r\n");
  60:.\main.c      ****     // printResponse();
  61:.\main.c      ****     
  62:.\main.c      ****     // sendCommand("AT+ADDR?\r\n");
  63:.\main.c      ****     // printResponse();
  64:.\main.c      ****     
  65:.\main.c      ****     // Master Configuration Steps
  66:.\main.c      ****     
  67:.\main.c      **** //    sendCommand("AT+ADDR?\r\n");
  68:.\main.c      **** //    printResponse();
  69:.\main.c      **** //
  70:.\main.c      **** //     sendCommand("AT+ROLE?\r\n");
  71:.\main.c      **** //     printResponse();
  72:.\main.c      **** //    
  73:.\main.c      **** //     sendCommand("AT+CMODE=0\r\n");
  74:.\main.c      **** //     printResponse();
  75:.\main.c      **** //
  76:.\main.c      **** //    sendCommand("AT+BIND=0014,03,055d73\r\n");
  77:.\main.c      **** //    printResponse();
  78:.\main.c      **** 
  79:.\main.c      ****     sendCommand("AT+INIT\r\n");
 141              		.loc 1 79 0
 142 0008 0248     		ldr	r0, .L10
 143 000a FFF7FEFF 		bl	sendCommand
 144              	.LVL14:
  80:.\main.c      ****     printResponse();
 145              		.loc 1 80 0
ARM GAS  C:\Users\jaohe\AppData\Local\Temp\ccXGyz2n.s 			page 5


 146 000e FFF7FEFF 		bl	printResponse
 147              	.LVL15:
 148              	.L8:
  81:.\main.c      ****     
  82:.\main.c      ****     for(;;)
  83:.\main.c      ****     {
  84:.\main.c      ****         /* Place your application code here. */
  85:.\main.c      ****     }
 149              		.loc 1 85 0 discriminator 1
 150 0012 FEE7     		b	.L8
 151              	.L11:
 152              		.align	2
 153              	.L10:
 154 0014 00000000 		.word	.LC0
 155              		.cfi_endproc
 156              	.LFE65:
 157              		.size	main, .-main
 158              		.section	.rodata.str1.4,"aMS",%progbits,1
 159              		.align	2
 160              	.LC0:
 161 0000 41542B49 		.ascii	"AT+INIT\015\012\000"
 161      4E49540D 
 161      0A00
 162 000a 0000     		.text
 163              	.Letext0:
 164              		.file 2 "c:\\program files (x86)\\cypress\\psoc creator\\3.3\\psoc creator\\import\\gnu\\arm\\4.9.
 165              		.file 3 "c:\\program files (x86)\\cypress\\psoc creator\\3.3\\psoc creator\\import\\gnu\\arm\\4.9.
 166              		.file 4 "Generated_Source\\PSoC5/cytypes.h"
 167              		.file 5 "Generated_Source\\PSoC5/UART_BT.h"
 168              		.file 6 "Generated_Source\\PSoC5/CyLib.h"
 169              		.file 7 "Generated_Source\\PSoC5/core_cm3.h"
 170              		.section	.debug_info,"",%progbits
 171              	.Ldebug_info0:
 172 0000 3D020000 		.4byte	0x23d
 173 0004 0400     		.2byte	0x4
 174 0006 00000000 		.4byte	.Ldebug_abbrev0
 175 000a 04       		.byte	0x4
 176 000b 01       		.uleb128 0x1
 177 000c DA000000 		.4byte	.LASF25
 178 0010 01       		.byte	0x1
 179 0011 1D000000 		.4byte	.LASF26
 180 0015 71010000 		.4byte	.LASF27
 181 0019 00000000 		.4byte	.Ldebug_ranges0+0
 182 001d 00000000 		.4byte	0
 183 0021 00000000 		.4byte	.Ldebug_line0
 184 0025 02       		.uleb128 0x2
 185 0026 01       		.byte	0x1
 186 0027 06       		.byte	0x6
 187 0028 41020000 		.4byte	.LASF0
 188 002c 02       		.uleb128 0x2
 189 002d 01       		.byte	0x1
 190 002e 08       		.byte	0x8
 191 002f 2C000000 		.4byte	.LASF1
 192 0033 02       		.uleb128 0x2
 193 0034 02       		.byte	0x2
 194 0035 05       		.byte	0x5
 195 0036 16020000 		.4byte	.LASF2
ARM GAS  C:\Users\jaohe\AppData\Local\Temp\ccXGyz2n.s 			page 6


 196 003a 02       		.uleb128 0x2
 197 003b 02       		.byte	0x2
 198 003c 07       		.byte	0x7
 199 003d 0A000000 		.4byte	.LASF3
 200 0041 03       		.uleb128 0x3
 201 0042 00000000 		.4byte	.LASF9
 202 0046 02       		.byte	0x2
 203 0047 3F       		.byte	0x3f
 204 0048 4C000000 		.4byte	0x4c
 205 004c 02       		.uleb128 0x2
 206 004d 04       		.byte	0x4
 207 004e 05       		.byte	0x5
 208 004f 38020000 		.4byte	.LASF4
 209 0053 02       		.uleb128 0x2
 210 0054 04       		.byte	0x4
 211 0055 07       		.byte	0x7
 212 0056 40000000 		.4byte	.LASF5
 213 005a 02       		.uleb128 0x2
 214 005b 08       		.byte	0x8
 215 005c 05       		.byte	0x5
 216 005d F7010000 		.4byte	.LASF6
 217 0061 02       		.uleb128 0x2
 218 0062 08       		.byte	0x8
 219 0063 07       		.byte	0x7
 220 0064 C3000000 		.4byte	.LASF7
 221 0068 04       		.uleb128 0x4
 222 0069 04       		.byte	0x4
 223 006a 05       		.byte	0x5
 224 006b 696E7400 		.ascii	"int\000"
 225 006f 02       		.uleb128 0x2
 226 0070 04       		.byte	0x4
 227 0071 07       		.byte	0x7
 228 0072 B6000000 		.4byte	.LASF8
 229 0076 03       		.uleb128 0x3
 230 0077 E6010000 		.4byte	.LASF10
 231 007b 03       		.byte	0x3
 232 007c 2C       		.byte	0x2c
 233 007d 41000000 		.4byte	0x41
 234 0081 05       		.uleb128 0x5
 235 0082 20020000 		.4byte	.LASF11
 236 0086 04       		.byte	0x4
 237 0087 9201     		.2byte	0x192
 238 0089 2C000000 		.4byte	0x2c
 239 008d 05       		.uleb128 0x5
 240 008e 97000000 		.4byte	.LASF12
 241 0092 04       		.byte	0x4
 242 0093 9401     		.2byte	0x194
 243 0095 53000000 		.4byte	0x53
 244 0099 02       		.uleb128 0x2
 245 009a 04       		.byte	0x4
 246 009b 04       		.byte	0x4
 247 009c 26000000 		.4byte	.LASF13
 248 00a0 02       		.uleb128 0x2
 249 00a1 08       		.byte	0x8
 250 00a2 04       		.byte	0x4
 251 00a3 7D000000 		.4byte	.LASF14
 252 00a7 05       		.uleb128 0x5
ARM GAS  C:\Users\jaohe\AppData\Local\Temp\ccXGyz2n.s 			page 7


 253 00a8 3A000000 		.4byte	.LASF15
 254 00ac 04       		.byte	0x4
 255 00ad A301     		.2byte	0x1a3
 256 00af B3000000 		.4byte	0xb3
 257 00b3 02       		.uleb128 0x2
 258 00b4 01       		.byte	0x1
 259 00b5 08       		.byte	0x8
 260 00b6 05020000 		.4byte	.LASF16
 261 00ba 02       		.uleb128 0x2
 262 00bb 04       		.byte	0x4
 263 00bc 07       		.byte	0x7
 264 00bd EE010000 		.4byte	.LASF17
 265 00c1 06       		.uleb128 0x6
 266 00c2 04       		.byte	0x4
 267 00c3 C7000000 		.4byte	0xc7
 268 00c7 07       		.uleb128 0x7
 269 00c8 B3000000 		.4byte	0xb3
 270 00cc 08       		.uleb128 0x8
 271 00cd 0A020000 		.4byte	.LASF19
 272 00d1 01       		.byte	0x1
 273 00d2 19       		.byte	0x19
 274 00d3 00000000 		.4byte	.LFB63
 275 00d7 10000000 		.4byte	.LFE63-.LFB63
 276 00db 01       		.uleb128 0x1
 277 00dc 9C       		.byte	0x9c
 278 00dd 17010000 		.4byte	0x117
 279 00e1 09       		.uleb128 0x9
 280 00e2 636D6400 		.ascii	"cmd\000"
 281 00e6 01       		.byte	0x1
 282 00e7 19       		.byte	0x19
 283 00e8 C1000000 		.4byte	0xc1
 284 00ec 00000000 		.4byte	.LLST0
 285 00f0 0A       		.uleb128 0xa
 286 00f1 06000000 		.4byte	.LVL1
 287 00f5 F6010000 		.4byte	0x1f6
 288 00f9 05010000 		.4byte	0x105
 289 00fd 0B       		.uleb128 0xb
 290 00fe 01       		.uleb128 0x1
 291 00ff 50       		.byte	0x50
 292 0100 03       		.uleb128 0x3
 293 0101 F3       		.byte	0xf3
 294 0102 01       		.uleb128 0x1
 295 0103 50       		.byte	0x50
 296 0104 00       		.byte	0
 297 0105 0C       		.uleb128 0xc
 298 0106 0E000000 		.4byte	.LVL2
 299 010a 12020000 		.4byte	0x212
 300 010e 0B       		.uleb128 0xb
 301 010f 01       		.uleb128 0x1
 302 0110 50       		.byte	0x50
 303 0111 03       		.uleb128 0x3
 304 0112 0A       		.byte	0xa
 305 0113 E803     		.2byte	0x3e8
 306 0115 00       		.byte	0
 307 0116 00       		.byte	0
 308 0117 0D       		.uleb128 0xd
 309 0118 89000000 		.4byte	.LASF28
ARM GAS  C:\Users\jaohe\AppData\Local\Temp\ccXGyz2n.s 			page 8


 310 011c 01       		.byte	0x1
 311 011d 1E       		.byte	0x1e
 312 011e 00000000 		.4byte	.LFB64
 313 0122 40000000 		.4byte	.LFE64-.LFB64
 314 0126 01       		.uleb128 0x1
 315 0127 9C       		.byte	0x9c
 316 0128 92010000 		.4byte	0x192
 317 012c 0E       		.uleb128 0xe
 318 012d 68010000 		.4byte	.LASF18
 319 0131 01       		.byte	0x1
 320 0132 1F       		.byte	0x1f
 321 0133 92010000 		.4byte	0x192
 322 0137 03       		.uleb128 0x3
 323 0138 91       		.byte	0x91
 324 0139 B07F     		.sleb128 -80
 325 013b 0F       		.uleb128 0xf
 326 013c 6900     		.ascii	"i\000"
 327 013e 01       		.byte	0x1
 328 013f 20       		.byte	0x20
 329 0140 68000000 		.4byte	0x68
 330 0144 21000000 		.4byte	.LLST1
 331 0148 0A       		.uleb128 0xa
 332 0149 0A000000 		.4byte	.LVL4
 333 014d 12020000 		.4byte	0x212
 334 0151 5C010000 		.4byte	0x15c
 335 0155 0B       		.uleb128 0xb
 336 0156 01       		.uleb128 0x1
 337 0157 50       		.byte	0x50
 338 0158 02       		.uleb128 0x2
 339 0159 08       		.byte	0x8
 340 015a 64       		.byte	0x64
 341 015b 00       		.byte	0
 342 015c 10       		.uleb128 0x10
 343 015d 14000000 		.4byte	.LVL7
 344 0161 23020000 		.4byte	0x223
 345 0165 0A       		.uleb128 0xa
 346 0166 22000000 		.4byte	.LVL8
 347 016a 12020000 		.4byte	0x212
 348 016e 78010000 		.4byte	0x178
 349 0172 0B       		.uleb128 0xb
 350 0173 01       		.uleb128 0x1
 351 0174 50       		.byte	0x50
 352 0175 01       		.uleb128 0x1
 353 0176 44       		.byte	0x44
 354 0177 00       		.byte	0
 355 0178 10       		.uleb128 0x10
 356 0179 28000000 		.4byte	.LVL10
 357 017d 2E020000 		.4byte	0x22e
 358 0181 0C       		.uleb128 0xc
 359 0182 3C000000 		.4byte	.LVL12
 360 0186 F6010000 		.4byte	0x1f6
 361 018a 0B       		.uleb128 0xb
 362 018b 01       		.uleb128 0x1
 363 018c 50       		.byte	0x50
 364 018d 02       		.uleb128 0x2
 365 018e 7D       		.byte	0x7d
 366 018f 00       		.sleb128 0
ARM GAS  C:\Users\jaohe\AppData\Local\Temp\ccXGyz2n.s 			page 9


 367 0190 00       		.byte	0
 368 0191 00       		.byte	0
 369 0192 11       		.uleb128 0x11
 370 0193 B3000000 		.4byte	0xb3
 371 0197 A2010000 		.4byte	0x1a2
 372 019b 12       		.uleb128 0x12
 373 019c BA000000 		.4byte	0xba
 374 01a0 3F       		.byte	0x3f
 375 01a1 00       		.byte	0
 376 01a2 13       		.uleb128 0x13
 377 01a3 84000000 		.4byte	.LASF20
 378 01a7 01       		.byte	0x1
 379 01a8 30       		.byte	0x30
 380 01a9 68000000 		.4byte	0x68
 381 01ad 00000000 		.4byte	.LFB65
 382 01b1 18000000 		.4byte	.LFE65-.LFB65
 383 01b5 01       		.uleb128 0x1
 384 01b6 9C       		.byte	0x9c
 385 01b7 E5010000 		.4byte	0x1e5
 386 01bb 10       		.uleb128 0x10
 387 01bc 08000000 		.4byte	.LVL13
 388 01c0 39020000 		.4byte	0x239
 389 01c4 0A       		.uleb128 0xa
 390 01c5 0E000000 		.4byte	.LVL14
 391 01c9 CC000000 		.4byte	0xcc
 392 01cd DB010000 		.4byte	0x1db
 393 01d1 0B       		.uleb128 0xb
 394 01d2 01       		.uleb128 0x1
 395 01d3 50       		.byte	0x50
 396 01d4 05       		.uleb128 0x5
 397 01d5 03       		.byte	0x3
 398 01d6 00000000 		.4byte	.LC0
 399 01da 00       		.byte	0
 400 01db 10       		.uleb128 0x10
 401 01dc 12000000 		.4byte	.LVL15
 402 01e0 17010000 		.4byte	0x117
 403 01e4 00       		.byte	0
 404 01e5 14       		.uleb128 0x14
 405 01e6 60000000 		.4byte	.LASF29
 406 01ea 07       		.byte	0x7
 407 01eb 9606     		.2byte	0x696
 408 01ed F1010000 		.4byte	0x1f1
 409 01f1 15       		.uleb128 0x15
 410 01f2 76000000 		.4byte	0x76
 411 01f6 16       		.uleb128 0x16
 412 01f7 26020000 		.4byte	.LASF21
 413 01fb 05       		.byte	0x5
 414 01fc 8B       		.byte	0x8b
 415 01fd 07020000 		.4byte	0x207
 416 0201 17       		.uleb128 0x17
 417 0202 07020000 		.4byte	0x207
 418 0206 00       		.byte	0
 419 0207 06       		.uleb128 0x6
 420 0208 04       		.byte	0x4
 421 0209 0D020000 		.4byte	0x20d
 422 020d 07       		.uleb128 0x7
 423 020e A7000000 		.4byte	0xa7
ARM GAS  C:\Users\jaohe\AppData\Local\Temp\ccXGyz2n.s 			page 10


 424 0212 16       		.uleb128 0x16
 425 0213 4D020000 		.4byte	.LASF22
 426 0217 06       		.byte	0x6
 427 0218 76       		.byte	0x76
 428 0219 23020000 		.4byte	0x223
 429 021d 17       		.uleb128 0x17
 430 021e 8D000000 		.4byte	0x8d
 431 0222 00       		.byte	0
 432 0223 18       		.uleb128 0x18
 433 0224 6D000000 		.4byte	.LASF23
 434 0228 05       		.byte	0x5
 435 0229 71       		.byte	0x71
 436 022a 81000000 		.4byte	0x81
 437 022e 18       		.uleb128 0x18
 438 022f 9E000000 		.4byte	.LASF24
 439 0233 05       		.byte	0x5
 440 0234 73       		.byte	0x73
 441 0235 81000000 		.4byte	0x81
 442 0239 19       		.uleb128 0x19
 443 023a 52000000 		.4byte	.LASF30
 444 023e 05       		.byte	0x5
 445 023f 54       		.byte	0x54
 446 0240 00       		.byte	0
 447              		.section	.debug_abbrev,"",%progbits
 448              	.Ldebug_abbrev0:
 449 0000 01       		.uleb128 0x1
 450 0001 11       		.uleb128 0x11
 451 0002 01       		.byte	0x1
 452 0003 25       		.uleb128 0x25
 453 0004 0E       		.uleb128 0xe
 454 0005 13       		.uleb128 0x13
 455 0006 0B       		.uleb128 0xb
 456 0007 03       		.uleb128 0x3
 457 0008 0E       		.uleb128 0xe
 458 0009 1B       		.uleb128 0x1b
 459 000a 0E       		.uleb128 0xe
 460 000b 55       		.uleb128 0x55
 461 000c 17       		.uleb128 0x17
 462 000d 11       		.uleb128 0x11
 463 000e 01       		.uleb128 0x1
 464 000f 10       		.uleb128 0x10
 465 0010 17       		.uleb128 0x17
 466 0011 00       		.byte	0
 467 0012 00       		.byte	0
 468 0013 02       		.uleb128 0x2
 469 0014 24       		.uleb128 0x24
 470 0015 00       		.byte	0
 471 0016 0B       		.uleb128 0xb
 472 0017 0B       		.uleb128 0xb
 473 0018 3E       		.uleb128 0x3e
 474 0019 0B       		.uleb128 0xb
 475 001a 03       		.uleb128 0x3
 476 001b 0E       		.uleb128 0xe
 477 001c 00       		.byte	0
 478 001d 00       		.byte	0
 479 001e 03       		.uleb128 0x3
 480 001f 16       		.uleb128 0x16
ARM GAS  C:\Users\jaohe\AppData\Local\Temp\ccXGyz2n.s 			page 11


 481 0020 00       		.byte	0
 482 0021 03       		.uleb128 0x3
 483 0022 0E       		.uleb128 0xe
 484 0023 3A       		.uleb128 0x3a
 485 0024 0B       		.uleb128 0xb
 486 0025 3B       		.uleb128 0x3b
 487 0026 0B       		.uleb128 0xb
 488 0027 49       		.uleb128 0x49
 489 0028 13       		.uleb128 0x13
 490 0029 00       		.byte	0
 491 002a 00       		.byte	0
 492 002b 04       		.uleb128 0x4
 493 002c 24       		.uleb128 0x24
 494 002d 00       		.byte	0
 495 002e 0B       		.uleb128 0xb
 496 002f 0B       		.uleb128 0xb
 497 0030 3E       		.uleb128 0x3e
 498 0031 0B       		.uleb128 0xb
 499 0032 03       		.uleb128 0x3
 500 0033 08       		.uleb128 0x8
 501 0034 00       		.byte	0
 502 0035 00       		.byte	0
 503 0036 05       		.uleb128 0x5
 504 0037 16       		.uleb128 0x16
 505 0038 00       		.byte	0
 506 0039 03       		.uleb128 0x3
 507 003a 0E       		.uleb128 0xe
 508 003b 3A       		.uleb128 0x3a
 509 003c 0B       		.uleb128 0xb
 510 003d 3B       		.uleb128 0x3b
 511 003e 05       		.uleb128 0x5
 512 003f 49       		.uleb128 0x49
 513 0040 13       		.uleb128 0x13
 514 0041 00       		.byte	0
 515 0042 00       		.byte	0
 516 0043 06       		.uleb128 0x6
 517 0044 0F       		.uleb128 0xf
 518 0045 00       		.byte	0
 519 0046 0B       		.uleb128 0xb
 520 0047 0B       		.uleb128 0xb
 521 0048 49       		.uleb128 0x49
 522 0049 13       		.uleb128 0x13
 523 004a 00       		.byte	0
 524 004b 00       		.byte	0
 525 004c 07       		.uleb128 0x7
 526 004d 26       		.uleb128 0x26
 527 004e 00       		.byte	0
 528 004f 49       		.uleb128 0x49
 529 0050 13       		.uleb128 0x13
 530 0051 00       		.byte	0
 531 0052 00       		.byte	0
 532 0053 08       		.uleb128 0x8
 533 0054 2E       		.uleb128 0x2e
 534 0055 01       		.byte	0x1
 535 0056 3F       		.uleb128 0x3f
 536 0057 19       		.uleb128 0x19
 537 0058 03       		.uleb128 0x3
ARM GAS  C:\Users\jaohe\AppData\Local\Temp\ccXGyz2n.s 			page 12


 538 0059 0E       		.uleb128 0xe
 539 005a 3A       		.uleb128 0x3a
 540 005b 0B       		.uleb128 0xb
 541 005c 3B       		.uleb128 0x3b
 542 005d 0B       		.uleb128 0xb
 543 005e 27       		.uleb128 0x27
 544 005f 19       		.uleb128 0x19
 545 0060 11       		.uleb128 0x11
 546 0061 01       		.uleb128 0x1
 547 0062 12       		.uleb128 0x12
 548 0063 06       		.uleb128 0x6
 549 0064 40       		.uleb128 0x40
 550 0065 18       		.uleb128 0x18
 551 0066 9742     		.uleb128 0x2117
 552 0068 19       		.uleb128 0x19
 553 0069 01       		.uleb128 0x1
 554 006a 13       		.uleb128 0x13
 555 006b 00       		.byte	0
 556 006c 00       		.byte	0
 557 006d 09       		.uleb128 0x9
 558 006e 05       		.uleb128 0x5
 559 006f 00       		.byte	0
 560 0070 03       		.uleb128 0x3
 561 0071 08       		.uleb128 0x8
 562 0072 3A       		.uleb128 0x3a
 563 0073 0B       		.uleb128 0xb
 564 0074 3B       		.uleb128 0x3b
 565 0075 0B       		.uleb128 0xb
 566 0076 49       		.uleb128 0x49
 567 0077 13       		.uleb128 0x13
 568 0078 02       		.uleb128 0x2
 569 0079 17       		.uleb128 0x17
 570 007a 00       		.byte	0
 571 007b 00       		.byte	0
 572 007c 0A       		.uleb128 0xa
 573 007d 898201   		.uleb128 0x4109
 574 0080 01       		.byte	0x1
 575 0081 11       		.uleb128 0x11
 576 0082 01       		.uleb128 0x1
 577 0083 31       		.uleb128 0x31
 578 0084 13       		.uleb128 0x13
 579 0085 01       		.uleb128 0x1
 580 0086 13       		.uleb128 0x13
 581 0087 00       		.byte	0
 582 0088 00       		.byte	0
 583 0089 0B       		.uleb128 0xb
 584 008a 8A8201   		.uleb128 0x410a
 585 008d 00       		.byte	0
 586 008e 02       		.uleb128 0x2
 587 008f 18       		.uleb128 0x18
 588 0090 9142     		.uleb128 0x2111
 589 0092 18       		.uleb128 0x18
 590 0093 00       		.byte	0
 591 0094 00       		.byte	0
 592 0095 0C       		.uleb128 0xc
 593 0096 898201   		.uleb128 0x4109
 594 0099 01       		.byte	0x1
ARM GAS  C:\Users\jaohe\AppData\Local\Temp\ccXGyz2n.s 			page 13


 595 009a 11       		.uleb128 0x11
 596 009b 01       		.uleb128 0x1
 597 009c 31       		.uleb128 0x31
 598 009d 13       		.uleb128 0x13
 599 009e 00       		.byte	0
 600 009f 00       		.byte	0
 601 00a0 0D       		.uleb128 0xd
 602 00a1 2E       		.uleb128 0x2e
 603 00a2 01       		.byte	0x1
 604 00a3 3F       		.uleb128 0x3f
 605 00a4 19       		.uleb128 0x19
 606 00a5 03       		.uleb128 0x3
 607 00a6 0E       		.uleb128 0xe
 608 00a7 3A       		.uleb128 0x3a
 609 00a8 0B       		.uleb128 0xb
 610 00a9 3B       		.uleb128 0x3b
 611 00aa 0B       		.uleb128 0xb
 612 00ab 11       		.uleb128 0x11
 613 00ac 01       		.uleb128 0x1
 614 00ad 12       		.uleb128 0x12
 615 00ae 06       		.uleb128 0x6
 616 00af 40       		.uleb128 0x40
 617 00b0 18       		.uleb128 0x18
 618 00b1 9742     		.uleb128 0x2117
 619 00b3 19       		.uleb128 0x19
 620 00b4 01       		.uleb128 0x1
 621 00b5 13       		.uleb128 0x13
 622 00b6 00       		.byte	0
 623 00b7 00       		.byte	0
 624 00b8 0E       		.uleb128 0xe
 625 00b9 34       		.uleb128 0x34
 626 00ba 00       		.byte	0
 627 00bb 03       		.uleb128 0x3
 628 00bc 0E       		.uleb128 0xe
 629 00bd 3A       		.uleb128 0x3a
 630 00be 0B       		.uleb128 0xb
 631 00bf 3B       		.uleb128 0x3b
 632 00c0 0B       		.uleb128 0xb
 633 00c1 49       		.uleb128 0x49
 634 00c2 13       		.uleb128 0x13
 635 00c3 02       		.uleb128 0x2
 636 00c4 18       		.uleb128 0x18
 637 00c5 00       		.byte	0
 638 00c6 00       		.byte	0
 639 00c7 0F       		.uleb128 0xf
 640 00c8 34       		.uleb128 0x34
 641 00c9 00       		.byte	0
 642 00ca 03       		.uleb128 0x3
 643 00cb 08       		.uleb128 0x8
 644 00cc 3A       		.uleb128 0x3a
 645 00cd 0B       		.uleb128 0xb
 646 00ce 3B       		.uleb128 0x3b
 647 00cf 0B       		.uleb128 0xb
 648 00d0 49       		.uleb128 0x49
 649 00d1 13       		.uleb128 0x13
 650 00d2 02       		.uleb128 0x2
 651 00d3 17       		.uleb128 0x17
ARM GAS  C:\Users\jaohe\AppData\Local\Temp\ccXGyz2n.s 			page 14


 652 00d4 00       		.byte	0
 653 00d5 00       		.byte	0
 654 00d6 10       		.uleb128 0x10
 655 00d7 898201   		.uleb128 0x4109
 656 00da 00       		.byte	0
 657 00db 11       		.uleb128 0x11
 658 00dc 01       		.uleb128 0x1
 659 00dd 31       		.uleb128 0x31
 660 00de 13       		.uleb128 0x13
 661 00df 00       		.byte	0
 662 00e0 00       		.byte	0
 663 00e1 11       		.uleb128 0x11
 664 00e2 01       		.uleb128 0x1
 665 00e3 01       		.byte	0x1
 666 00e4 49       		.uleb128 0x49
 667 00e5 13       		.uleb128 0x13
 668 00e6 01       		.uleb128 0x1
 669 00e7 13       		.uleb128 0x13
 670 00e8 00       		.byte	0
 671 00e9 00       		.byte	0
 672 00ea 12       		.uleb128 0x12
 673 00eb 21       		.uleb128 0x21
 674 00ec 00       		.byte	0
 675 00ed 49       		.uleb128 0x49
 676 00ee 13       		.uleb128 0x13
 677 00ef 2F       		.uleb128 0x2f
 678 00f0 0B       		.uleb128 0xb
 679 00f1 00       		.byte	0
 680 00f2 00       		.byte	0
 681 00f3 13       		.uleb128 0x13
 682 00f4 2E       		.uleb128 0x2e
 683 00f5 01       		.byte	0x1
 684 00f6 3F       		.uleb128 0x3f
 685 00f7 19       		.uleb128 0x19
 686 00f8 03       		.uleb128 0x3
 687 00f9 0E       		.uleb128 0xe
 688 00fa 3A       		.uleb128 0x3a
 689 00fb 0B       		.uleb128 0xb
 690 00fc 3B       		.uleb128 0x3b
 691 00fd 0B       		.uleb128 0xb
 692 00fe 49       		.uleb128 0x49
 693 00ff 13       		.uleb128 0x13
 694 0100 11       		.uleb128 0x11
 695 0101 01       		.uleb128 0x1
 696 0102 12       		.uleb128 0x12
 697 0103 06       		.uleb128 0x6
 698 0104 40       		.uleb128 0x40
 699 0105 18       		.uleb128 0x18
 700 0106 9742     		.uleb128 0x2117
 701 0108 19       		.uleb128 0x19
 702 0109 01       		.uleb128 0x1
 703 010a 13       		.uleb128 0x13
 704 010b 00       		.byte	0
 705 010c 00       		.byte	0
 706 010d 14       		.uleb128 0x14
 707 010e 34       		.uleb128 0x34
 708 010f 00       		.byte	0
ARM GAS  C:\Users\jaohe\AppData\Local\Temp\ccXGyz2n.s 			page 15


 709 0110 03       		.uleb128 0x3
 710 0111 0E       		.uleb128 0xe
 711 0112 3A       		.uleb128 0x3a
 712 0113 0B       		.uleb128 0xb
 713 0114 3B       		.uleb128 0x3b
 714 0115 05       		.uleb128 0x5
 715 0116 49       		.uleb128 0x49
 716 0117 13       		.uleb128 0x13
 717 0118 3F       		.uleb128 0x3f
 718 0119 19       		.uleb128 0x19
 719 011a 3C       		.uleb128 0x3c
 720 011b 19       		.uleb128 0x19
 721 011c 00       		.byte	0
 722 011d 00       		.byte	0
 723 011e 15       		.uleb128 0x15
 724 011f 35       		.uleb128 0x35
 725 0120 00       		.byte	0
 726 0121 49       		.uleb128 0x49
 727 0122 13       		.uleb128 0x13
 728 0123 00       		.byte	0
 729 0124 00       		.byte	0
 730 0125 16       		.uleb128 0x16
 731 0126 2E       		.uleb128 0x2e
 732 0127 01       		.byte	0x1
 733 0128 3F       		.uleb128 0x3f
 734 0129 19       		.uleb128 0x19
 735 012a 03       		.uleb128 0x3
 736 012b 0E       		.uleb128 0xe
 737 012c 3A       		.uleb128 0x3a
 738 012d 0B       		.uleb128 0xb
 739 012e 3B       		.uleb128 0x3b
 740 012f 0B       		.uleb128 0xb
 741 0130 27       		.uleb128 0x27
 742 0131 19       		.uleb128 0x19
 743 0132 3C       		.uleb128 0x3c
 744 0133 19       		.uleb128 0x19
 745 0134 01       		.uleb128 0x1
 746 0135 13       		.uleb128 0x13
 747 0136 00       		.byte	0
 748 0137 00       		.byte	0
 749 0138 17       		.uleb128 0x17
 750 0139 05       		.uleb128 0x5
 751 013a 00       		.byte	0
 752 013b 49       		.uleb128 0x49
 753 013c 13       		.uleb128 0x13
 754 013d 00       		.byte	0
 755 013e 00       		.byte	0
 756 013f 18       		.uleb128 0x18
 757 0140 2E       		.uleb128 0x2e
 758 0141 00       		.byte	0
 759 0142 3F       		.uleb128 0x3f
 760 0143 19       		.uleb128 0x19
 761 0144 03       		.uleb128 0x3
 762 0145 0E       		.uleb128 0xe
 763 0146 3A       		.uleb128 0x3a
 764 0147 0B       		.uleb128 0xb
 765 0148 3B       		.uleb128 0x3b
ARM GAS  C:\Users\jaohe\AppData\Local\Temp\ccXGyz2n.s 			page 16


 766 0149 0B       		.uleb128 0xb
 767 014a 27       		.uleb128 0x27
 768 014b 19       		.uleb128 0x19
 769 014c 49       		.uleb128 0x49
 770 014d 13       		.uleb128 0x13
 771 014e 3C       		.uleb128 0x3c
 772 014f 19       		.uleb128 0x19
 773 0150 00       		.byte	0
 774 0151 00       		.byte	0
 775 0152 19       		.uleb128 0x19
 776 0153 2E       		.uleb128 0x2e
 777 0154 00       		.byte	0
 778 0155 3F       		.uleb128 0x3f
 779 0156 19       		.uleb128 0x19
 780 0157 03       		.uleb128 0x3
 781 0158 0E       		.uleb128 0xe
 782 0159 3A       		.uleb128 0x3a
 783 015a 0B       		.uleb128 0xb
 784 015b 3B       		.uleb128 0x3b
 785 015c 0B       		.uleb128 0xb
 786 015d 27       		.uleb128 0x27
 787 015e 19       		.uleb128 0x19
 788 015f 3C       		.uleb128 0x3c
 789 0160 19       		.uleb128 0x19
 790 0161 00       		.byte	0
 791 0162 00       		.byte	0
 792 0163 00       		.byte	0
 793              		.section	.debug_loc,"",%progbits
 794              	.Ldebug_loc0:
 795              	.LLST0:
 796 0000 00000000 		.4byte	.LVL0
 797 0004 05000000 		.4byte	.LVL1-1
 798 0008 0100     		.2byte	0x1
 799 000a 50       		.byte	0x50
 800 000b 05000000 		.4byte	.LVL1-1
 801 000f 10000000 		.4byte	.LFE63
 802 0013 0400     		.2byte	0x4
 803 0015 F3       		.byte	0xf3
 804 0016 01       		.uleb128 0x1
 805 0017 50       		.byte	0x50
 806 0018 9F       		.byte	0x9f
 807 0019 00000000 		.4byte	0
 808 001d 00000000 		.4byte	0
 809              	.LLST1:
 810 0021 04000000 		.4byte	.LVL3
 811 0025 0E000000 		.4byte	.LVL5
 812 0029 0200     		.2byte	0x2
 813 002b 30       		.byte	0x30
 814 002c 9F       		.byte	0x9f
 815 002d 0E000000 		.4byte	.LVL5
 816 0031 10000000 		.4byte	.LVL6
 817 0035 0100     		.2byte	0x1
 818 0037 54       		.byte	0x54
 819 0038 10000000 		.4byte	.LVL6
 820 003c 24000000 		.4byte	.LVL9
 821 0040 0100     		.2byte	0x1
 822 0042 55       		.byte	0x55
ARM GAS  C:\Users\jaohe\AppData\Local\Temp\ccXGyz2n.s 			page 17


 823 0043 24000000 		.4byte	.LVL9
 824 0047 30000000 		.4byte	.LVL11
 825 004b 0100     		.2byte	0x1
 826 004d 54       		.byte	0x54
 827 004e 00000000 		.4byte	0
 828 0052 00000000 		.4byte	0
 829              		.section	.debug_aranges,"",%progbits
 830 0000 2C000000 		.4byte	0x2c
 831 0004 0200     		.2byte	0x2
 832 0006 00000000 		.4byte	.Ldebug_info0
 833 000a 04       		.byte	0x4
 834 000b 00       		.byte	0
 835 000c 0000     		.2byte	0
 836 000e 0000     		.2byte	0
 837 0010 00000000 		.4byte	.LFB63
 838 0014 10000000 		.4byte	.LFE63-.LFB63
 839 0018 00000000 		.4byte	.LFB64
 840 001c 40000000 		.4byte	.LFE64-.LFB64
 841 0020 00000000 		.4byte	.LFB65
 842 0024 18000000 		.4byte	.LFE65-.LFB65
 843 0028 00000000 		.4byte	0
 844 002c 00000000 		.4byte	0
 845              		.section	.debug_ranges,"",%progbits
 846              	.Ldebug_ranges0:
 847 0000 00000000 		.4byte	.LFB63
 848 0004 10000000 		.4byte	.LFE63
 849 0008 00000000 		.4byte	.LFB64
 850 000c 40000000 		.4byte	.LFE64
 851 0010 00000000 		.4byte	.LFB65
 852 0014 18000000 		.4byte	.LFE65
 853 0018 00000000 		.4byte	0
 854 001c 00000000 		.4byte	0
 855              		.section	.debug_line,"",%progbits
 856              	.Ldebug_line0:
 857 0000 AB010000 		.section	.debug_str,"MS",%progbits,1
 857      02006101 
 857      00000201 
 857      FB0E0D00 
 857      01010101 
 858              	.LASF9:
 859 0000 5F5F696E 		.ascii	"__int32_t\000"
 859      7433325F 
 859      7400
 860              	.LASF3:
 861 000a 73686F72 		.ascii	"short unsigned int\000"
 861      7420756E 
 861      7369676E 
 861      65642069 
 861      6E7400
 862              	.LASF26:
 863 001d 2E5C6D61 		.ascii	".\\main.c\000"
 863      696E2E63 
 863      00
 864              	.LASF13:
 865 0026 666C6F61 		.ascii	"float\000"
 865      7400
 866              	.LASF1:
ARM GAS  C:\Users\jaohe\AppData\Local\Temp\ccXGyz2n.s 			page 18


 867 002c 756E7369 		.ascii	"unsigned char\000"
 867      676E6564 
 867      20636861 
 867      7200
 868              	.LASF15:
 869 003a 63686172 		.ascii	"char8\000"
 869      3800
 870              	.LASF5:
 871 0040 6C6F6E67 		.ascii	"long unsigned int\000"
 871      20756E73 
 871      69676E65 
 871      6420696E 
 871      7400
 872              	.LASF30:
 873 0052 55415254 		.ascii	"UART_BT_Start\000"
 873      5F42545F 
 873      53746172 
 873      7400
 874              	.LASF29:
 875 0060 49544D5F 		.ascii	"ITM_RxBuffer\000"
 875      52784275 
 875      66666572 
 875      00
 876              	.LASF23:
 877 006d 55415254 		.ascii	"UART_BT_GetChar\000"
 877      5F42545F 
 877      47657443 
 877      68617200 
 878              	.LASF14:
 879 007d 646F7562 		.ascii	"double\000"
 879      6C6500
 880              	.LASF20:
 881 0084 6D61696E 		.ascii	"main\000"
 881      00
 882              	.LASF28:
 883 0089 7072696E 		.ascii	"printResponse\000"
 883      74526573 
 883      706F6E73 
 883      6500
 884              	.LASF12:
 885 0097 75696E74 		.ascii	"uint32\000"
 885      333200
 886              	.LASF24:
 887 009e 55415254 		.ascii	"UART_BT_GetRxBufferSize\000"
 887      5F42545F 
 887      47657452 
 887      78427566 
 887      66657253 
 888              	.LASF8:
 889 00b6 756E7369 		.ascii	"unsigned int\000"
 889      676E6564 
 889      20696E74 
 889      00
 890              	.LASF7:
 891 00c3 6C6F6E67 		.ascii	"long long unsigned int\000"
 891      206C6F6E 
 891      6720756E 
ARM GAS  C:\Users\jaohe\AppData\Local\Temp\ccXGyz2n.s 			page 19


 891      7369676E 
 891      65642069 
 892              	.LASF25:
 893 00da 474E5520 		.ascii	"GNU C 4.9.3 20150303 (release) [ARM/embedded-4_9-br"
 893      4320342E 
 893      392E3320 
 893      32303135 
 893      30333033 
 894 010d 616E6368 		.ascii	"anch revision 221220] -mcpu=cortex-m3 -mthumb -g -O"
 894      20726576 
 894      6973696F 
 894      6E203232 
 894      31323230 
 895 0140 67202D66 		.ascii	"g -ffunction-sections -ffat-lto-objects\000"
 895      66756E63 
 895      74696F6E 
 895      2D736563 
 895      74696F6E 
 896              	.LASF18:
 897 0168 72657370 		.ascii	"response\000"
 897      6F6E7365 
 897      00
 898              	.LASF27:
 899 0171 433A5C55 		.ascii	"C:\\Users\\jaohe\\EghosaOneDrive\\OneDrive\\Documen"
 899      73657273 
 899      5C6A616F 
 899      68655C45 
 899      67686F73 
 900 019f 74735C53 		.ascii	"ts\\Spring 2025\\6.115\\final_project\\taskassistan"
 900      7072696E 
 900      67203230 
 900      32355C36 
 900      2E313135 
 901 01ce 745C5461 		.ascii	"t\\TaskHub\\TaskHub.cydsn\000"
 901      736B4875 
 901      625C5461 
 901      736B4875 
 901      622E6379 
 902              	.LASF10:
 903 01e6 696E7433 		.ascii	"int32_t\000"
 903      325F7400 
 904              	.LASF17:
 905 01ee 73697A65 		.ascii	"sizetype\000"
 905      74797065 
 905      00
 906              	.LASF6:
 907 01f7 6C6F6E67 		.ascii	"long long int\000"
 907      206C6F6E 
 907      6720696E 
 907      7400
 908              	.LASF16:
 909 0205 63686172 		.ascii	"char\000"
 909      00
 910              	.LASF19:
 911 020a 73656E64 		.ascii	"sendCommand\000"
 911      436F6D6D 
 911      616E6400 
ARM GAS  C:\Users\jaohe\AppData\Local\Temp\ccXGyz2n.s 			page 20


 912              	.LASF2:
 913 0216 73686F72 		.ascii	"short int\000"
 913      7420696E 
 913      7400
 914              	.LASF11:
 915 0220 75696E74 		.ascii	"uint8\000"
 915      3800
 916              	.LASF21:
 917 0226 55415254 		.ascii	"UART_BT_PutString\000"
 917      5F42545F 
 917      50757453 
 917      7472696E 
 917      6700
 918              	.LASF4:
 919 0238 6C6F6E67 		.ascii	"long int\000"
 919      20696E74 
 919      00
 920              	.LASF0:
 921 0241 7369676E 		.ascii	"signed char\000"
 921      65642063 
 921      68617200 
 922              	.LASF22:
 923 024d 43794465 		.ascii	"CyDelay\000"
 923      6C617900 
 924              		.ident	"GCC: (GNU Tools for ARM Embedded Processors) 4.9.3 20150303 (release) [ARM/embedded-4_9-br
