--------------- Rebuild Started: 05/09/2025 16:26:20 Project: TaskHub, Configuration: ARM GCC 4.9-2015-q1-update Debug ---------------
Deleting file ".\CortexM3\ARM_GCC_493\Debug\main.o"
Deleting file ".\CortexM3\ARM_GCC_493\Debug\cyfitter_cfg.o"
Deleting file ".\CortexM3\ARM_GCC_493\Debug\cymetadata.o"
Deleting file ".\CortexM3\ARM_GCC_493\Debug\Cm3Start.o"
Deleting file ".\CortexM3\ARM_GCC_493\Debug\CyBootAsmGnu.o"
Deleting file ".\CortexM3\ARM_GCC_493\Debug\CyDmac.o"
Deleting file ".\CortexM3\ARM_GCC_493\Debug\CyFlash.o"
Deleting file ".\CortexM3\ARM_GCC_493\Debug\CyLib.o"
Deleting file ".\CortexM3\ARM_GCC_493\Debug\cyPm.o"
Deleting file ".\CortexM3\ARM_GCC_493\Debug\CySpc.o"
Deleting file ".\CortexM3\ARM_GCC_493\Debug\cyutils.o"
Deleting file ".\CortexM3\ARM_GCC_493\Debug\TaskHub.hex"
Deleting file ".\CortexM3\ARM_GCC_493\Debug\TaskHub.elf"
Deleting file ".\CortexM3\ARM_GCC_493\Debug\TaskHub.map"
Deleting file ".\TaskHub.cycdx"
Deleting file ".\TaskHub.rpt"
Deleting file ".\TaskHub_timing.html"
Deleting file ".\CortexM3\ARM_GCC_493\Debug\.deps\C_FILE.P"
Deleting file ".\CortexM3\ARM_GCC_493\Debug\.deps\ARM_C_FILE.P"
Deleting file ".\CortexM3\ARM_GCC_493\Debug\.deps\GNU_ARM_ASM_FILE.P"
cydsfit.exe -.appdatapath "C:\Users\jaohe\AppData\Local\Cypress Semiconductor\PSoC Creator\3.3" -.fdsnotice -.fdswarpdepfile=warp_dependencies.txt -.fdselabdepfile=elab_dependencies.txt -.fdsbldfile=generated_files.txt -p "C:\Users\jaohe\EghosaOneDrive\OneDrive\Documents\Spring 2025\6.115\final_project\taskassistant\TaskHub\TaskHub.cydsn\TaskHub.cyprj" -d CY8C5888LTI-LP097 -s "C:\Users\jaohe\EghosaOneDrive\OneDrive\Documents\Spring 2025\6.115\final_project\taskassistant\TaskHub\TaskHub.cydsn\Generated_Source\PSoC5" -- -yv2 -q10 -ygs -o2 -v3 -.fftcfgtype=LE
Elaborating Design...
ADD: sdb.M0018: error: Multiple drivers on signal "Net_28", bit(s) "0".
 * C:\Users\jaohe\EghosaOneDrive\OneDrive\Documents\Spring 2025\6.115\final_project\taskassistant\TaskHub\TaskHub.cydsn\TopDesign\TopDesign.cysch (Signal: Net_28)
 * C:\Users\jaohe\EghosaOneDrive\OneDrive\Documents\Spring 2025\6.115\final_project\taskassistant\TaskHub\TaskHub.cydsn\TopDesign\TopDesign.cysch (Shape_103.9)
 * C:\Users\jaohe\EghosaOneDrive\OneDrive\Documents\Spring 2025\6.115\final_project\taskassistant\TaskHub\TaskHub.cydsn\TopDesign\TopDesign.cysch (Shape_17)
 * C:\Users\jaohe\EghosaOneDrive\OneDrive\Documents\Spring 2025\6.115\final_project\taskassistant\TaskHub\TaskHub.cydsn\TopDesign\TopDesign.cysch (Shape_18)
 * C:\Users\jaohe\EghosaOneDrive\OneDrive\Documents\Spring 2025\6.115\final_project\taskassistant\TaskHub\TaskHub.cydsn\TopDesign\TopDesign.cysch (Shape_2.2)
Error: cdf.M0005: CyDsFit aborted due to errors, please address all errors and rerun CyDsFit. (App=cydsfit)
--------------- Rebuild Failed: 05/09/2025 16:26:25 ---------------
