--------------- Rebuild Started: 04/28/2025 21:23:51 Project: TFT_with_emWin, Configuration: ARM GCC 4.9-2015-q1-update Debug ---------------
Deleting file ".\CortexM3\ARM_GCC_493\Debug\main.o"
Deleting file ".\CortexM3\ARM_GCC_493\Debug\tft.o"
Deleting file ".\CortexM3\ARM_GCC_493\Debug\GUI_X.o"
Deleting file ".\CortexM3\ARM_GCC_493\Debug\GUIConf.o"
Deleting file ".\CortexM3\ARM_GCC_493\Debug\LCDConf.o"
Deleting file ".\CortexM3\ARM_GCC_493\Debug\start.o"
Deleting file ".\CortexM3\ARM_GCC_493\Debug\ds3231.o"
Deleting file ".\CortexM3\ARM_GCC_493\Debug\cyfitter_cfg.o"
Deleting file ".\CortexM3\ARM_GCC_493\Debug\cymetadata.o"
Deleting file ".\CortexM3\ARM_GCC_493\Debug\SPIM_1.o"
Deleting file ".\CortexM3\ARM_GCC_493\Debug\SPIM_1_PM.o"
Deleting file ".\CortexM3\ARM_GCC_493\Debug\SPIM_1_INT.o"
Deleting file ".\CortexM3\ARM_GCC_493\Debug\MOSI.o"
Deleting file ".\CortexM3\ARM_GCC_493\Debug\SCLK.o"
Deleting file ".\CortexM3\ARM_GCC_493\Debug\SS.o"
Deleting file ".\CortexM3\ARM_GCC_493\Debug\MISO.o"
Deleting file ".\CortexM3\ARM_GCC_493\Debug\DC.o"
Deleting file ".\CortexM3\ARM_GCC_493\Debug\RESET.o"
Deleting file ".\CortexM3\ARM_GCC_493\Debug\SPIM_1_IntClock.o"
Deleting file ".\CortexM3\ARM_GCC_493\Debug\Cm3Start.o"
Deleting file ".\CortexM3\ARM_GCC_493\Debug\CyBootAsmGnu.o"
Deleting file ".\CortexM3\ARM_GCC_493\Debug\CyDmac.o"
Deleting file ".\CortexM3\ARM_GCC_493\Debug\CyFlash.o"
Deleting file ".\CortexM3\ARM_GCC_493\Debug\CyLib.o"
Deleting file ".\CortexM3\ARM_GCC_493\Debug\cyPm.o"
Deleting file ".\CortexM3\ARM_GCC_493\Debug\CySpc.o"
Deleting file ".\CortexM3\ARM_GCC_493\Debug\cyutils.o"
Deleting file ".\CortexM3\ARM_GCC_493\Debug\LED.o"
Deleting file ".\CortexM3\ARM_GCC_493\Debug\FORWARD_BTN.o"
Deleting file ".\CortexM3\ARM_GCC_493\Debug\BACK_BTN.o"
Deleting file ".\CortexM3\ARM_GCC_493\Debug\SDA.o"
Deleting file ".\CortexM3\ARM_GCC_493\Debug\SCL.o"
Deleting file ".\CortexM3\ARM_GCC_493\Debug\I2CRTC.o"
Deleting file ".\CortexM3\ARM_GCC_493\Debug\I2CRTC_BOOT.o"
Deleting file ".\CortexM3\ARM_GCC_493\Debug\I2CRTC_INT.o"
Deleting file ".\CortexM3\ARM_GCC_493\Debug\I2CRTC_PM.o"
Deleting file ".\CortexM3\ARM_GCC_493\Debug\I2CRTC_SLAVE.o"
Deleting file ".\CortexM3\ARM_GCC_493\Debug\I2CRTC_MASTER.o"
Deleting file ".\CortexM3\ARM_GCC_493\Debug\LCD_Char_1.o"
Deleting file ".\CortexM3\ARM_GCC_493\Debug\LCD_Char_1_PM.o"
Deleting file ".\CortexM3\ARM_GCC_493\Debug\LCD_Char_1_CustChars.o"
Deleting file ".\CortexM3\ARM_GCC_493\Debug\LCD_Char_1_LCDPort.o"
Deleting file ".\CortexM3\ARM_GCC_493\Debug\RTC_PIN_INT.o"
Deleting file ".\CortexM3\ARM_GCC_493\Debug\tick_isr.o"
Deleting file ".\CortexM3\ARM_GCC_493\Debug\TFT_with_emWin.hex"
Deleting file ".\CortexM3\ARM_GCC_493\Debug\TFT_with_emWin.map"
Deleting file ".\TFT_with_emWin.cycdx"
Deleting file ".\TFT_with_emWin.svd"
Deleting file ".\TFT_with_emWin.rpt"
Deleting file ".\TFT_with_emWin_timing.html"
Deleting file ".\CortexM3\ARM_GCC_493\Debug\.deps\C_FILE.P"
Deleting file ".\CortexM3\ARM_GCC_493\Debug\.deps\ARM_C_FILE.P"
Deleting file ".\CortexM3\ARM_GCC_493\Debug\.deps\GNU_ARM_ASM_FILE.P"
cydsfit.exe -.appdatapath "C:\Users\jaohe\AppData\Local\Cypress Semiconductor\PSoC Creator\3.3" -.fdsnotice -.fdswarpdepfile=warp_dependencies.txt -.fdselabdepfile=elab_dependencies.txt -.fdsbldfile=generated_files.txt -p "C:\Users\jaohe\EghosaOneDrive\OneDrive\Documents\Spring 2025\6.115\final_project\TFT_Tutorial_2022\TFT_Tutorial_2022\TFT_with_emWin\TFT_with_emWin.cydsn\TFT_with_emWin.cyprj" -d CY8C5868AXI-LP035 -s "C:\Users\jaohe\EghosaOneDrive\OneDrive\Documents\Spring 2025\6.115\final_project\TFT_Tutorial_2022\TFT_Tutorial_2022\TFT_with_emWin\TFT_with_emWin.cydsn\Generated_Source\PSoC5" -- -yv2 -q10 -ygs -o2 -v3 -.fftcfgtype=LE
Elaborating Design...
HDL Generation ...
Synthesis ...
Place and Route ...
Tech mapping ...
Analog Placement ...
Analog Routing ...
Analog Code Generation ...
Digital Placement ...
Digital Routing ...
Bitstream Generation ...
Static timing analysis ...
API Generation ...
Dependency Generation ...
Clean Temporary Files ...
arm-none-eabi-gcc.exe -mcpu=cortex-m3 -mthumb -Wno-main -I..\..\emWinGraphics_v5_46\Code\Include\PSoC4_5\nosnts -I..\..\emWinGraphics_v5_46\Code\Include\PSoC4_5 -I. -IGenerated_Source\PSoC5 -Wa,-alh=.\CortexM3\ARM_GCC_493\Debug/main.lst -g -D DEBUG -Wall -ffunction-sections -Og -ffat-lto-objects -c .\main.c -o .\CortexM3\ARM_GCC_493\Debug\main.o
arm-none-eabi-gcc.exe -mcpu=cortex-m3 -mthumb -Wno-main -I..\..\emWinGraphics_v5_46\Code\Include\PSoC4_5\nosnts -I..\..\emWinGraphics_v5_46\Code\Include\PSoC4_5 -I. -IGenerated_Source\PSoC5 -Wa,-alh=.\CortexM3\ARM_GCC_493\Debug/tft.lst -g -D DEBUG -Wall -ffunction-sections -Og -ffat-lto-objects -c .\tft.c -o .\CortexM3\ARM_GCC_493\Debug\tft.o
arm-none-eabi-gcc.exe -mcpu=cortex-m3 -mthumb -Wno-main -I..\..\emWinGraphics_v5_46\Code\Include\PSoC4_5\nosnts -I..\..\emWinGraphics_v5_46\Code\Include\PSoC4_5 -I. -IGenerated_Source\PSoC5 -Wa,-alh=.\CortexM3\ARM_GCC_493\Debug/GUI_X.lst -g -D DEBUG -Wall -ffunction-sections -Og -ffat-lto-objects -c .\GUI_X.c -o .\CortexM3\ARM_GCC_493\Debug\GUI_X.o
arm-none-eabi-gcc.exe -mcpu=cortex-m3 -mthumb -Wno-main -I..\..\emWinGraphics_v5_46\Code\Include\PSoC4_5\nosnts -I..\..\emWinGraphics_v5_46\Code\Include\PSoC4_5 -I. -IGenerated_Source\PSoC5 -Wa,-alh=.\CortexM3\ARM_GCC_493\Debug/GUIConf.lst -g -D DEBUG -Wall -ffunction-sections -Og -ffat-lto-objects -c .\GUIConf.c -o .\CortexM3\ARM_GCC_493\Debug\GUIConf.o
arm-none-eabi-gcc.exe -mcpu=cortex-m3 -mthumb -Wno-main -I..\..\emWinGraphics_v5_46\Code\Include\PSoC4_5\nosnts -I..\..\emWinGraphics_v5_46\Code\Include\PSoC4_5 -I. -IGenerated_Source\PSoC5 -Wa,-alh=.\CortexM3\ARM_GCC_493\Debug/LCDConf.lst -g -D DEBUG -Wall -ffunction-sections -Og -ffat-lto-objects -c .\LCDConf.c -o .\CortexM3\ARM_GCC_493\Debug\LCDConf.o
arm-none-eabi-gcc.exe -mcpu=cortex-m3 -mthumb -Wno-main -I..\..\emWinGraphics_v5_46\Code\Include\PSoC4_5\nosnts -I..\..\emWinGraphics_v5_46\Code\Include\PSoC4_5 -I. -IGenerated_Source\PSoC5 -Wa,-alh=.\CortexM3\ARM_GCC_493\Debug/start.lst -g -D DEBUG -Wall -ffunction-sections -Og -ffat-lto-objects -c .\start.c -o .\CortexM3\ARM_GCC_493\Debug\start.o
arm-none-eabi-gcc.exe -mcpu=cortex-m3 -mthumb -Wno-main -I..\..\emWinGraphics_v5_46\Code\Include\PSoC4_5\nosnts -I..\..\emWinGraphics_v5_46\Code\Include\PSoC4_5 -I. -IGenerated_Source\PSoC5 -Wa,-alh=.\CortexM3\ARM_GCC_493\Debug/ds3231.lst -g -D DEBUG -Wall -ffunction-sections -Og -ffat-lto-objects -c .\ds3231.c -o .\CortexM3\ARM_GCC_493\Debug\ds3231.o
arm-none-eabi-gcc.exe -mcpu=cortex-m3 -mthumb -Wno-main -I..\..\emWinGraphics_v5_46\Code\Include\PSoC4_5\nosnts -I..\..\emWinGraphics_v5_46\Code\Include\PSoC4_5 -I. -IGenerated_Source\PSoC5 -Wa,-alh=.\CortexM3\ARM_GCC_493\Debug/cyfitter_cfg.lst -g -D DEBUG -Wall -ffunction-sections -Og -ffat-lto-objects -c .\Generated_Source\PSoC5\cyfitter_cfg.c -o .\CortexM3\ARM_GCC_493\Debug\cyfitter_cfg.o
arm-none-eabi-gcc.exe -mcpu=cortex-m3 -mthumb -Wno-main -I..\..\emWinGraphics_v5_46\Code\Include\PSoC4_5\nosnts -I..\..\emWinGraphics_v5_46\Code\Include\PSoC4_5 -I. -IGenerated_Source\PSoC5 -Wa,-alh=.\CortexM3\ARM_GCC_493\Debug/cymetadata.lst -g -D DEBUG -Wall -ffunction-sections -Og -ffat-lto-objects -c .\Generated_Source\PSoC5\cymetadata.c -o .\CortexM3\ARM_GCC_493\Debug\cymetadata.o
arm-none-eabi-gcc.exe -mcpu=cortex-m3 -mthumb -Wno-main -I..\..\emWinGraphics_v5_46\Code\Include\PSoC4_5\nosnts -I..\..\emWinGraphics_v5_46\Code\Include\PSoC4_5 -I. -IGenerated_Source\PSoC5 -Wa,-alh=.\CortexM3\ARM_GCC_493\Debug/SPIM_1.lst -g -D DEBUG -Wall -ffunction-sections -Og -ffat-lto-objects -c .\Generated_Source\PSoC5\SPIM_1.c -o .\CortexM3\ARM_GCC_493\Debug\SPIM_1.o
arm-none-eabi-gcc.exe -mcpu=cortex-m3 -mthumb -Wno-main -I..\..\emWinGraphics_v5_46\Code\Include\PSoC4_5\nosnts -I..\..\emWinGraphics_v5_46\Code\Include\PSoC4_5 -I. -IGenerated_Source\PSoC5 -Wa,-alh=.\CortexM3\ARM_GCC_493\Debug/SPIM_1_PM.lst -g -D DEBUG -Wall -ffunction-sections -Og -ffat-lto-objects -c .\Generated_Source\PSoC5\SPIM_1_PM.c -o .\CortexM3\ARM_GCC_493\Debug\SPIM_1_PM.o
arm-none-eabi-gcc.exe -mcpu=cortex-m3 -mthumb -Wno-main -I..\..\emWinGraphics_v5_46\Code\Include\PSoC4_5\nosnts -I..\..\emWinGraphics_v5_46\Code\Include\PSoC4_5 -I. -IGenerated_Source\PSoC5 -Wa,-alh=.\CortexM3\ARM_GCC_493\Debug/SPIM_1_INT.lst -g -D DEBUG -Wall -ffunction-sections -Og -ffat-lto-objects -c .\Generated_Source\PSoC5\SPIM_1_INT.c -o .\CortexM3\ARM_GCC_493\Debug\SPIM_1_INT.o
arm-none-eabi-gcc.exe -mcpu=cortex-m3 -mthumb -Wno-main -I..\..\emWinGraphics_v5_46\Code\Include\PSoC4_5\nosnts -I..\..\emWinGraphics_v5_46\Code\Include\PSoC4_5 -I. -IGenerated_Source\PSoC5 -Wa,-alh=.\CortexM3\ARM_GCC_493\Debug/MOSI.lst -g -D DEBUG -Wall -ffunction-sections -Og -ffat-lto-objects -c .\Generated_Source\PSoC5\MOSI.c -o .\CortexM3\ARM_GCC_493\Debug\MOSI.o
arm-none-eabi-gcc.exe -mcpu=cortex-m3 -mthumb -Wno-main -I..\..\emWinGraphics_v5_46\Code\Include\PSoC4_5\nosnts -I..\..\emWinGraphics_v5_46\Code\Include\PSoC4_5 -I. -IGenerated_Source\PSoC5 -Wa,-alh=.\CortexM3\ARM_GCC_493\Debug/SCLK.lst -g -D DEBUG -Wall -ffunction-sections -Og -ffat-lto-objects -c .\Generated_Source\PSoC5\SCLK.c -o .\CortexM3\ARM_GCC_493\Debug\SCLK.o
arm-none-eabi-gcc.exe -mcpu=cortex-m3 -mthumb -Wno-main -I..\..\emWinGraphics_v5_46\Code\Include\PSoC4_5\nosnts -I..\..\emWinGraphics_v5_46\Code\Include\PSoC4_5 -I. -IGenerated_Source\PSoC5 -Wa,-alh=.\CortexM3\ARM_GCC_493\Debug/SS.lst -g -D DEBUG -Wall -ffunction-sections -Og -ffat-lto-objects -c .\Generated_Source\PSoC5\SS.c -o .\CortexM3\ARM_GCC_493\Debug\SS.o
arm-none-eabi-gcc.exe -mcpu=cortex-m3 -mthumb -Wno-main -I..\..\emWinGraphics_v5_46\Code\Include\PSoC4_5\nosnts -I..\..\emWinGraphics_v5_46\Code\Include\PSoC4_5 -I. -IGenerated_Source\PSoC5 -Wa,-alh=.\CortexM3\ARM_GCC_493\Debug/MISO.lst -g -D DEBUG -Wall -ffunction-sections -Og -ffat-lto-objects -c .\Generated_Source\PSoC5\MISO.c -o .\CortexM3\ARM_GCC_493\Debug\MISO.o
arm-none-eabi-gcc.exe -mcpu=cortex-m3 -mthumb -Wno-main -I..\..\emWinGraphics_v5_46\Code\Include\PSoC4_5\nosnts -I..\..\emWinGraphics_v5_46\Code\Include\PSoC4_5 -I. -IGenerated_Source\PSoC5 -Wa,-alh=.\CortexM3\ARM_GCC_493\Debug/DC.lst -g -D DEBUG -Wall -ffunction-sections -Og -ffat-lto-objects -c .\Generated_Source\PSoC5\DC.c -o .\CortexM3\ARM_GCC_493\Debug\DC.o
arm-none-eabi-gcc.exe -mcpu=cortex-m3 -mthumb -Wno-main -I..\..\emWinGraphics_v5_46\Code\Include\PSoC4_5\nosnts -I..\..\emWinGraphics_v5_46\Code\Include\PSoC4_5 -I. -IGenerated_Source\PSoC5 -Wa,-alh=.\CortexM3\ARM_GCC_493\Debug/RESET.lst -g -D DEBUG -Wall -ffunction-sections -Og -ffat-lto-objects -c .\Generated_Source\PSoC5\RESET.c -o .\CortexM3\ARM_GCC_493\Debug\RESET.o
arm-none-eabi-gcc.exe -mcpu=cortex-m3 -mthumb -Wno-main -I..\..\emWinGraphics_v5_46\Code\Include\PSoC4_5\nosnts -I..\..\emWinGraphics_v5_46\Code\Include\PSoC4_5 -I. -IGenerated_Source\PSoC5 -Wa,-alh=.\CortexM3\ARM_GCC_493\Debug/SPIM_1_IntClock.lst -g -D DEBUG -Wall -ffunction-sections -Og -ffat-lto-objects -c .\Generated_Source\PSoC5\SPIM_1_IntClock.c -o .\CortexM3\ARM_GCC_493\Debug\SPIM_1_IntClock.o
arm-none-eabi-gcc.exe -mcpu=cortex-m3 -mthumb -Wno-main -I..\..\emWinGraphics_v5_46\Code\Include\PSoC4_5\nosnts -I..\..\emWinGraphics_v5_46\Code\Include\PSoC4_5 -I. -IGenerated_Source\PSoC5 -Wa,-alh=.\CortexM3\ARM_GCC_493\Debug/Cm3Start.lst -g -D DEBUG -Wall -ffunction-sections -Og -ffat-lto-objects -c .\Generated_Source\PSoC5\Cm3Start.c -o .\CortexM3\ARM_GCC_493\Debug\Cm3Start.o
arm-none-eabi-as.exe -mcpu=cortex-m3 -mthumb -I. -IGenerated_Source\PSoC5 -alh=.\CortexM3\ARM_GCC_493\Debug/CyBootAsmGnu.lst -g -W -o .\CortexM3\ARM_GCC_493\Debug\CyBootAsmGnu.o .\Generated_Source\PSoC5\CyBootAsmGnu.s
arm-none-eabi-gcc.exe -mcpu=cortex-m3 -mthumb -Wno-main -I..\..\emWinGraphics_v5_46\Code\Include\PSoC4_5\nosnts -I..\..\emWinGraphics_v5_46\Code\Include\PSoC4_5 -I. -IGenerated_Source\PSoC5 -Wa,-alh=.\CortexM3\ARM_GCC_493\Debug/CyDmac.lst -g -D DEBUG -Wall -ffunction-sections -Og -ffat-lto-objects -c .\Generated_Source\PSoC5\CyDmac.c -o .\CortexM3\ARM_GCC_493\Debug\CyDmac.o
arm-none-eabi-gcc.exe -mcpu=cortex-m3 -mthumb -Wno-main -I..\..\emWinGraphics_v5_46\Code\Include\PSoC4_5\nosnts -I..\..\emWinGraphics_v5_46\Code\Include\PSoC4_5 -I. -IGenerated_Source\PSoC5 -Wa,-alh=.\CortexM3\ARM_GCC_493\Debug/CyFlash.lst -g -D DEBUG -Wall -ffunction-sections -Og -ffat-lto-objects -c .\Generated_Source\PSoC5\CyFlash.c -o .\CortexM3\ARM_GCC_493\Debug\CyFlash.o
arm-none-eabi-gcc.exe -mcpu=cortex-m3 -mthumb -Wno-main -I..\..\emWinGraphics_v5_46\Code\Include\PSoC4_5\nosnts -I..\..\emWinGraphics_v5_46\Code\Include\PSoC4_5 -I. -IGenerated_Source\PSoC5 -Wa,-alh=.\CortexM3\ARM_GCC_493\Debug/CyLib.lst -g -D DEBUG -Wall -ffunction-sections -Og -ffat-lto-objects -c .\Generated_Source\PSoC5\CyLib.c -o .\CortexM3\ARM_GCC_493\Debug\CyLib.o
arm-none-eabi-gcc.exe -mcpu=cortex-m3 -mthumb -Wno-main -I..\..\emWinGraphics_v5_46\Code\Include\PSoC4_5\nosnts -I..\..\emWinGraphics_v5_46\Code\Include\PSoC4_5 -I. -IGenerated_Source\PSoC5 -Wa,-alh=.\CortexM3\ARM_GCC_493\Debug/cyPm.lst -g -D DEBUG -Wall -ffunction-sections -Og -ffat-lto-objects -c .\Generated_Source\PSoC5\cyPm.c -o .\CortexM3\ARM_GCC_493\Debug\cyPm.o
arm-none-eabi-gcc.exe -mcpu=cortex-m3 -mthumb -Wno-main -I..\..\emWinGraphics_v5_46\Code\Include\PSoC4_5\nosnts -I..\..\emWinGraphics_v5_46\Code\Include\PSoC4_5 -I. -IGenerated_Source\PSoC5 -Wa,-alh=.\CortexM3\ARM_GCC_493\Debug/CySpc.lst -g -D DEBUG -Wall -ffunction-sections -Og -ffat-lto-objects -c .\Generated_Source\PSoC5\CySpc.c -o .\CortexM3\ARM_GCC_493\Debug\CySpc.o
arm-none-eabi-gcc.exe -mcpu=cortex-m3 -mthumb -Wno-main -I..\..\emWinGraphics_v5_46\Code\Include\PSoC4_5\nosnts -I..\..\emWinGraphics_v5_46\Code\Include\PSoC4_5 -I. -IGenerated_Source\PSoC5 -Wa,-alh=.\CortexM3\ARM_GCC_493\Debug/cyutils.lst -g -D DEBUG -Wall -ffunction-sections -Og -ffat-lto-objects -c .\Generated_Source\PSoC5\cyutils.c -o .\CortexM3\ARM_GCC_493\Debug\cyutils.o
arm-none-eabi-gcc.exe -mcpu=cortex-m3 -mthumb -Wno-main -I..\..\emWinGraphics_v5_46\Code\Include\PSoC4_5\nosnts -I..\..\emWinGraphics_v5_46\Code\Include\PSoC4_5 -I. -IGenerated_Source\PSoC5 -Wa,-alh=.\CortexM3\ARM_GCC_493\Debug/LED.lst -g -D DEBUG -Wall -ffunction-sections -Og -ffat-lto-objects -c .\Generated_Source\PSoC5\LED.c -o .\CortexM3\ARM_GCC_493\Debug\LED.o
arm-none-eabi-gcc.exe -mcpu=cortex-m3 -mthumb -Wno-main -I..\..\emWinGraphics_v5_46\Code\Include\PSoC4_5\nosnts -I..\..\emWinGraphics_v5_46\Code\Include\PSoC4_5 -I. -IGenerated_Source\PSoC5 -Wa,-alh=.\CortexM3\ARM_GCC_493\Debug/FORWARD_BTN.lst -g -D DEBUG -Wall -ffunction-sections -Og -ffat-lto-objects -c .\Generated_Source\PSoC5\FORWARD_BTN.c -o .\CortexM3\ARM_GCC_493\Debug\FORWARD_BTN.o
arm-none-eabi-gcc.exe -mcpu=cortex-m3 -mthumb -Wno-main -I..\..\emWinGraphics_v5_46\Code\Include\PSoC4_5\nosnts -I..\..\emWinGraphics_v5_46\Code\Include\PSoC4_5 -I. -IGenerated_Source\PSoC5 -Wa,-alh=.\CortexM3\ARM_GCC_493\Debug/BACK_BTN.lst -g -D DEBUG -Wall -ffunction-sections -Og -ffat-lto-objects -c .\Generated_Source\PSoC5\BACK_BTN.c -o .\CortexM3\ARM_GCC_493\Debug\BACK_BTN.o
arm-none-eabi-gcc.exe -mcpu=cortex-m3 -mthumb -Wno-main -I..\..\emWinGraphics_v5_46\Code\Include\PSoC4_5\nosnts -I..\..\emWinGraphics_v5_46\Code\Include\PSoC4_5 -I. -IGenerated_Source\PSoC5 -Wa,-alh=.\CortexM3\ARM_GCC_493\Debug/SDA.lst -g -D DEBUG -Wall -ffunction-sections -Og -ffat-lto-objects -c .\Generated_Source\PSoC5\SDA.c -o .\CortexM3\ARM_GCC_493\Debug\SDA.o
arm-none-eabi-gcc.exe -mcpu=cortex-m3 -mthumb -Wno-main -I..\..\emWinGraphics_v5_46\Code\Include\PSoC4_5\nosnts -I..\..\emWinGraphics_v5_46\Code\Include\PSoC4_5 -I. -IGenerated_Source\PSoC5 -Wa,-alh=.\CortexM3\ARM_GCC_493\Debug/SCL.lst -g -D DEBUG -Wall -ffunction-sections -Og -ffat-lto-objects -c .\Generated_Source\PSoC5\SCL.c -o .\CortexM3\ARM_GCC_493\Debug\SCL.o
arm-none-eabi-gcc.exe -mcpu=cortex-m3 -mthumb -Wno-main -I..\..\emWinGraphics_v5_46\Code\Include\PSoC4_5\nosnts -I..\..\emWinGraphics_v5_46\Code\Include\PSoC4_5 -I. -IGenerated_Source\PSoC5 -Wa,-alh=.\CortexM3\ARM_GCC_493\Debug/I2CRTC.lst -g -D DEBUG -Wall -ffunction-sections -Og -ffat-lto-objects -c .\Generated_Source\PSoC5\I2CRTC.c -o .\CortexM3\ARM_GCC_493\Debug\I2CRTC.o
arm-none-eabi-gcc.exe -mcpu=cortex-m3 -mthumb -Wno-main -I..\..\emWinGraphics_v5_46\Code\Include\PSoC4_5\nosnts -I..\..\emWinGraphics_v5_46\Code\Include\PSoC4_5 -I. -IGenerated_Source\PSoC5 -Wa,-alh=.\CortexM3\ARM_GCC_493\Debug/I2CRTC_BOOT.lst -g -D DEBUG -Wall -ffunction-sections -Og -ffat-lto-objects -c .\Generated_Source\PSoC5\I2CRTC_BOOT.c -o .\CortexM3\ARM_GCC_493\Debug\I2CRTC_BOOT.o
arm-none-eabi-gcc.exe -mcpu=cortex-m3 -mthumb -Wno-main -I..\..\emWinGraphics_v5_46\Code\Include\PSoC4_5\nosnts -I..\..\emWinGraphics_v5_46\Code\Include\PSoC4_5 -I. -IGenerated_Source\PSoC5 -Wa,-alh=.\CortexM3\ARM_GCC_493\Debug/I2CRTC_INT.lst -g -D DEBUG -Wall -ffunction-sections -Og -ffat-lto-objects -c .\Generated_Source\PSoC5\I2CRTC_INT.c -o .\CortexM3\ARM_GCC_493\Debug\I2CRTC_INT.o
arm-none-eabi-gcc.exe -mcpu=cortex-m3 -mthumb -Wno-main -I..\..\emWinGraphics_v5_46\Code\Include\PSoC4_5\nosnts -I..\..\emWinGraphics_v5_46\Code\Include\PSoC4_5 -I. -IGenerated_Source\PSoC5 -Wa,-alh=.\CortexM3\ARM_GCC_493\Debug/I2CRTC_PM.lst -g -D DEBUG -Wall -ffunction-sections -Og -ffat-lto-objects -c .\Generated_Source\PSoC5\I2CRTC_PM.c -o .\CortexM3\ARM_GCC_493\Debug\I2CRTC_PM.o
arm-none-eabi-gcc.exe -mcpu=cortex-m3 -mthumb -Wno-main -I..\..\emWinGraphics_v5_46\Code\Include\PSoC4_5\nosnts -I..\..\emWinGraphics_v5_46\Code\Include\PSoC4_5 -I. -IGenerated_Source\PSoC5 -Wa,-alh=.\CortexM3\ARM_GCC_493\Debug/I2CRTC_SLAVE.lst -g -D DEBUG -Wall -ffunction-sections -Og -ffat-lto-objects -c .\Generated_Source\PSoC5\I2CRTC_SLAVE.c -o .\CortexM3\ARM_GCC_493\Debug\I2CRTC_SLAVE.o
arm-none-eabi-gcc.exe -mcpu=cortex-m3 -mthumb -Wno-main -I..\..\emWinGraphics_v5_46\Code\Include\PSoC4_5\nosnts -I..\..\emWinGraphics_v5_46\Code\Include\PSoC4_5 -I. -IGenerated_Source\PSoC5 -Wa,-alh=.\CortexM3\ARM_GCC_493\Debug/I2CRTC_MASTER.lst -g -D DEBUG -Wall -ffunction-sections -Og -ffat-lto-objects -c .\Generated_Source\PSoC5\I2CRTC_MASTER.c -o .\CortexM3\ARM_GCC_493\Debug\I2CRTC_MASTER.o
arm-none-eabi-gcc.exe -mcpu=cortex-m3 -mthumb -Wno-main -I..\..\emWinGraphics_v5_46\Code\Include\PSoC4_5\nosnts -I..\..\emWinGraphics_v5_46\Code\Include\PSoC4_5 -I. -IGenerated_Source\PSoC5 -Wa,-alh=.\CortexM3\ARM_GCC_493\Debug/LCD_Char_1.lst -g -D DEBUG -Wall -ffunction-sections -Og -ffat-lto-objects -c .\Generated_Source\PSoC5\LCD_Char_1.c -o .\CortexM3\ARM_GCC_493\Debug\LCD_Char_1.o
arm-none-eabi-gcc.exe -mcpu=cortex-m3 -mthumb -Wno-main -I..\..\emWinGraphics_v5_46\Code\Include\PSoC4_5\nosnts -I..\..\emWinGraphics_v5_46\Code\Include\PSoC4_5 -I. -IGenerated_Source\PSoC5 -Wa,-alh=.\CortexM3\ARM_GCC_493\Debug/LCD_Char_1_PM.lst -g -D DEBUG -Wall -ffunction-sections -Og -ffat-lto-objects -c .\Generated_Source\PSoC5\LCD_Char_1_PM.c -o .\CortexM3\ARM_GCC_493\Debug\LCD_Char_1_PM.o
arm-none-eabi-gcc.exe -mcpu=cortex-m3 -mthumb -Wno-main -I..\..\emWinGraphics_v5_46\Code\Include\PSoC4_5\nosnts -I..\..\emWinGraphics_v5_46\Code\Include\PSoC4_5 -I. -IGenerated_Source\PSoC5 -Wa,-alh=.\CortexM3\ARM_GCC_493\Debug/LCD_Char_1_CustChars.lst -g -D DEBUG -Wall -ffunction-sections -Og -ffat-lto-objects -c .\Generated_Source\PSoC5\LCD_Char_1_CustChars.c -o .\CortexM3\ARM_GCC_493\Debug\LCD_Char_1_CustChars.o
arm-none-eabi-gcc.exe -mcpu=cortex-m3 -mthumb -Wno-main -I..\..\emWinGraphics_v5_46\Code\Include\PSoC4_5\nosnts -I..\..\emWinGraphics_v5_46\Code\Include\PSoC4_5 -I. -IGenerated_Source\PSoC5 -Wa,-alh=.\CortexM3\ARM_GCC_493\Debug/LCD_Char_1_LCDPort.lst -g -D DEBUG -Wall -ffunction-sections -Og -ffat-lto-objects -c .\Generated_Source\PSoC5\LCD_Char_1_LCDPort.c -o .\CortexM3\ARM_GCC_493\Debug\LCD_Char_1_LCDPort.o
arm-none-eabi-gcc.exe -mcpu=cortex-m3 -mthumb -Wno-main -I..\..\emWinGraphics_v5_46\Code\Include\PSoC4_5\nosnts -I..\..\emWinGraphics_v5_46\Code\Include\PSoC4_5 -I. -IGenerated_Source\PSoC5 -Wa,-alh=.\CortexM3\ARM_GCC_493\Debug/RTC_PIN_INT.lst -g -D DEBUG -Wall -ffunction-sections -Og -ffat-lto-objects -c .\Generated_Source\PSoC5\RTC_PIN_INT.c -o .\CortexM3\ARM_GCC_493\Debug\RTC_PIN_INT.o
arm-none-eabi-gcc.exe -mcpu=cortex-m3 -mthumb -Wno-main -I..\..\emWinGraphics_v5_46\Code\Include\PSoC4_5\nosnts -I..\..\emWinGraphics_v5_46\Code\Include\PSoC4_5 -I. -IGenerated_Source\PSoC5 -Wa,-alh=.\CortexM3\ARM_GCC_493\Debug/tick_isr.lst -g -D DEBUG -Wall -ffunction-sections -Og -ffat-lto-objects -c .\Generated_Source\PSoC5\tick_isr.c -o .\CortexM3\ARM_GCC_493\Debug\tick_isr.o
arm-none-eabi-ar.exe -rs .\CortexM3\ARM_GCC_493\Debug\TFT_with_emWin.a .\CortexM3\ARM_GCC_493\Debug\cyfitter_cfg.o .\CortexM3\ARM_GCC_493\Debug\SPIM_1.o .\CortexM3\ARM_GCC_493\Debug\SPIM_1_PM.o .\CortexM3\ARM_GCC_493\Debug\SPIM_1_INT.o .\CortexM3\ARM_GCC_493\Debug\MOSI.o .\CortexM3\ARM_GCC_493\Debug\SCLK.o .\CortexM3\ARM_GCC_493\Debug\SS.o .\CortexM3\ARM_GCC_493\Debug\MISO.o .\CortexM3\ARM_GCC_493\Debug\DC.o .\CortexM3\ARM_GCC_493\Debug\RESET.o .\CortexM3\ARM_GCC_493\Debug\SPIM_1_IntClock.o .\CortexM3\ARM_GCC_493\Debug\CyBootAsmGnu.o .\CortexM3\ARM_GCC_493\Debug\CyDmac.o .\CortexM3\ARM_GCC_493\Debug\CyFlash.o .\CortexM3\ARM_GCC_493\Debug\CyLib.o .\CortexM3\ARM_GCC_493\Debug\cyPm.o .\CortexM3\ARM_GCC_493\Debug\CySpc.o .\CortexM3\ARM_GCC_493\Debug\cyutils.o .\CortexM3\ARM_GCC_493\Debug\LED.o .\CortexM3\ARM_GCC_493\Debug\FORWARD_BTN.o .\CortexM3\ARM_GCC_493\Debug\BACK_BTN.o .\CortexM3\ARM_GCC_493\Debug\SDA.o .\CortexM3\ARM_GCC_493\Debug\SCL.o .\CortexM3\ARM_GCC_493\Debug\I2CRTC.o .\CortexM3\ARM_GCC_493\Debug\I2CRTC_BOOT.o .\CortexM3\ARM_GCC_493\Debug\I2CRTC_INT.o .\CortexM3\ARM_GCC_493\Debug\I2CRTC_PM.o .\CortexM3\ARM_GCC_493\Debug\I2CRTC_SLAVE.o .\CortexM3\ARM_GCC_493\Debug\I2CRTC_MASTER.o .\CortexM3\ARM_GCC_493\Debug\LCD_Char_1.o .\CortexM3\ARM_GCC_493\Debug\LCD_Char_1_PM.o .\CortexM3\ARM_GCC_493\Debug\LCD_Char_1_CustChars.o .\CortexM3\ARM_GCC_493\Debug\LCD_Char_1_LCDPort.o .\CortexM3\ARM_GCC_493\Debug\RTC_PIN_INT.o .\CortexM3\ARM_GCC_493\Debug\tick_isr.o
arm-none-eabi-ar.exe: creating .\CortexM3\ARM_GCC_493\Debug\TFT_with_emWin.a
arm-none-eabi-gcc.exe -Wl,--start-group -o .\CortexM3\ARM_GCC_493\Debug\TFT_with_emWin.elf .\CortexM3\ARM_GCC_493\Debug\main.o .\CortexM3\ARM_GCC_493\Debug\tft.o .\CortexM3\ARM_GCC_493\Debug\GUI_X.o .\CortexM3\ARM_GCC_493\Debug\GUIConf.o .\CortexM3\ARM_GCC_493\Debug\LCDConf.o .\CortexM3\ARM_GCC_493\Debug\start.o .\CortexM3\ARM_GCC_493\Debug\ds3231.o .\CortexM3\ARM_GCC_493\Debug\cymetadata.o .\CortexM3\ARM_GCC_493\Debug\Cm3Start.o .\CortexM3\ARM_GCC_493\Debug\TFT_with_emWin.a "C:\Program Files (x86)\Cypress\PSoC Creator\3.3\PSoC Creator\psoc\content\cycomponentlibrary\CyComponentLibrary.cylib\CortexM3\ARM_GCC_493\Debug\CyComponentLibrary.a" -mcpu=cortex-m3 -mthumb -g -ffunction-sections -Og -ffat-lto-objects -l m -L Generated_Source\PSoC5 -L ..\..\emWinGraphics_v5_46\LinkLibrary\PSoC5\GCC ..\..\emWinGraphics_v5_46\LinkLibrary\PSoC5\GCC\libemWin_nosnts_cm3_gcc.a -Wl,-Map,.\CortexM3\ARM_GCC_493\Debug/TFT_with_emWin.map -T Generated_Source\PSoC5\cm3gcc.ld -specs=nano.specs -Wl,--gc-sections -Wl,--end-group
.\CortexM3\ARM_GCC_493\Debug\main.o: In function `sw_isr':
C:\Users\jaohe\EghosaOneDrive\OneDrive\Documents\Spring 2025\6.115\final_project\TFT_Tutorial_2022\TFT_Tutorial_2022\TFT_with_emWin\TFT_with_emWin.cydsn/.\main.c:90: undefined reference to `RTC_PIN_INT_ClearInterrupt'
collect2.exe: error: ld returned 1 exit status
The command 'arm-none-eabi-gcc.exe' failed with exit code '1'.
--------------- Rebuild Failed: 04/28/2025 21:24:31 ---------------
